------Start of DE processing------ = [12/7/15 9:57:46:913 IST]
Exception = java.lang.ClassNotFoundException
Source = com.ibm.ws.webcontainer.servlet.ServletWrapper.loadServlet
probeid = 208
Stack Dump = java.lang.ClassNotFoundException: com.ibm.websphere.jaxrs.server.IBMRestServlet
	at com.ibm.ws.classloading.internal.UnifiedClassLoader.findClass(UnifiedClassLoader.java:118)
	at java.lang.ClassLoader.loadClass(ClassLoader.java:424)
	at com.ibm.ws.classloading.internal.UnifiedClassLoader.loadClass0(UnifiedClassLoader.java:106)
	at com.ibm.ws.classloading.internal.UnifiedClassLoader$Delegation.loadClass(UnifiedClassLoader.java:77)
	at com.ibm.ws.classloading.internal.UnifiedClassLoader.loadClass(UnifiedClassLoader.java:101)
	at com.ibm.ws.classloading.internal.ThreadContextClassLoader.loadClass(ThreadContextClassLoader.java:110)
	at java.lang.ClassLoader.loadClass(ClassLoader.java:357)
	at com.ibm.ws.webcontainer.servlet.ServletWrapper$1.run(ServletWrapper.java:1564)
	at java.security.AccessController.doPrivileged(Native Method)
	at com.ibm.ws.webcontainer.servlet.ServletWrapper.loadServlet(ServletWrapper.java:1533)
	at com.ibm.ws.webcontainer.servlet.ServletWrapper.loadOnStartupCheck(ServletWrapper.java:1411)
	at com.ibm.ws.webcontainer.webapp.WebApp.doLoadOnStartupActions(WebApp.java:1180)
	at com.ibm.ws.webcontainer.webapp.WebApp.commonInitializationFinally(WebApp.java:1148)
	at com.ibm.ws.webcontainer.webapp.WebApp.initialize(WebApp.java:1054)
	at com.ibm.ws.webcontainer.webapp.WebApp.initialize(WebApp.java:6448)
	at com.ibm.ws.webcontainer.osgi.DynamicVirtualHost.startWebApp(DynamicVirtualHost.java:446)
	at com.ibm.ws.webcontainer.osgi.DynamicVirtualHost.createRunnableHandler(DynamicVirtualHost.java:248)
	at com.ibm.ws.webcontainer.osgi.DynamicVirtualHost.createRunnableHandler(DynamicVirtualHost.java:313)
	at com.ibm.ws.http.internal.VirtualHostImpl.discriminate(VirtualHostImpl.java:251)
	at com.ibm.ws.http.dispatcher.internal.channel.HttpDispatcherLink.ready(HttpDispatcherLink.java:306)
	at com.ibm.ws.http.channel.internal.inbound.HttpInboundLink.handleDiscrimination(HttpInboundLink.java:470)
	at com.ibm.ws.http.channel.internal.inbound.HttpInboundLink.handleNewRequest(HttpInboundLink.java:404)
	at com.ibm.ws.http.channel.internal.inbound.HttpInboundLink.processRequest(HttpInboundLink.java:284)
	at com.ibm.ws.http.channel.internal.inbound.HttpInboundLink.ready(HttpInboundLink.java:255)
	at com.ibm.ws.tcpchannel.internal.NewConnectionInitialReadCallback.sendToDiscriminators(NewConnectionInitialReadCallback.java:174)
	at com.ibm.ws.tcpchannel.internal.NewConnectionInitialReadCallback.complete(NewConnectionInitialReadCallback.java:83)
	at com.ibm.ws.tcpchannel.internal.WorkQueueManager.requestComplete(WorkQueueManager.java:504)
	at com.ibm.ws.tcpchannel.internal.WorkQueueManager.attemptIO(WorkQueueManager.java:574)
	at com.ibm.ws.tcpchannel.internal.WorkQueueManager.workerRun(WorkQueueManager.java:929)
	at com.ibm.ws.tcpchannel.internal.WorkQueueManager$Worker.run(WorkQueueManager.java:1018)
	at java.util.concurrent.ThreadPoolExecutor.runWorker(ThreadPoolExecutor.java:1142)
	at java.util.concurrent.ThreadPoolExecutor$Worker.run(ThreadPoolExecutor.java:617)
	at java.lang.Thread.run(Thread.java:745)

Dump of callerThis
Object type = com.ibm.ws.webcontainer.servlet.ServletWrapper$1
  val$className = "com.ibm.websphere.jaxrs.server.IBMRestServlet"
  val$servletClass = null
  val$loader = class com.ibm.ws.classloading.internal.ThreadContextClassLoader@15823f81
    tc = class com.ibm.websphere.ras.TraceComponent@838f5d
      strings[0] = "TraceComponent[com.ibm.ws.classloading.internal.ThreadContextClassLoader,class com.ibm.ws.classloading.internal.ThreadContextClassLoader,[ClassLoadingService],com.ibm.ws.classloading.internal.resources.ClassLoadingServiceMessages,null]"
    bundle = class java.util.concurrent.atomic.AtomicReference@76f1d5e4
      serialVersionUID = -1848883965231344442
      unsafe = class sun.misc.Unsafe@1b35a272
      valueOffset = 12
      value = class org.eclipse.osgi.internal.framework.EquinoxBundle@54d4aeea
    key = "WebModule:NotificationClient#NotificationClient.war"
    refCount = class java.util.concurrent.atomic.AtomicInteger@45e26267
      serialVersionUID = 6214790243416807050
      unsafe = class sun.misc.Unsafe@1b35a272
      valueOffset = 12
      value = 2
      serialVersionUID = -8742448824652078965
    appLoader = class com.ibm.ws.classloading.internal.AppClassLoader@5e50cee5
      tc = class com.ibm.websphere.ras.TraceComponent@380058cf
      PARENT_FIRST_SEARCH_ORDER = class java.util.Collections$UnmodifiableRandomAccessList@5bed5429
      CLASS_LOADING_TRACE_PREFIX = "com.ibm.ws.class.load."
      DEFAULT_PACKAGE = "default.package"
      perPackageClassLoadingTraceComponents = class java.util.concurrent.ConcurrentHashMap@124bb66d
      config = class com.ibm.ws.classloading.internal.ClassLoaderConfigurationImpl@4995a986
      privateLibraries = null
      delegateLoaders = class com.ibm.ws.classloading.internal.util.CompositeIterable@325c8ba9
      nativeLibraryFiles = class java.util.ArrayList@3a1ddd7
      transformers = class java.util.ArrayList@4c16eb10
      apiAccess = class com.ibm.ws.classloading.internal.GatewayClassLoader@af16084
      generator = class com.ibm.ws.classloading.internal.ClassGeneratorManager@28abb28d
      serialVersionUID = -8755588715217099101
      tc = class com.ibm.websphere.ras.TraceComponent@5c1a90f1
      EMPTY_URL_ARRAY = class java.net.URL[0]
      smartClassPath = class com.ibm.ws.classloading.internal.ContainerClassLoader$SmartClassPathImpl@73be408f
      nativeLibraryContainers = class java.util.ArrayList@88b7b83
      redefiner = class com.ibm.ws.classloading.internal.util.ClassRedefiner@7d418fc5
      mapCreationQueue = class java.util.concurrent.Executors$FinalizableDelegatedExecutorService@608f266a
      serialVersionUID = 1420723314841411509
      serialVersionUID = -7411549862368381758
      $$$tc$$$ = class com.ibm.websphere.ras.TraceComponent@5dee3e88
      serialVersionUID = -4868702105808481416
      $$$tc$$$ = class com.ibm.websphere.ras.TraceComponent@6353b806
      serialVersionUID = 2596921220292114344
      $$$tc$$$ = class com.ibm.websphere.ras.TraceComponent@4c276306
      initialized = true
      pdcache = class java.util.HashMap@32b0900a
      debug = null
      parent = class com.ibm.ws.classloading.internal.GatewayClassLoader@af16084
      parallelLockMap = null
      package2certs = class java.util.Hashtable@43fe0e3e
      nocerts = class java.security.cert.Certificate[0]
      classes = class java.util.Vector@5adbcc5d
      defaultDomain = class java.security.ProtectionDomain@1e6dfd12
      domains = class java.util.HashSet@28eb1e15
      packages = class java.util.HashMap@1bd76ac8
      scl = class sun.misc.Launcher$AppClassLoader@14dad5dc
      sclSet = true
      loadedLibraryNames = class java.util.Vector@27101ccd
      systemNativeLibraries = class java.util.Vector@3319bb21
      nativeLibraries = class java.util.Vector@1f6ae4cb
      nativeLibraryContext = class java.util.Stack@829ff8a
      usr_paths = class java.lang.String[5]
      sys_paths = class java.lang.String[1]
      assertionLock = class com.ibm.ws.classloading.internal.AppClassLoader@5e50cee5
      defaultAssertionStatus = false
      packageAssertionStatus = null
      classAssertionStatus = null
    serialVersionUID = 7093379526360135425
    followOnClassLoaders = class java.util.ArrayList@c7dff84
      serialVersionUID = 8683452581122892189
      DEFAULT_CAPACITY = 10
      EMPTY_ELEMENTDATA = class java.lang.Object[0]
      DEFAULTCAPACITY_EMPTY_ELEMENTDATA = class java.lang.Object[0]
      elementData = class java.lang.Object[10]
      size = 1
      MAX_ARRAY_SIZE = 2147483639
      modCount = 1
      MAX_ARRAY_SIZE = 2147483639
    serialVersionUID = -5107316606107305512
    $$$tc$$$ = class com.ibm.websphere.ras.TraceComponent@18239763
      strings[0] = "TraceComponent[com.ibm.ws.classloading.internal.UnifiedClassLoader,class com.ibm.ws.classloading.internal.UnifiedClassLoader,[ClassLoadingService],com.ibm.ws.classloading.internal.resources.ClassLoadingServiceMessages,null]"
    serialVersionUID = -4868702105808481416
    $$$tc$$$ = class com.ibm.websphere.ras.TraceComponent@6353b806
      strings[0] = "TraceComponent[com.ibm.ws.classloading.internal.LibertyLoader,class com.ibm.ws.classloading.internal.LibertyLoader,[ClassLoadingService],com.ibm.ws.classloading.internal.resources.ClassLoadingServiceMessages,null]"
    serialVersionUID = 2596921220292114344
    $$$tc$$$ = class com.ibm.websphere.ras.TraceComponent@4c276306
      strings[0] = "TraceComponent[com.ibm.ws.classloading.LibertyClassLoader,class com.ibm.ws.classloading.LibertyClassLoader,[ClassLoadingService],com.ibm.ws.classloading.internal.resources.ClassLoadingServiceMessages,null]"
    initialized = true
    pdcache = class java.util.HashMap@5b4892fc
      serialVersionUID = 362498820763181265
      DEFAULT_INITIAL_CAPACITY = 16
      MAXIMUM_CAPACITY = 1073741824
      DEFAULT_LOAD_FACTOR = 0.75
      TREEIFY_THRESHOLD = 8
      UNTREEIFY_THRESHOLD = 6
      MIN_TREEIFY_CAPACITY = 64
      table = null
      entrySet = null
      size = 0
      modCount = 0
      threshold = 16
      loadFactor = 0.75
      keySet = null
      values = null
    debug = null
    parent = class com.ibm.ws.classloading.internal.GatewayClassLoader@23235c3
      config = class com.ibm.ws.classloading.internal.GatewayConfigurationImpl@65cb5d47
      wiringMonitor = class com.ibm.ws.classloading.internal.GatewayClassLoader$1@368c28ba
      bundle = class org.eclipse.osgi.internal.framework.EquinoxBundle@54d4aeea
      wiring = class org.eclipse.osgi.container.ModuleWiring@a49bc1c
      bundleLoader = class org.eclipse.osgi.internal.loader.EquinoxClassLoader@7cfa8ef9
      resourceProviders = class com.ibm.ws.classloading.internal.CompositeResourceProvider@4364d544
      serialVersionUID = -4256474098847905153
      $$$tc$$$ = class com.ibm.websphere.ras.TraceComponent@43e789e5
      parent = class sun.misc.Launcher$AppClassLoader@14dad5dc
      parallelLockMap = null
      package2certs = class java.util.Hashtable@14faec6a
      nocerts = class java.security.cert.Certificate[0]
      classes = class java.util.Vector@53141bb5
      defaultDomain = class java.security.ProtectionDomain@7bb1da68
      domains = class java.util.HashSet@1e1aeeaf
      packages = class java.util.HashMap@5d40c8ba
      scl = class sun.misc.Launcher$AppClassLoader@14dad5dc
      sclSet = true
      loadedLibraryNames = class java.util.Vector@27101ccd
      systemNativeLibraries = class java.util.Vector@3319bb21
      nativeLibraries = class java.util.Vector@2e7aa914
      nativeLibraryContext = class java.util.Stack@829ff8a
      usr_paths = class java.lang.String[5]
      sys_paths = class java.lang.String[1]
      assertionLock = class com.ibm.ws.classloading.internal.GatewayClassLoader@23235c3
      defaultAssertionStatus = false
      packageAssertionStatus = null
      classAssertionStatus = null
    parallelLockMap = null
    package2certs = class java.util.Hashtable@382ac7ce
      table = class java.util.Hashtable$Entry[11]
      count = 0
      threshold = 8
      loadFactor = 0.75
      modCount = 0
      serialVersionUID = 1421746759512286392
      MAX_ARRAY_SIZE = 2147483639
      keySet = null
      entrySet = null
      values = null
      KEYS = 0
      VALUES = 1
      ENTRIES = 2
    nocerts = class java.security.cert.Certificate[0]
    classes = class java.util.Vector@1344a22
      elementData = class java.lang.Object[10]
      elementCount = 0
      capacityIncrement = 0
      serialVersionUID = -2767605614048989439
      MAX_ARRAY_SIZE = 2147483639
      modCount = 0
      MAX_ARRAY_SIZE = 2147483639
    defaultDomain = class java.security.ProtectionDomain@75ec2e20
      codesource = class java.security.CodeSource@1508e8d4
      classloader = class com.ibm.ws.classloading.internal.ThreadContextClassLoader@15823f81
      principals = interface java.security.Principal[0]
      permissions = null
      hasAllPerm = false
      staticPermissions = false
      key = class java.security.ProtectionDomain$Key@35767243
      debug = null
    domains = class java.util.HashSet@6a2c9d13
      serialVersionUID = -5024744406713321676
      map = class java.util.HashMap@3ed41715
      PRESENT = class java.lang.Object@7650e0b8
      MAX_ARRAY_SIZE = 2147483639
    packages = class java.util.HashMap@4d6232f
      serialVersionUID = 362498820763181265
      DEFAULT_INITIAL_CAPACITY = 16
      MAXIMUM_CAPACITY = 1073741824
      DEFAULT_LOAD_FACTOR = 0.75
      TREEIFY_THRESHOLD = 8
      UNTREEIFY_THRESHOLD = 6
      MIN_TREEIFY_CAPACITY = 64
      table = null
      entrySet = null
      size = 0
      modCount = 0
      threshold = 0
      loadFactor = 0.75
      keySet = null
      values = null
    scl = class sun.misc.Launcher$AppClassLoader@14dad5dc
      ucp = class sun.misc.URLClassPath@21e9c7ad
      $assertionsDisabled = true
      ucp = class sun.misc.URLClassPath@21e9c7ad
      acc = class java.security.AccessControlContext@26a28e7b
      closeables = class java.util.WeakHashMap@60362b1d
      initialized = true
      pdcache = class java.util.HashMap@5626235b
      debug = null
      parent = class sun.misc.Launcher$ExtClassLoader@6ae18ec4
      parallelLockMap = class java.util.concurrent.ConcurrentHashMap@391d429d
      package2certs = class java.util.concurrent.ConcurrentHashMap@b7ec293
      nocerts = class java.security.cert.Certificate[0]
      classes = class java.util.Vector@5a417e22
      defaultDomain = class java.security.ProtectionDomain@3d9aa2ca
      domains = class java.util.Collections$SynchronizedSet@6e40064e
      packages = class java.util.HashMap@13572b4f
      scl = class sun.misc.Launcher$AppClassLoader@14dad5dc
      sclSet = true
      loadedLibraryNames = class java.util.Vector@27101ccd
      systemNativeLibraries = class java.util.Vector@3319bb21
      nativeLibraries = class java.util.Vector@4236e769
      nativeLibraryContext = class java.util.Stack@829ff8a
      usr_paths = class java.lang.String[5]
      sys_paths = class java.lang.String[1]
      assertionLock = class java.lang.Object@2a529117
      defaultAssertionStatus = false
      packageAssertionStatus = null
      classAssertionStatus = null
    sclSet = true
    loadedLibraryNames = class java.util.Vector@27101ccd
      elementData = class java.lang.Object[10]
      elementCount = 5
      capacityIncrement = 0
      serialVersionUID = -2767605614048989439
      MAX_ARRAY_SIZE = 2147483639
      modCount = 5
      MAX_ARRAY_SIZE = 2147483639
    systemNativeLibraries = class java.util.Vector@3319bb21
      elementData = class java.lang.Object[10]
      elementCount = 5
      capacityIncrement = 0
      serialVersionUID = -2767605614048989439
      MAX_ARRAY_SIZE = 2147483639
      modCount = 5
      MAX_ARRAY_SIZE = 2147483639
    nativeLibraries = class java.util.Vector@3d537c54
      elementData = class java.lang.Object[10]
      elementCount = 0
      capacityIncrement = 0
      serialVersionUID = -2767605614048989439
      MAX_ARRAY_SIZE = 2147483639
      modCount = 0
      MAX_ARRAY_SIZE = 2147483639
    nativeLibraryContext = class java.util.Stack@829ff8a
      serialVersionUID = 1224463164541339165
      elementData = class java.lang.Object[10]
      elementCount = 0
      capacityIncrement = 0
      serialVersionUID = -2767605614048989439
      MAX_ARRAY_SIZE = 2147483639
      modCount = 10
      MAX_ARRAY_SIZE = 2147483639
    usr_paths = class java.lang.String[5]
      usr_paths[0] = "/usr/java/packages/lib/amd64"
      usr_paths[1] = "/usr/lib64"
      usr_paths[2] = "/lib64"
      usr_paths[3] = "/lib"
      usr_paths[4] = "/usr/lib"
    sys_paths = class java.lang.String[1]
      sys_paths[0] = "/usr/lib/jvm/java-1.8.0-openjdk-1.8.0.60-14.b27.fc23.x86_64/jre/lib/amd64"
    assertionLock = class com.ibm.ws.classloading.internal.ThreadContextClassLoader@15823f81
    defaultAssertionStatus = false
    packageAssertionStatus = null
    classAssertionStatus = null
  val$servletName = "JAX-RS Servlet"
  this$0 = class com.ibm.ws.webcontainer.osgi.servlet.ServletWrapper@1ccab38c
    serialVersionUID = 1
    _mo = null
    serialVersionUID = -4479626085298397598
    notifyInvocationListeners = false
    UNINITIALIZED_STATE = -1
    AVAILABLE_STATE = 0
    UNAVAILABLE_STATE = 1
    UNAVAILABLE_PERMANENTLY_STATE = 2
    collabHelper = class com.ibm.ws.webcontainer.osgi.collaborator.CollaboratorHelperImpl@41811baf
      webAppInvCollabs = class java.util.Collections$UnmodifiableSet@418d67ed
      securityDomainForApp = null
      logger = class com.ibm.ws.logging.internal.WsLogger@a9a2270
      staticDefaultSecurityCollaborator = class com.ibm.ws.webcontainer.collaborator.WebAppSecurityCollaborator@34f75833
      logger = class com.ibm.ws.logging.internal.WsLogger@30a18b1c
      CLASS_NAME = "com.ibm.wsspi.webcontainer.collaborator.CollaboratorHelper"
      webApp = class com.ibm.ws.webcontainer31.osgi.webapp.WebApp31@474ca11a
      securityCollaborator = null
      nameSpaceCollaborator = class com.ibm.ws.webcontainer.osgi.collaborator.WebAppNameSpaceCollaboratorImpl@5bb8d837
      transactionCollaborator = class com.ibm.ws.transaction.services.WebAppTransactionCollaboratorImpl@314136dd
      connectionCollaborator = class com.ibm.ws.webcontainer.collaborator.ConnectionCollaborator@1775aedc
      allCollabEnum = class java.util.RegularEnumSet@6b73a6da
      servlet_23_or_greater = true
      DEFER_SERVLET_REQUEST_LISTENER_DESTROY_ON_ERROR = false
    nServicing = class java.util.concurrent.atomic.AtomicInteger@69233082
      serialVersionUID = 6214790243416807050
      unsafe = class sun.misc.Unsafe@1b35a272
      valueOffset = 12
      value = 0
      serialVersionUID = -8742448824652078965
    lastAccessTime = 1449475066813
    state = -1
    logger = class com.ibm.ws.logging.internal.WsLogger@329378a
      tc = class com.ibm.websphere.ras.TraceComponent@23a03677
      ivCachedResourceBundleName = null
      ivCachedResourceBundle = null
      ivComponent = null
      ivOrganization = null
      ivProduct = null
      ivMinimumLocalizationLevelIntValue = 625
      ivTC = class com.ibm.websphere.ras.TraceComponent@12341ef3
      loggerRegistrationComponent = class java.lang.ThreadLocal@42837e17
      emptyHandlers = class java.util.logging.Handler[0]
      offValue = 2147483647
      SYSTEM_LOGGER_RB_NAME = "sun.util.logging.resources.logging"
      SYSTEM_BUNDLE = class java.util.logging.Logger$LoggerBundle@5590b3c4
      NO_RESOURCE_BUNDLE = class java.util.logging.Logger$LoggerBundle@30cffd91
      manager = class com.ibm.ws.kernel.boot.logging.WsLogManager@69e55e59
      name = "com.ibm.ws.webcontainer.servlet"
      handlers = class java.util.concurrent.CopyOnWriteArrayList@7d0534e6
      loggerBundle = class java.util.logging.Logger$LoggerBundle@2ddba611
      useParentHandlers = true
      filter = null
      anonymous = false
      catalog = class com.ibm.ws.webcontainer.resources.Messages_en@6237e54e
      catalogName = "com.ibm.ws.webcontainer.resources.Messages"
      catalogLocale = class java.util.Locale@21e368c7
      treeLock = class java.lang.Object@7515da19
      parent = class com.ibm.ws.logging.internal.WsLogger@58e0184
      kids = null
      levelObject = class java.util.logging.Level@584e99ee
      levelValue = 800
      callersClassLoaderRef = class java.lang.ref.WeakReference@62516770
      isSystemLogger = false
      GLOBAL_LOGGER_NAME = "global"
      global = class java.util.logging.Logger@39cfac31
      $assertionsDisabled = true
    CLASS_NAME = "com.ibm.ws.webcontainer.servlet.ServletWrapper"
    nls = class com.ibm.ejs.ras.TraceNLS@227505f9
      resolver = class com.ibm.ws.logging.internal.TraceNLSResolver@2c899606
      finder = class com.ibm.ws.logging.internal.StackFinder@7e15850b
      ivBundleName = "com.ibm.ws.webcontainer.resources.Messages"
      caller = class java.lang.Class@3d4397c9
    servletConfig = class com.ibm.ws.webcontainer.servlet.ServletConfig@6be03e7b
      logger = class com.ibm.ws.logging.internal.WsLogger@329378a
      CLASS_NAME = "com.ibm.ws.webcontainer.servlet.ServletConfig"
      nls = class com.ibm.ejs.ras.TraceNLS@5ca1fbad
      liberty_nls = class com.ibm.ejs.ras.TraceNLS@25ab7f76
      enabled = true
      servletName = "JAX-RS Servlet"
      className = "com.ibm.websphere.jaxrs.server.IBMRestServlet"
      mappings = class java.util.ArrayList@1e73abb4
      startUpWeight = 1
      DEFAULT_STARTUP = -1
      isCachingEnabled = true
      isStatisticsEnabled = true
      isInternal = false
      metaData = class com.ibm.ws.webcontainer.osgi.metadata.WebComponentMetaDataImpl@7ca1002
      singleThreadModelServlet = false
      isJsp = false
      webAppConfig = class com.ibm.ws.webcontainer.osgi.webapp.WebAppConfiguration@6e077a01
      servletWrapper = class com.ibm.ws.webcontainer.osgi.servlet.ServletWrapper@1ccab38c
      servletClass = null
      servlet = null
      addedToLoadOnStartup = true
      previousWeight = null
      multipartConfig = null
      multipartConfigBaseLocation = null
      runAsRole = null
      servletSecurityElement = null
      declareRolesAnnotation = null
      logger = class com.ibm.ws.logging.internal.WsLogger@329378a
      CLASS_NAME = "com.ibm.ws.webcontainer.servlet.TargetConfig"
      initParams = null
      fileName = null
      displayName = null
      name = "JAX-RS Servlet"
      description = "JAX-RS Tools Generated - Do not modify"
      smallIcon = null
      largeIcon = null
      context = class com.ibm.ws.webcontainer31.facade.ServletContextFacade31@4c3a1187
      className = null
      asyncSupported = false
      _id = "ServletGeneratedId1"
      _attributes = null
      serialVersionUID = 7511545662945734886
      $$$tc$$$ = class com.ibm.websphere.ras.TraceComponent@33c5f1be
    context = class com.ibm.ws.webcontainer31.osgi.webapp.WebApp31@474ca11a
      tc = class com.ibm.websphere.ras.TraceComponent@13f89f9a
      CLASS_NAME = "com.ibm.ws.webcontainer31.osgi.webapp.WebApp31"
      servlet31NLS = class com.ibm.ejs.ras.TraceNLS@25312b2b
      validListenerClasses = class java.lang.Class[7]
      wsocServHandler = class com.ibm.ws.wsoc.external.WsocHandlerImpl@2c4103cc
      tc = class com.ibm.websphere.ras.TraceComponent@52b4b15
      CLASS_NAME = "com.ibm.ws.webcontainer.osgi.webapp.WebApp"
      metaDataService = class com.ibm.ws.container.service.metadata.internal.MetaDataServiceImpl@7881f77e
      namespacePopulated = false
      referenceContext = class com.ibm.ws.injectionengine.osgi.internal.OSGiReferenceContextImpl@29f512e3
      j2eeNameFactory = class com.ibm.ws.container.service.metadata.internal.J2EENameFactoryImpl@4a7c5fe1
      moduleLoader = class com.ibm.ws.classloading.internal.AppClassLoader@5e50cee5
      webAppConfig = class com.ibm.ws.webcontainer.osgi.webapp.WebAppConfiguration@6e077a01
      extensionProcessingDisabled = false
      internalServletMetaData = interface com.ibm.wsspi.webcontainer.metadata.WebComponentMetaData[2]
      loginProcessor = null
      logoutProcessor = null
      collabHelper = class com.ibm.ws.webcontainer.osgi.collaborator.CollaboratorHelperImpl@41811baf
      envObject = class com.ibm.ws.util.WSThreadLocal@1c04da11
      orderedLibPaths = class java.util.Collections$UnmodifiableRandomAccessList@41e6a422
      perm = class com.ibm.websphere.security.WebSphereRuntimePermission@5f7bdc41
      WELCOME_FILE_LIST = "com.ibm.ws.webcontainer.config.WelcomeFileList"
      DIR_BROWSING_MAPPING = "__dirBrowsing__1449475052280"
      FILTER_PROXY_MAPPING = "/__filterProxy__1449475052280"
      logger = class com.ibm.ws.logging.internal.WsLogger@7654890e
      CLASS_NAME = "com.ibm.ws.webcontainer.webapp.WebApp"
      loader = class com.ibm.ws.classloading.internal.ThreadContextClassLoader@15823f81
      facade = class com.ibm.ws.webcontainer31.facade.ServletContextFacade31@4c3a1187
      features = class java.util.ArrayList@38896b96
      applicationName = "NotificationClient"
      config = class com.ibm.ws.webcontainer.osgi.webapp.WebAppConfiguration@6e077a01
      securityEnabledForApp = null
      webExtensionProcessor = class com.ibm.ws.webcontainer.osgi.extension.WebExtensionProcessor@39912112
      production = true
      isServlet23 = true
      contextPath = "/NotificationClient"
      internalServletList = class [Ljava.lang.String;[2]
      BY_NAME_ONLY = "/_1449475052280_/"
      filterManager = null
      documentRoot = null
      SERVLET_API_VERSION = "Servlet 2.5"
      disableServletAuditLogging = -1
      serverInfo = "IBM WebSphere Liberty/8.5.5.7"
      sessionCtx = class com.ibm.ws.webcontainer31.session.impl.HttpSessionContext31Impl@77f55102
      eventSource = class com.ibm.ws.webcontainer.webapp.WebAppEventSource@1b37a4a5
      nls = class com.ibm.ejs.ras.TraceNLS@45351b1
      liberty_nls = class com.ibm.ejs.ras.TraceNLS@34fa7998
      error_nls = class com.ibm.ejs.ras.TraceNLS@21ae55bb
      sessionListeners = class java.util.ArrayList@7c0e6dcd
      sessionIdListeners = class java.util.ArrayList@624e7524
      sessionAttrListeners = class java.util.ArrayList@59ff64c
      addedSessionListeners = class java.util.ArrayList@56cf68c9
      addedSessionAttrListeners = class java.util.ArrayList@592017d8
      servletContextListeners = class java.util.ArrayList@48d6ae8d
      servletContextLAttrListeners = class java.util.ArrayList@32811c4d
      servletRequestListeners = class java.util.ArrayList@1fa5b3f4
      servletRequestLAttrListeners = class java.util.ArrayList@4662e90f
      prependSlashToResource = false
      destroyed = false
      webAppNameSpaceCollab = class com.ibm.ws.webcontainer.osgi.collaborator.WebAppNameSpaceCollaboratorImpl@5bb8d837
      txCollab = class com.ibm.ws.transaction.services.WebAppTransactionCollaboratorImpl@314136dd
      sessionActivationListeners = class java.util.ArrayList@3b3d9588
      sessionBindingListeners = class java.util.ArrayList@16485d6
      scratchdir = null
      jspClassLoaderLimit = 0
      jspClassLoaderExclusionList = null
      jspClassLoadersMap = null
      jspClassLoaderLimitTrackIF = false
      defaultExtProc = null
      directoryBrowsingServlet = null
      cdiContexts = class java.util.concurrent.ConcurrentHashMap@33ecac1d
      moduleConfig = class com.ibm.ws.webcontainer.osgi.container.DeployedModule@621701fe
      extensionFactories = class java.util.ArrayList@355149e1
      initialized = false
      lock = class com.ibm.ws.webcontainer.webapp.WebApp$1@103e20a8
      afterServletContextCreated = false
      redirectContextRoot = false
      errorExceptionTypeFirst = false
      initFilterBeforeServletInit = false
      sortedServletConfigs = class java.util.ArrayList@4664faf6
      effectiveMajorVersion = 3
      effectiveMinorVersion = 1
      canAddServletContextListener = true
      withinContextInitOfProgAddListener = false
      lastProgAddListenerInitialized = "com.ibm.ws.cache.CacheServiceImpl"
      webInfLibClassloader = null
      metaInfCache = class com.ibm.ws.webcontainer.webapp.WebApp$2@1ca61b35
      useMetaInfCache = true
      SUN_CONFIGURE_LISTENER_CLASSNAME = "com.sun.faces.config.ConfigureListener"
      MYFACES_LIFECYCLE_LISTENER_CLASSNAME = "org.apache.myfaces.webapp.StartupServletContextListener"
      JSF_IMPL_ENABLED_PARAM = "com.ibm.ws.jsf.JSF_IMPL_ENABLED"
      JSF_IMPL_ENABLED_CUSTOM = "Custom"
      JSF_IMPL_ENABLED_NONE = "None"
      staticDocRoot = class com.ibm.ws.webcontainer.util.DocumentRootUtils@23875701
      jspDocRoot = class com.ibm.ws.webcontainer.util.DocumentRootUtils@42dd18b9
      container = class com.ibm.ws.adaptable.module.internal.AdaptableContainerImpl@741c8bf6
      metaInfResourceFinder = class com.ibm.ws.webcontainer.util.MetaInfResourceFinder@230ff95e
      postConstructMethods = class com.ibm.ws.webcontainer.webapp.WebApp$AnnotatedMethods@fdc21b9
      preDestroyMethods = class com.ibm.ws.webcontainer.webapp.WebApp$AnnotatedMethods@167a401c
      OBJ_EMPTY = class java.lang.Object[0]
      CLASS_EMPTY = class java.lang.Class[0]
      DEFAULT_JSP_EXTENSIONS = class java.util.ArrayList@3c489aba
      DEFER_SERVLET_REQUEST_LISTENER_DESTROY_ON_ERROR = false
      DO_ACCEPT_PARTIAL = true
      DO_NOT_ACCEPT_PARTIAL = false
      DO_ACCEPT_EXCLUDED = true
      DO_NOT_ACCEPT_EXCLUDED = false
      commands = class java.util.ArrayList@e6e753e
      requestMapper = class com.ibm.wsspi.webcontainer.util.URIMapper@4a50be4f
      parent = class com.ibm.ws.webcontainer.osgi.webapp.WebGroup@323570f5
      name = "NotificationClient"
      isAlive = true
      subElements = null
      attributes = class java.util.Collections$SynchronizedMap@25bf141d
      config = null
      serialVersionUID = -8271459000149267764
      $$$tc$$$ = class com.ibm.websphere.ras.TraceComponent@2d55d6ff
    target = null
    cacheWrappers = null
    targetLoader = class com.ibm.ws.classloading.internal.ThreadContextClassLoader@15823f81
    evtSource = class com.ibm.ws.webcontainer.webapp.WebAppEventSource@1b37a4a5
      _invocationListeners = class com.ibm.ws.webcontainer.util.EventListeners@43c43e8e
      _servletListeners = class com.ibm.ws.webcontainer.util.EventListeners@615305e7
      _errorListeners = class com.ibm.ws.webcontainer.util.EventListeners@51a93f1
      _applicationListeners = class com.ibm.ws.webcontainer.util.EventListeners@1ad78693
      _filterInvocationListeners = class com.ibm.ws.webcontainer.util.EventListeners@7805eb09
      _filterListeners = class com.ibm.ws.webcontainer.util.EventListeners@100a5d3
      _filterErrorListeners = class com.ibm.ws.webcontainer.util.EventListeners@50d43b19
    event = null
    unavailableMessage = null
    unavailableUntil = -1
    isSTM = false
    internalServlet = false
    webAppInvocationCollaborators = null
    platformHelper = class com.ibm.ws.webcontainer.PlatformHelper@5168452e
    webAppNameSpaceCollab = class com.ibm.ws.webcontainer.osgi.collaborator.WebAppNameSpaceCollaboratorImpl@5bb8d837
      cmdai = class com.ibm.ws.threadContext.ComponentMetaDataAccessorImpl@6fd17f9b
    txCollab = class com.ibm.ws.transaction.services.WebAppTransactionCollaboratorImpl@314136dd
      tc = class com.ibm.websphere.ras.TraceComponent@1761778f
      ltCurrentRef = class com.ibm.wsspi.kernel.service.utils.AtomicServiceReference@29e64a06
      tranMgrRef = class com.ibm.wsspi.kernel.service.utils.AtomicServiceReference@7efb0538
      userTranRef = class com.ibm.wsspi.kernel.service.utils.AtomicServiceReference@59b46f5
      uowCallbackRef = class com.ibm.wsspi.kernel.service.utils.AtomicServiceReference@74f6304c
      serialVersionUID = -8319003162899973281
    connCollab = class com.ibm.ws.webcontainer.collaborator.ConnectionCollaborator@1775aedc
    suppressServletExceptionLogging = false
    throwExceptionEnum = class java.util.RegularEnumSet@427d829
      serialVersionUID = 3411599620347842686
      elements = 256
      elementType = class java.lang.Class@4e18a60a
      universe = class com.ibm.wsspi.webcontainer.collaborator.CollaboratorInvocationEnum[9]
      ZERO_LENGTH_ENUM_ARRAY = class java.lang.Enum[0]
      MAX_ARRAY_SIZE = 2147483639
    discernUnavailableServlet = false
    reInitServletonInitUnavailableException = true
    destroyServletonServiceUnavailableException = false
    servlet23 = true
    PARAMS_HEAD_TRACE = class java.lang.Class[2]
      PARAMS_HEAD_TRACE[0] = class java.lang.Class@7e5f76df
      PARAMS_HEAD_TRACE[1] = class java.lang.Class@32d0ca51
    defaultHeadMethodInUse = false
    defaultTraceMethodInUse = false
    checkedForDefaultMethods = null
    defaultTraceRequestBehavior = false
    defaultHeadRequestBehavior = false
    useOriginalRequestState = false
    warningStatusSet = false
    LSTRING_FILE = "javax.servlet.LocalStrings"
    lStrings = class java.util.PropertyResourceBundle@218cebd1
      lookup = class java.util.HashMap@16dcb386
      INITIAL_CACHE_SIZE = 32
      NONEXISTENT_BUNDLE = class java.util.ResourceBundle$1@6313c300
      cacheList = class java.util.concurrent.ConcurrentHashMap@55cf9df2
      referenceQueue = class java.lang.ref.ReferenceQueue@26fc544e
      parent = null
      locale = class java.util.Locale@19849a5d
      name = "javax.servlet.LocalStrings"
      expired = false
      cacheKey = class java.util.ResourceBundle$CacheKey@64f251ae
      keySet = null
      providers = null
      $assertionsDisabled = true
    config = null

