------Start of DE processing------ = [12/7/15 9:47:22:430 IST]
Exception = java.lang.ClassNotFoundException
Source = com.ibm.ws.webcontainer.servlet.ServletWrapper.loadServlet
probeid = 208
Stack Dump = java.lang.ClassNotFoundException: com.ibm.websphere.jaxrs.server.IBMRestServlet
	at com.ibm.ws.classloading.internal.UnifiedClassLoader.findClass(UnifiedClassLoader.java:118)
	at java.lang.ClassLoader.loadClass(ClassLoader.java:424)
	at com.ibm.ws.classloading.internal.UnifiedClassLoader.loadClass0(UnifiedClassLoader.java:106)
	at com.ibm.ws.classloading.internal.UnifiedClassLoader$Delegation.loadClass(UnifiedClassLoader.java:77)
	at com.ibm.ws.classloading.internal.UnifiedClassLoader.loadClass(UnifiedClassLoader.java:101)
	at com.ibm.ws.classloading.internal.ThreadContextClassLoader.loadClass(ThreadContextClassLoader.java:110)
	at java.lang.ClassLoader.loadClass(ClassLoader.java:357)
	at com.ibm.ws.webcontainer.servlet.ServletWrapper$1.run(ServletWrapper.java:1564)
	at java.security.AccessController.doPrivileged(Native Method)
	at com.ibm.ws.webcontainer.servlet.ServletWrapper.loadServlet(ServletWrapper.java:1533)
	at com.ibm.ws.webcontainer.servlet.ServletWrapper.loadOnStartupCheck(ServletWrapper.java:1411)
	at com.ibm.ws.webcontainer.webapp.WebApp.doLoadOnStartupActions(WebApp.java:1180)
	at com.ibm.ws.webcontainer.webapp.WebApp.commonInitializationFinally(WebApp.java:1148)
	at com.ibm.ws.webcontainer.webapp.WebApp.initialize(WebApp.java:1054)
	at com.ibm.ws.webcontainer.webapp.WebApp.initialize(WebApp.java:6448)
	at com.ibm.ws.webcontainer.osgi.DynamicVirtualHost.startWebApp(DynamicVirtualHost.java:446)
	at com.ibm.ws.webcontainer.osgi.DynamicVirtualHost.createRunnableHandler(DynamicVirtualHost.java:248)
	at com.ibm.ws.webcontainer.osgi.DynamicVirtualHost.createRunnableHandler(DynamicVirtualHost.java:313)
	at com.ibm.ws.http.internal.VirtualHostImpl.discriminate(VirtualHostImpl.java:251)
	at com.ibm.ws.http.dispatcher.internal.channel.HttpDispatcherLink.ready(HttpDispatcherLink.java:306)
	at com.ibm.ws.http.channel.internal.inbound.HttpInboundLink.handleDiscrimination(HttpInboundLink.java:470)
	at com.ibm.ws.http.channel.internal.inbound.HttpInboundLink.handleNewRequest(HttpInboundLink.java:404)
	at com.ibm.ws.http.channel.internal.inbound.HttpInboundLink.processRequest(HttpInboundLink.java:284)
	at com.ibm.ws.http.channel.internal.inbound.HttpInboundLink.ready(HttpInboundLink.java:255)
	at com.ibm.ws.tcpchannel.internal.NewConnectionInitialReadCallback.sendToDiscriminators(NewConnectionInitialReadCallback.java:174)
	at com.ibm.ws.tcpchannel.internal.NewConnectionInitialReadCallback.complete(NewConnectionInitialReadCallback.java:83)
	at com.ibm.ws.tcpchannel.internal.WorkQueueManager.requestComplete(WorkQueueManager.java:504)
	at com.ibm.ws.tcpchannel.internal.WorkQueueManager.attemptIO(WorkQueueManager.java:574)
	at com.ibm.ws.tcpchannel.internal.WorkQueueManager.workerRun(WorkQueueManager.java:929)
	at com.ibm.ws.tcpchannel.internal.WorkQueueManager$Worker.run(WorkQueueManager.java:1018)
	at java.util.concurrent.ThreadPoolExecutor.runWorker(ThreadPoolExecutor.java:1142)
	at java.util.concurrent.ThreadPoolExecutor$Worker.run(ThreadPoolExecutor.java:617)
	at java.lang.Thread.run(Thread.java:745)

Dump of callerThis
Object type = com.ibm.ws.webcontainer.servlet.ServletWrapper$1
  val$className = "com.ibm.websphere.jaxrs.server.IBMRestServlet"
  val$servletClass = null
  val$loader = class com.ibm.ws.classloading.internal.ThreadContextClassLoader@40d7f1bf
    tc = class com.ibm.websphere.ras.TraceComponent@29a40d2d
      strings[0] = "TraceComponent[com.ibm.ws.classloading.internal.ThreadContextClassLoader,class com.ibm.ws.classloading.internal.ThreadContextClassLoader,[ClassLoadingService],com.ibm.ws.classloading.internal.resources.ClassLoadingServiceMessages,null]"
    bundle = class java.util.concurrent.atomic.AtomicReference@4d1e73c9
      serialVersionUID = -1848883965231344442
      unsafe = class sun.misc.Unsafe@150beb7f
      valueOffset = 12
      value = class org.eclipse.osgi.internal.framework.EquinoxBundle@1d477cf9
    key = "WebModule:NotificationClient#NotificationClient.war"
    refCount = class java.util.concurrent.atomic.AtomicInteger@38a898fc
      serialVersionUID = 6214790243416807050
      unsafe = class sun.misc.Unsafe@150beb7f
      valueOffset = 12
      value = 2
      serialVersionUID = -8742448824652078965
    appLoader = class com.ibm.ws.classloading.internal.AppClassLoader@26d6a17d
      tc = class com.ibm.websphere.ras.TraceComponent@29442462
      PARENT_FIRST_SEARCH_ORDER = class java.util.Collections$UnmodifiableRandomAccessList@4130fab8
      CLASS_LOADING_TRACE_PREFIX = "com.ibm.ws.class.load."
      DEFAULT_PACKAGE = "default.package"
      perPackageClassLoadingTraceComponents = class java.util.concurrent.ConcurrentHashMap@65af2901
      config = class com.ibm.ws.classloading.internal.ClassLoaderConfigurationImpl@374543b
      privateLibraries = null
      delegateLoaders = class com.ibm.ws.classloading.internal.util.CompositeIterable@55315ad7
      nativeLibraryFiles = class java.util.ArrayList@13129ff3
      transformers = class java.util.ArrayList@f695bb1
      apiAccess = class com.ibm.ws.classloading.internal.GatewayClassLoader@525662dd
      generator = class com.ibm.ws.classloading.internal.ClassGeneratorManager@2e1d13eb
      serialVersionUID = -8755588715217099101
      tc = class com.ibm.websphere.ras.TraceComponent@1f23503d
      EMPTY_URL_ARRAY = class java.net.URL[0]
      smartClassPath = class com.ibm.ws.classloading.internal.ContainerClassLoader$SmartClassPathImpl@76cff7dd
      nativeLibraryContainers = class java.util.ArrayList@33be8e66
      redefiner = class com.ibm.ws.classloading.internal.util.ClassRedefiner@75fa41b1
      mapCreationQueue = class java.util.concurrent.Executors$FinalizableDelegatedExecutorService@2c9e99e8
      serialVersionUID = 1420723314841411509
      serialVersionUID = -7411549862368381758
      $$$tc$$$ = class com.ibm.websphere.ras.TraceComponent@7e0295aa
      serialVersionUID = -4868702105808481416
      $$$tc$$$ = class com.ibm.websphere.ras.TraceComponent@63f17ed1
      serialVersionUID = 2596921220292114344
      $$$tc$$$ = class com.ibm.websphere.ras.TraceComponent@ad637c4
      initialized = true
      pdcache = class java.util.HashMap@626c95cd
      debug = null
      parent = class com.ibm.ws.classloading.internal.GatewayClassLoader@525662dd
      parallelLockMap = null
      package2certs = class java.util.Hashtable@45bcb7f8
      nocerts = class java.security.cert.Certificate[0]
      classes = class java.util.Vector@1db5277e
      defaultDomain = class java.security.ProtectionDomain@fd46d5b
      domains = class java.util.HashSet@9904391
      packages = class java.util.HashMap@29b3362c
      scl = class sun.misc.Launcher$AppClassLoader@14dad5dc
      sclSet = true
      loadedLibraryNames = class java.util.Vector@f33bc0d
      systemNativeLibraries = class java.util.Vector@55c86b0d
      nativeLibraries = class java.util.Vector@1d096ab3
      nativeLibraryContext = class java.util.Stack@13358784
      usr_paths = class java.lang.String[5]
      sys_paths = class java.lang.String[1]
      assertionLock = class com.ibm.ws.classloading.internal.AppClassLoader@26d6a17d
      defaultAssertionStatus = false
      packageAssertionStatus = null
      classAssertionStatus = null
    serialVersionUID = 7093379526360135425
    followOnClassLoaders = class java.util.ArrayList@65efbdc1
      serialVersionUID = 8683452581122892189
      DEFAULT_CAPACITY = 10
      EMPTY_ELEMENTDATA = class java.lang.Object[0]
      DEFAULTCAPACITY_EMPTY_ELEMENTDATA = class java.lang.Object[0]
      elementData = class java.lang.Object[10]
      size = 1
      MAX_ARRAY_SIZE = 2147483639
      modCount = 1
      MAX_ARRAY_SIZE = 2147483639
    serialVersionUID = -5107316606107305512
    $$$tc$$$ = class com.ibm.websphere.ras.TraceComponent@45bd625f
      strings[0] = "TraceComponent[com.ibm.ws.classloading.internal.UnifiedClassLoader,class com.ibm.ws.classloading.internal.UnifiedClassLoader,[ClassLoadingService],com.ibm.ws.classloading.internal.resources.ClassLoadingServiceMessages,null]"
    serialVersionUID = -4868702105808481416
    $$$tc$$$ = class com.ibm.websphere.ras.TraceComponent@63f17ed1
      strings[0] = "TraceComponent[com.ibm.ws.classloading.internal.LibertyLoader,class com.ibm.ws.classloading.internal.LibertyLoader,[ClassLoadingService],com.ibm.ws.classloading.internal.resources.ClassLoadingServiceMessages,null]"
    serialVersionUID = 2596921220292114344
    $$$tc$$$ = class com.ibm.websphere.ras.TraceComponent@ad637c4
      strings[0] = "TraceComponent[com.ibm.ws.classloading.LibertyClassLoader,class com.ibm.ws.classloading.LibertyClassLoader,[ClassLoadingService],com.ibm.ws.classloading.internal.resources.ClassLoadingServiceMessages,null]"
    initialized = true
    pdcache = class java.util.HashMap@62cedee3
      serialVersionUID = 362498820763181265
      DEFAULT_INITIAL_CAPACITY = 16
      MAXIMUM_CAPACITY = 1073741824
      DEFAULT_LOAD_FACTOR = 0.75
      TREEIFY_THRESHOLD = 8
      UNTREEIFY_THRESHOLD = 6
      MIN_TREEIFY_CAPACITY = 64
      table = null
      entrySet = null
      size = 0
      modCount = 0
      threshold = 16
      loadFactor = 0.75
      keySet = null
      values = null
    debug = null
    parent = class com.ibm.ws.classloading.internal.GatewayClassLoader@4bbe8751
      config = class com.ibm.ws.classloading.internal.GatewayConfigurationImpl@a2e60bc
      wiringMonitor = class com.ibm.ws.classloading.internal.GatewayClassLoader$1@5c24cfb8
      bundle = class org.eclipse.osgi.internal.framework.EquinoxBundle@1d477cf9
      wiring = class org.eclipse.osgi.container.ModuleWiring@3642ca42
      bundleLoader = class org.eclipse.osgi.internal.loader.EquinoxClassLoader@6d99d794
      resourceProviders = class com.ibm.ws.classloading.internal.CompositeResourceProvider@14cb611b
      serialVersionUID = -4256474098847905153
      $$$tc$$$ = class com.ibm.websphere.ras.TraceComponent@2f5e6251
      parent = class sun.misc.Launcher$AppClassLoader@14dad5dc
      parallelLockMap = null
      package2certs = class java.util.Hashtable@6ee82535
      nocerts = class java.security.cert.Certificate[0]
      classes = class java.util.Vector@4e58f270
      defaultDomain = class java.security.ProtectionDomain@6d5ea958
      domains = class java.util.HashSet@2252de51
      packages = class java.util.HashMap@d3c86a3
      scl = class sun.misc.Launcher$AppClassLoader@14dad5dc
      sclSet = true
      loadedLibraryNames = class java.util.Vector@f33bc0d
      systemNativeLibraries = class java.util.Vector@55c86b0d
      nativeLibraries = class java.util.Vector@47e3e06
      nativeLibraryContext = class java.util.Stack@13358784
      usr_paths = class java.lang.String[5]
      sys_paths = class java.lang.String[1]
      assertionLock = class com.ibm.ws.classloading.internal.GatewayClassLoader@4bbe8751
      defaultAssertionStatus = false
      packageAssertionStatus = null
      classAssertionStatus = null
    parallelLockMap = null
    package2certs = class java.util.Hashtable@7ad766ce
      table = class java.util.Hashtable$Entry[11]
      count = 0
      threshold = 8
      loadFactor = 0.75
      modCount = 0
      serialVersionUID = 1421746759512286392
      MAX_ARRAY_SIZE = 2147483639
      keySet = null
      entrySet = null
      values = null
      KEYS = 0
      VALUES = 1
      ENTRIES = 2
    nocerts = class java.security.cert.Certificate[0]
    classes = class java.util.Vector@412545b3
      elementData = class java.lang.Object[10]
      elementCount = 0
      capacityIncrement = 0
      serialVersionUID = -2767605614048989439
      MAX_ARRAY_SIZE = 2147483639
      modCount = 0
      MAX_ARRAY_SIZE = 2147483639
    defaultDomain = class java.security.ProtectionDomain@31dd6f81
      codesource = class java.security.CodeSource@4de0b5a9
      classloader = class com.ibm.ws.classloading.internal.ThreadContextClassLoader@40d7f1bf
      principals = interface java.security.Principal[0]
      permissions = null
      hasAllPerm = false
      staticPermissions = false
      key = class java.security.ProtectionDomain$Key@4f1007ab
      debug = null
    domains = class java.util.HashSet@25f0869f
      serialVersionUID = -5024744406713321676
      map = class java.util.HashMap@1cf253b8
      PRESENT = class java.lang.Object@2866a621
      MAX_ARRAY_SIZE = 2147483639
    packages = class java.util.HashMap@64d065f9
      serialVersionUID = 362498820763181265
      DEFAULT_INITIAL_CAPACITY = 16
      MAXIMUM_CAPACITY = 1073741824
      DEFAULT_LOAD_FACTOR = 0.75
      TREEIFY_THRESHOLD = 8
      UNTREEIFY_THRESHOLD = 6
      MIN_TREEIFY_CAPACITY = 64
      table = null
      entrySet = null
      size = 0
      modCount = 0
      threshold = 0
      loadFactor = 0.75
      keySet = null
      values = null
    scl = class sun.misc.Launcher$AppClassLoader@14dad5dc
      ucp = class sun.misc.URLClassPath@57c465a0
      $assertionsDisabled = true
      ucp = class sun.misc.URLClassPath@57c465a0
      acc = class java.security.AccessControlContext@bda486f
      closeables = class java.util.WeakHashMap@726b7e20
      initialized = true
      pdcache = class java.util.HashMap@7094811
      debug = null
      parent = class sun.misc.Launcher$ExtClassLoader@77eb6ebc
      parallelLockMap = class java.util.concurrent.ConcurrentHashMap@7394c435
      package2certs = class java.util.concurrent.ConcurrentHashMap@2ad46318
      nocerts = class java.security.cert.Certificate[0]
      classes = class java.util.Vector@3e7921c
      defaultDomain = class java.security.ProtectionDomain@4ee31bb1
      domains = class java.util.Collections$SynchronizedSet@1b83cb34
      packages = class java.util.HashMap@1246b7ff
      scl = class sun.misc.Launcher$AppClassLoader@14dad5dc
      sclSet = true
      loadedLibraryNames = class java.util.Vector@f33bc0d
      systemNativeLibraries = class java.util.Vector@55c86b0d
      nativeLibraries = class java.util.Vector@2d0ea0d9
      nativeLibraryContext = class java.util.Stack@13358784
      usr_paths = class java.lang.String[5]
      sys_paths = class java.lang.String[1]
      assertionLock = class java.lang.Object@7b66185a
      defaultAssertionStatus = false
      packageAssertionStatus = null
      classAssertionStatus = null
    sclSet = true
    loadedLibraryNames = class java.util.Vector@f33bc0d
      elementData = class java.lang.Object[10]
      elementCount = 5
      capacityIncrement = 0
      serialVersionUID = -2767605614048989439
      MAX_ARRAY_SIZE = 2147483639
      modCount = 5
      MAX_ARRAY_SIZE = 2147483639
    systemNativeLibraries = class java.util.Vector@55c86b0d
      elementData = class java.lang.Object[10]
      elementCount = 5
      capacityIncrement = 0
      serialVersionUID = -2767605614048989439
      MAX_ARRAY_SIZE = 2147483639
      modCount = 5
      MAX_ARRAY_SIZE = 2147483639
    nativeLibraries = class java.util.Vector@742dcb55
      elementData = class java.lang.Object[10]
      elementCount = 0
      capacityIncrement = 0
      serialVersionUID = -2767605614048989439
      MAX_ARRAY_SIZE = 2147483639
      modCount = 0
      MAX_ARRAY_SIZE = 2147483639
    nativeLibraryContext = class java.util.Stack@13358784
      serialVersionUID = 1224463164541339165
      elementData = class java.lang.Object[10]
      elementCount = 0
      capacityIncrement = 0
      serialVersionUID = -2767605614048989439
      MAX_ARRAY_SIZE = 2147483639
      modCount = 10
      MAX_ARRAY_SIZE = 2147483639
    usr_paths = class java.lang.String[5]
      usr_paths[0] = "/usr/java/packages/lib/amd64"
      usr_paths[1] = "/usr/lib64"
      usr_paths[2] = "/lib64"
      usr_paths[3] = "/lib"
      usr_paths[4] = "/usr/lib"
    sys_paths = class java.lang.String[1]
      sys_paths[0] = "/usr/lib/jvm/java-1.8.0-openjdk-1.8.0.60-14.b27.fc23.x86_64/jre/lib/amd64"
    assertionLock = class com.ibm.ws.classloading.internal.ThreadContextClassLoader@40d7f1bf
    defaultAssertionStatus = false
    packageAssertionStatus = null
    classAssertionStatus = null
  val$servletName = "JAX-RS Servlet"
  this$0 = class com.ibm.ws.webcontainer.osgi.servlet.ServletWrapper@6fd75932
    serialVersionUID = 1
    _mo = null
    serialVersionUID = -4479626085298397598
    notifyInvocationListeners = false
    UNINITIALIZED_STATE = -1
    AVAILABLE_STATE = 0
    UNAVAILABLE_STATE = 1
    UNAVAILABLE_PERMANENTLY_STATE = 2
    collabHelper = class com.ibm.ws.webcontainer.osgi.collaborator.CollaboratorHelperImpl@45db4638
      webAppInvCollabs = class java.util.Collections$UnmodifiableSet@47f01e1a
      securityDomainForApp = null
      logger = class com.ibm.ws.logging.internal.WsLogger@7ef7c047
      staticDefaultSecurityCollaborator = class com.ibm.ws.webcontainer.collaborator.WebAppSecurityCollaborator@70c58f5c
      logger = class com.ibm.ws.logging.internal.WsLogger@244d1149
      CLASS_NAME = "com.ibm.wsspi.webcontainer.collaborator.CollaboratorHelper"
      webApp = class com.ibm.ws.webcontainer31.osgi.webapp.WebApp31@46ab3afb
      securityCollaborator = null
      nameSpaceCollaborator = class com.ibm.ws.webcontainer.osgi.collaborator.WebAppNameSpaceCollaboratorImpl@5a9a21fe
      transactionCollaborator = class com.ibm.ws.transaction.services.WebAppTransactionCollaboratorImpl@511f8c4a
      connectionCollaborator = class com.ibm.ws.webcontainer.collaborator.ConnectionCollaborator@23e957c7
      allCollabEnum = class java.util.RegularEnumSet@64f8187f
      servlet_23_or_greater = true
      DEFER_SERVLET_REQUEST_LISTENER_DESTROY_ON_ERROR = false
    nServicing = class java.util.concurrent.atomic.AtomicInteger@79e7d8e5
      serialVersionUID = 6214790243416807050
      unsafe = class sun.misc.Unsafe@150beb7f
      valueOffset = 12
      value = 0
      serialVersionUID = -8742448824652078965
    lastAccessTime = 1449474442252
    state = -1
    logger = class com.ibm.ws.logging.internal.WsLogger@1a1abeeb
      tc = class com.ibm.websphere.ras.TraceComponent@37d49421
      ivCachedResourceBundleName = null
      ivCachedResourceBundle = null
      ivComponent = null
      ivOrganization = null
      ivProduct = null
      ivMinimumLocalizationLevelIntValue = 625
      ivTC = class com.ibm.websphere.ras.TraceComponent@37b87c77
      loggerRegistrationComponent = class java.lang.ThreadLocal@347dac28
      emptyHandlers = class java.util.logging.Handler[0]
      offValue = 2147483647
      SYSTEM_LOGGER_RB_NAME = "sun.util.logging.resources.logging"
      SYSTEM_BUNDLE = class java.util.logging.Logger$LoggerBundle@27d6b850
      NO_RESOURCE_BUNDLE = class java.util.logging.Logger$LoggerBundle@57002e0e
      manager = class com.ibm.ws.kernel.boot.logging.WsLogManager@e45c42a
      name = "com.ibm.ws.webcontainer.servlet"
      handlers = class java.util.concurrent.CopyOnWriteArrayList@56355b48
      loggerBundle = class java.util.logging.Logger$LoggerBundle@44b37de6
      useParentHandlers = true
      filter = null
      anonymous = false
      catalog = class com.ibm.ws.webcontainer.resources.Messages_en@12154b20
      catalogName = "com.ibm.ws.webcontainer.resources.Messages"
      catalogLocale = class java.util.Locale@32d1b9dc
      treeLock = class java.lang.Object@4ec25bd5
      parent = class com.ibm.ws.logging.internal.WsLogger@11c143a6
      kids = null
      levelObject = class java.util.logging.Level@293546f5
      levelValue = 800
      callersClassLoaderRef = class java.lang.ref.WeakReference@16151556
      isSystemLogger = false
      GLOBAL_LOGGER_NAME = "global"
      global = class java.util.logging.Logger@4a55e8b2
      $assertionsDisabled = true
    CLASS_NAME = "com.ibm.ws.webcontainer.servlet.ServletWrapper"
    nls = class com.ibm.ejs.ras.TraceNLS@7279a2be
      resolver = class com.ibm.ws.logging.internal.TraceNLSResolver@59670f1e
      finder = class com.ibm.ws.logging.internal.StackFinder@1b77483
      ivBundleName = "com.ibm.ws.webcontainer.resources.Messages"
      caller = class java.lang.Class@34ab9412
    servletConfig = class com.ibm.ws.webcontainer.servlet.ServletConfig@6d8cd04f
      logger = class com.ibm.ws.logging.internal.WsLogger@1a1abeeb
      CLASS_NAME = "com.ibm.ws.webcontainer.servlet.ServletConfig"
      nls = class com.ibm.ejs.ras.TraceNLS@497a3748
      liberty_nls = class com.ibm.ejs.ras.TraceNLS@ea5f293
      enabled = true
      servletName = "JAX-RS Servlet"
      className = "com.ibm.websphere.jaxrs.server.IBMRestServlet"
      mappings = class java.util.ArrayList@35b19907
      startUpWeight = 1
      DEFAULT_STARTUP = -1
      isCachingEnabled = true
      isStatisticsEnabled = true
      isInternal = false
      metaData = class com.ibm.ws.webcontainer.osgi.metadata.WebComponentMetaDataImpl@357379cd
      singleThreadModelServlet = false
      isJsp = false
      webAppConfig = class com.ibm.ws.webcontainer.osgi.webapp.WebAppConfiguration@2d2bd85c
      servletWrapper = class com.ibm.ws.webcontainer.osgi.servlet.ServletWrapper@6fd75932
      servletClass = null
      servlet = null
      addedToLoadOnStartup = true
      previousWeight = null
      multipartConfig = null
      multipartConfigBaseLocation = null
      runAsRole = null
      servletSecurityElement = null
      declareRolesAnnotation = null
      logger = class com.ibm.ws.logging.internal.WsLogger@1a1abeeb
      CLASS_NAME = "com.ibm.ws.webcontainer.servlet.TargetConfig"
      initParams = null
      fileName = null
      displayName = null
      name = "JAX-RS Servlet"
      description = "JAX-RS Tools Generated - Do not modify"
      smallIcon = null
      largeIcon = null
      context = class com.ibm.ws.webcontainer31.facade.ServletContextFacade31@357b5f21
      className = null
      asyncSupported = false
      _id = "ServletGeneratedId1"
      _attributes = null
      serialVersionUID = 7511545662945734886
      $$$tc$$$ = class com.ibm.websphere.ras.TraceComponent@56905f50
    context = class com.ibm.ws.webcontainer31.osgi.webapp.WebApp31@46ab3afb
      tc = class com.ibm.websphere.ras.TraceComponent@65c0022a
      CLASS_NAME = "com.ibm.ws.webcontainer31.osgi.webapp.WebApp31"
      servlet31NLS = class com.ibm.ejs.ras.TraceNLS@28a5cb8b
      validListenerClasses = class java.lang.Class[7]
      wsocServHandler = class com.ibm.ws.wsoc.external.WsocHandlerImpl@3e334216
      tc = class com.ibm.websphere.ras.TraceComponent@6ba7bd60
      CLASS_NAME = "com.ibm.ws.webcontainer.osgi.webapp.WebApp"
      metaDataService = class com.ibm.ws.container.service.metadata.internal.MetaDataServiceImpl@2d591c40
      namespacePopulated = false
      referenceContext = class com.ibm.ws.injectionengine.osgi.internal.OSGiReferenceContextImpl@49fa330b
      j2eeNameFactory = class com.ibm.ws.container.service.metadata.internal.J2EENameFactoryImpl@3a3d9fd7
      moduleLoader = class com.ibm.ws.classloading.internal.AppClassLoader@26d6a17d
      webAppConfig = class com.ibm.ws.webcontainer.osgi.webapp.WebAppConfiguration@2d2bd85c
      extensionProcessingDisabled = false
      internalServletMetaData = interface com.ibm.wsspi.webcontainer.metadata.WebComponentMetaData[2]
      loginProcessor = null
      logoutProcessor = null
      collabHelper = class com.ibm.ws.webcontainer.osgi.collaborator.CollaboratorHelperImpl@45db4638
      envObject = class com.ibm.ws.util.WSThreadLocal@699987d4
      orderedLibPaths = class java.util.Collections$UnmodifiableRandomAccessList@6983e10d
      perm = class com.ibm.websphere.security.WebSphereRuntimePermission@4df1fd56
      WELCOME_FILE_LIST = "com.ibm.ws.webcontainer.config.WelcomeFileList"
      DIR_BROWSING_MAPPING = "__dirBrowsing__1449474433182"
      FILTER_PROXY_MAPPING = "/__filterProxy__1449474433182"
      logger = class com.ibm.ws.logging.internal.WsLogger@1aabc3c
      CLASS_NAME = "com.ibm.ws.webcontainer.webapp.WebApp"
      loader = class com.ibm.ws.classloading.internal.ThreadContextClassLoader@40d7f1bf
      facade = class com.ibm.ws.webcontainer31.facade.ServletContextFacade31@357b5f21
      features = class java.util.ArrayList@24a82cfa
      applicationName = "NotificationClient"
      config = class com.ibm.ws.webcontainer.osgi.webapp.WebAppConfiguration@2d2bd85c
      securityEnabledForApp = null
      webExtensionProcessor = class com.ibm.ws.webcontainer.osgi.extension.WebExtensionProcessor@52552aeb
      production = true
      isServlet23 = true
      contextPath = "/NotificationClient"
      internalServletList = class [Ljava.lang.String;[2]
      BY_NAME_ONLY = "/_1449474433183_/"
      filterManager = null
      documentRoot = null
      SERVLET_API_VERSION = "Servlet 2.5"
      disableServletAuditLogging = -1
      serverInfo = "IBM WebSphere Liberty/8.5.5.7"
      sessionCtx = class com.ibm.ws.webcontainer31.session.impl.HttpSessionContext31Impl@449363db
      eventSource = class com.ibm.ws.webcontainer.webapp.WebAppEventSource@2a6b1deb
      nls = class com.ibm.ejs.ras.TraceNLS@2139484f
      liberty_nls = class com.ibm.ejs.ras.TraceNLS@5ac02cf1
      error_nls = class com.ibm.ejs.ras.TraceNLS@290a38b5
      sessionListeners = class java.util.ArrayList@76d80bf4
      sessionIdListeners = class java.util.ArrayList@1dc84e50
      sessionAttrListeners = class java.util.ArrayList@46344ebc
      addedSessionListeners = class java.util.ArrayList@3e83195f
      addedSessionAttrListeners = class java.util.ArrayList@8b232d0
      servletContextListeners = class java.util.ArrayList@57575758
      servletContextLAttrListeners = class java.util.ArrayList@33f2a2a0
      servletRequestListeners = class java.util.ArrayList@159d0c60
      servletRequestLAttrListeners = class java.util.ArrayList@ca098b1
      prependSlashToResource = false
      destroyed = false
      webAppNameSpaceCollab = class com.ibm.ws.webcontainer.osgi.collaborator.WebAppNameSpaceCollaboratorImpl@5a9a21fe
      txCollab = class com.ibm.ws.transaction.services.WebAppTransactionCollaboratorImpl@511f8c4a
      sessionActivationListeners = class java.util.ArrayList@6120e3ea
      sessionBindingListeners = class java.util.ArrayList@4761aacc
      scratchdir = null
      jspClassLoaderLimit = 0
      jspClassLoaderExclusionList = null
      jspClassLoadersMap = null
      jspClassLoaderLimitTrackIF = false
      defaultExtProc = null
      directoryBrowsingServlet = null
      cdiContexts = class java.util.concurrent.ConcurrentHashMap@3a62404c
      moduleConfig = class com.ibm.ws.webcontainer.osgi.container.DeployedModule@320f32a1
      extensionFactories = class java.util.ArrayList@5456b8b9
      initialized = false
      lock = class com.ibm.ws.webcontainer.webapp.WebApp$1@1eab4f35
      afterServletContextCreated = false
      redirectContextRoot = false
      errorExceptionTypeFirst = false
      initFilterBeforeServletInit = false
      sortedServletConfigs = class java.util.ArrayList@36e31c8c
      effectiveMajorVersion = 3
      effectiveMinorVersion = 1
      canAddServletContextListener = true
      withinContextInitOfProgAddListener = false
      lastProgAddListenerInitialized = "com.ibm.ws.cache.CacheServiceImpl"
      webInfLibClassloader = null
      metaInfCache = class com.ibm.ws.webcontainer.webapp.WebApp$2@7d32aacb
      useMetaInfCache = true
      SUN_CONFIGURE_LISTENER_CLASSNAME = "com.sun.faces.config.ConfigureListener"
      MYFACES_LIFECYCLE_LISTENER_CLASSNAME = "org.apache.myfaces.webapp.StartupServletContextListener"
      JSF_IMPL_ENABLED_PARAM = "com.ibm.ws.jsf.JSF_IMPL_ENABLED"
      JSF_IMPL_ENABLED_CUSTOM = "Custom"
      JSF_IMPL_ENABLED_NONE = "None"
      staticDocRoot = class com.ibm.ws.webcontainer.util.DocumentRootUtils@1c4056a4
      jspDocRoot = class com.ibm.ws.webcontainer.util.DocumentRootUtils@585660fe
      container = class com.ibm.ws.adaptable.module.internal.AdaptableContainerImpl@7e373e9e
      metaInfResourceFinder = class com.ibm.ws.webcontainer.util.MetaInfResourceFinder@76ff0004
      postConstructMethods = class com.ibm.ws.webcontainer.webapp.WebApp$AnnotatedMethods@1ef398e2
      preDestroyMethods = class com.ibm.ws.webcontainer.webapp.WebApp$AnnotatedMethods@1818ee
      OBJ_EMPTY = class java.lang.Object[0]
      CLASS_EMPTY = class java.lang.Class[0]
      DEFAULT_JSP_EXTENSIONS = class java.util.ArrayList@6b22d983
      DEFER_SERVLET_REQUEST_LISTENER_DESTROY_ON_ERROR = false
      DO_ACCEPT_PARTIAL = true
      DO_NOT_ACCEPT_PARTIAL = false
      DO_ACCEPT_EXCLUDED = true
      DO_NOT_ACCEPT_EXCLUDED = false
      commands = class java.util.ArrayList@67e5ab03
      requestMapper = class com.ibm.wsspi.webcontainer.util.URIMapper@27fa1079
      parent = class com.ibm.ws.webcontainer.osgi.webapp.WebGroup@5a692bc4
      name = "NotificationClient"
      isAlive = true
      subElements = null
      attributes = class java.util.Collections$SynchronizedMap@6dee340a
      config = null
      serialVersionUID = -8271459000149267764
      $$$tc$$$ = class com.ibm.websphere.ras.TraceComponent@7659c0bd
    target = null
    cacheWrappers = null
    targetLoader = class com.ibm.ws.classloading.internal.ThreadContextClassLoader@40d7f1bf
    evtSource = class com.ibm.ws.webcontainer.webapp.WebAppEventSource@2a6b1deb
      _invocationListeners = class com.ibm.ws.webcontainer.util.EventListeners@32a9b843
      _servletListeners = class com.ibm.ws.webcontainer.util.EventListeners@17e91177
      _errorListeners = class com.ibm.ws.webcontainer.util.EventListeners@109420c8
      _applicationListeners = class com.ibm.ws.webcontainer.util.EventListeners@65c08c16
      _filterInvocationListeners = class com.ibm.ws.webcontainer.util.EventListeners@1a545b4d
      _filterListeners = class com.ibm.ws.webcontainer.util.EventListeners@456993d9
      _filterErrorListeners = class com.ibm.ws.webcontainer.util.EventListeners@744a69dc
    event = null
    unavailableMessage = null
    unavailableUntil = -1
    isSTM = false
    internalServlet = false
    webAppInvocationCollaborators = null
    platformHelper = class com.ibm.ws.webcontainer.PlatformHelper@65c913ab
    webAppNameSpaceCollab = class com.ibm.ws.webcontainer.osgi.collaborator.WebAppNameSpaceCollaboratorImpl@5a9a21fe
      cmdai = class com.ibm.ws.threadContext.ComponentMetaDataAccessorImpl@dbb651f
    txCollab = class com.ibm.ws.transaction.services.WebAppTransactionCollaboratorImpl@511f8c4a
      tc = class com.ibm.websphere.ras.TraceComponent@602ea64
      ltCurrentRef = class com.ibm.wsspi.kernel.service.utils.AtomicServiceReference@1ae08816
      tranMgrRef = class com.ibm.wsspi.kernel.service.utils.AtomicServiceReference@944a785
      userTranRef = class com.ibm.wsspi.kernel.service.utils.AtomicServiceReference@67412b12
      uowCallbackRef = class com.ibm.wsspi.kernel.service.utils.AtomicServiceReference@7b930d94
      serialVersionUID = -8319003162899973281
    connCollab = class com.ibm.ws.webcontainer.collaborator.ConnectionCollaborator@23e957c7
    suppressServletExceptionLogging = false
    throwExceptionEnum = class java.util.RegularEnumSet@e905c5a
      serialVersionUID = 3411599620347842686
      elements = 256
      elementType = class java.lang.Class@16d6be41
      universe = class com.ibm.wsspi.webcontainer.collaborator.CollaboratorInvocationEnum[9]
      ZERO_LENGTH_ENUM_ARRAY = class java.lang.Enum[0]
      MAX_ARRAY_SIZE = 2147483639
    discernUnavailableServlet = false
    reInitServletonInitUnavailableException = true
    destroyServletonServiceUnavailableException = false
    servlet23 = true
    PARAMS_HEAD_TRACE = class java.lang.Class[2]
      PARAMS_HEAD_TRACE[0] = class java.lang.Class@5dc4e2a1
      PARAMS_HEAD_TRACE[1] = class java.lang.Class@854d20
    defaultHeadMethodInUse = false
    defaultTraceMethodInUse = false
    checkedForDefaultMethods = null
    defaultTraceRequestBehavior = false
    defaultHeadRequestBehavior = false
    useOriginalRequestState = false
    warningStatusSet = false
    LSTRING_FILE = "javax.servlet.LocalStrings"
    lStrings = class java.util.PropertyResourceBundle@28dea880
      lookup = class java.util.HashMap@4ebb3154
      INITIAL_CACHE_SIZE = 32
      NONEXISTENT_BUNDLE = class java.util.ResourceBundle$1@49dcfaf4
      cacheList = class java.util.concurrent.ConcurrentHashMap@133505f0
      referenceQueue = class java.lang.ref.ReferenceQueue@493a753
      parent = null
      locale = class java.util.Locale@76997f26
      name = "javax.servlet.LocalStrings"
      expired = false
      cacheKey = class java.util.ResourceBundle$CacheKey@583c205b
      keySet = null
      providers = null
      $assertionsDisabled = true
    config = null

