------Start of DE processing------ = [12/7/15 10:00:12:829 IST]
Exception = java.lang.ClassNotFoundException
Source = com.ibm.ws.webcontainer.servlet.ServletWrapper.loadServlet
probeid = 208
Stack Dump = java.lang.ClassNotFoundException: com.ibm.websphere.jaxrs.server.IBMRestServlet
	at com.ibm.ws.classloading.internal.UnifiedClassLoader.findClass(UnifiedClassLoader.java:118)
	at java.lang.ClassLoader.loadClass(ClassLoader.java:424)
	at com.ibm.ws.classloading.internal.UnifiedClassLoader.loadClass0(UnifiedClassLoader.java:106)
	at com.ibm.ws.classloading.internal.UnifiedClassLoader$Delegation.loadClass(UnifiedClassLoader.java:77)
	at com.ibm.ws.classloading.internal.UnifiedClassLoader.loadClass(UnifiedClassLoader.java:101)
	at com.ibm.ws.classloading.internal.ThreadContextClassLoader.loadClass(ThreadContextClassLoader.java:110)
	at java.lang.ClassLoader.loadClass(ClassLoader.java:357)
	at com.ibm.ws.webcontainer.servlet.ServletWrapper$1.run(ServletWrapper.java:1564)
	at java.security.AccessController.doPrivileged(Native Method)
	at com.ibm.ws.webcontainer.servlet.ServletWrapper.loadServlet(ServletWrapper.java:1533)
	at com.ibm.ws.webcontainer.servlet.ServletWrapper.loadOnStartupCheck(ServletWrapper.java:1411)
	at com.ibm.ws.webcontainer.webapp.WebApp.doLoadOnStartupActions(WebApp.java:1180)
	at com.ibm.ws.webcontainer.webapp.WebApp.commonInitializationFinally(WebApp.java:1148)
	at com.ibm.ws.webcontainer.webapp.WebApp.initialize(WebApp.java:1054)
	at com.ibm.ws.webcontainer.webapp.WebApp.initialize(WebApp.java:6448)
	at com.ibm.ws.webcontainer.osgi.DynamicVirtualHost.startWebApp(DynamicVirtualHost.java:446)
	at com.ibm.ws.webcontainer.osgi.DynamicVirtualHost.createRunnableHandler(DynamicVirtualHost.java:248)
	at com.ibm.ws.webcontainer.osgi.DynamicVirtualHost.createRunnableHandler(DynamicVirtualHost.java:313)
	at com.ibm.ws.http.internal.VirtualHostImpl.discriminate(VirtualHostImpl.java:251)
	at com.ibm.ws.http.dispatcher.internal.channel.HttpDispatcherLink.ready(HttpDispatcherLink.java:306)
	at com.ibm.ws.http.channel.internal.inbound.HttpInboundLink.handleDiscrimination(HttpInboundLink.java:470)
	at com.ibm.ws.http.channel.internal.inbound.HttpInboundLink.handleNewRequest(HttpInboundLink.java:404)
	at com.ibm.ws.http.channel.internal.inbound.HttpInboundLink.processRequest(HttpInboundLink.java:284)
	at com.ibm.ws.http.channel.internal.inbound.HttpInboundLink.ready(HttpInboundLink.java:255)
	at com.ibm.ws.tcpchannel.internal.NewConnectionInitialReadCallback.sendToDiscriminators(NewConnectionInitialReadCallback.java:174)
	at com.ibm.ws.tcpchannel.internal.NewConnectionInitialReadCallback.complete(NewConnectionInitialReadCallback.java:83)
	at com.ibm.ws.tcpchannel.internal.WorkQueueManager.requestComplete(WorkQueueManager.java:504)
	at com.ibm.ws.tcpchannel.internal.WorkQueueManager.attemptIO(WorkQueueManager.java:574)
	at com.ibm.ws.tcpchannel.internal.WorkQueueManager.workerRun(WorkQueueManager.java:929)
	at com.ibm.ws.tcpchannel.internal.WorkQueueManager$Worker.run(WorkQueueManager.java:1018)
	at java.util.concurrent.ThreadPoolExecutor.runWorker(ThreadPoolExecutor.java:1142)
	at java.util.concurrent.ThreadPoolExecutor$Worker.run(ThreadPoolExecutor.java:617)
	at java.lang.Thread.run(Thread.java:745)

Dump of callerThis
Object type = com.ibm.ws.webcontainer.servlet.ServletWrapper$1
  val$className = "com.ibm.websphere.jaxrs.server.IBMRestServlet"
  val$servletClass = null
  val$loader = class com.ibm.ws.classloading.internal.ThreadContextClassLoader@6d52f7d3
    tc = class com.ibm.websphere.ras.TraceComponent@5eba5cd9
      strings[0] = "TraceComponent[com.ibm.ws.classloading.internal.ThreadContextClassLoader,class com.ibm.ws.classloading.internal.ThreadContextClassLoader,[ClassLoadingService],com.ibm.ws.classloading.internal.resources.ClassLoadingServiceMessages,null]"
    bundle = class java.util.concurrent.atomic.AtomicReference@697067fc
      serialVersionUID = -1848883965231344442
      unsafe = class sun.misc.Unsafe@5615dfe0
      valueOffset = 12
      value = class org.eclipse.osgi.internal.framework.EquinoxBundle@5c692dc
    key = "WebModule:NotificationClient#NotificationClient.war"
    refCount = class java.util.concurrent.atomic.AtomicInteger@1bc5d962
      serialVersionUID = 6214790243416807050
      unsafe = class sun.misc.Unsafe@5615dfe0
      valueOffset = 12
      value = 2
      serialVersionUID = -8742448824652078965
    appLoader = class com.ibm.ws.classloading.internal.AppClassLoader@6dc21b9e
      tc = class com.ibm.websphere.ras.TraceComponent@5a6a78fd
      PARENT_FIRST_SEARCH_ORDER = class java.util.Collections$UnmodifiableRandomAccessList@65728204
      CLASS_LOADING_TRACE_PREFIX = "com.ibm.ws.class.load."
      DEFAULT_PACKAGE = "default.package"
      perPackageClassLoadingTraceComponents = class java.util.concurrent.ConcurrentHashMap@7856337a
      config = class com.ibm.ws.classloading.internal.ClassLoaderConfigurationImpl@10549636
      privateLibraries = null
      delegateLoaders = class com.ibm.ws.classloading.internal.util.CompositeIterable@72be4bb7
      nativeLibraryFiles = class java.util.ArrayList@32d9546
      transformers = class java.util.ArrayList@4aa9bbba
      apiAccess = class com.ibm.ws.classloading.internal.GatewayClassLoader@7abf71f3
      generator = class com.ibm.ws.classloading.internal.ClassGeneratorManager@7ef871ff
      serialVersionUID = -8755588715217099101
      tc = class com.ibm.websphere.ras.TraceComponent@54f30f48
      EMPTY_URL_ARRAY = class java.net.URL[0]
      smartClassPath = class com.ibm.ws.classloading.internal.ContainerClassLoader$SmartClassPathImpl@11f34344
      nativeLibraryContainers = class java.util.ArrayList@16804eab
      redefiner = class com.ibm.ws.classloading.internal.util.ClassRedefiner@2bcaa20d
      mapCreationQueue = class java.util.concurrent.Executors$FinalizableDelegatedExecutorService@e07014e
      serialVersionUID = 1420723314841411509
      serialVersionUID = -7411549862368381758
      $$$tc$$$ = class com.ibm.websphere.ras.TraceComponent@31703102
      serialVersionUID = -4868702105808481416
      $$$tc$$$ = class com.ibm.websphere.ras.TraceComponent@42183500
      serialVersionUID = 2596921220292114344
      $$$tc$$$ = class com.ibm.websphere.ras.TraceComponent@4329f47f
      initialized = true
      pdcache = class java.util.HashMap@118469a8
      debug = null
      parent = class com.ibm.ws.classloading.internal.GatewayClassLoader@7abf71f3
      parallelLockMap = null
      package2certs = class java.util.Hashtable@6fa07b5f
      nocerts = class java.security.cert.Certificate[0]
      classes = class java.util.Vector@591b1a94
      defaultDomain = class java.security.ProtectionDomain@7082f3cc
      domains = class java.util.HashSet@42790d5d
      packages = class java.util.HashMap@2eefecce
      scl = class sun.misc.Launcher$AppClassLoader@14dad5dc
      sclSet = true
      loadedLibraryNames = class java.util.Vector@497f7f0c
      systemNativeLibraries = class java.util.Vector@135fec23
      nativeLibraries = class java.util.Vector@2fa19c3d
      nativeLibraryContext = class java.util.Stack@76f28ae5
      usr_paths = class java.lang.String[5]
      sys_paths = class java.lang.String[1]
      assertionLock = class com.ibm.ws.classloading.internal.AppClassLoader@6dc21b9e
      defaultAssertionStatus = false
      packageAssertionStatus = null
      classAssertionStatus = null
    serialVersionUID = 7093379526360135425
    followOnClassLoaders = class java.util.ArrayList@a29a640
      serialVersionUID = 8683452581122892189
      DEFAULT_CAPACITY = 10
      EMPTY_ELEMENTDATA = class java.lang.Object[0]
      DEFAULTCAPACITY_EMPTY_ELEMENTDATA = class java.lang.Object[0]
      elementData = class java.lang.Object[10]
      size = 1
      MAX_ARRAY_SIZE = 2147483639
      modCount = 1
      MAX_ARRAY_SIZE = 2147483639
    serialVersionUID = -5107316606107305512
    $$$tc$$$ = class com.ibm.websphere.ras.TraceComponent@5f838d09
      strings[0] = "TraceComponent[com.ibm.ws.classloading.internal.UnifiedClassLoader,class com.ibm.ws.classloading.internal.UnifiedClassLoader,[ClassLoadingService],com.ibm.ws.classloading.internal.resources.ClassLoadingServiceMessages,null]"
    serialVersionUID = -4868702105808481416
    $$$tc$$$ = class com.ibm.websphere.ras.TraceComponent@42183500
      strings[0] = "TraceComponent[com.ibm.ws.classloading.internal.LibertyLoader,class com.ibm.ws.classloading.internal.LibertyLoader,[ClassLoadingService],com.ibm.ws.classloading.internal.resources.ClassLoadingServiceMessages,null]"
    serialVersionUID = 2596921220292114344
    $$$tc$$$ = class com.ibm.websphere.ras.TraceComponent@4329f47f
      strings[0] = "TraceComponent[com.ibm.ws.classloading.LibertyClassLoader,class com.ibm.ws.classloading.LibertyClassLoader,[ClassLoadingService],com.ibm.ws.classloading.internal.resources.ClassLoadingServiceMessages,null]"
    initialized = true
    pdcache = class java.util.HashMap@3da837fc
      serialVersionUID = 362498820763181265
      DEFAULT_INITIAL_CAPACITY = 16
      MAXIMUM_CAPACITY = 1073741824
      DEFAULT_LOAD_FACTOR = 0.75
      TREEIFY_THRESHOLD = 8
      UNTREEIFY_THRESHOLD = 6
      MIN_TREEIFY_CAPACITY = 64
      table = null
      entrySet = null
      size = 0
      modCount = 0
      threshold = 16
      loadFactor = 0.75
      keySet = null
      values = null
    debug = null
    parent = class com.ibm.ws.classloading.internal.GatewayClassLoader@71dd412d
      config = class com.ibm.ws.classloading.internal.GatewayConfigurationImpl@2ba7a32b
      wiringMonitor = class com.ibm.ws.classloading.internal.GatewayClassLoader$1@dac7204
      bundle = class org.eclipse.osgi.internal.framework.EquinoxBundle@5c692dc
      wiring = class org.eclipse.osgi.container.ModuleWiring@3fb9df35
      bundleLoader = class org.eclipse.osgi.internal.loader.EquinoxClassLoader@617f0ac5
      resourceProviders = class com.ibm.ws.classloading.internal.CompositeResourceProvider@7757433a
      serialVersionUID = -4256474098847905153
      $$$tc$$$ = class com.ibm.websphere.ras.TraceComponent@6b2b5fe3
      parent = class sun.misc.Launcher$AppClassLoader@14dad5dc
      parallelLockMap = null
      package2certs = class java.util.Hashtable@19053386
      nocerts = class java.security.cert.Certificate[0]
      classes = class java.util.Vector@68b417e4
      defaultDomain = class java.security.ProtectionDomain@71041115
      domains = class java.util.HashSet@3c07d29c
      packages = class java.util.HashMap@c2e5f99
      scl = class sun.misc.Launcher$AppClassLoader@14dad5dc
      sclSet = true
      loadedLibraryNames = class java.util.Vector@497f7f0c
      systemNativeLibraries = class java.util.Vector@135fec23
      nativeLibraries = class java.util.Vector@44ed62cf
      nativeLibraryContext = class java.util.Stack@76f28ae5
      usr_paths = class java.lang.String[5]
      sys_paths = class java.lang.String[1]
      assertionLock = class com.ibm.ws.classloading.internal.GatewayClassLoader@71dd412d
      defaultAssertionStatus = false
      packageAssertionStatus = null
      classAssertionStatus = null
    parallelLockMap = null
    package2certs = class java.util.Hashtable@7a749daf
      table = class java.util.Hashtable$Entry[11]
      count = 0
      threshold = 8
      loadFactor = 0.75
      modCount = 0
      serialVersionUID = 1421746759512286392
      MAX_ARRAY_SIZE = 2147483639
      keySet = null
      entrySet = null
      values = null
      KEYS = 0
      VALUES = 1
      ENTRIES = 2
    nocerts = class java.security.cert.Certificate[0]
    classes = class java.util.Vector@79006a10
      elementData = class java.lang.Object[10]
      elementCount = 0
      capacityIncrement = 0
      serialVersionUID = -2767605614048989439
      MAX_ARRAY_SIZE = 2147483639
      modCount = 0
      MAX_ARRAY_SIZE = 2147483639
    defaultDomain = class java.security.ProtectionDomain@11f96060
      codesource = class java.security.CodeSource@40fab181
      classloader = class com.ibm.ws.classloading.internal.ThreadContextClassLoader@6d52f7d3
      principals = interface java.security.Principal[0]
      permissions = null
      hasAllPerm = false
      staticPermissions = false
      key = class java.security.ProtectionDomain$Key@47b7a33
      debug = null
    domains = class java.util.HashSet@6d12a274
      serialVersionUID = -5024744406713321676
      map = class java.util.HashMap@3b546551
      PRESENT = class java.lang.Object@22db2c6b
      MAX_ARRAY_SIZE = 2147483639
    packages = class java.util.HashMap@3355c39c
      serialVersionUID = 362498820763181265
      DEFAULT_INITIAL_CAPACITY = 16
      MAXIMUM_CAPACITY = 1073741824
      DEFAULT_LOAD_FACTOR = 0.75
      TREEIFY_THRESHOLD = 8
      UNTREEIFY_THRESHOLD = 6
      MIN_TREEIFY_CAPACITY = 64
      table = null
      entrySet = null
      size = 0
      modCount = 0
      threshold = 0
      loadFactor = 0.75
      keySet = null
      values = null
    scl = class sun.misc.Launcher$AppClassLoader@14dad5dc
      ucp = class sun.misc.URLClassPath@47dc466b
      $assertionsDisabled = true
      ucp = class sun.misc.URLClassPath@47dc466b
      acc = class java.security.AccessControlContext@e7f1373
      closeables = class java.util.WeakHashMap@535b787a
      initialized = true
      pdcache = class java.util.HashMap@7b561605
      debug = null
      parent = class sun.misc.Launcher$ExtClassLoader@5e1ce81a
      parallelLockMap = class java.util.concurrent.ConcurrentHashMap@280e9c21
      package2certs = class java.util.concurrent.ConcurrentHashMap@201ea9f2
      nocerts = class java.security.cert.Certificate[0]
      classes = class java.util.Vector@6b3365ca
      defaultDomain = class java.security.ProtectionDomain@52560c8e
      domains = class java.util.Collections$SynchronizedSet@ee57d71
      packages = class java.util.HashMap@5be11466
      scl = class sun.misc.Launcher$AppClassLoader@14dad5dc
      sclSet = true
      loadedLibraryNames = class java.util.Vector@497f7f0c
      systemNativeLibraries = class java.util.Vector@135fec23
      nativeLibraries = class java.util.Vector@2b0c37e5
      nativeLibraryContext = class java.util.Stack@76f28ae5
      usr_paths = class java.lang.String[5]
      sys_paths = class java.lang.String[1]
      assertionLock = class java.lang.Object@49dc6c76
      defaultAssertionStatus = false
      packageAssertionStatus = null
      classAssertionStatus = null
    sclSet = true
    loadedLibraryNames = class java.util.Vector@497f7f0c
      elementData = class java.lang.Object[10]
      elementCount = 5
      capacityIncrement = 0
      serialVersionUID = -2767605614048989439
      MAX_ARRAY_SIZE = 2147483639
      modCount = 5
      MAX_ARRAY_SIZE = 2147483639
    systemNativeLibraries = class java.util.Vector@135fec23
      elementData = class java.lang.Object[10]
      elementCount = 5
      capacityIncrement = 0
      serialVersionUID = -2767605614048989439
      MAX_ARRAY_SIZE = 2147483639
      modCount = 5
      MAX_ARRAY_SIZE = 2147483639
    nativeLibraries = class java.util.Vector@6b26fd3e
      elementData = class java.lang.Object[10]
      elementCount = 0
      capacityIncrement = 0
      serialVersionUID = -2767605614048989439
      MAX_ARRAY_SIZE = 2147483639
      modCount = 0
      MAX_ARRAY_SIZE = 2147483639
    nativeLibraryContext = class java.util.Stack@76f28ae5
      serialVersionUID = 1224463164541339165
      elementData = class java.lang.Object[10]
      elementCount = 0
      capacityIncrement = 0
      serialVersionUID = -2767605614048989439
      MAX_ARRAY_SIZE = 2147483639
      modCount = 10
      MAX_ARRAY_SIZE = 2147483639
    usr_paths = class java.lang.String[5]
      usr_paths[0] = "/usr/java/packages/lib/amd64"
      usr_paths[1] = "/usr/lib64"
      usr_paths[2] = "/lib64"
      usr_paths[3] = "/lib"
      usr_paths[4] = "/usr/lib"
    sys_paths = class java.lang.String[1]
      sys_paths[0] = "/usr/lib/jvm/java-1.8.0-openjdk-1.8.0.60-14.b27.fc23.x86_64/jre/lib/amd64"
    assertionLock = class com.ibm.ws.classloading.internal.ThreadContextClassLoader@6d52f7d3
    defaultAssertionStatus = false
    packageAssertionStatus = null
    classAssertionStatus = null
  val$servletName = "JAX-RS Servlet"
  this$0 = class com.ibm.ws.webcontainer.osgi.servlet.ServletWrapper@27da6d7f
    serialVersionUID = 1
    _mo = null
    serialVersionUID = -4479626085298397598
    notifyInvocationListeners = false
    UNINITIALIZED_STATE = -1
    AVAILABLE_STATE = 0
    UNAVAILABLE_STATE = 1
    UNAVAILABLE_PERMANENTLY_STATE = 2
    collabHelper = class com.ibm.ws.webcontainer.osgi.collaborator.CollaboratorHelperImpl@28f30d1f
      webAppInvCollabs = class java.util.Collections$UnmodifiableSet@9896fca
      securityDomainForApp = null
      logger = class com.ibm.ws.logging.internal.WsLogger@3b87292c
      staticDefaultSecurityCollaborator = class com.ibm.ws.webcontainer.collaborator.WebAppSecurityCollaborator@b45f99e
      logger = class com.ibm.ws.logging.internal.WsLogger@4dbff30f
      CLASS_NAME = "com.ibm.wsspi.webcontainer.collaborator.CollaboratorHelper"
      webApp = class com.ibm.ws.webcontainer31.osgi.webapp.WebApp31@707b2d08
      securityCollaborator = null
      nameSpaceCollaborator = class com.ibm.ws.webcontainer.osgi.collaborator.WebAppNameSpaceCollaboratorImpl@6f405a
      transactionCollaborator = class com.ibm.ws.webcontainer.collaborator.WebAppTransactionCollaborator@29553e32
      connectionCollaborator = class com.ibm.ws.webcontainer.collaborator.ConnectionCollaborator@7040634
      allCollabEnum = class java.util.RegularEnumSet@f8a224d
      servlet_23_or_greater = true
      DEFER_SERVLET_REQUEST_LISTENER_DESTROY_ON_ERROR = false
    nServicing = class java.util.concurrent.atomic.AtomicInteger@3628d508
      serialVersionUID = 6214790243416807050
      unsafe = class sun.misc.Unsafe@5615dfe0
      valueOffset = 12
      value = 0
      serialVersionUID = -8742448824652078965
    lastAccessTime = 1449475212821
    state = -1
    logger = class com.ibm.ws.logging.internal.WsLogger@7438960
      tc = class com.ibm.websphere.ras.TraceComponent@46196c62
      ivCachedResourceBundleName = null
      ivCachedResourceBundle = null
      ivComponent = null
      ivOrganization = null
      ivProduct = null
      ivMinimumLocalizationLevelIntValue = 625
      ivTC = class com.ibm.websphere.ras.TraceComponent@7adb50d7
      loggerRegistrationComponent = class java.lang.ThreadLocal@143bc7ee
      emptyHandlers = class java.util.logging.Handler[0]
      offValue = 2147483647
      SYSTEM_LOGGER_RB_NAME = "sun.util.logging.resources.logging"
      SYSTEM_BUNDLE = class java.util.logging.Logger$LoggerBundle@495a28c2
      NO_RESOURCE_BUNDLE = class java.util.logging.Logger$LoggerBundle@793b6446
      manager = class com.ibm.ws.kernel.boot.logging.WsLogManager@33f5c838
      name = "com.ibm.ws.webcontainer.servlet"
      handlers = class java.util.concurrent.CopyOnWriteArrayList@622ec0b4
      loggerBundle = class java.util.logging.Logger$LoggerBundle@7a2af80b
      useParentHandlers = true
      filter = null
      anonymous = false
      catalog = class com.ibm.ws.webcontainer.resources.Messages_en@5811aa5c
      catalogName = "com.ibm.ws.webcontainer.resources.Messages"
      catalogLocale = class java.util.Locale@45380d6e
      treeLock = class java.lang.Object@51874e1d
      parent = class com.ibm.ws.logging.internal.WsLogger@7cc01e86
      kids = null
      levelObject = class java.util.logging.Level@29d61808
      levelValue = 800
      callersClassLoaderRef = class java.lang.ref.WeakReference@2c003321
      isSystemLogger = false
      GLOBAL_LOGGER_NAME = "global"
      global = class java.util.logging.Logger@471c771a
      $assertionsDisabled = true
    CLASS_NAME = "com.ibm.ws.webcontainer.servlet.ServletWrapper"
    nls = class com.ibm.ejs.ras.TraceNLS@3020407a
      resolver = class com.ibm.ws.logging.internal.TraceNLSResolver@757c7543
      finder = class com.ibm.ws.logging.internal.StackFinder@609fa4d4
      ivBundleName = "com.ibm.ws.webcontainer.resources.Messages"
      caller = class java.lang.Class@6cfb65ef
    servletConfig = class com.ibm.ws.webcontainer.servlet.ServletConfig@b3894
      logger = class com.ibm.ws.logging.internal.WsLogger@7438960
      CLASS_NAME = "com.ibm.ws.webcontainer.servlet.ServletConfig"
      nls = class com.ibm.ejs.ras.TraceNLS@755942cf
      liberty_nls = class com.ibm.ejs.ras.TraceNLS@392fea47
      enabled = true
      servletName = "JAX-RS Servlet"
      className = "com.ibm.websphere.jaxrs.server.IBMRestServlet"
      mappings = class java.util.ArrayList@4fb1ef9d
      startUpWeight = 1
      DEFAULT_STARTUP = -1
      isCachingEnabled = true
      isStatisticsEnabled = true
      isInternal = false
      metaData = class com.ibm.ws.webcontainer.osgi.metadata.WebComponentMetaDataImpl@1786d50d
      singleThreadModelServlet = false
      isJsp = false
      webAppConfig = class com.ibm.ws.webcontainer.osgi.webapp.WebAppConfiguration@2876b208
      servletWrapper = class com.ibm.ws.webcontainer.osgi.servlet.ServletWrapper@27da6d7f
      servletClass = null
      servlet = null
      addedToLoadOnStartup = true
      previousWeight = null
      multipartConfig = null
      multipartConfigBaseLocation = null
      runAsRole = null
      servletSecurityElement = null
      declareRolesAnnotation = null
      logger = class com.ibm.ws.logging.internal.WsLogger@7438960
      CLASS_NAME = "com.ibm.ws.webcontainer.servlet.TargetConfig"
      initParams = null
      fileName = null
      displayName = null
      name = "JAX-RS Servlet"
      description = "JAX-RS Tools Generated - Do not modify"
      smallIcon = null
      largeIcon = null
      context = class com.ibm.ws.webcontainer31.facade.ServletContextFacade31@2e40cfd0
      className = null
      asyncSupported = false
      _id = "ServletGeneratedId1"
      _attributes = null
      serialVersionUID = 7511545662945734886
      $$$tc$$$ = class com.ibm.websphere.ras.TraceComponent@28c08866
    context = class com.ibm.ws.webcontainer31.osgi.webapp.WebApp31@707b2d08
      tc = class com.ibm.websphere.ras.TraceComponent@3efa7424
      CLASS_NAME = "com.ibm.ws.webcontainer31.osgi.webapp.WebApp31"
      servlet31NLS = class com.ibm.ejs.ras.TraceNLS@495f3f78
      validListenerClasses = class java.lang.Class[7]
      wsocServHandler = null
      tc = class com.ibm.websphere.ras.TraceComponent@29a6ac20
      CLASS_NAME = "com.ibm.ws.webcontainer.osgi.webapp.WebApp"
      metaDataService = class com.ibm.ws.container.service.metadata.internal.MetaDataServiceImpl@19c61d2b
      namespacePopulated = false
      referenceContext = class com.ibm.ws.injectionengine.osgi.internal.OSGiReferenceContextImpl@11a933a7
      j2eeNameFactory = class com.ibm.ws.container.service.metadata.internal.J2EENameFactoryImpl@29d25594
      moduleLoader = class com.ibm.ws.classloading.internal.AppClassLoader@6dc21b9e
      webAppConfig = class com.ibm.ws.webcontainer.osgi.webapp.WebAppConfiguration@2876b208
      extensionProcessingDisabled = false
      internalServletMetaData = interface com.ibm.wsspi.webcontainer.metadata.WebComponentMetaData[2]
      loginProcessor = null
      logoutProcessor = null
      collabHelper = class com.ibm.ws.webcontainer.osgi.collaborator.CollaboratorHelperImpl@28f30d1f
      envObject = class com.ibm.ws.util.WSThreadLocal@4bfb9168
      orderedLibPaths = class java.util.Collections$UnmodifiableRandomAccessList@1bfad77a
      perm = class com.ibm.websphere.security.WebSphereRuntimePermission@5e97a90b
      WELCOME_FILE_LIST = "com.ibm.ws.webcontainer.config.WelcomeFileList"
      DIR_BROWSING_MAPPING = "__dirBrowsing__1449475201306"
      FILTER_PROXY_MAPPING = "/__filterProxy__1449475201306"
      logger = class com.ibm.ws.logging.internal.WsLogger@3367e1aa
      CLASS_NAME = "com.ibm.ws.webcontainer.webapp.WebApp"
      loader = class com.ibm.ws.classloading.internal.ThreadContextClassLoader@6d52f7d3
      facade = class com.ibm.ws.webcontainer31.facade.ServletContextFacade31@2e40cfd0
      features = class java.util.ArrayList@2400567f
      applicationName = "NotificationClient"
      config = class com.ibm.ws.webcontainer.osgi.webapp.WebAppConfiguration@2876b208
      securityEnabledForApp = null
      webExtensionProcessor = class com.ibm.ws.webcontainer.osgi.extension.WebExtensionProcessor@698c0482
      production = true
      isServlet23 = true
      contextPath = "/NotificationClient"
      internalServletList = class [Ljava.lang.String;[2]
      BY_NAME_ONLY = "/_1449475201307_/"
      filterManager = null
      documentRoot = null
      SERVLET_API_VERSION = "Servlet 2.5"
      disableServletAuditLogging = -1
      serverInfo = "IBM WebSphere Liberty/8.5.5.7"
      sessionCtx = class com.ibm.ws.webcontainer31.session.impl.HttpSessionContext31Impl@656ed04
      eventSource = class com.ibm.ws.webcontainer.webapp.WebAppEventSource@6b68b2ee
      nls = class com.ibm.ejs.ras.TraceNLS@2043f01f
      liberty_nls = class com.ibm.ejs.ras.TraceNLS@29e25881
      error_nls = class com.ibm.ejs.ras.TraceNLS@2263a89b
      sessionListeners = class java.util.ArrayList@13ec4f1e
      sessionIdListeners = class java.util.ArrayList@2c908674
      sessionAttrListeners = class java.util.ArrayList@170de537
      addedSessionListeners = class java.util.ArrayList@2895b03d
      addedSessionAttrListeners = class java.util.ArrayList@59708e8e
      servletContextListeners = class java.util.ArrayList@71fb10f2
      servletContextLAttrListeners = class java.util.ArrayList@9a777a7
      servletRequestListeners = class java.util.ArrayList@cb62af6
      servletRequestLAttrListeners = class java.util.ArrayList@51efc110
      prependSlashToResource = false
      destroyed = false
      webAppNameSpaceCollab = class com.ibm.ws.webcontainer.osgi.collaborator.WebAppNameSpaceCollaboratorImpl@6f405a
      txCollab = class com.ibm.ws.webcontainer.collaborator.WebAppTransactionCollaborator@29553e32
      sessionActivationListeners = class java.util.ArrayList@78ba275f
      sessionBindingListeners = class java.util.ArrayList@4a126da0
      scratchdir = null
      jspClassLoaderLimit = 0
      jspClassLoaderExclusionList = null
      jspClassLoadersMap = null
      jspClassLoaderLimitTrackIF = false
      defaultExtProc = null
      directoryBrowsingServlet = null
      cdiContexts = class java.util.concurrent.ConcurrentHashMap@77ce1f8e
      moduleConfig = class com.ibm.ws.webcontainer.osgi.container.DeployedModule@5886b726
      extensionFactories = class java.util.ArrayList@712ff3b6
      initialized = false
      lock = class com.ibm.ws.webcontainer.webapp.WebApp$1@2889ff5e
      afterServletContextCreated = false
      redirectContextRoot = false
      errorExceptionTypeFirst = false
      initFilterBeforeServletInit = false
      sortedServletConfigs = class java.util.ArrayList@2fbca7ae
      effectiveMajorVersion = 3
      effectiveMinorVersion = 1
      canAddServletContextListener = true
      withinContextInitOfProgAddListener = false
      lastProgAddListenerInitialized = null
      webInfLibClassloader = null
      metaInfCache = class com.ibm.ws.webcontainer.webapp.WebApp$2@426e1af8
      useMetaInfCache = true
      SUN_CONFIGURE_LISTENER_CLASSNAME = "com.sun.faces.config.ConfigureListener"
      MYFACES_LIFECYCLE_LISTENER_CLASSNAME = "org.apache.myfaces.webapp.StartupServletContextListener"
      JSF_IMPL_ENABLED_PARAM = "com.ibm.ws.jsf.JSF_IMPL_ENABLED"
      JSF_IMPL_ENABLED_CUSTOM = "Custom"
      JSF_IMPL_ENABLED_NONE = "None"
      staticDocRoot = class com.ibm.ws.webcontainer.util.DocumentRootUtils@4c52f340
      jspDocRoot = class com.ibm.ws.webcontainer.util.DocumentRootUtils@2b46869b
      container = class com.ibm.ws.adaptable.module.internal.AdaptableContainerImpl@65ee7ada
      metaInfResourceFinder = class com.ibm.ws.webcontainer.util.MetaInfResourceFinder@610dd58a
      postConstructMethods = class com.ibm.ws.webcontainer.webapp.WebApp$AnnotatedMethods@5306aa89
      preDestroyMethods = class com.ibm.ws.webcontainer.webapp.WebApp$AnnotatedMethods@8159b5a
      OBJ_EMPTY = class java.lang.Object[0]
      CLASS_EMPTY = class java.lang.Class[0]
      DEFAULT_JSP_EXTENSIONS = class java.util.ArrayList@1778a69d
      DEFER_SERVLET_REQUEST_LISTENER_DESTROY_ON_ERROR = false
      DO_ACCEPT_PARTIAL = true
      DO_NOT_ACCEPT_PARTIAL = false
      DO_ACCEPT_EXCLUDED = true
      DO_NOT_ACCEPT_EXCLUDED = false
      commands = class java.util.ArrayList@7e62231c
      requestMapper = class com.ibm.wsspi.webcontainer.util.URIMapper@5a89a8c1
      parent = class com.ibm.ws.webcontainer.osgi.webapp.WebGroup@897a143
      name = "NotificationClient"
      isAlive = true
      subElements = null
      attributes = class java.util.Collections$SynchronizedMap@4bfba016
      config = null
      serialVersionUID = -8271459000149267764
      $$$tc$$$ = class com.ibm.websphere.ras.TraceComponent@3acfac7b
    target = null
    cacheWrappers = null
    targetLoader = class com.ibm.ws.classloading.internal.ThreadContextClassLoader@6d52f7d3
    evtSource = class com.ibm.ws.webcontainer.webapp.WebAppEventSource@6b68b2ee
      _invocationListeners = class com.ibm.ws.webcontainer.util.EventListeners@3fe6f515
      _servletListeners = class com.ibm.ws.webcontainer.util.EventListeners@759f5e13
      _errorListeners = class com.ibm.ws.webcontainer.util.EventListeners@5f8a230a
      _applicationListeners = class com.ibm.ws.webcontainer.util.EventListeners@f5bffe4
      _filterInvocationListeners = class com.ibm.ws.webcontainer.util.EventListeners@71dfd47
      _filterListeners = class com.ibm.ws.webcontainer.util.EventListeners@87d4471
      _filterErrorListeners = class com.ibm.ws.webcontainer.util.EventListeners@6e1b407
    event = null
    unavailableMessage = null
    unavailableUntil = -1
    isSTM = false
    internalServlet = false
    webAppInvocationCollaborators = null
    platformHelper = class com.ibm.ws.webcontainer.PlatformHelper@59f91c69
    webAppNameSpaceCollab = class com.ibm.ws.webcontainer.osgi.collaborator.WebAppNameSpaceCollaboratorImpl@6f405a
      cmdai = class com.ibm.ws.threadContext.ComponentMetaDataAccessorImpl@690be976
    txCollab = class com.ibm.ws.webcontainer.collaborator.WebAppTransactionCollaborator@29553e32
      logger = class com.ibm.ws.logging.internal.WsLogger@3b87292c
      CLASS_NAME = "com.ibm.ws.webcontainer.collaborator.WebAppTransactionCollaborator"
    connCollab = class com.ibm.ws.webcontainer.collaborator.ConnectionCollaborator@7040634
    suppressServletExceptionLogging = false
    throwExceptionEnum = class java.util.RegularEnumSet@168f58e9
      serialVersionUID = 3411599620347842686
      elements = 256
      elementType = class java.lang.Class@31b6ad61
      universe = class com.ibm.wsspi.webcontainer.collaborator.CollaboratorInvocationEnum[9]
      ZERO_LENGTH_ENUM_ARRAY = class java.lang.Enum[0]
      MAX_ARRAY_SIZE = 2147483639
    discernUnavailableServlet = false
    reInitServletonInitUnavailableException = true
    destroyServletonServiceUnavailableException = false
    servlet23 = true
    PARAMS_HEAD_TRACE = class java.lang.Class[2]
      PARAMS_HEAD_TRACE[0] = class java.lang.Class@1c8ea179
      PARAMS_HEAD_TRACE[1] = class java.lang.Class@7ca5743a
    defaultHeadMethodInUse = false
    defaultTraceMethodInUse = false
    checkedForDefaultMethods = null
    defaultTraceRequestBehavior = false
    defaultHeadRequestBehavior = false
    useOriginalRequestState = false
    warningStatusSet = false
    LSTRING_FILE = "javax.servlet.LocalStrings"
    lStrings = class java.util.PropertyResourceBundle@6cbca0fd
      lookup = class java.util.HashMap@270a7f64
      INITIAL_CACHE_SIZE = 32
      NONEXISTENT_BUNDLE = class java.util.ResourceBundle$1@7b60935
      cacheList = class java.util.concurrent.ConcurrentHashMap@3dd5aed5
      referenceQueue = class java.lang.ref.ReferenceQueue@49501754
      parent = null
      locale = class java.util.Locale@60a7bbd5
      name = "javax.servlet.LocalStrings"
      expired = false
      cacheKey = class java.util.ResourceBundle$CacheKey@576fe955
      keySet = null
      providers = null
      $assertionsDisabled = true
    config = null

