------Start of DE processing------ = [12/6/15 15:33:40:511 IST]
Exception = java.sql.SQLNonTransientException
Source = com.ibm.ws.resource.internal.ResourceFactoryTrackerData$1
probeid = 109
Stack Dump = java.sql.SQLNonTransientException: DSRA4000E: A valid JDBC driver implementation class was not found for the jdbcDriver dataSource[jdbc/postgresql-cloud]/jdbcDriver[default-0] using the library postgresql-library. []
	at com.ibm.ws.jdbc.internal.JDBCDriverService.classNotFound(JDBCDriverService.java:196)
	at com.ibm.ws.jdbc.internal.JDBCDriverService.create(JDBCDriverService.java:292)
	at com.ibm.ws.jdbc.internal.JDBCDriverService.createAnyDataSource(JDBCDriverService.java:346)
	at com.ibm.ws.jdbc.DataSourceService.init(DataSourceService.java:452)
	at com.ibm.ws.jca.cm.AbstractConnectionFactoryService.createResource(AbstractConnectionFactoryService.java:136)
	at com.ibm.ws.resource.internal.ResourceFactoryTrackerData$1.getService(ResourceFactoryTrackerData.java:108)
	at org.eclipse.osgi.internal.serviceregistry.ServiceFactoryUse$1.run(ServiceFactoryUse.java:212)
	at java.security.AccessController.doPrivileged(Native Method)
	at org.eclipse.osgi.internal.serviceregistry.ServiceFactoryUse.factoryGetService(ServiceFactoryUse.java:210)
	at org.eclipse.osgi.internal.serviceregistry.ServiceFactoryUse.getService(ServiceFactoryUse.java:111)
	at org.eclipse.osgi.internal.serviceregistry.ServiceConsumer$2.getService(ServiceConsumer.java:45)
	at org.eclipse.osgi.internal.serviceregistry.ServiceRegistrationImpl.getService(ServiceRegistrationImpl.java:496)
	at org.eclipse.osgi.internal.serviceregistry.ServiceRegistry.getService(ServiceRegistry.java:461)
	at org.eclipse.osgi.internal.framework.BundleContextImpl.getService(BundleContextImpl.java:619)
	at com.ibm.ws.jndi.internal.WSContext.resolveObject(WSContext.java:128)
	at com.ibm.ws.jndi.internal.WSContext.lookup(WSContext.java:296)
	at com.ibm.ws.jndi.WSContextBase.lookup(WSContextBase.java:58)
	at org.apache.aries.jndi.DelegateContext.lookup(DelegateContext.java:161)
	at javax.naming.InitialContext.lookup(InitialContext.java:417)
	at com.ibm.ws.jpa.container.osgi.internal.OSGiJPAPUnitInfo.lookupDataSource(OSGiJPAPUnitInfo.java:318)
	at com.ibm.ws.jpa.management.JPAPUnitInfo.getJPADataSource(JPAPUnitInfo.java:442)
	at com.ibm.ws.jpa.management.JPAPUnitInfo.getJtaDataSource(JPAPUnitInfo.java:495)
	at com.ibm.ws.jpa.management.JPAPUnitInfo.initialize(JPAPUnitInfo.java:895)
	at com.ibm.ws.jpa.management.JPAPxmlInfo.extractPersistenceUnits(JPAPxmlInfo.java:234)
	at com.ibm.ws.jpa.management.JPAScopeInfo.processPersistenceUnit(JPAScopeInfo.java:109)
	at com.ibm.ws.jpa.management.JPAApplInfo.addPersistenceUnits(JPAApplInfo.java:139)
	at com.ibm.ws.jpa.container.osgi.internal.JPAComponentImpl.processLibraryJarPersistenceXml(JPAComponentImpl.java:363)
	at com.ibm.ws.jpa.container.osgi.internal.JPAComponentImpl.processWebModulePersistenceXml(JPAComponentImpl.java:421)
	at com.ibm.ws.jpa.container.osgi.internal.JPAComponentImpl.applicationStarting(JPAComponentImpl.java:249)
	at com.ibm.ws.container.service.state.internal.ApplicationStateManager.fireStarting(ApplicationStateManager.java:29)
	at com.ibm.ws.container.service.state.internal.StateChangeServiceImpl.fireApplicationStarting(StateChangeServiceImpl.java:51)
	at com.ibm.ws.app.manager.module.internal.DeployedAppInfoBase.preDeployApp(DeployedAppInfoBase.java:791)
	at com.ibm.ws.app.manager.module.internal.DeployedAppInfoBase.deployApp(DeployedAppInfoBase.java:818)
	at com.ibm.ws.app.manager.war.internal.WARApplicationHandlerImpl.install(WARApplicationHandlerImpl.java:80)
	at com.ibm.ws.app.manager.internal.statemachine.StartAction.execute(StartAction.java:139)
	at com.ibm.ws.app.manager.internal.statemachine.ApplicationStateMachineImpl.enterState(ApplicationStateMachineImpl.java:1168)
	at com.ibm.ws.app.manager.internal.statemachine.ApplicationStateMachineImpl.run(ApplicationStateMachineImpl.java:781)
	at java.util.concurrent.ThreadPoolExecutor.runWorker(ThreadPoolExecutor.java:1142)
	at java.util.concurrent.ThreadPoolExecutor$Worker.run(ThreadPoolExecutor.java:617)
	at java.lang.Thread.run(Thread.java:745)
Caused by: java.lang.ClassNotFoundException: org.postgresql.xa.PGXADataSource
	at com.ibm.ws.classloading.internal.AppClassLoader.findClassCommonLibraryClassLoaders(AppClassLoader.java:433)
	at com.ibm.ws.classloading.internal.AppClassLoader.findClass(AppClassLoader.java:267)
	at java.lang.ClassLoader.loadClass(ClassLoader.java:424)
	at com.ibm.ws.classloading.internal.AppClassLoader.findOrDelegateLoadClass(AppClassLoader.java:411)
	at com.ibm.ws.classloading.internal.AppClassLoader.loadClass(AppClassLoader.java:383)
	at java.lang.ClassLoader.loadClass(ClassLoader.java:357)
	at com.ibm.ws.jdbc.internal.JDBCDriverService$1.run(JDBCDriverService.java:231)
	at com.ibm.ws.jdbc.internal.JDBCDriverService$1.run(JDBCDriverService.java:224)
	at java.security.AccessController.doPrivileged(Native Method)
	at com.ibm.ws.jdbc.internal.JDBCDriverService.create(JDBCDriverService.java:223)
	... 38 more

Dump of callerThis
Object type = com.ibm.ws.resource.internal.ResourceFactoryTrackerData$1
  val$ref = class org.eclipse.osgi.internal.serviceregistry.ServiceReferenceImpl@72e2db03
    registration = class org.eclipse.osgi.internal.serviceregistry.ServiceRegistrationImpl@631272de
      registry = class org.eclipse.osgi.internal.serviceregistry.ServiceRegistry@4abc2f13
      context = class org.eclipse.osgi.internal.framework.BundleContextImpl@3def5f34
      bundle = class org.eclipse.osgi.internal.framework.EquinoxBundle@5df577c
      clazzes = class java.lang.String[4]
      service = class org.apache.felix.scr.impl.manager.SingleComponentManager@6cc3adef
      reference = class org.eclipse.osgi.internal.serviceregistry.ServiceReferenceImpl@72e2db03
      contextsUsing = class java.util.ArrayList@2e08ffbc
      properties = class org.eclipse.osgi.internal.serviceregistry.ServiceProperties@72974969
      serviceid = 390
      serviceranking = 0
      registrationLock = class java.lang.Object@40d1c26e
      state = 0
      REGISTERED = 0
      UNREGISTERING = 1
      UNREGISTERED = 2
      $assertionsDisabled = true
  this$0 = class com.ibm.ws.resource.internal.ResourceFactoryTrackerData@68ffffc9
    JNDI_SERVICENAME = "osgi.jndi.service.name"
    context = class org.eclipse.osgi.internal.framework.BundleContextImpl@3def5f34
      findHookName = "org.osgi.framework.hooks.bundle.FindHook"
      valid = true
      bundle = class org.eclipse.osgi.internal.framework.EquinoxBundle@5df577c
      container = class org.eclipse.osgi.internal.framework.EquinoxContainer@17acd0a2
      debug = class org.eclipse.osgi.internal.debug.Debug@53ab824b
      servicesInUse = class java.util.HashMap@5e5b02e8
      activator = null
      contextLock = class java.lang.Object@bf9fc02
    registration = class org.eclipse.osgi.internal.serviceregistry.ServiceRegistrationImpl@35b6b93d
      registry = class org.eclipse.osgi.internal.serviceregistry.ServiceRegistry@4abc2f13
      context = class org.eclipse.osgi.internal.framework.BundleContextImpl@3def5f34
      bundle = class org.eclipse.osgi.internal.framework.EquinoxBundle@5df577c
      clazzes = class java.lang.String[1]
      service = class com.ibm.ws.resource.internal.ResourceFactoryTrackerData$1@3b5640cd
      reference = class org.eclipse.osgi.internal.serviceregistry.ServiceReferenceImpl@18d73bf9
      contextsUsing = class java.util.ArrayList@1e9d3649
      properties = class org.eclipse.osgi.internal.serviceregistry.ServiceProperties@5ac0c074
      serviceid = 391
      serviceranking = 0
      registrationLock = class java.lang.Object@787941b4
      state = 0
      REGISTERED = 0
      UNREGISTERING = 1
      UNREGISTERED = 2
      $assertionsDisabled = true
    interfaces = class java.lang.String[1]
      interfaces[0] = "javax.sql.DataSource"
    serialVersionUID = 3255566074950677883
    $$$tc$$$ = class com.ibm.websphere.ras.TraceComponent@1c1d7cf5
      strings[0] = "TraceComponent[com.ibm.ws.resource.internal.ResourceFactoryTrackerData,class com.ibm.ws.resource.internal.ResourceFactoryTrackerData,[resource],com.ibm.ws.resource.internal.resources.Runtime,null]"
  serialVersionUID = -5395261454852493419
  $$$tc$$$ = class com.ibm.websphere.ras.TraceComponent@42bb8f4b
    strings[0] = "TraceComponent[com.ibm.ws.resource.internal.ResourceFactoryTrackerData$1,class com.ibm.ws.resource.internal.ResourceFactoryTrackerData$1,[resource],com.ibm.ws.resource.internal.resources.Runtime,null]"

Dump of objectArray[0]
Object type = org.eclipse.osgi.internal.framework.EquinoxBundle
  equinoxContainer = class org.eclipse.osgi.internal.framework.EquinoxContainer@17acd0a2
    NAME = "org.eclipse.osgi"
    CONFIG_FILE = "config.ini"
    secureAction = class org.eclipse.osgi.framework.util.SecureAction@424dfba1
      controlContext = class java.security.AccessControlContext@30df83a
      bootClassLoader = class org.eclipse.osgi.framework.util.SecureAction$1$1@6e57750c
    equinoxConfig = class org.eclipse.osgi.internal.framework.EquinoxConfiguration@47610a60
      INTERNAL_OS_SUNOS = "SunOS"
      INTERNAL_OS_LINUX = "Linux"
      INTERNAL_OS_MACOSX = "Mac OS"
      INTERNAL_OS_AIX = "AIX"
      INTERNAL_OS_HPUX = "HP-UX"
      INTERNAL_OS_QNX = "QNX"
      INTERNAL_OS_OS400 = "OS/400"
      INTERNAL_OS_OS390 = "OS/390"
      INTERNAL_OS_ZOS = "z/OS"
      INTERNAL_ARCH_I386 = "i386"
      INTERNAL_AMD64 = "amd64"
      VARIABLE_DELIM_STRING = "$"
      VARIABLE_DELIM_CHAR = $
      initialConfig = class java.util.HashMap@121685df
      configuration = class java.util.Properties@68e34090
      useSystemProperties = false
      debug = class org.eclipse.osgi.internal.debug.Debug@53ab824b
      debugOptions = class org.eclipse.osgi.internal.debug.FrameworkDebugOptions@7e8c4fe0
      hookRegistry = class org.eclipse.osgi.internal.hookregistry.HookRegistry@715efc11
      aliasMapper = class org.eclipse.osgi.internal.framework.AliasMapper@5740a798
      allArgs = null
      frameworkArgs = null
      appArgs = null
      inDevelopmentMode = false
      devLocation = null
      devMonitor = class java.lang.Object@25559a20
      devDefaultClasspath = null
      devProperties = null
      devLastModified = 0
      contextBootDelegation = false
      compatibilityBootDelegation = false
      LIB_EXTENSIONS = class java.util.Collections$UnmodifiableRandomAccessList@39ba2225
      ECLIPSE_LIB_VARIANTS = class java.util.Collections$UnmodifiableRandomAccessList@3f02ef77
      COPY_NATIVES = false
      ECLIPSE_NL_JAR_VARIANTS = class java.util.ArrayList@6dacf368
      DEFINE_PACKAGE_ATTRIBUTES = true
      BUNDLE_SET_TCCL = true
      BSN_VERSION = 3
      BSN_VERSION_SINGLE = 1
      BSN_VERSION_MULTIPLE = 2
      BSN_VERSION_MANAGED = 3
      throwErrorOnFailedStart = true
      CLASS_CERTIFICATE = true
      PARALLEL_CAPABLE = false
      PROP_JVM_OS_ARCH = "os.arch"
      PROP_JVM_OS_NAME = "os.name"
      PROP_JVM_OS_VERSION = "os.version"
      PROP_JVM_SPEC_VERSION = "java.specification.version"
      PROP_JVM_SPEC_NAME = "java.specification.name"
      PROP_J2ME_MICROEDITION_CONFIGURATION = "microedition.configuration"
      PROP_J2ME_MICROEDITION_PROFILES = "microedition.profiles"
      PROP_SETPERMS_CMD = "osgi.filepermissions.command"
      PROP_DEBUG = "osgi.debug"
      PROP_DEBUG_VERBOSE = "osgi.debug.verbose"
      PROP_DEV = "osgi.dev"
      PROP_CLEAN = "osgi.clean"
      PROP_USE_SYSTEM_PROPERTIES = "osgi.framework.useSystemProperties"
      PROP_FRAMEWORK = "osgi.framework"
      ECLIPSE_FRAMEWORK_VENDOR = "Eclipse"
      PROP_OSGI_JAVA_PROFILE = "osgi.java.profile"
      PROP_OSGI_JAVA_PROFILE_NAME = "osgi.java.profile.name"
      PROP_OSGI_JAVA_PROFILE_BOOTDELEGATION = "osgi.java.profile.bootdelegation"
      PROP_OSGI_BOOTDELEGATION_IGNORE = "ignore"
      PROP_OSGI_BOOTDELEGATION_OVERRIDE = "override"
      PROP_OSGI_BOOTDELEGATION_NONE = "none"
      PROP_CONTEXT_BOOTDELEGATION = "osgi.context.bootdelegation"
      PROP_COMPATIBILITY_BOOTDELEGATION = "osgi.compatibility.bootdelegation"
      PROP_COMPATIBILITY_ERROR_FAILED_START = "osgi.compatibility.errorOnFailedStart"
      PROP_COMPATIBILITY_START_LAZY = "osgi.compatibility.eagerStart.LazyActivation"
      PROP_OSGI_OS = "osgi.os"
      PROP_OSGI_WS = "osgi.ws"
      PROP_OSGI_ARCH = "osgi.arch"
      PROP_OSGI_NL = "osgi.nl"
      PROP_OSGI_NL_USER = "osgi.nl.user"
      PROP_ROOT_LOCALE = "equinox.root.locale"
      PROP_PARENT_CLASSLOADER = "osgi.parentClassloader"
      PARENT_CLASSLOADER_FWK = "fwk"
      PROP_CONTEXTCLASSLOADER_PARENT = "osgi.contextClassLoaderParent"
      CONTEXTCLASSLOADER_PARENT_APP = "app"
      CONTEXTCLASSLOADER_PARENT_EXT = "ext"
      CONTEXTCLASSLOADER_PARENT_BOOT = "boot"
      CONTEXTCLASSLOADER_PARENT_FWK = "fwk"
      PROP_FRAMEWORK_LIBRARY_EXTENSIONS = "osgi.framework.library.extensions"
      PROP_COPY_NATIVES = "osgi.classloader.copy.natives"
      PROP_DEFINE_PACKAGES = "osgi.classloader.define.packages"
      PROP_BUNDLE_SETTCCL = "eclipse.bundle.setTCCL"
      PROP_EQUINOX_SECURITY = "eclipse.security"
      PROP_FILE_LIMIT = "osgi.bundlefile.limit"
      PROP_CLASS_CERTIFICATE_SUPPORT = "osgi.support.class.certificate"
      PROP_CLASS_LOADER_TYPE = "osgi.classloader.type"
      CLASS_LOADER_TYPE_PARALLEL = "parallel"
      PROP_FORCED_RESTART = "osgi.forcedRestart"
      PROP_IGNORE_USER_CONFIGURATION = "eclipse.ignoreUserConfiguration"
      PROPERTY_STRICT_BUNDLE_ENTRY_PATH = "osgi.strictBundleEntryPath"
      PROP_CHECK_CONFIGURATION = "osgi.checkConfiguration"
      inCheckConfigurationMode = true
      DEFAULT_STATE_SAVE_DELAY_INTERVAL = "30000"
      PROP_STATE_SAVE_DELAY_INTERVAL = "eclipse.stateSaveDelayInterval"
      PROP_MODULE_LOCK_TIMEOUT = "osgi.module.lock.timeout"
      PROP_ALLOW_RESTRICTED_PROVIDES = "osgi.equinox.allow.restricted.provides"
      PROP_LOG_HISTORY_MAX = "equinox.log.history.max"
      PROP_RESOLVER_REVISION_BATCH_SIZE = "equinox.resolver.revision.batch.size"
      populateInitConfig = class java.util.Arrays$ArrayList@64a1f067
      NULL_CONFIG = "org.eclipse.equinox.configuration.null.value"
    equinoxLocations = class org.eclipse.osgi.internal.location.EquinoxLocations@1c2b3c7e
      READ_ONLY_AREA_SUFFIX = ".readOnly"
      PROP_INSTALL_AREA = "osgi.install.area"
      PROP_CONFIG_AREA = "osgi.configuration.area"
      PROP_CONFIG_AREA_DEFAULT = "osgi.configuration.area.default"
      PROP_SHARED_CONFIG_AREA = "osgi.sharedConfiguration.area"
      PROP_INSTANCE_AREA = "osgi.instance.area"
      PROP_INSTANCE_AREA_DEFAULT = "osgi.instance.area.default"
      PROP_USER_AREA = "osgi.user.area"
      PROP_USER_AREA_DEFAULT = "osgi.user.area.default"
      PROP_USER_HOME = "user.home"
      PROP_USER_DIR = "user.dir"
      PROP_HOME_LOCATION_AREA = "eclipse.home.location"
      PROP_LAUNCHER = "eclipse.launcher"
      ECLIPSE = "eclipse"
      PRODUCT_SITE_MARKER = ".eclipseproduct"
      PRODUCT_SITE_ID = "id"
      PRODUCT_SITE_VERSION = "version"
      CONFIG_DIR = "configuration"
      NONE = "@none"
      NO_DEFAULT = "@noDefault"
      USER_HOME = "@user.home"
      USER_DIR = "@user.dir"
      INSTALL_HASH_PLACEHOLDER = "@install.hash"
      INSTANCE_DATA_AREA_PREFIX = ".metadata/.plugins/"
      equinoxConfig = class org.eclipse.osgi.internal.framework.EquinoxConfiguration@47610a60
      installLocation = class org.eclipse.osgi.internal.location.BasicLocation@6b4b813a
      configurationLocation = class org.eclipse.osgi.internal.location.BasicLocation@268054c4
      userLocation = class org.eclipse.osgi.internal.location.BasicLocation@46b7335c
      instanceLocation = class org.eclipse.osgi.internal.location.BasicLocation@7844e4c5
      eclipseHomeLocation = class org.eclipse.osgi.internal.location.BasicLocation@4f31e8a6
    logServices = class org.eclipse.osgi.internal.log.EquinoxLogServices@665a4358
      EQUINOX_LOGGER_NAME = "org.eclipse.equinox.logger"
      PERF_LOGGER_NAME = "org.eclipse.performance.logger"
      PROP_LOG_ENABLED = "eclipse.log.enabled"
      LOG_EXT = ".log"
      logServiceManager = class org.eclipse.osgi.internal.log.LogServiceManager@24b36260
      eclipseLogFactory = class org.eclipse.osgi.internal.log.EquinoxLogFactory@2e0ef22d
      logWriter = class org.eclipse.osgi.internal.log.EquinoxLogWriter@45471d43
      perfWriter = class org.eclipse.osgi.internal.log.EquinoxLogWriter@5bd5a48a
      rootFrameworkLog = class org.eclipse.osgi.internal.log.EquinoxLogFactory$1@644a7df2
      frameworkLogReg = class org.eclipse.osgi.internal.serviceregistry.ServiceRegistrationImpl@3d8c64cc
      perfLogReg = class org.eclipse.osgi.internal.serviceregistry.ServiceRegistrationImpl@405cdb3b
    storage = class org.eclipse.osgi.storage.Storage@4b673cc1
      VERSION = 3
      BUNDLE_DATA_DIR = "data"
      BUNDLE_FILE_NAME = "bundleFile"
      FRAMEWORK_INFO = "framework.info"
      ECLIPSE_SYSTEMBUNDLE = "Eclipse-SystemBundle"
      DELETE_FLAG = ".delete"
      LIB_TEMP = "libtemp"
      J2SE = "J2SE"
      JAVASE = "JavaSE"
      PROFILE_EXT = ".profile"
      NUL = " "
      secureAction = class org.eclipse.osgi.framework.util.SecureAction@43b586ba
      equinoxContainer = class org.eclipse.osgi.internal.framework.EquinoxContainer@17acd0a2
      installPath = "/home/eyal/Programs/wlp/lib/"
      osgiLocation = class org.eclipse.osgi.internal.location.BasicLocation@2c02a739
      childRoot = class java.io.File@126739f6
      parentRoot = null
      permissionData = class org.eclipse.osgi.storage.PermissionData@1e07cad
      securityAdmin = class org.eclipse.osgi.internal.permadmin.SecurityAdmin@6e8faa7d
      adaptor = class org.eclipse.osgi.internal.framework.EquinoxContainerAdaptor@578de3fa
      moduleDatabase = class org.eclipse.osgi.container.ModuleDatabase@7c8ed874
      moduleContainer = class org.eclipse.osgi.container.ModuleContainer@5d534f5d
      saveMonitor = class java.lang.Object@7e89c65c
      lastSavedTimestamp = 1449408475229
      idLocks = class org.eclipse.osgi.internal.container.LockSet@6dc657b2
      mruList = class org.eclipse.osgi.storage.bundlefile.MRUBundleFileList@55ecebc3
      extensionInstaller = class org.eclipse.osgi.storage.FrameworkExtensionInstaller@5fabd472
      cachedHeaderKeys = class java.util.Arrays$ArrayList@6f2042fd
      allowRestrictedProvides = true
    packageAdmin = class org.eclipse.osgi.internal.framework.legacy.PackageAdminImpl@41a0dc7
      container = class org.eclipse.osgi.container.ModuleContainer@5d534f5d
    startLevel = class org.eclipse.osgi.internal.framework.legacy.StartLevelImpl@411709f6
      container = class org.eclipse.osgi.container.ModuleContainer@5d534f5d
    bootDelegation = class java.util.HashSet@7563d20f
      serialVersionUID = -5024744406713321676
      map = class java.util.HashMap@79dfe439
      PRESENT = class java.lang.Object@3ba4904a
      MAX_ARRAY_SIZE = 2147483639
    bootDelegationStems = class java.lang.String[11]
      bootDelegationStems[0] = "sun."
      bootDelegationStems[1] = "com.sun."
      bootDelegationStems[2] = "com.ibm.ws.boot.delegated."
      bootDelegationStems[3] = "org.apache.xml."
      bootDelegationStems[4] = "org.apache.xerces."
      bootDelegationStems[5] = "com.ibm.xylem."
      bootDelegationStems[6] = "com.ibm.xml."
      bootDelegationStems[7] = "com.ibm.xtq."
      bootDelegationStems[8] = "com.ibm.net.ssl."
      bootDelegationStems[9] = "com.ibm.crypto."
      bootDelegationStems[10] = "com.ibm.security."
    bootDelegateAll = false
    monitor = class java.lang.Object@53302856
    eventManager = class org.eclipse.osgi.framework.eventmgr.EventManager@2a11c37f
      DEBUG = false
      thread = class org.eclipse.osgi.framework.eventmgr.EventManager$EventThread@327ef653
      closed = false
      threadName = "Framework Event Dispatcher: Equinox Container: 604cb9f3-1d9c-0015-169e-8f4d9667d370"
      threadGroup = null
    eventPublisher = class org.eclipse.osgi.internal.framework.EquinoxEventPublisher@41099f98
      eventHookName = "org.osgi.framework.hooks.bundle.EventHook"
      collisionHookName = "org.osgi.framework.hooks.bundle.CollisionHook"
      BUNDLEEVENT = 1
      BUNDLEEVENTSYNC = 2
      FRAMEWORKEVENT = 4
      container = class org.eclipse.osgi.internal.framework.EquinoxContainer@17acd0a2
      allBundleListeners = class java.util.HashMap@45dc5285
      allSyncBundleListeners = class java.util.HashMap@2970e14d
      allFrameworkListeners = class java.util.HashMap@4d3016c9
    serviceRegistry = class org.eclipse.osgi.internal.serviceregistry.ServiceRegistry@4abc2f13
      SERVICEEVENT = 3
      findHookName = "org.osgi.framework.hooks.service.FindHook"
      eventHookName = "org.osgi.framework.hooks.service.EventHook"
      eventListenerHookName = "org.osgi.framework.hooks.service.EventListenerHook"
      listenerHookName = "org.osgi.framework.hooks.service.ListenerHook"
      publishedServicesByClass = class java.util.HashMap@43aabc92
      allPublishedServices = class java.util.ArrayList@6bc78753
      publishedServicesByContext = class java.util.HashMap@164c79c6
      serviceid = 497
      serviceEventListeners = class java.util.HashMap@2312c992
      initialCapacity = 50
      initialSubCapacity = 10
      container = class org.eclipse.osgi.internal.framework.EquinoxContainer@17acd0a2
      systemBundleContext = class org.eclipse.osgi.internal.framework.BundleContextImpl@4310d43
      debug = class org.eclipse.osgi.internal.debug.Debug@53ab824b
      $assertionsDisabled = true
    contextFinder = class org.eclipse.osgi.internal.framework.ContextFinder@7049fb43
      cycleDetector = class java.lang.ThreadLocal@791eabb4
      finderClassLoader = class com.ibm.ws.kernel.internal.classloader.BootstrapChildFirstJarClassloader@1b2c6ec2
      contextFinder = class org.eclipse.osgi.internal.framework.ContextFinder$Finder@119feb6f
      THIS = class java.lang.Class@209da20d
      parentContextClassLoader = class sun.misc.Launcher$AppClassLoader@14dad5dc
      parent = class sun.misc.Launcher$AppClassLoader@14dad5dc
      parallelLockMap = null
      package2certs = class java.util.Hashtable@5cdf3c1e
      nocerts = class java.security.cert.Certificate[0]
      classes = class java.util.Vector@6ae7c710
      defaultDomain = class java.security.ProtectionDomain@66a892f3
      domains = class java.util.HashSet@802d9da
      packages = class java.util.HashMap@2d183b08
      scl = class sun.misc.Launcher$AppClassLoader@14dad5dc
      sclSet = true
      loadedLibraryNames = class java.util.Vector@65fecbd4
      systemNativeLibraries = class java.util.Vector@162352ed
      nativeLibraries = class java.util.Vector@7913b6fc
      nativeLibraryContext = class java.util.Stack@5e41b748
      usr_paths = class java.lang.String[5]
      sys_paths = class java.lang.String[1]
      assertionLock = class org.eclipse.osgi.internal.framework.ContextFinder@7049fb43
      defaultAssertionStatus = false
      packageAssertionStatus = null
      classAssertionStatus = null
    signedContentFactory = class org.osgi.util.tracker.ServiceTracker@45571426
      DEBUG = false
      context = class org.eclipse.osgi.internal.framework.BundleContextImpl@4310d43
      filter = class org.eclipse.osgi.internal.framework.FilterImpl@67d41a05
      customizer = class org.osgi.util.tracker.ServiceTracker@45571426
      listenerFilter = "(objectClass=org.eclipse.osgi.signedcontent.SignedContentFactory)"
      trackClass = "org.eclipse.osgi.signedcontent.SignedContentFactory"
      trackReference = null
      tracked = class org.osgi.util.tracker.ServiceTracker$Tracked@61acc4ea
      cachedReference = null
      cachedService = null
    executor = class java.util.concurrent.ScheduledThreadPoolExecutor@17f7e642
      continueExistingPeriodicTasksAfterShutdown = false
      executeExistingDelayedTasksAfterShutdown = true
      removeOnCancel = false
      sequencer = class java.util.concurrent.atomic.AtomicLong@4a561972
      ctl = class java.util.concurrent.atomic.AtomicInteger@115ebc7
      COUNT_BITS = 29
      CAPACITY = 536870911
      RUNNING = -536870912
      SHUTDOWN = 0
      STOP = 536870912
      TIDYING = 1073741824
      TERMINATED = 1610612736
      workQueue = class java.util.concurrent.ScheduledThreadPoolExecutor$DelayedWorkQueue@42090416
      mainLock = class java.util.concurrent.locks.ReentrantLock@5fb39cd7
      workers = class java.util.HashSet@25d493da
      termination = class java.util.concurrent.locks.AbstractQueuedSynchronizer$ConditionObject@b310f74
      largestPoolSize = 1
      completedTaskCount = 0
      threadFactory = class org.eclipse.osgi.internal.framework.EquinoxContainer@17acd0a2
      handler = class java.util.concurrent.ThreadPoolExecutor$AbortPolicy@19283b0
      keepAliveTime = 0
      allowCoreThreadTimeOut = false
      corePoolSize = 1
      maximumPoolSize = 2147483647
      defaultHandler = class java.util.concurrent.ThreadPoolExecutor$AbortPolicy@19283b0
      shutdownPerm = class java.lang.RuntimePermission@4284f271
      ONLY_ONE = true
      $assertionsDisabled = true
    storageSaver = class org.eclipse.osgi.internal.framework.StorageSaver@3359d5f8
      container = class org.eclipse.osgi.internal.framework.EquinoxContainer@17acd0a2
      delay = 30000
      future = class java.util.concurrent.ScheduledThreadPoolExecutor$ScheduledFutureTask@6950d104
      hook = class java.lang.Thread@342c38f8
      task = class org.eclipse.osgi.internal.framework.StorageSaver$StorageSaverTask@671b380f
  module = class org.eclipse.osgi.internal.framework.EquinoxBundle$EquinoxModule@463deeed
    this$0 = class org.eclipse.osgi.internal.framework.EquinoxBundle@74d2f4d4
    ACTIVE_SET = class java.util.RegularEnumSet@59c068f2
      serialVersionUID = 3411599620347842686
      elements = 60
      elementType = class java.lang.Class@b065c63
      universe = class org.eclipse.osgi.container.Module$State[7]
      ZERO_LENGTH_ENUM_ARRAY = class java.lang.Enum[0]
      MAX_ARRAY_SIZE = 2147483639
    RESOLVED_SET = class java.util.RegularEnumSet@c980a34
      serialVersionUID = 3411599620347842686
      elements = 62
      elementType = class java.lang.Class@b065c63
      universe = class org.eclipse.osgi.container.Module$State[7]
      ZERO_LENGTH_ENUM_ARRAY = class java.lang.Enum[0]
      MAX_ARRAY_SIZE = 2147483639
    id = 135
    location = "feature@reference:file:/home/eyal/Programs/wlp/lib/com.ibm.ws.jpa.container_1.0.10.jar"
    revisions = class org.eclipse.osgi.container.ModuleRevisions@600f687b
      monitor = class java.lang.Object@a9928c3
      module = class org.eclipse.osgi.internal.framework.EquinoxBundle$EquinoxModule@463deeed
      container = class org.eclipse.osgi.container.ModuleContainer@5d534f5d
      revisions = class java.util.ArrayList@4d5a1fa7
      uninstalled = false
      uninstalledCurrent = null
    stateChangeLock = class org.eclipse.osgi.internal.container.EquinoxReentrantLock@d955135
      serialVersionUID = 1
      serialVersionUID = 7373984872572414699
      sync = class java.util.concurrent.locks.ReentrantLock$NonfairSync@634db110
    stateTransitionEvents = class java.util.RegularEnumSet@57482f8d
      serialVersionUID = 3411599620347842686
      elements = 0
      elementType = class java.lang.Class@59f99ea
      universe = class org.eclipse.osgi.container.ModuleContainerAdaptor$ModuleEvent[10]
      ZERO_LENGTH_ENUM_ARRAY = class java.lang.Enum[0]
      MAX_ARRAY_SIZE = 2147483639
    settings = class java.util.RegularEnumSet@1bcd46fa
      serialVersionUID = 3411599620347842686
      elements = 3
      elementType = class java.lang.Class@27efef64
      universe = class org.eclipse.osgi.container.Module$Settings[2]
      ZERO_LENGTH_ENUM_ARRAY = class java.lang.Enum[0]
      MAX_ARRAY_SIZE = 2147483639
    inStartResolve = class org.eclipse.osgi.container.Module$1@9ab948
      this$0 = class org.eclipse.osgi.internal.framework.EquinoxBundle$EquinoxModule@463deeed
      threadLocalHashCode = -1387842591
      nextHashCode = class java.util.concurrent.atomic.AtomicInteger@8774a9b
      HASH_INCREMENT = 1640531527
    state = class org.eclipse.osgi.container.Module$State@27215c97
      INSTALLED = class org.eclipse.osgi.container.Module$State@434ff3b8
      RESOLVED = class org.eclipse.osgi.container.Module$State@40060e0a
      LAZY_STARTING = class org.eclipse.osgi.container.Module$State@551c9ab9
      STARTING = class org.eclipse.osgi.container.Module$State@306efd11
      ACTIVE = class org.eclipse.osgi.container.Module$State@27215c97
      STOPPING = class org.eclipse.osgi.container.Module$State@c001a97
      UNINSTALLED = class org.eclipse.osgi.container.Module$State@7c862343
      ENUM$VALUES = class org.eclipse.osgi.container.Module$State[7]
      name = "ACTIVE"
      ordinal = 4
    startlevel = 12
    lastModified = 1449408477289
    VALID_RESOLVED_TRANSITION = class java.util.RegularEnumSet@31033bb9
      serialVersionUID = 3411599620347842686
      elements = 8
      elementType = class java.lang.Class@59f99ea
      universe = class org.eclipse.osgi.container.ModuleContainerAdaptor$ModuleEvent[10]
      ZERO_LENGTH_ENUM_ARRAY = class java.lang.Enum[0]
      MAX_ARRAY_SIZE = 2147483639
    VALID_STOPPED_TRANSITION = class java.util.RegularEnumSet@408841f5
      serialVersionUID = 3411599620347842686
      elements = 896
      elementType = class java.lang.Class@59f99ea
      universe = class org.eclipse.osgi.container.ModuleContainerAdaptor$ModuleEvent[10]
      ZERO_LENGTH_ENUM_ARRAY = class java.lang.Enum[0]
      MAX_ARRAY_SIZE = 2147483639
    $SWITCH_TABLE$org$eclipse$osgi$container$ModuleContainerAdaptor$ModuleEvent = {1,2,3,4,5,6,7,8,9,10} /* array length = 10*/
  monitor = class java.lang.Object@3c2d341a
  context = class org.eclipse.osgi.internal.framework.BundleContextImpl@3731a879
    findHookName = "org.osgi.framework.hooks.bundle.FindHook"
    valid = true
    bundle = class org.eclipse.osgi.internal.framework.EquinoxBundle@74d2f4d4
    container = class org.eclipse.osgi.internal.framework.EquinoxContainer@17acd0a2
    debug = class org.eclipse.osgi.internal.debug.Debug@53ab824b
      ECLIPSE_OSGI = "org.eclipse.osgi"
      OPTION_DEBUG_GENERAL = "org.eclipse.osgi/debug"
      OPTION_DEBUG_BUNDLE_TIME = "org.eclipse.osgi/debug/bundleTime"
      OPTION_DEBUG_LOADER = "org.eclipse.osgi/debug/loader"
      OPTION_DEBUG_EVENTS = "org.eclipse.osgi/debug/events"
      OPTION_DEBUG_SERVICES = "org.eclipse.osgi/debug/services"
      OPTION_DEBUG_HOOKS = "org.eclipse.osgi/debug/hooks"
      OPTION_DEBUG_MANIFEST = "org.eclipse.osgi/debug/manifest"
      OPTION_DEBUG_FILTER = "org.eclipse.osgi/debug/filter"
      OPTION_DEBUG_SECURITY = "org.eclipse.osgi/debug/security"
      OPTION_DEBUG_STARTLEVEL = "org.eclipse.osgi/debug/startlevel"
      OPTION_DEBUG_PACKAGEADMIN = "org.eclipse.osgi/debug/packageadmin"
      OPTION_DEBUG_PACKAGEADMIN_TIMING = "org.eclipse.osgi/debug/packageadmin/timing"
      OPTION_MONITOR_ACTIVATION = "org.eclipse.osgi/monitor/activation"
      OPTION_MONITOR_LAZY = "org.eclipse.osgi/monitor/lazy"
      OPTION_DEBUG_MESSAGE_BUNDLES = "org.eclipse.osgi/debug/messageBundles"
      OPTION_DEBUG_LOCATION = "org.eclipse.osgi/debug/location"
      OPTION_CACHED_MANIFEST = "org.eclipse.osgi/debug/cachedmanifest"
      DEBUG_GENERAL = false
      DEBUG_BUNDLE_TIME = false
      DEBUG_LOADER = false
      DEBUG_EVENTS = false
      DEBUG_SERVICES = false
      DEBUG_HOOKS = false
      DEBUG_MANIFEST = false
      DEBUG_FILTER = false
      DEBUG_SECURITY = false
      DEBUG_STARTLEVEL = false
      DEBUG_PACKAGEADMIN = false
      DEBUG_PACKAGEADMIN_TIMING = false
      DEBUG_MESSAGE_BUNDLES = false
      MONITOR_ACTIVATION = false
      DEBUG_LOCATION = false
      DEBUG_CACHED_MANIFEST = false
      out = class com.ibm.ws.logging.internal.impl.BaseTraceService$TeePrintStream@75ece3d5
    servicesInUse = class java.util.HashMap@150df055
      serialVersionUID = 362498820763181265
      DEFAULT_INITIAL_CAPACITY = 16
      MAXIMUM_CAPACITY = 1073741824
      DEFAULT_LOAD_FACTOR = 0.75
      TREEIFY_THRESHOLD = 8
      UNTREEIFY_THRESHOLD = 6
      MIN_TREEIFY_CAPACITY = 64
      table = class java.util.HashMap$Node[16]
      entrySet = null
      size = 7
      modCount = 29
      threshold = 12
      loadFactor = 0.75
      keySet = null
      values = null
    activator = null
    contextLock = class java.lang.Object@3865d387
  signerInfos = null
  $SWITCH_TABLE$org$eclipse$osgi$container$Module$State = {1,2,3,4,5,6,7} /* array length = 7*/

Dump of objectArray[1]
Object type = org.eclipse.osgi.internal.serviceregistry.ServiceRegistrationImpl
  registry = class org.eclipse.osgi.internal.serviceregistry.ServiceRegistry@4abc2f13
    SERVICEEVENT = 3
    findHookName = "org.osgi.framework.hooks.service.FindHook"
    eventHookName = "org.osgi.framework.hooks.service.EventHook"
    eventListenerHookName = "org.osgi.framework.hooks.service.EventListenerHook"
    listenerHookName = "org.osgi.framework.hooks.service.ListenerHook"
    publishedServicesByClass = class java.util.HashMap@43aabc92
      serialVersionUID = 362498820763181265
      DEFAULT_INITIAL_CAPACITY = 16
      MAXIMUM_CAPACITY = 1073741824
      DEFAULT_LOAD_FACTOR = 0.75
      TREEIFY_THRESHOLD = 8
      UNTREEIFY_THRESHOLD = 6
      MIN_TREEIFY_CAPACITY = 64
      table = class java.util.HashMap$Node[512]
      entrySet = null
      size = 311
      modCount = 311
      threshold = 384
      loadFactor = 0.75
      keySet = null
      values = null
    allPublishedServices = class java.util.ArrayList@6bc78753
      serialVersionUID = 8683452581122892189
      DEFAULT_CAPACITY = 10
      EMPTY_ELEMENTDATA = class java.lang.Object[0]
      DEFAULTCAPACITY_EMPTY_ELEMENTDATA = class java.lang.Object[0]
      elementData = class java.lang.Object[567]
      size = 476
      MAX_ARRAY_SIZE = 2147483639
      modCount = 672
      MAX_ARRAY_SIZE = 2147483639
    publishedServicesByContext = class java.util.HashMap@164c79c6
      serialVersionUID = 362498820763181265
      DEFAULT_INITIAL_CAPACITY = 16
      MAXIMUM_CAPACITY = 1073741824
      DEFAULT_LOAD_FACTOR = 0.75
      TREEIFY_THRESHOLD = 8
      UNTREEIFY_THRESHOLD = 6
      MIN_TREEIFY_CAPACITY = 64
      table = class java.util.HashMap$Node[256]
      entrySet = null
      size = 110
      modCount = 110
      threshold = 192
      loadFactor = 0.75
      keySet = null
      values = null
    serviceid = 497
    serviceEventListeners = class java.util.HashMap@2312c992
      serialVersionUID = 362498820763181265
      DEFAULT_INITIAL_CAPACITY = 16
      MAXIMUM_CAPACITY = 1073741824
      DEFAULT_LOAD_FACTOR = 0.75
      TREEIFY_THRESHOLD = 8
      UNTREEIFY_THRESHOLD = 6
      MIN_TREEIFY_CAPACITY = 64
      table = class java.util.HashMap$Node[256]
      entrySet = class java.util.HashMap$EntrySet@50603740
      size = 112
      modCount = 112
      threshold = 192
      loadFactor = 0.75
      keySet = null
      values = null
    initialCapacity = 50
    initialSubCapacity = 10
    container = class org.eclipse.osgi.internal.framework.EquinoxContainer@17acd0a2
    systemBundleContext = class org.eclipse.osgi.internal.framework.BundleContextImpl@4310d43
      findHookName = "org.osgi.framework.hooks.bundle.FindHook"
      valid = true
      bundle = class org.eclipse.osgi.internal.framework.EquinoxBundle$SystemBundle@2bdcc985
      container = class org.eclipse.osgi.internal.framework.EquinoxContainer@17acd0a2
      debug = class org.eclipse.osgi.internal.debug.Debug@53ab824b
      servicesInUse = class java.util.HashMap@3bd5490e
      activator = class org.eclipse.osgi.internal.framework.SystemBundleActivator@40dc118
      contextLock = class java.lang.Object@66fa7454
    debug = class org.eclipse.osgi.internal.debug.Debug@53ab824b
    $assertionsDisabled = true
  context = class org.eclipse.osgi.internal.framework.BundleContextImpl@3def5f34
    findHookName = "org.osgi.framework.hooks.bundle.FindHook"
    valid = true
    bundle = class org.eclipse.osgi.internal.framework.EquinoxBundle@5df577c
    container = class org.eclipse.osgi.internal.framework.EquinoxContainer@17acd0a2
    debug = class org.eclipse.osgi.internal.debug.Debug@53ab824b
      ECLIPSE_OSGI = "org.eclipse.osgi"
      OPTION_DEBUG_GENERAL = "org.eclipse.osgi/debug"
      OPTION_DEBUG_BUNDLE_TIME = "org.eclipse.osgi/debug/bundleTime"
      OPTION_DEBUG_LOADER = "org.eclipse.osgi/debug/loader"
      OPTION_DEBUG_EVENTS = "org.eclipse.osgi/debug/events"
      OPTION_DEBUG_SERVICES = "org.eclipse.osgi/debug/services"
      OPTION_DEBUG_HOOKS = "org.eclipse.osgi/debug/hooks"
      OPTION_DEBUG_MANIFEST = "org.eclipse.osgi/debug/manifest"
      OPTION_DEBUG_FILTER = "org.eclipse.osgi/debug/filter"
      OPTION_DEBUG_SECURITY = "org.eclipse.osgi/debug/security"
      OPTION_DEBUG_STARTLEVEL = "org.eclipse.osgi/debug/startlevel"
      OPTION_DEBUG_PACKAGEADMIN = "org.eclipse.osgi/debug/packageadmin"
      OPTION_DEBUG_PACKAGEADMIN_TIMING = "org.eclipse.osgi/debug/packageadmin/timing"
      OPTION_MONITOR_ACTIVATION = "org.eclipse.osgi/monitor/activation"
      OPTION_MONITOR_LAZY = "org.eclipse.osgi/monitor/lazy"
      OPTION_DEBUG_MESSAGE_BUNDLES = "org.eclipse.osgi/debug/messageBundles"
      OPTION_DEBUG_LOCATION = "org.eclipse.osgi/debug/location"
      OPTION_CACHED_MANIFEST = "org.eclipse.osgi/debug/cachedmanifest"
      DEBUG_GENERAL = false
      DEBUG_BUNDLE_TIME = false
      DEBUG_LOADER = false
      DEBUG_EVENTS = false
      DEBUG_SERVICES = false
      DEBUG_HOOKS = false
      DEBUG_MANIFEST = false
      DEBUG_FILTER = false
      DEBUG_SECURITY = false
      DEBUG_STARTLEVEL = false
      DEBUG_PACKAGEADMIN = false
      DEBUG_PACKAGEADMIN_TIMING = false
      DEBUG_MESSAGE_BUNDLES = false
      MONITOR_ACTIVATION = false
      DEBUG_LOCATION = false
      DEBUG_CACHED_MANIFEST = false
      out = class com.ibm.ws.logging.internal.impl.BaseTraceService$TeePrintStream@75ece3d5
    servicesInUse = class java.util.HashMap@5e5b02e8
      serialVersionUID = 362498820763181265
      DEFAULT_INITIAL_CAPACITY = 16
      MAXIMUM_CAPACITY = 1073741824
      DEFAULT_LOAD_FACTOR = 0.75
      TREEIFY_THRESHOLD = 8
      UNTREEIFY_THRESHOLD = 6
      MIN_TREEIFY_CAPACITY = 64
      table = class java.util.HashMap$Node[16]
      entrySet = null
      size = 8
      modCount = 18
      threshold = 12
      loadFactor = 0.75
      keySet = null
      values = null
    activator = null
    contextLock = class java.lang.Object@bf9fc02
  bundle = class org.eclipse.osgi.internal.framework.EquinoxBundle@5df577c
    equinoxContainer = class org.eclipse.osgi.internal.framework.EquinoxContainer@17acd0a2
      NAME = "org.eclipse.osgi"
      CONFIG_FILE = "config.ini"
      secureAction = class org.eclipse.osgi.framework.util.SecureAction@424dfba1
      equinoxConfig = class org.eclipse.osgi.internal.framework.EquinoxConfiguration@47610a60
      equinoxLocations = class org.eclipse.osgi.internal.location.EquinoxLocations@1c2b3c7e
      logServices = class org.eclipse.osgi.internal.log.EquinoxLogServices@665a4358
      storage = class org.eclipse.osgi.storage.Storage@4b673cc1
      packageAdmin = class org.eclipse.osgi.internal.framework.legacy.PackageAdminImpl@41a0dc7
      startLevel = class org.eclipse.osgi.internal.framework.legacy.StartLevelImpl@411709f6
      bootDelegation = class java.util.HashSet@7563d20f
      bootDelegationStems = class java.lang.String[11]
      bootDelegateAll = false
      monitor = class java.lang.Object@53302856
      eventManager = class org.eclipse.osgi.framework.eventmgr.EventManager@2a11c37f
      eventPublisher = class org.eclipse.osgi.internal.framework.EquinoxEventPublisher@41099f98
      serviceRegistry = class org.eclipse.osgi.internal.serviceregistry.ServiceRegistry@4abc2f13
      contextFinder = class org.eclipse.osgi.internal.framework.ContextFinder@7049fb43
      signedContentFactory = class org.osgi.util.tracker.ServiceTracker@45571426
      executor = class java.util.concurrent.ScheduledThreadPoolExecutor@17f7e642
      storageSaver = class org.eclipse.osgi.internal.framework.StorageSaver@3359d5f8
    module = class org.eclipse.osgi.internal.framework.EquinoxBundle$EquinoxModule@7daf00c8
      this$0 = class org.eclipse.osgi.internal.framework.EquinoxBundle@5df577c
      ACTIVE_SET = class java.util.RegularEnumSet@59c068f2
      RESOLVED_SET = class java.util.RegularEnumSet@c980a34
      id = 131
      location = "feature@reference:file:/home/eyal/Programs/wlp/lib/com.ibm.ws.jdbc_1.0.10.jar"
      revisions = class org.eclipse.osgi.container.ModuleRevisions@6e106699
      stateChangeLock = class org.eclipse.osgi.internal.container.EquinoxReentrantLock@c451b3
      stateTransitionEvents = class java.util.RegularEnumSet@7f7d96ef
      settings = class java.util.RegularEnumSet@70465e20
      inStartResolve = class org.eclipse.osgi.container.Module$1@1d8fca1f
      state = class org.eclipse.osgi.container.Module$State@27215c97
      startlevel = 12
      lastModified = 1449408477278
      VALID_RESOLVED_TRANSITION = class java.util.RegularEnumSet@31033bb9
      VALID_STOPPED_TRANSITION = class java.util.RegularEnumSet@408841f5
      $SWITCH_TABLE$org$eclipse$osgi$container$ModuleContainerAdaptor$ModuleEvent = {1,2,3,4,5,6,7,8,9,10} /* array length = 10*/
    monitor = class java.lang.Object@1ab475d
    context = class org.eclipse.osgi.internal.framework.BundleContextImpl@3def5f34
    signerInfos = null
    $SWITCH_TABLE$org$eclipse$osgi$container$Module$State = {1,2,3,4,5,6,7} /* array length = 7*/
  clazzes = class java.lang.String[1]
    clazzes[0] = "javax.sql.DataSource"
  service = class com.ibm.ws.resource.internal.ResourceFactoryTrackerData$1@3b5640cd
    val$ref = class org.eclipse.osgi.internal.serviceregistry.ServiceReferenceImpl@72e2db03
      registration = class org.eclipse.osgi.internal.serviceregistry.ServiceRegistrationImpl@631272de
    this$0 = class com.ibm.ws.resource.internal.ResourceFactoryTrackerData@68ffffc9
      JNDI_SERVICENAME = "osgi.jndi.service.name"
      context = class org.eclipse.osgi.internal.framework.BundleContextImpl@3def5f34
      registration = class org.eclipse.osgi.internal.serviceregistry.ServiceRegistrationImpl@35b6b93d
      interfaces = class java.lang.String[1]
      serialVersionUID = 3255566074950677883
      $$$tc$$$ = class com.ibm.websphere.ras.TraceComponent@1c1d7cf5
    serialVersionUID = -5395261454852493419
    $$$tc$$$ = class com.ibm.websphere.ras.TraceComponent@42bb8f4b
      strings[0] = "TraceComponent[com.ibm.ws.resource.internal.ResourceFactoryTrackerData$1,class com.ibm.ws.resource.internal.ResourceFactoryTrackerData$1,[resource],com.ibm.ws.resource.internal.resources.Runtime,null]"
  reference = class org.eclipse.osgi.internal.serviceregistry.ServiceReferenceImpl@18d73bf9
    registration = class org.eclipse.osgi.internal.serviceregistry.ServiceRegistrationImpl@35b6b93d
  contextsUsing = class java.util.ArrayList@1e9d3649
    serialVersionUID = 8683452581122892189
    DEFAULT_CAPACITY = 10
    EMPTY_ELEMENTDATA = class java.lang.Object[0]
    DEFAULTCAPACITY_EMPTY_ELEMENTDATA = class java.lang.Object[0]
    elementData = class java.lang.Object[10]
      elementData[0] = class org.eclipse.osgi.internal.framework.BundleContextImpl@3731a879
      elementData[1] = null
      elementData[2] = null
      elementData[3] = null
      elementData[4] = null
      elementData[5] = null
      elementData[6] = null
      elementData[7] = null
      elementData[8] = null
      elementData[9] = null
    size = 1
    MAX_ARRAY_SIZE = 2147483639
    modCount = 1
    MAX_ARRAY_SIZE = 2147483639
  properties = class org.eclipse.osgi.internal.serviceregistry.ServiceProperties@5ac0c074
    readOnly = true
    headers = class java.lang.Object[35]
      headers[0] = "objectClass"
      headers[1] = "config.id"
      headers[2] = "service.pid"
      headers[3] = "component.id"
      headers[4] = "propertiesRef.0.serverName"
      headers[5] = "connectionManager.target"
      headers[6] = "connectionSharing"
      headers[7] = "statementCacheSize"
      headers[8] = "component.name"
      headers[9] = "jdbcDriverRef"
      headers[10] = "config.displayId"
      headers[11] = "propertiesRef.0.databaseName"
      headers[12] = "containerAuthData.target"
      headers[13] = "syncQueryTimeoutWithTransactionTimeout"
      headers[14] = "beginTranForResultSetScrollingAPIs"
      headers[15] = "com.ibm.wsspi.resource.ResourceFactory"
      headers[16] = "service.scope"
      headers[17] = "recoveryAuthData.target"
      headers[18] = "service.bundleid"
      headers[19] = "beginTranForVendorAPIs"
      headers[20] = "propertiesRef.0.portNumber"
      headers[21] = "config.overrides"
      headers[22] = "service.ranking"
      headers[23] = "service.id"
      headers[24] = "transactional"
      headers[25] = "osgi.jndi.service.name"
      headers[26] = "service.factoryPid"
      headers[27] = "resultSetUnusableWhenNoMoreResults"
      headers[28] = "jndiName.unique"
      headers[29] = "driver.target"
      headers[30] = "config.source"
      headers[31] = "propertiesRef.0.config.referenceType"
      headers[32] = "id"
      headers[33] = null
      headers[34] = null
    values = class java.lang.Object[35]
      values[0] = class java.lang.String[1]
      values[1] = "com.ibm.ws.jdbc.dataSource[jdbc/postgresql-cloud]"
      values[2] = "com.ibm.ws.jdbc.dataSource_76"
      values[3] = 300
      values[4] = "aws-us-east-1-portal.5.dblayer.com"
      values[5] = "(service.pid=${connectionManagerRef})"
      values[6] = "MatchOriginalRequest"
      values[7] = 10
      values[8] = "com.ibm.ws.jdbc.dataSource"
      values[9] = class java.lang.String[1]
      values[10] = "dataSource[jdbc/postgresql-cloud]"
      values[11] = "offla01"
      values[12] = "(service.pid=${containerAuthDataRef})"
      values[13] = false
      values[14] = true
      values[15] = "true"
      values[16] = "bundle"
      values[17] = "(service.pid=${recoveryAuthDataRef})"
      values[18] = 131
      values[19] = true
      values[20] = 10929
      values[21] = "true"
      values[22] = 0
      values[23] = 391
      values[24] = true
      values[25] = "jdbc/postgresql-cloud"
      values[26] = "com.ibm.ws.jdbc.dataSource"
      values[27] = false
      values[28] = "jdbc/postgresql-cloud"
      values[29] = "(service.pid=com.ibm.ws.jdbc.jdbcDriver_79)"
      values[30] = "file"
      values[31] = "com.ibm.ws.jdbc.dataSource.properties"
      values[32] = "jdbc/postgresql-cloud"
      values[33] = null
      values[34] = null
    size = 33
  serviceid = 391
  serviceranking = 0
  registrationLock = class java.lang.Object@787941b4
  state = 0
  REGISTERED = 0
  UNREGISTERING = 1
  UNREGISTERED = 2
  $assertionsDisabled = true

