------Start of DE processing------ = [12/6/15 16:20:31:417 IST]
Exception = javax.servlet.ServletException
Source = com.ibm.ws.webcontainer.filter.WebAppFilterManager.invokeFilters
probeid = 1064
Stack Dump = javax.servlet.ServletException: SRVE0207E: Uncaught initialization exception created by servlet
	at com.ibm.ws.webcontainer.servlet.ServletWrapper.init(ServletWrapper.java:401)
	at com.ibm.ws.webcontainer.servlet.ServletWrapper.handleRequest(ServletWrapper.java:633)
	at com.ibm.ws.webcontainer.servlet.ServletWrapper.handleRequest(ServletWrapper.java:475)
	at com.ibm.ws.webcontainer.filter.WebAppFilterManager.invokeFilters(WebAppFilterManager.java:1158)
	at com.ibm.ws.webcontainer.webapp.WebApp.handleRequest(WebApp.java:4867)
	at com.ibm.ws.webcontainer31.osgi.webapp.WebApp31.handleRequest(WebApp31.java:523)
	at com.ibm.ws.webcontainer.osgi.DynamicVirtualHost$2.handleRequest(DynamicVirtualHost.java:297)
	at com.ibm.ws.webcontainer.WebContainer.handleRequest(WebContainer.java:997)
	at com.ibm.ws.webcontainer.osgi.DynamicVirtualHost$2.run(DynamicVirtualHost.java:262)
	at com.ibm.ws.http.dispatcher.internal.channel.HttpDispatcherLink$TaskWrapper.run(HttpDispatcherLink.java:955)
	at com.ibm.ws.http.dispatcher.internal.channel.HttpDispatcherLink.ready(HttpDispatcherLink.java:341)
	at com.ibm.ws.http.channel.internal.inbound.HttpInboundLink.handleDiscrimination(HttpInboundLink.java:470)
	at com.ibm.ws.http.channel.internal.inbound.HttpInboundLink.handleNewRequest(HttpInboundLink.java:404)
	at com.ibm.ws.http.channel.internal.inbound.HttpInboundLink.processRequest(HttpInboundLink.java:284)
	at com.ibm.ws.http.channel.internal.inbound.HttpInboundLink.ready(HttpInboundLink.java:255)
	at com.ibm.ws.tcpchannel.internal.NewConnectionInitialReadCallback.sendToDiscriminators(NewConnectionInitialReadCallback.java:174)
	at com.ibm.ws.tcpchannel.internal.NewConnectionInitialReadCallback.complete(NewConnectionInitialReadCallback.java:83)
	at com.ibm.ws.tcpchannel.internal.WorkQueueManager.requestComplete(WorkQueueManager.java:504)
	at com.ibm.ws.tcpchannel.internal.WorkQueueManager.attemptIO(WorkQueueManager.java:574)
	at com.ibm.ws.tcpchannel.internal.WorkQueueManager.workerRun(WorkQueueManager.java:929)
	at com.ibm.ws.tcpchannel.internal.WorkQueueManager$Worker.run(WorkQueueManager.java:1018)
	at java.util.concurrent.ThreadPoolExecutor.runWorker(ThreadPoolExecutor.java:1142)
	at java.util.concurrent.ThreadPoolExecutor$Worker.run(ThreadPoolExecutor.java:617)
	at java.lang.Thread.run(Thread.java:745)
Caused by: org.springframework.beans.factory.BeanDefinitionStoreException: Failed to parse configuration class [com.offla.controller.OfflaHelloWorld]; nested exception is java.io.FileNotFoundException: class path resource [application.properties] cannot be opened because it does not exist
	at org.springframework.context.annotation.ConfigurationClassParser.parse(ConfigurationClassParser.java:172)
	at org.springframework.context.annotation.ConfigurationClassPostProcessor.processConfigBeanDefinitions(ConfigurationClassPostProcessor.java:306)
	at org.springframework.context.annotation.ConfigurationClassPostProcessor.postProcessBeanDefinitionRegistry(ConfigurationClassPostProcessor.java:239)
	at org.springframework.context.support.PostProcessorRegistrationDelegate.invokeBeanDefinitionRegistryPostProcessors(PostProcessorRegistrationDelegate.java:254)
	at org.springframework.context.support.PostProcessorRegistrationDelegate.invokeBeanFactoryPostProcessors(PostProcessorRegistrationDelegate.java:94)
	at org.springframework.context.support.AbstractApplicationContext.invokeBeanFactoryPostProcessors(AbstractApplicationContext.java:606)
	at org.springframework.context.support.AbstractApplicationContext.refresh(AbstractApplicationContext.java:462)
	at org.springframework.web.servlet.FrameworkServlet.configureAndRefreshWebApplicationContext(FrameworkServlet.java:663)
	at org.springframework.web.servlet.FrameworkServlet.createWebApplicationContext(FrameworkServlet.java:629)
	at org.springframework.web.servlet.FrameworkServlet.createWebApplicationContext(FrameworkServlet.java:677)
	at org.springframework.web.servlet.FrameworkServlet.initWebApplicationContext(FrameworkServlet.java:548)
	at org.springframework.web.servlet.FrameworkServlet.initServletBean(FrameworkServlet.java:489)
	at org.springframework.web.servlet.HttpServletBean.init(HttpServletBean.java:136)
	at javax.servlet.GenericServlet.init(GenericServlet.java:244)
	at com.ibm.ws.webcontainer.servlet.ServletWrapper.init(ServletWrapper.java:332)
	... 23 more
Caused by: java.io.FileNotFoundException: class path resource [application.properties] cannot be opened because it does not exist
	at org.springframework.core.io.ClassPathResource.getInputStream(ClassPathResource.java:172)
	at org.springframework.core.io.support.EncodedResource.getInputStream(EncodedResource.java:143)
	at org.springframework.core.io.support.PropertiesLoaderUtils.fillProperties(PropertiesLoaderUtils.java:98)
	at org.springframework.core.io.support.PropertiesLoaderUtils.fillProperties(PropertiesLoaderUtils.java:72)
	at org.springframework.core.io.support.PropertiesLoaderUtils.loadProperties(PropertiesLoaderUtils.java:58)
	at org.springframework.core.io.support.ResourcePropertySource.<init>(ResourcePropertySource.java:83)
	at org.springframework.context.annotation.ConfigurationClassParser.processPropertySource(ConfigurationClassParser.java:335)
	at org.springframework.context.annotation.ConfigurationClassParser.doProcessConfigurationClass(ConfigurationClassParser.java:251)
	at org.springframework.context.annotation.ConfigurationClassParser.processConfigurationClass(ConfigurationClassParser.java:228)
	at org.springframework.context.annotation.ConfigurationClassParser.parse(ConfigurationClassParser.java:186)
	at org.springframework.context.annotation.ConfigurationClassParser.parse(ConfigurationClassParser.java:165)
	... 37 more

Dump of callerThis
null
