------Start of DE processing------ = [12/7/15 17:34:33:031 IST]
Exception = com.ibm.ws.rsadapter.exceptions.DataStoreAdapterException
Source = com.ibm.ws.jdbc.DataSourceService
probeid = 328
Stack Dump = com.ibm.ws.exception.WsException: DSRA8100E: Unable to get a XAConnection from the DataSource. with SQL State : 08004 SQL Code : 0
	at org.postgresql.core.v3.ConnectionFactoryImpl.doAuthentication(ConnectionFactoryImpl.java:473)
	at org.postgresql.core.v3.ConnectionFactoryImpl.openConnectionImpl(ConnectionFactoryImpl.java:203)
	at org.postgresql.core.ConnectionFactory.openConnection(ConnectionFactory.java:65)
	at org.postgresql.jdbc2.AbstractJdbc2Connection.<init>(AbstractJdbc2Connection.java:149)
	at org.postgresql.jdbc3.AbstractJdbc3Connection.<init>(AbstractJdbc3Connection.java:35)
	at org.postgresql.jdbc3g.AbstractJdbc3gConnection.<init>(AbstractJdbc3gConnection.java:22)
	at org.postgresql.jdbc4.AbstractJdbc4Connection.<init>(AbstractJdbc4Connection.java:47)
	at org.postgresql.jdbc4.Jdbc4Connection.<init>(Jdbc4Connection.java:30)
	at org.postgresql.Driver.makeConnection(Driver.java:414)
	at org.postgresql.Driver.connect(Driver.java:282)
	at java.sql.DriverManager.getConnection(DriverManager.java:664)
	at java.sql.DriverManager.getConnection(DriverManager.java:247)
	at org.postgresql.ds.common.BaseDataSource.getConnection(BaseDataSource.java:88)
	at org.postgresql.xa.jdbc3.AbstractJdbc3XADataSource.getXAConnection(AbstractJdbc3XADataSource.java:54)
	at org.postgresql.xa.jdbc3.AbstractJdbc3XADataSource.getXAConnection(AbstractJdbc3XADataSource.java:39)
	at com.ibm.ws.rsadapter.spi.InternalGenericDataStoreHelper$1.run(InternalGenericDataStoreHelper.java:1198)
	at java.security.AccessController.doPrivileged(Native Method)
	at com.ibm.ws.rsadapter.spi.InternalGenericDataStoreHelper.getPooledConnection(InternalGenericDataStoreHelper.java:1214)
	at com.ibm.ws.rsadapter.spi.WSRdbDataSource.getPooledConnection(WSRdbDataSource.java:332)
	at com.ibm.ws.rsadapter.spi.WSManagedConnectionFactoryImpl.getConnection(WSManagedConnectionFactoryImpl.java:1216)
	at com.ibm.ws.rsadapter.spi.WSManagedConnectionFactoryImpl.createManagedConnection(WSManagedConnectionFactoryImpl.java:966)
	at com.ibm.ws.rsadapter.spi.WSManagedConnectionFactoryImpl.createManagedConnection(WSManagedConnectionFactoryImpl.java:651)
	at com.ibm.ws.jca.cm.AbstractConnectionFactoryService.getXAResource(AbstractConnectionFactoryService.java:367)
	at com.ibm.tx.jta.impl.XARecoveryData.getXARminst(XARecoveryData.java:378)
	at com.ibm.tx.jta.impl.XARecoveryData.recover(XARecoveryData.java:509)
	at com.ibm.tx.jta.impl.PartnerLogTable.recover(PartnerLogTable.java:402)
	at com.ibm.tx.jta.impl.RecoveryManager.resync(RecoveryManager.java:1486)
	at com.ibm.tx.jta.impl.RecoveryManager.performResync(RecoveryManager.java:2191)
	at com.ibm.tx.jta.impl.RecoveryManager.run(RecoveryManager.java:2150)
	at java.lang.Thread.run(Thread.java:745)
Caused by: java.sql.SQLException: The server requested password-based authentication, but no password was provided. DSRA0010E: SQL State = 08004, Error Code = 0
	... 30 more

Dump of callerThis
Object type = com.ibm.ws.jdbc.DataSourceService
  tc = class com.ibm.websphere.ras.TraceComponent@c45aace
    strings[0] = "TraceComponent[com.ibm.ws.jdbc.DataSourceService,class com.ibm.ws.jdbc.DataSourceService,[RRA],com.ibm.ws.rsadapter.resources.IBMDataStoreAdapterNLS,null]"
  dsraTc = class com.ibm.websphere.ras.TraceComponent@244ae166
    strings[0] = "TraceComponent[com.ibm.ws.jdbc.DataSourceService,class com.ibm.ws.jdbc.DataSourceService,[RRA],com.ibm.ws.jdbc.internal.resources.DSRAMessages,null]"
  JNDI_NAME = "jndiName"
  CONNECTION_MANAGER = "connectionManager"
  DATASOURCE = "dataSource"
  FACTORY_PID = "com.ibm.ws.jdbc.dataSource"
  JDBC_DRIVER = "driver"
  SUPPORT_EXTENSIONS = "supportExtensions"
  TARGET_CONNECTION_MANAGER = "connectionManager.target"
  TARGET_CONTAINER_AUTH_DATA = "containerAuthData.target"
  TARGET_JDBC_DRIVER = "driver.target"
  TARGET_RECOVERY_AUTH_DATA = "recoveryAuthData.target"
  UNIQUE_JNDI_NAME = "jndiName.unique"
  DECLARING_APPLICATION = "declaringApplication"
  WPROPS_TO_SKIP = class java.util.HashSet@e013ba5
    serialVersionUID = -5024744406713321676
    map = class java.util.HashMap@27307fce
      serialVersionUID = 362498820763181265
      DEFAULT_INITIAL_CAPACITY = 16
      MAXIMUM_CAPACITY = 1073741824
      DEFAULT_LOAD_FACTOR = 0.75
      TREEIFY_THRESHOLD = 8
      UNTREEIFY_THRESHOLD = 6
      MIN_TREEIFY_CAPACITY = 64
      table = class java.util.HashMap$Node[16]
      entrySet = null
      size = 9
      modCount = 9
      threshold = 12
      loadFactor = 0.75
      keySet = null
      values = null
    PRESENT = class java.lang.Object@6b7a1e7c
    MAX_ARRAY_SIZE = 2147483639
  componentContext = class org.apache.felix.scr.impl.manager.ComponentContextImpl@67a1e6b8
    m_componentManager = class org.apache.felix.scr.impl.manager.SingleComponentManager@746e816d
      m_useCount = class java.util.concurrent.atomic.AtomicInteger@755e2727
      m_componentContext = class org.apache.felix.scr.impl.manager.ComponentContextImpl@67a1e6b8
      m_componentHolder = class org.apache.felix.scr.impl.config.ConfigurableComponentHolder@ce07fd5
      m_factoryProperties = null
      m_properties = class java.util.Hashtable@61a7a452
      m_serviceProperties = null
      m_configurationProperties = class com.ibm.ws.config.admin.ConfigurationDictionary@27f5b133
      m_changeCount = 1
      m_targetedPID = class org.apache.felix.scr.impl.TargetedPID@6861c8d8
      m_circularReferences = class java.lang.ThreadLocal@67f01cd6
      REASONS = class java.lang.String[7]
      m_factoryInstance = false
      m_componentId = 300
      m_componentMetadata = class org.apache.felix.scr.impl.metadata.ComponentMetadata@72d7b11d
      m_componentMethods = class org.apache.felix.scr.impl.helper.ComponentMethods@1526053d
      m_dependencyManagers = class java.util.ArrayList@4ad66d7e
      m_dependencyManagersInitialized = true
      m_dependenciesCollected = true
      m_trackingCount = class java.util.concurrent.atomic.AtomicInteger@6a82f49f
      m_activator = class org.apache.felix.scr.impl.BundleComponentActivator@2512ef8b
      m_stateLock = class java.util.concurrent.locks.ReentrantLock@b809f9
      m_enabledLatchRef = class java.util.concurrent.atomic.AtomicReference@797c390d
      m_enabled = true
      m_internalEnabled = true
      m_disposed = false
      m_floor = 4
      m_ceiling = 4
      m_missingLock = class java.util.concurrent.locks.ReentrantLock@4a70cb1
      m_missingCondition = class java.util.concurrent.locks.AbstractQueuedSynchronizer$ConditionObject@367bd519
      m_missing = class java.util.TreeSet@76ccf5ee
      m_activated = true
      m_activationLock = class java.util.concurrent.locks.ReentrantReadWriteLock@6e600e6b
      taskCounter = class java.util.concurrent.atomic.AtomicLong@529e5592
      registrationManager = class org.apache.felix.scr.impl.manager.AbstractComponentManager$3@3a2581c5
    edgeInfos = class org.apache.felix.scr.impl.manager.EdgeInfo[7]
      edgeInfos[0] = class org.apache.felix.scr.impl.manager.EdgeInfo@29b1e54b
      edgeInfos[1] = class org.apache.felix.scr.impl.manager.EdgeInfo@e8a18ba
      edgeInfos[2] = class org.apache.felix.scr.impl.manager.EdgeInfo@4e87e090
      edgeInfos[3] = class org.apache.felix.scr.impl.manager.EdgeInfo@44c9dbc4
      edgeInfos[4] = class org.apache.felix.scr.impl.manager.EdgeInfo@6274f5ab
      edgeInfos[5] = class org.apache.felix.scr.impl.manager.EdgeInfo@3ce57e97
      edgeInfos[6] = class org.apache.felix.scr.impl.manager.EdgeInfo@4d178afb
    m_componentInstance = class org.apache.felix.scr.impl.manager.ComponentContextImpl$ComponentInstanceImpl@1a9b53b2
      m_componentContext = class org.apache.felix.scr.impl.manager.ComponentContextImpl@67a1e6b8
    m_usingBundle = null
    m_implementationObject = class com.ibm.ws.jdbc.DataSourceService@1119b835
    m_implementationAccessible = true
    accessibleLatch = class java.util.concurrent.CountDownLatch@5c334ea5
      sync = class java.util.concurrent.CountDownLatch$Sync@6ba851e5
  connectorSvc = class com.ibm.ejs.j2c.ConnectorServiceImpl@7543819c
    tc = class com.ibm.websphere.ras.TraceComponent@72a5b36b
      strings[0] = "TraceComponent[com.ibm.ejs.j2c.ConnectorServiceImpl,class com.ibm.ejs.j2c.ConnectorServiceImpl,[WAS.j2c],com.ibm.ws.jca.cm.internal.resources.J2CAMessages,null]"
    authDataServiceRef = class com.ibm.wsspi.kernel.service.utils.AtomicServiceReference@7567f2ea
      referenceName = "authDataService"
      tuple = class java.util.concurrent.atomic.AtomicReference@d4f5dc2
      serialVersionUID = -5840472578638799324
      $$$tc$$$ = class com.ibm.websphere.ras.TraceComponent@4ec881c2
    deferrableSchedXSvcRef = class com.ibm.wsspi.kernel.service.utils.AtomicServiceReference@10c71818
      referenceName = "deferrableScheduledExecutor"
      tuple = class java.util.concurrent.atomic.AtomicReference@54032514
      serialVersionUID = -5840472578638799324
      $$$tc$$$ = class com.ibm.websphere.ras.TraceComponent@4ec881c2
    execSvcRef = class com.ibm.wsspi.kernel.service.utils.AtomicServiceReference@6e0178e9
      referenceName = "executor"
      tuple = class java.util.concurrent.atomic.AtomicReference@4eaddce
      serialVersionUID = -5840472578638799324
      $$$tc$$$ = class com.ibm.websphere.ras.TraceComponent@4ec881c2
    nonDeferrableSchedXSvcRef = class com.ibm.wsspi.kernel.service.utils.AtomicServiceReference@15bc1b79
      referenceName = "nonDeferrableScheduledExecutor"
      tuple = class java.util.concurrent.atomic.AtomicReference@12ce7e8c
      serialVersionUID = -5840472578638799324
      $$$tc$$$ = class com.ibm.websphere.ras.TraceComponent@4ec881c2
    rrsXAResFactorySvcRef = class com.ibm.wsspi.kernel.service.utils.AtomicServiceReference@5f865b86
      referenceName = "rRSXAResourceFactory"
      tuple = class java.util.concurrent.atomic.AtomicReference@aaffc7f
      serialVersionUID = -5840472578638799324
      $$$tc$$$ = class com.ibm.websphere.ras.TraceComponent@4ec881c2
    transactionManager = class com.ibm.ws.transaction.services.TransactionManagerService@77a98fb6
      tc = class com.ibm.websphere.ras.TraceComponent@3d9f74f4
      isClient = false
      xaFlowCallbacksInitialised = true
      serialVersionUID = -8805687940666442241
    variableRegistrySvcRef = class com.ibm.wsspi.kernel.service.utils.AtomicServiceReference@128a779a
      referenceName = "variableRegistry"
      tuple = class java.util.concurrent.atomic.AtomicReference@46632012
      serialVersionUID = -5840472578638799324
      $$$tc$$$ = class com.ibm.websphere.ras.TraceComponent@4ec881c2
    tc = class com.ibm.websphere.ras.TraceComponent@768c5492
      strings[0] = "TraceComponent[com.ibm.ws.jca.cm.ConnectorService,class com.ibm.ws.jca.cm.ConnectorService,[WAS.j2c],com.ibm.ws.jca.cm.internal.resources.J2CAMessages,null]"
    NLS = class com.ibm.ejs.ras.TraceNLS@6798d161
      resolver = class com.ibm.ws.logging.internal.TraceNLSResolver@515b012f
      finder = null
      ivBundleName = "com.ibm.ws.jca.cm.internal.resources.J2CAMessages"
      caller = class java.lang.Class@75390fcf
  dsConfigRef = class java.util.concurrent.atomic.AtomicReference@2e19004e
    serialVersionUID = -1848883965231344442
    unsafe = class sun.misc.Unsafe@23dfa9a4
    valueOffset = 12
    value = class com.ibm.ws.rsadapter.DSConfig@502cbc7
      strings[0] = "com.ibm.ws.rsadapter.DSConfig@502cbc7"
      strings[1] = "[beginTranForResultSetScrollingAPIs, true, beginTranForVendorAPIs, true, commitOrRollbackOnCleanup, null, connectionSharing, 0, isolationLevel, -1, jndiName, jdbc/postgresql-cloud, queryTimeout, null, resultSetUnusableWhenNoMoreResults, false, statementCacheSize, 10, supplementalJDBCTrace, null, syncQueryTimeoutWithTransactionTimeout, false, transactional, true]"
      strings[2] = "[com.ibm.ws.classloading.internal.AppClassLoader@3ed15cd2, true, ExceptionChecking, false, interface javax.sql.XADataSource]"
      strings[3] = "{dataSourceClass=org.postgresql.xa.PGXADataSource, portNumber=10929, databaseName=offla01, serverName=aws-us-east-1-portal.5.dblayer.com}"
  destroyWasDeferred = false
  embDerbyRefCount = class java.util.concurrent.ConcurrentLinkedQueue@47bf2b70
    serialVersionUID = 196745693267521676
    head = class java.util.concurrent.ConcurrentLinkedQueue$Node@297b8149
      item = null
      next = null
      UNSAFE = class sun.misc.Unsafe@23dfa9a4
      itemOffset = 12
      nextOffset = 16
    tail = class java.util.concurrent.ConcurrentLinkedQueue$Node@297b8149
    UNSAFE = class sun.misc.Unsafe@23dfa9a4
    headOffset = 12
    tailOffset = 16
    MAX_ARRAY_SIZE = 2147483639
  id = "dataSource[jdbc/postgresql-cloud]"
  isDerbyEmbedded = false
  jdbcDriverSvc = class com.ibm.ws.jdbc.internal.JDBCDriverService@755f640f
    tc = class com.ibm.websphere.ras.TraceComponent@2d7a91bc
      strings[0] = "TraceComponent[com.ibm.ws.jdbc.internal.JDBCDriverService,class com.ibm.ws.jdbc.internal.JDBCDriverService,[RRA],com.ibm.ws.rsadapter.resources.IBMDataStoreAdapterNLS,null]"
    FACTORY_PID = "com.ibm.ws.jdbc.jdbcDriver"
    ID = "id"
    LIBRARY_REF = "libraryRef"
    JDBC_DRIVER = "jdbcDriver"
    TARGET_LIBRARY = "sharedLib.target"
    PROPS_FOR_XA_ONLY = class java.util.Arrays$ArrayList@7b62b5ac
      serialVersionUID = -2764017481108945198
      a = class java.lang.String[1]
      modCount = 0
      MAX_ARRAY_SIZE = 2147483639
    classloader = class com.ibm.ws.classloading.internal.AppClassLoader@3ed15cd2
      tc = class com.ibm.websphere.ras.TraceComponent@7aba7e3f
      PARENT_FIRST_SEARCH_ORDER = class java.util.Collections$UnmodifiableRandomAccessList@314006a3
      CLASS_LOADING_TRACE_PREFIX = "com.ibm.ws.class.load."
      DEFAULT_PACKAGE = "default.package"
      perPackageClassLoadingTraceComponents = class java.util.concurrent.ConcurrentHashMap@70b781b6
      config = class com.ibm.ws.classloading.internal.ClassLoaderConfigurationImpl@51854518
      privateLibraries = null
      delegateLoaders = class com.ibm.ws.classloading.internal.util.CompositeIterable@243c0753
      nativeLibraryFiles = class java.util.ArrayList@15f87869
      transformers = class java.util.ArrayList@598ef151
      apiAccess = class com.ibm.ws.classloading.internal.GatewayClassLoader@727a2cb7
      generator = class com.ibm.ws.classloading.internal.ClassGeneratorManager@2258c2fd
      serialVersionUID = -8755588715217099101
      tc = class com.ibm.websphere.ras.TraceComponent@f5a9ae0
      EMPTY_URL_ARRAY = class java.net.URL[0]
      smartClassPath = class com.ibm.ws.classloading.internal.ContainerClassLoader$SmartClassPathImpl@661a4f7a
      nativeLibraryContainers = class java.util.ArrayList@30f758e0
      redefiner = class com.ibm.ws.classloading.internal.util.ClassRedefiner@1e5d23d6
      mapCreationQueue = class java.util.concurrent.Executors$FinalizableDelegatedExecutorService@7a7655ca
      serialVersionUID = 1420723314841411509
      serialVersionUID = -7411549862368381758
      $$$tc$$$ = class com.ibm.websphere.ras.TraceComponent@220d130
      serialVersionUID = -4868702105808481416
      $$$tc$$$ = class com.ibm.websphere.ras.TraceComponent@40ab7006
      serialVersionUID = 2596921220292114344
      $$$tc$$$ = class com.ibm.websphere.ras.TraceComponent@6350af56
      initialized = true
      pdcache = class java.util.HashMap@4e23b461
      debug = null
      parent = class com.ibm.ws.classloading.internal.GatewayClassLoader@727a2cb7
      parallelLockMap = null
      package2certs = class java.util.Hashtable@4499c51d
      nocerts = class java.security.cert.Certificate[0]
      classes = class java.util.Vector@33ad1dcb
      defaultDomain = class java.security.ProtectionDomain@6c1f007c
      domains = class java.util.HashSet@7b3dc671
      packages = class java.util.HashMap@286ef5cb
      scl = class sun.misc.Launcher$AppClassLoader@14dad5dc
      sclSet = true
      loadedLibraryNames = class java.util.Vector@22557cf6
      systemNativeLibraries = class java.util.Vector@794d7e32
      nativeLibraries = class java.util.Vector@6cd63124
      nativeLibraryContext = class java.util.Stack@33c941d8
      usr_paths = class java.lang.String[5]
      sys_paths = class java.lang.String[1]
      assertionLock = class com.ibm.ws.classloading.internal.AppClassLoader@3ed15cd2
      defaultAssertionStatus = false
      packageAssertionStatus = null
      classAssertionStatus = null
    connectorSvc = class com.ibm.ejs.j2c.ConnectorServiceImpl@7543819c
    embDerbyRefCount = class java.util.concurrent.ConcurrentLinkedQueue@1b1fc4b3
      serialVersionUID = 196745693267521676
      head = class java.util.concurrent.ConcurrentLinkedQueue$Node@990a1eb
      tail = class java.util.concurrent.ConcurrentLinkedQueue$Node@990a1eb
      UNSAFE = class sun.misc.Unsafe@23dfa9a4
      headOffset = 12
      tailOffset = 16
      MAX_ARRAY_SIZE = 2147483639
    introspectedClasses = class java.util.HashSet@3033b09d
      serialVersionUID = -5024744406713321676
      map = class java.util.HashMap@37f0db99
      PRESENT = class java.lang.Object@6b7a1e7c
      MAX_ARRAY_SIZE = 2147483639
    isDerbyEmbedded = class java.util.concurrent.atomic.AtomicBoolean@45371e1b
      serialVersionUID = 4654671469794556979
      unsafe = class sun.misc.Unsafe@23dfa9a4
      valueOffset = 12
      value = 0
    lock = class java.util.concurrent.locks.ReentrantReadWriteLock@2b961cc4
      serialVersionUID = -6992448646407690164
      readerLock = class java.util.concurrent.locks.ReentrantReadWriteLock$ReadLock@516c73f
      writerLock = class java.util.concurrent.locks.ReentrantReadWriteLock$WriteLock@609ec50e
      sync = class java.util.concurrent.locks.ReentrantReadWriteLock$NonfairSync@145fd8f
      UNSAFE = class sun.misc.Unsafe@23dfa9a4
      TID_OFFSET = 40
    name = "dataSource[jdbc/postgresql-cloud]/jdbcDriver[default-0]"
    properties = class org.apache.felix.scr.impl.helper.ReadOnlyDictionary@4e496f59
      m_delegate = class java.util.Hashtable@4739af0a
    sharedLib = class com.ibm.ws.library.internal.SharedLibraryImpl@63d38955
      tc = class com.ibm.websphere.ras.TraceComponent@7badc9e0
      EMPTY_LIBRARY_LISTENERS = interface com.ibm.wsspi.library.LibraryChangeListener[0]
      deleted = false
      libraryListenersTracker = class org.osgi.util.tracker.ServiceTracker@2bd770ea
      libraryReg = class org.eclipse.osgi.internal.serviceregistry.ServiceRegistrationImpl@242d3fc1
      ctx = class org.eclipse.osgi.internal.framework.BundleContextImpl@e469a9e
      classLoadingService = class com.ibm.ws.classloading.internal.ClassLoadingServiceImpl@452a30ad
      configAdmin = class com.ibm.ws.config.admin.internal.ConfigurationAdminImpl@6538df5f
      resolvedBasePath = "/home/eyal/Programs/wlp/usr/servers/defaultServer/"
      generationLock = class com.ibm.ws.library.internal.SharedLibraryImpl$1@73854194
      currentGeneration = class com.ibm.ws.library.internal.SharedLibraryImpl$LibraryGeneration@63453f2e
      nextGeneration = class com.ibm.ws.library.internal.SharedLibraryImpl$LibraryGeneration@63453f2e
      artifactContainerFactory = class com.ibm.ws.library.internal.SharedLibraryFactory$1@777ed4b3
      packageExporter = class com.ibm.ws.library.internal.LibraryPackageExporter@549f3f24
      processedFileSets = true
      counter = 1
      serialVersionUID = -1732643978477757119
    changed = false
    obs = class java.util.Vector@1e6984f2
      elementData = class java.lang.Object[10]
      elementCount = 1
      capacityIncrement = 0
      serialVersionUID = -2767605614048989439
      MAX_ARRAY_SIZE = 2147483639
      modCount = 1
      MAX_ARRAY_SIZE = 2147483639
  jdbcRuntime = class com.ibm.ws.jdbc.osgi.v41.JDBCRuntimeVersion41@1e8115f2
  properties = class org.apache.felix.scr.impl.helper.ReadOnlyDictionary@787c6d1c
    m_delegate = class java.util.Hashtable@61a7a452
      table = class java.util.Hashtable$Entry[47]
      count = 29
      threshold = 35
      loadFactor = 0.75
      modCount = 31
      serialVersionUID = 1421746759512286392
      MAX_ARRAY_SIZE = 2147483639
      keySet = null
      entrySet = class java.util.Collections$SynchronizedSet@42fcf9b6
      values = null
      KEYS = 0
      VALUES = 1
      ENTRIES = 2
  tc = class com.ibm.websphere.ras.TraceComponent@384309c3
    strings[0] = "TraceComponent[com.ibm.ws.jca.cm.AbstractConnectionFactoryService,class com.ibm.ws.jca.cm.AbstractConnectionFactoryService,[WAS.j2c],com.ibm.ws.jca.cm.internal.resources.J2CAMessages,null]"
  ID = "id"
  JNDI_NAME = "jndiName"
  DEFAULT_NESTED_PATTERN = class java.util.regex.Pattern@46a62dc8
    UNIX_LINES = 1
    CASE_INSENSITIVE = 2
    COMMENTS = 4
    MULTILINE = 8
    LITERAL = 16
    DOTALL = 32
    UNICODE_CASE = 64
    CANON_EQ = 128
    UNICODE_CHARACTER_CLASS = 256
    serialVersionUID = 5073258162644648461
    pattern = ".*(\[default-\d*\])$"
    flags = 0
    compiled = true
    normalizedPattern = ".*(\[default-\d*\])$"
    root = class java.util.regex.Pattern$Start@2dbb210c
      minLength = 10
      next = class java.util.regex.Pattern$Curly@1426d39
    matchRoot = class java.util.regex.Pattern$Curly@1426d39
      atom = class java.util.regex.Pattern$Dot@3b341201
      type = 0
      cmin = 0
      cmax = 2147483647
      next = class java.util.regex.Pattern$GroupHead@68922695
    buffer = null
    namedGroups = null
    groupNodes = null
    temp = null
    capturingGroupCount = 2
    localCount = 1
    cursor = 20
    patternLength = 0
    hasSupplementary = false
    MAX_REPS = 2147483647
    GREEDY = 0
    LAZY = 1
    POSSESSIVE = 2
    INDEPENDENT = 3
    lookbehindEnd = class java.util.regex.Pattern$4@59aea20
      next = null
    accept = class java.util.regex.Pattern$Node@4f05e310
      next = null
    lastAccept = class java.util.regex.Pattern$LastNode@3b4218bd
      next = class java.util.regex.Pattern$Node@4f05e310
    $assertionsDisabled = true
  DEFAULT_PATTERN = class java.util.regex.Pattern@4857460f
    UNIX_LINES = 1
    CASE_INSENSITIVE = 2
    COMMENTS = 4
    MULTILINE = 8
    LITERAL = 16
    DOTALL = 32
    UNICODE_CASE = 64
    CANON_EQ = 128
    UNICODE_CHARACTER_CLASS = 256
    serialVersionUID = 5073258162644648461
    pattern = "(default-\d*)$"
    flags = 0
    compiled = true
    normalizedPattern = "(default-\d*)$"
    root = class java.util.regex.Pattern$Start@3e01187a
      minLength = 8
      next = class java.util.regex.Pattern$GroupHead@1c6b50b4
    matchRoot = class java.util.regex.Pattern$GroupHead@1c6b50b4
      localIndex = 0
      next = class java.util.regex.Pattern$Slice@7ad7ff8b
    buffer = null
    namedGroups = null
    groupNodes = null
    temp = null
    capturingGroupCount = 2
    localCount = 1
    cursor = 14
    patternLength = 0
    hasSupplementary = false
    MAX_REPS = 2147483647
    GREEDY = 0
    LAZY = 1
    POSSESSIVE = 2
    INDEPENDENT = 3
    lookbehindEnd = class java.util.regex.Pattern$4@59aea20
    accept = class java.util.regex.Pattern$Node@4f05e310
    lastAccept = class java.util.regex.Pattern$LastNode@3b4218bd
    $assertionsDisabled = true
  appsToRecycle = class java.util.Collections$SetFromMap@5eeff472
    m = class java.util.concurrent.ConcurrentHashMap@5c56c9a7
      serialVersionUID = 7249069246763182397
      MAXIMUM_CAPACITY = 1073741824
      DEFAULT_CAPACITY = 16
      MAX_ARRAY_SIZE = 2147483639
      DEFAULT_CONCURRENCY_LEVEL = 16
      LOAD_FACTOR = 0.75
      TREEIFY_THRESHOLD = 8
      UNTREEIFY_THRESHOLD = 6
      MIN_TREEIFY_CAPACITY = 64
      MIN_TRANSFER_STRIDE = 16
      RESIZE_STAMP_BITS = 16
      MAX_RESIZERS = 65535
      RESIZE_STAMP_SHIFT = 16
      MOVED = -1
      TREEBIN = -2
      RESERVED = -3
      HASH_BITS = 2147483647
      NCPU = 4
      serialPersistentFields = class java.io.ObjectStreamField[3]
      table = null
      nextTable = null
      baseCount = 0
      sizeCtl = 0
      transferIndex = 0
      cellsBusy = 0
      counterCells = null
      keySet = class java.util.concurrent.ConcurrentHashMap$KeySetView@a0bed14
      values = null
      entrySet = null
      U = class sun.misc.Unsafe@23dfa9a4
      SIZECTL = 20
      TRANSFERINDEX = 32
      BASECOUNT = 24
      CELLSBUSY = 36
      CELLVALUE = 144
      ABASE = 16
      ASHIFT = 2
      keySet = null
      values = null
    s = class java.util.concurrent.ConcurrentHashMap$KeySetView@a0bed14
      serialVersionUID = 7249069246763182397
      value = null
      serialVersionUID = 7249069246763182397
      map = class java.util.concurrent.ConcurrentHashMap@5c56c9a7
      oomeMsg = "Required array size too large"
    serialVersionUID = 2454657854757543876
    MAX_ARRAY_SIZE = 2147483639
  conMgrSvc = class com.ibm.ejs.j2c.ConnectionManagerServiceImpl@4560663e
    tc = class com.ibm.websphere.ras.TraceComponent@6df0dd59
      strings[0] = "TraceComponent[com.ibm.ejs.j2c.ConnectionManagerServiceImpl,class com.ibm.ejs.j2c.ConnectionManagerServiceImpl,[WAS.j2c],com.ibm.ws.jca.cm.internal.resources.J2CAMessages,null]"
    cfKeyToCM = class java.util.concurrent.ConcurrentHashMap@4acd3924
      serialVersionUID = 7249069246763182397
      MAXIMUM_CAPACITY = 1073741824
      DEFAULT_CAPACITY = 16
      MAX_ARRAY_SIZE = 2147483639
      DEFAULT_CONCURRENCY_LEVEL = 16
      LOAD_FACTOR = 0.75
      TREEIFY_THRESHOLD = 8
      UNTREEIFY_THRESHOLD = 6
      MIN_TREEIFY_CAPACITY = 64
      MIN_TRANSFER_STRIDE = 16
      RESIZE_STAMP_BITS = 16
      MAX_RESIZERS = 65535
      RESIZE_STAMP_SHIFT = 16
      MOVED = -1
      TREEBIN = -2
      RESERVED = -3
      HASH_BITS = 2147483647
      NCPU = 4
      serialPersistentFields = class java.io.ObjectStreamField[3]
      table = class java.util.concurrent.ConcurrentHashMap$Node[16]
      nextTable = null
      baseCount = 1
      sizeCtl = 12
      transferIndex = 0
      cellsBusy = 0
      counterCells = null
      keySet = null
      values = null
      entrySet = null
      U = class sun.misc.Unsafe@23dfa9a4
      SIZECTL = 20
      TRANSFERINDEX = 32
      BASECOUNT = 24
      CELLSBUSY = 36
      CELLVALUE = 144
      ABASE = 16
      ASHIFT = 2
      keySet = null
      values = null
    lock = class java.util.concurrent.locks.ReentrantReadWriteLock@c4d10be
      serialVersionUID = -6992448646407690164
      readerLock = class java.util.concurrent.locks.ReentrantReadWriteLock$ReadLock@470a7f66
      writerLock = class java.util.concurrent.locks.ReentrantReadWriteLock$WriteLock@2161381
      sync = class java.util.concurrent.locks.ReentrantReadWriteLock$NonfairSync@1590c492
      UNSAFE = class sun.misc.Unsafe@23dfa9a4
      TID_OFFSET = 40
    name = "dataSource[jdbc/postgresql-cloud]/connectionManager"
    pm = class com.ibm.ejs.j2c.PoolManager@66bceb61
      tc = class com.ibm.websphere.ras.TraceComponent@7f6eb29f
      alertResourceBundleName = "com.ibm.ws.j2c.resources.J2CAMessages"
      alertLogger = null
      ERROR_CONNECTION_POOL_IS_PAUSED = 2147117569
      nl = "
"
      alertAgent = null
      connectorSvc = class com.ibm.ejs.j2c.ConnectorServiceImpl@7543819c
      gConfigProps = class com.ibm.ejs.j2c.J2CGlobalConfigProperties@5bcddd49
      _surgeTaskTimer = null
      _stuckTaskTimer = null
      reaperThreadStarted = false
      taskTimerLockObject = {} /* array length = 0*/
      _testConnectionTaskTimer = null
      waitSkip = 0
      displayInfiniteWaitMessage = false
      isAlternateResourceEnabled = false
      isAlternateResourceConfigured = false
      alternateResourceJNDIName = null
      failureNotificationActionCode = 0
      isFailureNotificationEnabled = false
      failureThreshold = 5
      alternateConnectionFactory = null
      alternateresourcelock = {} /* array length = 0*/
      isPartialResourceAdapterFailoverSupportEnabled = false
      resourceAvailabilityTestRetryInterval = 10
      tlsArrayLists = class java.util.concurrent.ConcurrentHashMap@3391caa
      sharedPool = class com.ibm.ejs.j2c.SharedPool[200]
      freePool = class [Lcom.ibm.ejs.j2c.FreePool;[100]
      mcWrapperPool = class com.ibm.ejs.j2c.MCWrapperPool@29eec89e
      mcWrapperWaiterList = class com.ibm.ejs.j2c.MCWrapperList@62f95d45
      mcToMCWMap = class java.util.HashMap@1d74cc6
      rwl = class java.util.concurrent.locks.ReentrantReadWriteLock@7e9a7f30
      mcToMCWMapRead = class java.util.concurrent.locks.ReentrantReadWriteLock$ReadLock@216fe245
      mcToMCWMapWrite = class java.util.concurrent.locks.ReentrantReadWriteLock$WriteLock@9548058
      _bucketNumber = 0
      maxBucketNumber = 1073741823
      perfEnhancementEnabledNotSet = true
      perfEnhancementEnabled = false
      pmCounterLock = {} /* array length = 0*/
      destroyMCWrapperListLock = {} /* array length = 0*/
      totalConnectionCount = class java.util.concurrent.atomic.AtomicInteger@325e4cc8
      poolManagerBalancePoolLock = {} /* array length = 0*/
      waiterFreePoolLock = {} /* array length = 0*/
      waiterCount = 0
      allowConnectionRequests = true
      connectionPoolShutDown = false
      poolManagerTestConnectionLock = {} /* array length = 0*/
      _managedConnectionFactory = class com.ibm.ws.rsadapter.spi.WSManagedConnectionFactoryImpl@1f90c64c
      stuckConnections = false
      collectorCount = 0
      collectorSurgeCount = 0
      mcWrappersToDestroy = class java.util.ArrayList@41b37231
      mcWrapperDoesExistInFreePool = true
      synchronizedAllReady = false
      dontNotifyWaiter = true
      dontDecrementTotalCounter = false
      unusedTimeoutEnabled = false
      connectionTimeout = 30
      maxConnections = 50
      minConnections = 10
      purgePolicy = class com.ibm.ws.jca.adapter.PurgePolicy@6c486c1f
      reapTime = 180
      unusedTimeout = 1800
      agedTimeout = 0
      agedTimeoutMillis = 0
      surgeTime = 0
      surgeConnections = -1
      surgeCounter = 0
      surgeEnabled = false
      stuckTimerTime = 0
      stuckTime = 0
      stuckThreshold = 0
      stopPoolRequests = false
      holdTimeLimit = 10
      maxFreePoolBuckets = 1
      maxSharedBuckets = 200
      maxFreePoolHashSize = 100
      testConnection = false
      testConnectionInterval = 0
      testConnectionTimes = 0
      maxNumberOfMCsAllowableInThread = 0
      throwExceptionOnMCThreadCheck = false
      waitersStartedTime = 0
      waitersEndedTime = 0
      parkedMCWrapper = null
      createParkedConnection = true
      parkedConnectionLockObject = {} /* array length = 0*/
      nonOptimisticGetFreeConnection = 0
      optimisticGetFreeConnection = 0
      stuckConnectionSupport = false
      alertIsforEnteringStuck = true
      totalPoolConnectionRequests = 0
      am = null
      amLockObject = {} /* array length = 0*/
      pmQuiesced = false
      activeRequest = class java.util.concurrent.atomic.AtomicInteger@2c304552
      updateToPoolInProgressLockObject = {} /* array length = 0*/
      updateToPoolInProgress = false
      updateToPoolInProgressSleepTime = 250
      activeTLSRequest = class java.util.concurrent.atomic.AtomicInteger@350b543e
      updateToTLSPoolInProgressLockObject = {} /* array length = 0*/
      updateToTLSPoolInProgress = class java.util.concurrent.atomic.AtomicBoolean@6ff38a54
      updateToTLSPoolInProgressSleepTime = 250
      getConnectionActiveRequestAlternate = class java.util.concurrent.atomic.AtomicInteger@40742b21
      getConnectionInProgressLockObject = {} /* array length = 0*/
      switchPoolsInProgress = false
      getConnectionInProgressSleepTime = 250
      writer = null
      traceWriter = null
      printWriter = null
      tscdList = class java.util.Vector@6e40eca8
      logSerialReuseMessage = true
      _quiesce = false
      _quiesceTime = null
      nonDeferredReaperAlarm = false
      efficiencyStatsEnabled = false
      poolPercentEffRateWindowMinutes = 5
      poolPercentEffRateHistorySize = 10
      poolLowEffAlertEnabled = false
      poolLowEffAlertWindowMinutes = 5
      poolLowEffAlertThreshold = 50
      connLowEffAlertEnabled = false
      connLowEfficiencyThreshold = 50
      connLowEffAlertCSCEnabled = false
      poolRequestStatsEnabled = false
      poolRequestStatsWindowMinutes = 5
      poolRequestStatsHistorySize = 10
      claimVictimRateAlertEnabled = false
      claimVictimRateAlertWindowMinutes = 5
      claimVictimRateAlertThreshold = 10
      connWaitTOAlertEnabled = false
      connWaitTOAlertWindowMinutes = 5
      connWaitTOAlertThreshold = 10
      connErrorAlertEnabled = false
      connErrorAlertWindowMinutes = 5
      connErrorAlertMaxThreshold = 2
      LTCStatsEnabled = false
      LTCCallStackCaptureEnabled = false
      LTCNestingAlertEnabled = false
      LTCNestingDepthThreshold = 3
      LTCConnPerThreadLimitAlertEnabled = false
      LTCThreadMaxConnLimitThreshold = 2
      LTCSerialReuseViolationAlertEnabled = false
      poolLoadStatsEnabled = false
      poolLoadRateWindowMinutes = 5
      poolAveLoadRateHistorySize = 10
      poolLoadRateAlertEnabled = false
      poolLoadRateAlertWindowMinutes = 5
      poolMaxLoadRateThreshold = 10
      orphanConnMonitorAlertEnabled = false
      orphanConnHoldTimeLimitSeconds = 10
      surgeModeAlertEnabled = false
      hungConnModeAlertEnabled = false
      pretestBlockModeAlertEnabled = false
      callStackCaptureEnabled = false
      efficiencyGroupLock = {} /* array length = 0*/
      efficiencyGroupEnabled = false
      poolTotalUseTime = 0
      poolTotalHoldTime = 0
      poolPercentEffRateWindowMillis = 300000
      poolPercentEffWindowStartTime = 0
      poolLowEffAlertWindowMillis = 0
      poolLowEffAlertTotalUseTime = 0
      poolLowEffAlertTotalHoldTime = 0
      poolLowEffAlertWindowStartTime = 0
      requestGroupLock = {} /* array length = 0*/
      requestGroupEnabled = false
      poolRequestStatsWindowMillis = 300000
      poolRequestStatsWindowStartTime = 0
      poolRequestStatsMap = null
      pool_sop_gets = 0
      pool_snop_gets = 0
      pool_sop_gets_notfound = 0
      pool_snop_gets_notfound = 0
      pool_fop_gets = 0
      pool_fnop_gets = 0
      pool_fop_get_notfound = 0
      pool_fnop_get_notfound = 0
      pool_freePoolQueuedRequests = 0
      pool_freePoolCreateManagedConnection = 0
      pool_numberOfClaimedVictims = 0
      pool_numberOfClaimedVictims_CRIMM = 0
      pool_numberOfClaimedVictims_SubjectMM = 0
      pool_numberOfClaimedVictims_CRISubjectMM = 0
      pool_numberOfClaimedVictims_MatchOnlyMM = 0
      pool_waitSkip = 0
      totalConnectionRequests = 0
      STAT_SOP_GETS = 1
      STAT_SNOP_GETS = 2
      STAT_SOP_GETS_NOTFOUND = 3
      STAT_SNOP_GETS_NOTFOUND = 4
      STAT_FOP_GETS = 5
      STAT_FNOP_GETS = 6
      STAT_FOP_GET_NOTFOUND = 7
      STAT_FNOP_GET_NOTFOUND = 8
      STAT_FREE_POOL_QUEUED_REQUESTS = 9
      STAT_FREE_POOL_CREATE_MANAGED_CONNECTION = 10
      STAT_NUMBER_OF_CLAIMED_VICTIMS_CRI_MM = 11
      STAT_NUMBER_OF_CLAIMED_VICTIMS_SUBJECT_MM = 12
      STAT_NUMBER_OF_CLAIMED_VICTIMS_CRI_SUBJECT_MM = 13
      STAT_NUMBER_OF_CLAIMED_VICTIMS_MM_MM = 14
      STAT_CONN_REQUEST = 15
      STAT_WAIT_SKIP = 16
      STAT_CONNECTION_CREATES = 17
      STAT_OPT_GET_FREE_CON = 18
      STAT_NONOPT_GET_FREE_CON = 19
      claimVictimRateAlertWindowMillis = 0
      claimVictimRateAlertWindowStartTime = 0
      claimedVictimPercent = 0.0
      alert_numberOfClaimedVictims = 0
      alert_numberOfClaimedVictims_CRIMM = 0
      alert_numberOfClaimedVictims_SubjectMM = 0
      alert_numberOfClaimedVictims_CRISubjectMM = 0
      alert_totalConnectionRequests = 0
      connWaitTOAlertLock = {} /* array length = 0*/
      connWaitTOAlertWindowMillis = 0
      connWaitTOAlertWindowStartTime = 0
      connWaitTOCount = 0
      connErrorAlertLock = {} /* array length = 0*/
      connErrorAlertWindowMillis = 0
      connErrorAlertWindowStartTime = 0
      connErrorCount = 0
      LTCGroupLock = {} /* array length = 0*/
      LTCGrooupEnabled = false
      threadToLTCStatsMap = null
      currentLTC = null
      loadGroupLock = {} /* array length = 0*/
      loadGroupEnabled = false
      poolLoadLastEventTime = 0
      poolLoadRateWindowMillis = 300000
      poolLoadStatsMap = null
      poolLoadWindowStartTime = 0
      poolLoadWeightedSum = 0
      poolLoadRateAlertWindowMillis = 0
      poolLoadRateAlertWindowStartTime = 0
      poolLoadRateAlertWeightedSum = 0
      poolAlertAveLoad = 0.0
      ltcStatElement = null
      threadToLTCElement = null
      orphanConnGroupLock = {} /* array length = 0*/
      enableInuseConnectionDestroy = true
      localConnection_ = null
      maxCapacity = 0
      isThreadLocalConnectionEnabled = false
      resourceFailBackEnabled = true
      resourceFailOverHold = false
      disableResourceFailBack = false
      disableResourceFailOver = false
      prepopulate = true
      prePopulateAlarmTimer = null
      prePopulateAlarmThreadLockObject = {} /* array length = 0*/
      prePopulateAlarmTimerListener = null
      cmStartPrepopulate = true
      populateAlternateResource = false
      populateAlternateResourceRunning = false
      startFailBack = false
      disableDatasourceFailoverAlarm = false
      isAlteranteResourcePoolManager = false
      getConnectionMap = class java.util.concurrent.ConcurrentHashMap@725764b4
      alarmThreadCounter = class java.util.concurrent.atomic.AtomicInteger@139b64fc
      dscfFailoveramLockObject = {} /* array length = 0*/
      dscfFailoveralarmThreadStarted = false
      normalMode = 100
      currentMode = 100
      modeLockObject = {} /* array length = 0*/
      primaryAlive = 1
      failOverMode = 102
      failBackMode = 103
      alternateAlive = 2
      nothingAlive = 3
      restoreNormalMode = 4
      resourceExceptionCounterLockObject = {} /* array length = 0*/
      connErrorResourceExceptionCounter = 0
      getConnectionResourceExceptionCounter = 0
      dscfFailoveram = null
      dscfFailoveramListener = null
      dscfFailoveramListenerLockObject = {} /* array length = 0*/
      alternatePM = null
      prepopulateTimerTime = 60000
    pmMBean = class com.ibm.ejs.j2c.PoolManagerMBeanImpl@330ac9ef
      tc = class com.ibm.websphere.ras.TraceComponent@4a6b8166
      _pm = class com.ibm.ejs.j2c.PoolManager@66bceb61
      obn = class javax.management.ObjectName@1db889e4
      reg = class org.eclipse.osgi.internal.serviceregistry.ServiceRegistrationImpl@6fdd0150
      nl = "
"
      descriptors = class com.sun.jmx.mbeanserver.DescriptorCache@554cb22b
      mbean = class com.sun.jmx.mbeanserver.StandardMBeanSupport@102234ae
      cachedMBeanInfo = null
      mbeanInfoSafeMap = class java.util.WeakHashMap@5dc4983b
    properties = null
    bndCtx = class org.eclipse.osgi.internal.framework.BundleContextImpl@3dc68f7e
      findHookName = "org.osgi.framework.hooks.bundle.FindHook"
      valid = true
      bundle = class org.eclipse.osgi.internal.framework.EquinoxBundle@9fbef2
      container = class org.eclipse.osgi.internal.framework.EquinoxContainer@301e70a2
      debug = class org.eclipse.osgi.internal.debug.Debug@6c98d776
      servicesInUse = class java.util.HashMap@608bacf7
      activator = null
      contextLock = class java.lang.Object@51169f6c
    CONNECTION_MANAGER = "connectionManager"
    FACTORY_PID = "com.ibm.ws.jca.connectionManager"
    ID = "id"
    MAX_CONNECTIONS_PER_THREAD = "maxConnectionsPerThread"
    MAX_IDLE_TIME = "maxIdleTime"
    MAX_POOL_SIZE = "maxPoolSize"
    MIN_POOL_SIZE = "minPoolSize"
    NUM_CONNECTIONS_PER_THREAD_LOCAL = "numConnectionsPerThreadLocal"
    CONNECTION_MANAGER_PROPS = class java.util.Collections$UnmodifiableRandomAccessList@102dc2b3
      serialVersionUID = -2542308836966382001
      serialVersionUID = -283967356065247728
      list = class java.util.Arrays$ArrayList@16350d65
      serialVersionUID = 1820017752578914078
      c = class java.util.Arrays$ArrayList@16350d65
    changed = false
    obs = class java.util.Vector@7401f8e8
      elementData = class java.lang.Object[10]
      elementCount = 1
      capacityIncrement = 0
      serialVersionUID = -2767605614048989439
      MAX_ARRAY_SIZE = 2147483639
      modCount = 1
      MAX_ARRAY_SIZE = 2147483639
  containerAuthDataRef = null
  isInitialized = class java.util.concurrent.atomic.AtomicBoolean@32dfdb37
    serialVersionUID = 4654671469794556979
    unsafe = class sun.misc.Unsafe@23dfa9a4
      theUnsafe = class sun.misc.Unsafe@23dfa9a4
      INVALID_FIELD_OFFSET = -1
      ARRAY_BOOLEAN_BASE_OFFSET = 16
      ARRAY_BYTE_BASE_OFFSET = 16
      ARRAY_SHORT_BASE_OFFSET = 16
      ARRAY_CHAR_BASE_OFFSET = 16
      ARRAY_INT_BASE_OFFSET = 16
      ARRAY_LONG_BASE_OFFSET = 16
      ARRAY_FLOAT_BASE_OFFSET = 16
      ARRAY_DOUBLE_BASE_OFFSET = 16
      ARRAY_OBJECT_BASE_OFFSET = 16
      ARRAY_BOOLEAN_INDEX_SCALE = 1
      ARRAY_BYTE_INDEX_SCALE = 1
      ARRAY_SHORT_INDEX_SCALE = 2
      ARRAY_CHAR_INDEX_SCALE = 2
      ARRAY_INT_INDEX_SCALE = 4
      ARRAY_LONG_INDEX_SCALE = 8
      ARRAY_FLOAT_INDEX_SCALE = 4
      ARRAY_DOUBLE_INDEX_SCALE = 8
      ARRAY_OBJECT_INDEX_SCALE = 4
      ADDRESS_SIZE = 8
    valueOffset = 12
    value = 1
  isServerDefined = true
  lock = class java.util.concurrent.locks.ReentrantReadWriteLock@40ca945d
    serialVersionUID = -6992448646407690164
    readerLock = class java.util.concurrent.locks.ReentrantReadWriteLock$ReadLock@345f99
      serialVersionUID = -5992448646407690164
      sync = class java.util.concurrent.locks.ReentrantReadWriteLock$NonfairSync@2d4ea2e7
    writerLock = class java.util.concurrent.locks.ReentrantReadWriteLock$WriteLock@7f52e7eb
      serialVersionUID = -4992448646407690164
      sync = class java.util.concurrent.locks.ReentrantReadWriteLock$NonfairSync@2d4ea2e7
    sync = class java.util.concurrent.locks.ReentrantReadWriteLock$NonfairSync@2d4ea2e7
      serialVersionUID = -8159625535654395037
      serialVersionUID = 6317671515068378041
      SHARED_SHIFT = 16
      SHARED_UNIT = 65536
      MAX_COUNT = 65535
      EXCLUSIVE_MASK = 65535
      readHolds = class java.util.concurrent.locks.ReentrantReadWriteLock$Sync$ThreadLocalHoldCounter@4909cc01
      cachedHoldCounter = class java.util.concurrent.locks.ReentrantReadWriteLock$Sync$HoldCounter@60878bbc
      firstReader = null
      firstReaderHoldCount = 1
      serialVersionUID = 7373984972572414691
      head = null
      tail = null
      state = 65536
      spinForTimeoutThreshold = 1000
      unsafe = class sun.misc.Unsafe@23dfa9a4
      stateOffset = 16
      headOffset = 20
      tailOffset = 24
      waitStatusOffset = 12
      nextOffset = 20
      serialVersionUID = 3737899427754241961
      exclusiveOwnerThread = null
    UNSAFE = class sun.misc.Unsafe@23dfa9a4
    TID_OFFSET = 40
  recoveryAuthDataRef = null

Dump of objectArray[0]
Object type = java.util.ArrayList
  serialVersionUID = 8683452581122892189
  DEFAULT_CAPACITY = 10
  EMPTY_ELEMENTDATA = class java.lang.Object[0]
  DEFAULTCAPACITY_EMPTY_ELEMENTDATA = class java.lang.Object[0]
  elementData = class java.lang.Object[497]
    elementData[0] = -84
    elementData[1] = -19
    elementData[2] = 0
    elementData[3] = 5
    elementData[4] = 115
    elementData[5] = 114
    elementData[6] = 0
    elementData[7] = 32
    elementData[8] = 99
    elementData[9] = 111
    elementData[10] = 109
    elementData[11] = 46
    elementData[12] = 105
    elementData[13] = 98
    elementData[14] = 109
    elementData[15] = 46
    elementData[16] = 101
    elementData[17] = 106
    elementData[18] = 115
    elementData[19] = 46
    elementData[20] = 106
    elementData[21] = 50
    elementData[22] = 99
    elementData[23] = 46
    elementData[24] = 67
    elementData[25] = 77
    elementData[26] = 67
    elementData[27] = 111
    elementData[28] = 110
    elementData[29] = 102
    elementData[30] = 105
    elementData[31] = 103
    elementData[32] = 68
    elementData[33] = 97
    elementData[34] = 116
    elementData[35] = 97
    elementData[36] = 73
    elementData[37] = 109
    elementData[38] = 112
    elementData[39] = 108
    elementData[40] = 28
    elementData[41] = 61
    elementData[42] = -103
    elementData[43] = -127
    elementData[44] = -83
    elementData[45] = -16
    elementData[46] = 99
    elementData[47] = -42
    elementData[48] = 3
    elementData[49] = 0
    elementData[50] = 13
    elementData[51] = 73
    elementData[52] = 0
    elementData[53] = 15
    elementData[54] = 95
    elementData[55] = 98
    elementData[56] = 114
    elementData[57] = 97
    elementData[58] = 110
    elementData[59] = 99
    elementData[60] = 104
    elementData[61] = 67
    elementData[62] = 111
    elementData[63] = 117
    elementData[64] = 112
    elementData[65] = 108
    elementData[66] = 105
    elementData[67] = 110
    elementData[68] = 103
    elementData[69] = 73
    elementData[70] = 0
    elementData[71] = 15
    elementData[72] = 95
    elementData[73] = 99
    elementData[74] = 111
    elementData[75] = 109
    elementData[76] = 109
    elementData[77] = 105
    elementData[78] = 116
    elementData[79] = 80
    elementData[80] = 114
    elementData[81] = 105
    elementData[82] = 111
    elementData[83] = 114
    elementData[84] = 105
    elementData[85] = 116
    elementData[86] = 121
    elementData[87] = 73
    elementData[88] = 0
    elementData[89] = 8
    elementData[90] = 114
    elementData[91] = 101
    elementData[92] = 115
    elementData[93] = 95
    elementData[94] = 97
    elementData[95] = 117
    elementData[96] = 116
    elementData[97] = 104
    elementData[98] = 73
    elementData[99] = 0
    elementData[100] = 19
    elementData[101] = 114
    elementData[102] = 101
    elementData[103] = 115
    elementData[104] = 95
    elementData[105] = 105
    elementData[106] = 115
    elementData[107] = 111
    elementData[108] = 108
    elementData[109] = 97
    elementData[110] = 116
    elementData[111] = 105
    elementData[112] = 111
    elementData[113] = 110
    elementData[114] = 95
    elementData[115] = 108
    elementData[116] = 101
    elementData[117] = 118
    elementData[118] = 101
    elementData[119] = 108
    elementData[120] = 73
    elementData[121] = 0
    elementData[122] = 22
    elementData[123] = 114
    elementData[124] = 101
    elementData[125] = 115
    elementData[126] = 95
    elementData[127] = 114
    elementData[128] = 101
    elementData[129] = 115
    elementData[130] = 111
    elementData[131] = 108
    elementData[132] = 117
    elementData[133] = 116
    elementData[134] = 105
    elementData[135] = 111
    elementData[136] = 110
    elementData[137] = 95
    elementData[138] = 99
    elementData[139] = 111
    elementData[140] = 110
    elementData[141] = 116
    elementData[142] = 114
    elementData[143] = 111
    elementData[144] = 108
    elementData[145] = 90
    elementData[146] = 0
    elementData[147] = 17
    elementData[148] = 114
    elementData[149] = 101
    elementData[150] = 115
    elementData[151] = 95
    elementData[152] = 115
    elementData[153] = 104
    elementData[154] = 97
    elementData[155] = 114
    elementData[156] = 105
    elementData[157] = 110
    elementData[158] = 103
    elementData[159] = 95
    elementData[160] = 115
    elementData[161] = 99
    elementData[162] = 111
    elementData[163] = 112
    elementData[164] = 101
    elementData[165] = 76
    elementData[166] = 0
    elementData[167] = 6
    elementData[168] = 95
    elementData[169] = 67
    elementData[170] = 102
    elementData[171] = 75
    elementData[172] = 101
    elementData[173] = 121
    elementData[174] = 116
    elementData[175] = 0
    elementData[176] = 18
    elementData[177] = 76
    elementData[178] = 106
    elementData[179] = 97
    elementData[180] = 118
    elementData[181] = 97
    elementData[182] = 47
    elementData[183] = 108
    elementData[184] = 97
    elementData[185] = 110
    elementData[186] = 103
    elementData[187] = 47
    elementData[188] = 83
    elementData[189] = 116
    elementData[190] = 114
    elementData[191] = 105
    elementData[192] = 110
    elementData[193] = 103
    elementData[194] = 59
    elementData[195] = 76
    elementData[196] = 0
    elementData[197] = 8
    elementData[198] = 95
    elementData[199] = 80
    elementData[200] = 109
    elementData[201] = 105
    elementData[202] = 78
    elementData[203] = 97
    elementData[204] = 109
    elementData[205] = 101
    elementData[206] = 113
    elementData[207] = 0
    elementData[208] = 126
    elementData[209] = 0
    elementData[210] = 1
    elementData[211] = 76
    elementData[212] = 0
    elementData[213] = 12
    elementData[214] = 99
    elementData[215] = 102
    elementData[216] = 68
    elementData[217] = 101
    elementData[218] = 116
    elementData[219] = 97
    elementData[220] = 105
    elementData[221] = 108
    elementData[222] = 115
    elementData[223] = 75
    elementData[224] = 101
    elementData[225] = 121
    elementData[226] = 113
    elementData[227] = 0
    elementData[228] = 126
    elementData[229] = 0
    elementData[230] = 1
    elementData[231] = 76
    elementData[232] = 0
    elementData[233] = 7
    elementData[234] = 99
    elementData[235] = 102
    elementData[236] = 95
    elementData[237] = 110
    elementData[238] = 97
    elementData[239] = 109
    elementData[240] = 101
    elementData[241] = 113
    elementData[242] = 0
    elementData[243] = 126
    elementData[244] = 0
    elementData[245] = 1
    elementData[246] = 76
    elementData[247] = 0
    elementData[248] = 21
    elementData[249] = 108
    elementData[250] = 111
    elementData[251] = 103
    elementData[252] = 105
    elementData[253] = 110
    elementData[254] = 67
    elementData[255] = 111
    elementData[256] = 110
    elementData[257] = 102
    elementData[258] = 105
    elementData[259] = 103
    elementData[260] = 80
    elementData[261] = 114
    elementData[262] = 111
    elementData[263] = 112
    elementData[264] = 101
    elementData[265] = 114
    elementData[266] = 116
    elementData[267] = 105
    elementData[268] = 101
    elementData[269] = 115
    elementData[270] = 116
    elementData[271] = 0
    elementData[272] = 19
    elementData[273] = 76
    elementData[274] = 106
    elementData[275] = 97
    elementData[276] = 118
    elementData[277] = 97
    elementData[278] = 47
    elementData[279] = 117
    elementData[280] = 116
    elementData[281] = 105
    elementData[282] = 108
    elementData[283] = 47
    elementData[284] = 72
    elementData[285] = 97
    elementData[286] = 115
    elementData[287] = 104
    elementData[288] = 77
    elementData[289] = 97
    elementData[290] = 112
    elementData[291] = 59
    elementData[292] = 76
    elementData[293] = 0
    elementData[294] = 25
    elementData[295] = 108
    elementData[296] = 111
    elementData[297] = 103
    elementData[298] = 105
    elementData[299] = 110
    elementData[300] = 67
    elementData[301] = 111
    elementData[302] = 110
    elementData[303] = 102
    elementData[304] = 105
    elementData[305] = 103
    elementData[306] = 80
    elementData[307] = 114
    elementData[308] = 111
    elementData[309] = 112
    elementData[310] = 115
    elementData[311] = 75
    elementData[312] = 101
    elementData[313] = 121
    elementData[314] = 83
    elementData[315] = 116
    elementData[316] = 114
    elementData[317] = 105
    elementData[318] = 110
    elementData[319] = 103
    elementData[320] = 113
    elementData[321] = 0
    elementData[322] = 126
    elementData[323] = 0
    elementData[324] = 1
    elementData[325] = 76
    elementData[326] = 0
    elementData[327] = 22
    elementData[328] = 108
    elementData[329] = 111
    elementData[330] = 103
    elementData[331] = 105
    elementData[332] = 110
    elementData[333] = 67
    elementData[334] = 111
    elementData[335] = 110
    elementData[336] = 102
    elementData[337] = 105
    elementData[338] = 103
    elementData[339] = 117
    elementData[340] = 114
    elementData[341] = 97
    elementData[342] = 116
    elementData[343] = 105
    elementData[344] = 111
    elementData[345] = 110
    elementData[346] = 78
    elementData[347] = 97
    elementData[348] = 109
    elementData[349] = 101
    elementData[350] = 113
    elementData[351] = 0
    elementData[352] = 126
    elementData[353] = 0
    elementData[354] = 1
    elementData[355] = 120
    elementData[356] = 112
    elementData[357] = -1
    elementData[358] = -1
    elementData[359] = -1
    elementData[360] = -1
    elementData[361] = 0
    elementData[362] = 0
    elementData[363] = 0
    elementData[364] = 0
    elementData[365] = 0
    elementData[366] = 0
    elementData[367] = 0
    elementData[368] = 1
    elementData[369] = 0
    elementData[370] = 0
    elementData[371] = 0
    elementData[372] = 0
    elementData[373] = 0
    elementData[374] = 0
    elementData[375] = 3
    elementData[376] = -25
    elementData[377] = 1
    elementData[378] = 116
    elementData[379] = 0
    elementData[380] = 33
    elementData[381] = 100
    elementData[382] = 97
    elementData[383] = 116
    elementData[384] = 97
    elementData[385] = 83
    elementData[386] = 111
    elementData[387] = 117
    elementData[388] = 114
    elementData[389] = 99
    elementData[390] = 101
    elementData[391] = 91
    elementData[392] = 106
    elementData[393] = 100
    elementData[394] = 98
    elementData[395] = 99
    elementData[396] = 47
    elementData[397] = 112
    elementData[398] = 111
    elementData[399] = 115
    elementData[400] = 116
    elementData[401] = 103
    elementData[402] = 114
    elementData[403] = 101
    elementData[404] = 115
    elementData[405] = 113
    elementData[406] = 108
    elementData[407] = 45
    elementData[408] = 99
    elementData[409] = 108
    elementData[410] = 111
    elementData[411] = 117
    elementData[412] = 100
    elementData[413] = 93
    elementData[414] = 116
    elementData[415] = 0
    elementData[416] = 21
    elementData[417] = 106
    elementData[418] = 100
    elementData[419] = 98
    elementData[420] = 99
    elementData[421] = 47
    elementData[422] = 112
    elementData[423] = 111
    elementData[424] = 115
    elementData[425] = 116
    elementData[426] = 103
    elementData[427] = 114
    elementData[428] = 101
    elementData[429] = 115
    elementData[430] = 113
    elementData[431] = 108
    elementData[432] = 45
    elementData[433] = 99
    elementData[434] = 108
    elementData[435] = 111
    elementData[436] = 117
    elementData[437] = 100
    elementData[438] = 116
    elementData[439] = 0
    elementData[440] = 40
    elementData[441] = 100
    elementData[442] = 97
    elementData[443] = 116
    elementData[444] = 97
    elementData[445] = 83
    elementData[446] = 111
    elementData[447] = 117
    elementData[448] = 114
    elementData[449] = 99
    elementData[450] = 101
    elementData[451] = 91
    elementData[452] = 106
    elementData[453] = 100
    elementData[454] = 98
    elementData[455] = 99
    elementData[456] = 47
    elementData[457] = 112
    elementData[458] = 111
    elementData[459] = 115
    elementData[460] = 116
    elementData[461] = 103
    elementData[462] = 114
    elementData[463] = 101
    elementData[464] = 115
    elementData[465] = 113
    elementData[466] = 108
    elementData[467] = 45
    elementData[468] = 99
    elementData[469] = 108
    elementData[470] = 111
    elementData[471] = 117
    elementData[472] = 100
    elementData[473] = 93
    elementData[474] = 48
    elementData[475] = 48
    elementData[476] = 49
    elementData[477] = 48
    elementData[478] = 48
    elementData[479] = 45
    elementData[480] = 49
    elementData[481] = 116
    elementData[482] = 0
    elementData[483] = 9
    elementData[484] = 117
    elementData[485] = 110
    elementData[486] = 100
    elementData[487] = 101
    elementData[488] = 102
    elementData[489] = 105
    elementData[490] = 110
    elementData[491] = 101
    elementData[492] = 100
    elementData[493] = 112
    elementData[494] = 112
    elementData[495] = 112
    elementData[496] = 120
  size = 497
  MAX_ARRAY_SIZE = 2147483639
  modCount = 1
  MAX_ARRAY_SIZE = 2147483639

