------Start of DE processing------ = [12/8/15 11:57:03:215 IST]
Exception = java.lang.reflect.InvocationTargetException
Source = com.ibm.ws.jaxrs20.ejb.JaxRsFactoryBeanEJBCustomizer
probeid = 350
Stack Dump = java.lang.reflect.InvocationTargetException
	at sun.reflect.NativeMethodAccessorImpl.invoke0(Native Method)
	at sun.reflect.NativeMethodAccessorImpl.invoke(NativeMethodAccessorImpl.java:62)
	at sun.reflect.DelegatingMethodAccessorImpl.invoke(DelegatingMethodAccessorImpl.java:43)
	at java.lang.reflect.Method.invoke(Method.java:497)
	at com.ibm.ws.jaxrs20.ejb.JaxRsFactoryBeanEJBCustomizer.serviceInvoke(JaxRsFactoryBeanEJBCustomizer.java:349)
	at com.ibm.ws.jaxrs20.server.LibertyJaxRsServerFactoryBean.performInvocation(LibertyJaxRsServerFactoryBean.java:593)
	at com.ibm.ws.jaxrs20.server.LibertyJaxRsInvoker.performInvocation(LibertyJaxRsInvoker.java:114)
	at org.apache.cxf.service.invoker.AbstractInvoker.invoke(AbstractInvoker.java:97)
	at com.ibm.ws.jaxrs20.server.LibertyJaxRsInvoker.invoke(LibertyJaxRsInvoker.java:195)
	at org.apache.cxf.jaxrs.JAXRSInvoker.invoke(JAXRSInvoker.java:200)
	at com.ibm.ws.jaxrs20.server.LibertyJaxRsInvoker.invoke(LibertyJaxRsInvoker.java:366)
	at org.apache.cxf.jaxrs.JAXRSInvoker.invoke(JAXRSInvoker.java:99)
	at org.apache.cxf.interceptor.ServiceInvokerInterceptor$1.run(ServiceInvokerInterceptor.java:61)
	at org.apache.cxf.interceptor.ServiceInvokerInterceptor.handleMessage(ServiceInvokerInterceptor.java:99)
	at org.apache.cxf.phase.PhaseInterceptorChain.doIntercept(PhaseInterceptorChain.java:307)
	at org.apache.cxf.transport.ChainInitiationObserver.onMessage(ChainInitiationObserver.java:124)
	at org.apache.cxf.transport.http.AbstractHTTPDestination.invoke(AbstractHTTPDestination.java:259)
	at com.ibm.ws.jaxrs20.endpoint.AbstractJaxRsWebEndpoint.invoke(AbstractJaxRsWebEndpoint.java:134)
	at com.ibm.websphere.jaxrs.server.IBMRestServlet.handleRequest(IBMRestServlet.java:149)
	at com.ibm.websphere.jaxrs.server.IBMRestServlet.doGet(IBMRestServlet.java:115)
	at javax.servlet.http.HttpServlet.service(HttpServlet.java:687)
	at com.ibm.websphere.jaxrs.server.IBMRestServlet.service(IBMRestServlet.java:99)
	at com.ibm.ws.webcontainer.servlet.ServletWrapper.service(ServletWrapper.java:1287)
	at com.ibm.ws.webcontainer.servlet.ServletWrapper.handleRequest(ServletWrapper.java:778)
	at com.ibm.ws.webcontainer.servlet.ServletWrapper.handleRequest(ServletWrapper.java:475)
	at com.ibm.ws.webcontainer.filter.WebAppFilterManager.invokeFilters(WebAppFilterManager.java:1158)
	at com.ibm.ws.webcontainer.webapp.WebApp.handleRequest(WebApp.java:4867)
	at com.ibm.ws.webcontainer31.osgi.webapp.WebApp31.handleRequest(WebApp31.java:523)
	at com.ibm.ws.webcontainer.osgi.DynamicVirtualHost$2.handleRequest(DynamicVirtualHost.java:297)
	at com.ibm.ws.webcontainer.WebContainer.handleRequest(WebContainer.java:997)
	at com.ibm.ws.webcontainer.osgi.DynamicVirtualHost$2.run(DynamicVirtualHost.java:262)
	at com.ibm.ws.http.dispatcher.internal.channel.HttpDispatcherLink$TaskWrapper.run(HttpDispatcherLink.java:955)
	at com.ibm.ws.http.dispatcher.internal.channel.HttpDispatcherLink.ready(HttpDispatcherLink.java:341)
	at com.ibm.ws.http.channel.internal.inbound.HttpInboundLink.handleDiscrimination(HttpInboundLink.java:470)
	at com.ibm.ws.http.channel.internal.inbound.HttpInboundLink.handleNewRequest(HttpInboundLink.java:404)
	at com.ibm.ws.http.channel.internal.inbound.HttpInboundLink.processRequest(HttpInboundLink.java:284)
	at com.ibm.ws.http.channel.internal.inbound.HttpInboundLink.ready(HttpInboundLink.java:255)
	at com.ibm.ws.tcpchannel.internal.NewConnectionInitialReadCallback.sendToDiscriminators(NewConnectionInitialReadCallback.java:174)
	at com.ibm.ws.tcpchannel.internal.NewConnectionInitialReadCallback.complete(NewConnectionInitialReadCallback.java:83)
	at com.ibm.ws.tcpchannel.internal.WorkQueueManager.requestComplete(WorkQueueManager.java:504)
	at com.ibm.ws.tcpchannel.internal.WorkQueueManager.attemptIO(WorkQueueManager.java:574)
	at com.ibm.ws.tcpchannel.internal.WorkQueueManager.workerRun(WorkQueueManager.java:929)
	at com.ibm.ws.tcpchannel.internal.WorkQueueManager$Worker.run(WorkQueueManager.java:1018)
	at java.util.concurrent.ThreadPoolExecutor.runWorker(ThreadPoolExecutor.java:1142)
	at java.util.concurrent.ThreadPoolExecutor$Worker.run(ThreadPoolExecutor.java:617)
	at java.lang.Thread.run(Thread.java:745)
Caused by: javax.ejb.EJBTransactionRolledbackException: nested exception is: javax.ejb.EJBException: See nested exception; nested exception is: java.lang.IllegalArgumentException: You have provided an instance of an incorrect PK class for this find operation.  Class expected : class java.lang.Integer, Class received : class java.lang.Long.
	at com.ibm.ejs.container.BusinessExceptionMappingStrategy.mapCSIException(BusinessExceptionMappingStrategy.java:124)
	at com.ibm.ejs.container.BusinessExceptionMappingStrategy.mapCSITransactionRolledBackException(BusinessExceptionMappingStrategy.java:584)
	at com.ibm.ejs.container.EJSDeployedSupport.mapCSITransactionRolledBackException(EJSDeployedSupport.java:600)
	at com.ibm.ejs.container.EJSContainer.postInvokeRolledbackException(EJSContainer.java:4382)
	at com.ibm.ejs.container.EJSContainer.postInvoke(EJSContainer.java:4073)
	at com.offla.services.EJSLocal0SLAppfr1Bean_8d03ba1d.isPersonInDB(EJSLocal0SLAppfr1Bean_8d03ba1d.java)
	at com.offla.ws.IsPersonOnDB.isPersonOnDataBase(IsPersonOnDB.java:43)
	at com.offla.ws.EJSLocalNSLIsPersonOnDB_1c315ab8.isPersonOnDataBase(EJSLocalNSLIsPersonOnDB_1c315ab8.java)
	... 46 more
Caused by: javax.ejb.EJBException: See nested exception; nested exception is: java.lang.IllegalArgumentException: You have provided an instance of an incorrect PK class for this find operation.  Class expected : class java.lang.Integer, Class received : class java.lang.Long.
	at com.ibm.ejs.container.util.ExceptionUtil.EJBException(ExceptionUtil.java:461)
	at com.ibm.ejs.container.util.ExceptionUtil.EJBException(ExceptionUtil.java:337)
	at com.ibm.ejs.container.BusinessExceptionMappingStrategy.mapException(BusinessExceptionMappingStrategy.java:348)
	at com.ibm.ejs.container.BusinessExceptionMappingStrategy.setUncheckedException(BusinessExceptionMappingStrategy.java:520)
	at com.ibm.ejs.container.EJSDeployedSupport.setUncheckedLocalException(EJSDeployedSupport.java:468)
	... 49 more
Caused by: java.lang.IllegalArgumentException: You have provided an instance of an incorrect PK class for this find operation.  Class expected : class java.lang.Integer, Class received : class java.lang.Long.
	at org.eclipse.persistence.internal.jpa.EntityManagerImpl.findInternal(EntityManagerImpl.java:806)
	at org.eclipse.persistence.internal.jpa.EntityManagerImpl.find(EntityManagerImpl.java:730)
	at org.eclipse.persistence.internal.jpa.EntityManagerImpl.find(EntityManagerImpl.java:599)
	at com.ibm.ws.jpa.management.JPATxEmInvocation.find(JPATxEmInvocation.java:215)
	at com.ibm.ws.jpa.management.JPAEntityManager.find(JPAEntityManager.java:236)
	at com.offla.services.Appfr1Bean.getAppfr1ById(Appfr1Bean.java:32)
	at com.offla.services.Appfr1Bean.isPersonInDB(Appfr1Bean.java:22)
	... 49 more

Dump of callerThis
Object type = com.ibm.ws.jaxrs20.ejb.JaxRsFactoryBeanEJBCustomizer
  tc = class com.ibm.websphere.ras.TraceComponent@d89f225
    strings[0] = "TraceComponent[com.ibm.ws.jaxrs20.ejb.JaxRsFactoryBeanEJBCustomizer,class com.ibm.ws.jaxrs20.ejb.JaxRsFactoryBeanEJBCustomizer,[JaxRs20EJB],com.ibm.ws.jaxrs20.ejb.internal.resources.JaxRsEJBMessages,null]"
  cxfPRHolder = class com.ibm.ws.jaxrs20.metadata.CXFJaxRsProviderResourceHolder@7b70267f
    resourceClasses = class java.util.ArrayList@2d5b68cb
      serialVersionUID = 8683452581122892189
      DEFAULT_CAPACITY = 10
      EMPTY_ELEMENTDATA = class java.lang.Object[0]
      DEFAULTCAPACITY_EMPTY_ELEMENTDATA = class java.lang.Object[0]
      elementData = class java.lang.Object[10]
      size = 4
      MAX_ARRAY_SIZE = 2147483639
      modCount = 4
      MAX_ARRAY_SIZE = 2147483639
    providers = class java.util.ArrayList@17334e58
      serialVersionUID = 8683452581122892189
      DEFAULT_CAPACITY = 10
      EMPTY_ELEMENTDATA = class java.lang.Object[0]
      DEFAULTCAPACITY_EMPTY_ELEMENTDATA = class java.lang.Object[0]
      elementData = class java.lang.Object[10]
      size = 4
      MAX_ARRAY_SIZE = 2147483639
      modCount = 4
      MAX_ARRAY_SIZE = 2147483639
    resouceProviderMap = class java.util.HashMap@1bc6d656
      serialVersionUID = 362498820763181265
      DEFAULT_INITIAL_CAPACITY = 16
      MAXIMUM_CAPACITY = 1073741824
      DEFAULT_LOAD_FACTOR = 0.75
      TREEIFY_THRESHOLD = 8
      UNTREEIFY_THRESHOLD = 6
      MIN_TREEIFY_CAPACITY = 64
      table = class java.util.HashMap$Node[16]
      entrySet = class java.util.HashMap$EntrySet@106e3d27
      size = 4
      modCount = 4
      threshold = 12
      loadFactor = 0.75
      keySet = null
      values = null
    abstractResourceMap = class java.util.HashMap@4610c451
      serialVersionUID = 362498820763181265
      DEFAULT_INITIAL_CAPACITY = 16
      MAXIMUM_CAPACITY = 1073741824
      DEFAULT_LOAD_FACTOR = 0.75
      TREEIFY_THRESHOLD = 8
      UNTREEIFY_THRESHOLD = 6
      MIN_TREEIFY_CAPACITY = 64
      table = null
      entrySet = null
      size = 0
      modCount = 0
      threshold = 0
      loadFactor = 0.75
      keySet = null
      values = null
    serialVersionUID = 2714569335892004126
    $$$tc$$$ = class com.ibm.websphere.ras.TraceComponent@6337ce45
      strings[0] = "TraceComponent[com.ibm.ws.jaxrs20.metadata.CXFJaxRsProviderResourceHolder,class com.ibm.ws.jaxrs20.metadata.CXFJaxRsProviderResourceHolder,[],null,null]"
  exceptionMappers = class java.util.HashSet@4d8e11d3
    serialVersionUID = -5024744406713321676
    map = class java.util.HashMap@7f18a959
      serialVersionUID = 362498820763181265
      DEFAULT_INITIAL_CAPACITY = 16
      MAXIMUM_CAPACITY = 1073741824
      DEFAULT_LOAD_FACTOR = 0.75
      TREEIFY_THRESHOLD = 8
      UNTREEIFY_THRESHOLD = 6
      MIN_TREEIFY_CAPACITY = 64
      table = null
      entrySet = null
      size = 0
      modCount = 0
      threshold = 0
      loadFactor = 0.75
      keySet = null
      values = null
    PRESENT = class java.lang.Object@55d25177
    MAX_ARRAY_SIZE = 2147483639
  SERVER_PROVIDER_CLASS_NAMES = class java.util.HashSet@6d2f0fb2
    serialVersionUID = -5024744406713321676
    map = class java.util.HashMap@5212b1b
      serialVersionUID = 362498820763181265
      DEFAULT_INITIAL_CAPACITY = 16
      MAXIMUM_CAPACITY = 1073741824
      DEFAULT_LOAD_FACTOR = 0.75
      TREEIFY_THRESHOLD = 8
      UNTREEIFY_THRESHOLD = 6
      MIN_TREEIFY_CAPACITY = 64
      table = class java.util.HashMap$Node[16]
      entrySet = null
      size = 11
      modCount = 11
      threshold = 12
      loadFactor = 0.75
      keySet = null
      values = null
    PRESENT = class java.lang.Object@55d25177
    MAX_ARRAY_SIZE = 2147483639
  serialVersionUID = 6716183167089884617
  $$$tc$$$ = class com.ibm.websphere.ras.TraceComponent@1561d51c
    strings[0] = "TraceComponent[com.ibm.ws.jaxrs20.ejb.JaxRsFactoryBeanEJBCustomizer,class com.ibm.ws.jaxrs20.ejb.JaxRsFactoryBeanEJBCustomizer,[JaxRs20EJB],com.ibm.ws.jaxrs20.ejb.internal.resources.JaxRsEJBMessages,null]"

Dump of objectArray[0]
Object type = com.offla.ws.IsPersonOnDB
  service = null

Dump of objectArray[1]
Object type = java.lang.reflect.Method
  clazz = class java.lang.Class@24ceeadc
    ANNOTATION = 8192
    ENUM = 16384
    SYNTHETIC = 4096
    cachedConstructor = null
    newInstanceCallerCache = null
    name = "com.offla.ws.IsPersonOnDB"
    allPermDomain = class java.security.ProtectionDomain@2e7cbe1c
    useCaches = true
    reflectionData = class java.lang.ref.SoftReference@75f24e92
      clock = 7857462
      timestamp = 7857462
      referent = class java.lang.Class$ReflectionData@4ca06832
      queue = class java.lang.ref.ReferenceQueue$Null@ebb4f83
      next = null
      discovered = null
      lock = class java.lang.ref.Reference$Lock@58f165e7
      pending = null
    classRedefinedCount = 0
    genericInfo = null
    serialVersionUID = 3206093459760846163
    serialPersistentFields = class java.io.ObjectStreamField[0]
    reflectionFactory = class sun.reflect.ReflectionFactory@3525e34a
    initted = true
    enumConstants = null
    enumConstantDirectory = null
    annotationData = class java.lang.Class$AnnotationData@228df180
      annotations = class java.util.LinkedHashMap@237ef9d0
      declaredAnnotations = class java.util.LinkedHashMap@237ef9d0
      redefinedCount = 0
    annotationType = null
    classValueMap = null
  slot = 0
  name = "isPersonOnDataBase"
  returnType = class java.lang.Class@738dd95c
    ANNOTATION = 8192
    ENUM = 16384
    SYNTHETIC = 4096
    cachedConstructor = null
    newInstanceCallerCache = null
    name = "java.lang.String"
    allPermDomain = class java.security.ProtectionDomain@2e7cbe1c
      codesource = null
      classloader = null
      principals = interface java.security.Principal[0]
      permissions = class java.security.Permissions@523f917d
      hasAllPerm = true
      staticPermissions = true
      key = class java.security.ProtectionDomain$Key@983442f
      debug = null
    useCaches = true
    reflectionData = class java.lang.ref.SoftReference@1b20f31a
      clock = 7857462
      timestamp = 7857462
      referent = class java.lang.Class$ReflectionData@84eb6dc
      queue = class java.lang.ref.ReferenceQueue$Null@ebb4f83
      next = null
      discovered = null
      lock = class java.lang.ref.Reference$Lock@58f165e7
      pending = null
    classRedefinedCount = 0
    genericInfo = null
    serialVersionUID = 3206093459760846163
    serialPersistentFields = class java.io.ObjectStreamField[0]
    reflectionFactory = class sun.reflect.ReflectionFactory@3525e34a
    initted = true
    enumConstants = null
    enumConstantDirectory = null
    annotationData = class java.lang.Class$AnnotationData@48490ced
      annotations = class java.util.Collections$EmptyMap@6e4f5856
      declaredAnnotations = class java.util.Collections$EmptyMap@6e4f5856
      redefinedCount = 0
    annotationType = null
    classValueMap = null
  parameterTypes = class java.lang.Class[3]
    parameterTypes[0] = class java.lang.Class@738dd95c
    parameterTypes[1] = class java.lang.Class@738dd95c
    parameterTypes[2] = class java.lang.Class@738dd95c
  exceptionTypes = class java.lang.Class[0]
  modifiers = 1
  signature = null
  genericInfo = null
  annotations = {0,3,0,20,0,0,0,21,0,1,0,22,115,0,23,0,24,0,1,0,22,91,0,1,115,0,25} /* array length = 27*/
  parameterAnnotations = {3,0,1,0,27,0,1,0,22,115,0,28,0,1,0,27,0,1,0,22,115,0,29,0,1,0,27,0,1,0,22,115,0,30} /* array length = 34*/
  annotationDefault = null
  methodAccessor = class sun.reflect.DelegatingMethodAccessorImpl@5a21a125
    delegate = class sun.reflect.NativeMethodAccessorImpl@3e0723a4
      method = class java.lang.reflect.Method@41af953b
      parent = class sun.reflect.DelegatingMethodAccessorImpl@5a21a125
      numInvocations = 1
  root = class java.lang.reflect.Method@711f3e3d
    clazz = class java.lang.Class@24ceeadc
    slot = 0
    name = "isPersonOnDataBase"
    returnType = class java.lang.Class@738dd95c
    parameterTypes = class java.lang.Class[3]
    exceptionTypes = class java.lang.Class[0]
    modifiers = 1
    signature = null
    genericInfo = null
    annotations = {0,3,0,20,0,0,0,21,0,1,0,22,115,0,23,0,24,0,1,0,22,91,0,1,115,0,25} /* array length = 27*/
    parameterAnnotations = {3,0,1,0,27,0,1,0,22,115,0,28,0,1,0,27,0,1,0,22,115,0,29,0,1,0,27,0,1,0,22,115,0,30} /* array length = 34*/
    annotationDefault = null
    methodAccessor = class sun.reflect.DelegatingMethodAccessorImpl@5a21a125
    root = null
    hasRealParameterData = false
    parameters = null
    declaredAnnotations = class java.util.LinkedHashMap@45239f67
    ACCESS_PERMISSION = class java.lang.reflect.ReflectPermission@103bfbcc
    override = false
    reflectionFactory = class sun.reflect.ReflectionFactory@3525e34a
    securityCheckCache = null
  hasRealParameterData = false
  parameters = null
  declaredAnnotations = class java.util.LinkedHashMap@45239f67
    serialVersionUID = 3801124242820219131
    head = class java.util.LinkedHashMap$Entry@142a8765
      before = null
      after = class java.util.LinkedHashMap$Entry@21b6d02e
      hash = 716485483
      key = class java.lang.Class@2ab499df
      value = class com.sun.proxy.$Proxy36@6e98ddd2
      next = null
    tail = class java.util.LinkedHashMap$Entry@61016536
      before = class java.util.LinkedHashMap$Entry@21b6d02e
      after = null
      hash = 1754533711
      key = class java.lang.Class@689467db
      value = class com.sun.proxy.$Proxy33@5caa74e0
      next = null
    accessOrder = false
    serialVersionUID = 362498820763181265
    DEFAULT_INITIAL_CAPACITY = 16
    MAXIMUM_CAPACITY = 1073741824
    DEFAULT_LOAD_FACTOR = 0.75
    TREEIFY_THRESHOLD = 8
    UNTREEIFY_THRESHOLD = 6
    MIN_TREEIFY_CAPACITY = 64
    table = class java.util.HashMap$Node[16]
      table[0] = null
      table[1] = null
      table[2] = null
      table[3] = null
      table[4] = null
      table[5] = null
      table[6] = null
      table[7] = null
      table[8] = null
      table[9] = null
      table[10] = null
      table[11] = class java.util.LinkedHashMap$Entry@142a8765
      table[12] = null
      table[13] = class java.util.LinkedHashMap$Entry@21b6d02e
      table[14] = null
      table[15] = class java.util.LinkedHashMap$Entry@61016536
    entrySet = null
    size = 3
    modCount = 3
    threshold = 12
    loadFactor = 0.75
    keySet = null
    values = class java.util.LinkedHashMap$LinkedValues@cf1c766
      this$0 = class java.util.LinkedHashMap@45239f67
      MAX_ARRAY_SIZE = 2147483639
  ACCESS_PERMISSION = class java.lang.reflect.ReflectPermission@103bfbcc
    serialVersionUID = 7412737110241507485
    serialVersionUID = 6279438298436773498
    wildcard = false
    path = "suppressAccessChecks"
    exitVM = false
    serialVersionUID = -5636570222231596674
    name = "suppressAccessChecks"
  override = false
  reflectionFactory = class sun.reflect.ReflectionFactory@3525e34a
    initted = true
    reflectionFactoryAccessPerm = class java.lang.RuntimePermission@48040c39
      serialVersionUID = 7399184964622342223
      serialVersionUID = 6279438298436773498
      wildcard = false
      path = "reflectionFactoryAccess"
      exitVM = false
      serialVersionUID = -5636570222231596674
      name = "reflectionFactoryAccess"
    soleInstance = class sun.reflect.ReflectionFactory@3525e34a
    langReflectAccess = class java.lang.reflect.ReflectAccess@5c70b309
    noInflation = false
    inflationThreshold = 15
  securityCheckCache = null

Dump of objectArray[2]
Object type = [Ljava.lang.Object;
  Object type[0] = "0"
  Object type[1] = "0"
  Object type[2] = "3186855333"

Dump of objectArray[3]
Object type = java.lang.Boolean
  TRUE = true
  FALSE = false
  TYPE = class java.lang.Class@439f5b3d
    ANNOTATION = 8192
    ENUM = 16384
    SYNTHETIC = 4096
    cachedConstructor = null
    newInstanceCallerCache = null
    name = "boolean"
    allPermDomain = class java.security.ProtectionDomain@2e7cbe1c
      codesource = null
      classloader = null
      principals = interface java.security.Principal[0]
      permissions = class java.security.Permissions@523f917d
      hasAllPerm = true
      staticPermissions = true
      key = class java.security.ProtectionDomain$Key@983442f
      debug = null
    useCaches = true
    reflectionData = null
    classRedefinedCount = 0
    genericInfo = null
    serialVersionUID = 3206093459760846163
    serialPersistentFields = class java.io.ObjectStreamField[0]
    reflectionFactory = class sun.reflect.ReflectionFactory@3525e34a
      initted = true
      reflectionFactoryAccessPerm = class java.lang.RuntimePermission@48040c39
      soleInstance = class sun.reflect.ReflectionFactory@3525e34a
      langReflectAccess = class java.lang.reflect.ReflectAccess@5c70b309
      noInflation = false
      inflationThreshold = 15
    initted = true
    enumConstants = null
    enumConstantDirectory = null
    annotationData = null
    annotationType = null
    classValueMap = null
  value = false
  serialVersionUID = -3665804199014368530

Dump of objectArray[4]
Object type = java.util.HashMap
  serialVersionUID = 362498820763181265
  DEFAULT_INITIAL_CAPACITY = 16
  MAXIMUM_CAPACITY = 1073741824
  DEFAULT_LOAD_FACTOR = 0.75
  TREEIFY_THRESHOLD = 8
  UNTREEIFY_THRESHOLD = 6
  MIN_TREEIFY_CAPACITY = 64
  table = class java.util.HashMap$Node[16]
    table[0] = null
    table[1] = null
    table[2] = class java.util.HashMap$Node@2a73a7b2
      hash = -927863838
      key = "com.offla.ws.HolaWS"
      value = class com.ibm.ws.jaxrs20.ejb.EJBInfo@39f85c11
      next = null
    table[3] = null
    table[4] = null
    table[5] = class java.util.HashMap$Node@42ed3ec5
      hash = 274784133
      key = "com.offla.ws.NotificationSenderWSTestReceptor"
      value = class com.ibm.ws.jaxrs20.ejb.EJBInfo@59e8eb30
      next = class java.util.HashMap$Node@96c2f8d
    table[6] = null
    table[7] = null
    table[8] = null
    table[9] = class java.util.HashMap$Node@5bb2f0d8
      hash = 425987529
      key = "com.offla.services.Appfr1Bean"
      value = class com.ibm.ws.jaxrs20.ejb.EJBInfo@1b29b766
      next = null
    table[10] = null
    table[11] = null
    table[12] = null
    table[13] = class java.util.HashMap$Node@25b13eb8
      hash = -527998067
      key = "com.offla.ws.GoogleTokensWS"
      value = class com.ibm.ws.jaxrs20.ejb.EJBInfo@720ff265
      next = class java.util.HashMap$Node@5066d9d
    table[14] = class java.util.HashMap$Node@1248538b
      hash = -1213113714
      key = "com.offla.services.CellarixTxnBean"
      value = class com.ibm.ws.jaxrs20.ejb.EJBInfo@75804fc6
      next = null
    table[15] = null
  entrySet = class java.util.HashMap$EntrySet@3cb858be
    this$0 = class java.util.HashMap@6be072d3
    MAX_ARRAY_SIZE = 2147483639
  size = 8
  modCount = 8
  threshold = 12
  loadFactor = 0.75
  keySet = null
  values = null

