------Start of DE processing------ = [12/8/15 11:02:44:961 IST]
Exception = org.postgresql.xa.PGXAException
Source = com.ibm.ws.rsadapter.spi.WSRdbXaResourceImpl.rollback
probeid = 524
Stack Dump = org.postgresql.xa.PGXAException: Error rolling back prepared transaction
	at org.postgresql.xa.PGXAConnection.rollback(PGXAConnection.java:445)
	at com.ibm.ws.rsadapter.spi.WSRdbXaResourceImpl.rollback(WSRdbXaResourceImpl.java:1026)
	at com.ibm.ejs.j2c.XATransactionWrapper.rollback(XATransactionWrapper.java:1131)
	at com.ibm.tx.jta.impl.JTAXAResourceImpl.rollback(JTAXAResourceImpl.java:381)
	at com.ibm.tx.jta.impl.RegisteredResources.deliverOutcome(RegisteredResources.java:1613)
	at com.ibm.tx.jta.impl.RegisteredResources.distributeOutcome(RegisteredResources.java:1852)
	at com.ibm.tx.jta.embeddable.impl.EmbeddableRegisteredResources.rollbackResources(EmbeddableRegisteredResources.java:54)
	at com.ibm.tx.jta.embeddable.impl.EmbeddableTransactionImpl.rollbackResources(EmbeddableTransactionImpl.java:141)
	at com.ibm.tx.jta.embeddable.impl.EmbeddableTranManagerImpl.completeTxTimeout(EmbeddableTranManagerImpl.java:116)
	at com.ibm.tx.jta.embeddable.impl.EmbeddableTranManagerSet.completeTxTimeout(EmbeddableTranManagerSet.java:92)
	at com.ibm.ejs.csi.TransactionControlImpl.completeTxTimeout(TransactionControlImpl.java:1201)
	at com.ibm.ejs.csi.TranStrategy.postInvoke(TranStrategy.java:196)
	at com.ibm.ejs.csi.TransactionControlImpl.postInvoke(TransactionControlImpl.java:482)
	at com.ibm.ejs.container.EJSContainer.postInvoke(EJSContainer.java:3989)
	at com.offla.services.EJSLocal0SLAppfr1Bean_8d03ba1d.isPersonInDB(EJSLocal0SLAppfr1Bean_8d03ba1d.java)
	at com.offla.ws.IsPersonOnDB.isPersonOnDataBase(IsPersonOnDB.java:43)
	at com.offla.ws.EJSLocalNSLIsPersonOnDB_1c315ab8.isPersonOnDataBase(EJSLocalNSLIsPersonOnDB_1c315ab8.java)
	at sun.reflect.NativeMethodAccessorImpl.invoke0(Native Method)
	at sun.reflect.NativeMethodAccessorImpl.invoke(NativeMethodAccessorImpl.java:62)
	at sun.reflect.DelegatingMethodAccessorImpl.invoke(DelegatingMethodAccessorImpl.java:43)
	at java.lang.reflect.Method.invoke(Method.java:497)
	at com.ibm.ws.jaxrs20.ejb.JaxRsFactoryBeanEJBCustomizer.serviceInvoke(JaxRsFactoryBeanEJBCustomizer.java:349)
	at com.ibm.ws.jaxrs20.server.LibertyJaxRsServerFactoryBean.performInvocation(LibertyJaxRsServerFactoryBean.java:593)
	at com.ibm.ws.jaxrs20.server.LibertyJaxRsInvoker.performInvocation(LibertyJaxRsInvoker.java:114)
	at org.apache.cxf.service.invoker.AbstractInvoker.invoke(AbstractInvoker.java:97)
	at com.ibm.ws.jaxrs20.server.LibertyJaxRsInvoker.invoke(LibertyJaxRsInvoker.java:195)
	at org.apache.cxf.jaxrs.JAXRSInvoker.invoke(JAXRSInvoker.java:200)
	at com.ibm.ws.jaxrs20.server.LibertyJaxRsInvoker.invoke(LibertyJaxRsInvoker.java:366)
	at org.apache.cxf.jaxrs.JAXRSInvoker.invoke(JAXRSInvoker.java:99)
	at org.apache.cxf.interceptor.ServiceInvokerInterceptor$1.run(ServiceInvokerInterceptor.java:61)
	at org.apache.cxf.interceptor.ServiceInvokerInterceptor.handleMessage(ServiceInvokerInterceptor.java:99)
	at org.apache.cxf.phase.PhaseInterceptorChain.doIntercept(PhaseInterceptorChain.java:307)
	at org.apache.cxf.transport.ChainInitiationObserver.onMessage(ChainInitiationObserver.java:124)
	at org.apache.cxf.transport.http.AbstractHTTPDestination.invoke(AbstractHTTPDestination.java:259)
	at com.ibm.ws.jaxrs20.endpoint.AbstractJaxRsWebEndpoint.invoke(AbstractJaxRsWebEndpoint.java:134)
	at com.ibm.websphere.jaxrs.server.IBMRestServlet.handleRequest(IBMRestServlet.java:149)
	at com.ibm.websphere.jaxrs.server.IBMRestServlet.doGet(IBMRestServlet.java:115)
	at javax.servlet.http.HttpServlet.service(HttpServlet.java:687)
	at com.ibm.websphere.jaxrs.server.IBMRestServlet.service(IBMRestServlet.java:99)
	at com.ibm.ws.webcontainer.servlet.ServletWrapper.service(ServletWrapper.java:1287)
	at com.ibm.ws.webcontainer.servlet.ServletWrapper.handleRequest(ServletWrapper.java:778)
	at com.ibm.ws.webcontainer.servlet.ServletWrapper.handleRequest(ServletWrapper.java:475)
	at com.ibm.ws.webcontainer.filter.WebAppFilterManager.invokeFilters(WebAppFilterManager.java:1158)
	at com.ibm.ws.webcontainer.webapp.WebApp.handleRequest(WebApp.java:4867)
	at com.ibm.ws.webcontainer31.osgi.webapp.WebApp31.handleRequest(WebApp31.java:523)
	at com.ibm.ws.webcontainer.osgi.DynamicVirtualHost$2.handleRequest(DynamicVirtualHost.java:297)
	at com.ibm.ws.webcontainer.WebContainer.handleRequest(WebContainer.java:997)
	at com.ibm.ws.webcontainer.osgi.DynamicVirtualHost$2.run(DynamicVirtualHost.java:262)
	at com.ibm.ws.http.dispatcher.internal.channel.HttpDispatcherLink$TaskWrapper.run(HttpDispatcherLink.java:955)
	at com.ibm.ws.http.dispatcher.internal.channel.HttpDispatcherLink.ready(HttpDispatcherLink.java:341)
	at com.ibm.ws.http.channel.internal.inbound.HttpInboundLink.handleDiscrimination(HttpInboundLink.java:470)
	at com.ibm.ws.http.channel.internal.inbound.HttpInboundLink.handleNewRequest(HttpInboundLink.java:404)
	at com.ibm.ws.http.channel.internal.inbound.HttpInboundLink.processRequest(HttpInboundLink.java:284)
	at com.ibm.ws.http.channel.internal.inbound.HttpInboundLink.ready(HttpInboundLink.java:255)
	at com.ibm.ws.tcpchannel.internal.NewConnectionInitialReadCallback.sendToDiscriminators(NewConnectionInitialReadCallback.java:174)
	at com.ibm.ws.tcpchannel.internal.NewConnectionInitialReadCallback.complete(NewConnectionInitialReadCallback.java:83)
	at com.ibm.ws.tcpchannel.internal.WorkQueueManager.requestComplete(WorkQueueManager.java:504)
	at com.ibm.ws.tcpchannel.internal.WorkQueueManager.attemptIO(WorkQueueManager.java:574)
	at com.ibm.ws.tcpchannel.internal.WorkQueueManager.workerRun(WorkQueueManager.java:929)
	at com.ibm.ws.tcpchannel.internal.WorkQueueManager$Worker.run(WorkQueueManager.java:1018)
	at java.util.concurrent.ThreadPoolExecutor.runWorker(ThreadPoolExecutor.java:1142)
	at java.util.concurrent.ThreadPoolExecutor$Worker.run(ThreadPoolExecutor.java:617)
	at java.lang.Thread.run(Thread.java:745)
Caused by: org.postgresql.util.PSQLException: This connection has been closed.
	at org.postgresql.jdbc2.AbstractJdbc2Connection.checkClosed(AbstractJdbc2Connection.java:853)
	at org.postgresql.jdbc2.AbstractJdbc2Connection.rollback(AbstractJdbc2Connection.java:870)
	at org.postgresql.xa.PGXAConnection.rollback(PGXAConnection.java:420)
	... 62 more

Dump of callerThis
Object type = com.ibm.ws.rsadapter.spi.WSRdbXaResourceImpl
  strings[0] = "_______________________________________________________________________"
  strings[1] = ""
  strings[2] = "    First Failure Data Capture information for"
  strings[3] = "          com.ibm.ws.rsadapter.spi.WSRdbManagedConnectionImpl@10e312bb"
  strings[4] = "_______________________________________________________________________"
  strings[5] = ""
  strings[6] = "TWO PHASE ENABLED
"
  strings[7] = "Connection sharing: "
  strings[8] = "  0
"
  strings[9] = "Database Type:"
  strings[10] = "  null
"
  strings[11] = "Transaction State:"
  strings[12] = "  TRANSACTION_ENDING
"
  strings[13] = "Key:"
  strings[14] = "  [B@2f8b9350
"
  strings[15] = "Log Writer:"
  strings[16] = "  null
"
  strings[17] = "Subject:"
  strings[18] = "  null
"
  strings[19] = "ManagedConnection:"
  strings[20] = "  WSRdbManagedConnectionImpl@10e312bb
"
  strings[21] = "Counter of fatal connection errors for the ManagedConnectionFactory as of the most recent getConnection on this ManagedConnection:"
  strings[22] = "  0
"
  strings[23] = "Default AutoCommit:"
  strings[24] = "  true
"
  strings[25] = "Current AutoCommit:"
  strings[26] = "  true
"
  strings[27] = "Current Isolation:"
  strings[28] = "  READ COMMITTED (2)
"
  strings[29] = "Isolation level has changed? :"
  strings[30] = "  false
"
  strings[31] = "Support isolation level switching: "
  strings[32] = "  false
"
  strings[33] = "The tc name is: 
"
  strings[34] = "null
"
  strings[35] = "The tc original user is: 
"
  strings[36] = "null
"
  strings[37] = "The tc releam  is: 
"
  strings[38] = "null
"
  strings[39] = "The tc user security token is: 
"
  strings[40] = "null
"
  strings[41] = "The connection wait Time for the mc is: "
  strings[42] = "  0
"
  strings[43] = "The j2eename is: 
"
  strings[44] = "offlaserver01WS#offlaserver01WS.war#Appfr1Bean
"
  strings[45] = "The gssCredential is: 
"
  strings[46] = "null
"
  strings[47] = "The gssName is: 
"
  strings[48] = "null
"
  strings[49] = "Catalog, IsReadOnly, TypeMap, Schema, or NetworkTimeout has changed? :"
  strings[50] = "  false
"
  strings[51] = "Default Holdability:"
  strings[52] = "  CLOSE CURSORS AT COMMIT (2)
"
  strings[53] = "Current Holdability:"
  strings[54] = "  CLOSE CURSORS AT COMMIT (2)
"
  strings[55] = "Holdability value has changed? :"
  strings[56] = "  false
"
  strings[57] = "Thread ID:"
  strings[58] = "  null
"
  strings[59] = "Lazily enlisted in the current transaction? :"
  strings[60] = "  false
"
  strings[61] = "Underlying Connection Object: com.sun.proxy.$Proxy51@5ac37f4c"
  strings[62] = "  Pooled connection wrapping physical connection org.postgresql.jdbc4.Jdbc4Connection@2fdc0439
"
  strings[63] = "Underlying PooledConnection Object: org.postgresql.xa.PGXAConnection@241254ab"
  strings[64] = "  org.postgresql.xa.PGXAConnection@241254ab
"
  strings[65] = "SQLJ Default Context: null"
  strings[66] = "  null
"
  strings[67] = "Fatal connection error was detected? :"
  strings[68] = "  false
"
  strings[69] = "Currently cleaning up handles? :"
  strings[70] = "  false
"
  strings[71] = "Last ConnectionEvent sent for this ManagedConnection:
"
  strings[72] = "  com.ibm.ws.rsadapter.spi.WSConnectionEvent@65010a2"
  strings[73] = "  Connection Handle: com.ibm.ws.rsadapter.jdbc.WSJdbcConnection@47a8363b"
  strings[74] = "  Event ID: CONNECTION CLOSED (1)"
  strings[75] = "  Exception: null"
  strings[76] = ""
  strings[77] = "Connection Event Listeners:
"
  strings[78] = ""
  strings[79] = "Maximum Handle List Size: 15
"
  strings[80] = "Handle Count: 0
"
  strings[81] = "Handles:
"
  strings[82] = "  null"
  strings[83] = "  null"
  strings[84] = "  null"
  strings[85] = "  null"
  strings[86] = "  null"
  strings[87] = "  null"
  strings[88] = "  null"
  strings[89] = "  null"
  strings[90] = "  null"
  strings[91] = "  null"
  strings[92] = "  null"
  strings[93] = "  null"
  strings[94] = "  null"
  strings[95] = "  null"
  strings[96] = "  null"
  strings[97] = ""
  strings[98] = "State Manager:"
  strings[99] = "  com.ibm.ws.rsadapter.spi.WSStateManager@89a1f3b
"
  strings[100] = "_______________________________________________________________________"
  strings[101] = ""
  strings[102] = "    First Failure Data Capture information for"
  strings[103] = "          com.ibm.ws.rsadapter.spi.WSRdbXaResourceImpl@1110a466"
  strings[104] = "_______________________________________________________________________"
  strings[105] = ""
  strings[106] = "ManagedConnection:"
  strings[107] = "  WSRdbManagedConnectionImpl@10e312bb
"
  strings[108] = "Underlying XAResource Object: org.postgresql.xa.PGXAConnection@241254ab"
  strings[109] = "  org.postgresql.xa.PGXAConnection@241254ab
"
  strings[110] = "Xid: "
  strings[111] = "  com.ibm.tx.jta.impl.XidImpl@3e1ba58f
                                 {XidImpl: formatId(57415344), gtrid_length(36), bqual_length(54),
data(0000015180d2255f00000006034895846da32d024096bb03570c65b08e8873c56d84a9a70000015180d2255f00000006034895846da32d024096bb03570c65b08e8873c56d84a9a7000000010000000000000000000000000001)}
                                 Global Transaction ID: 00 00 01 51 80 d2 25 5f 00 00 00 06 03 48 95 84 6d a3 2d 02 40 96 bb 03 57 0c 65 b0 8e 88 73 c5 6d 84 a9 a7 
                                 Branch Qualifier:      00 00 01 51 80 d2 25 5f 00 00 00 06 03 48 95 84 6d a3 2d 02 40 96 bb 03 57 0c 65 b0 8e 88 73 c5 6d 84 a9 a7 00 00 00 01 00 00 00 00 00 00 00 00 00 00 00 00 00 01 
                                 Format ID:             1463898948
"
  strings[112] = "SPI LocalTransaction :"
  strings[113] = "  null
"
  strings[114] = "ManagedConnectionMetaData:"
  strings[115] = "  null
"
  strings[116] = "Statement Cache:"
    
com.ibm.ws.rsadapter.spi.CacheMap@384877ee
Number of entries:   1
Maximum entries:     10
Number of buckets:   13
Maximum bucket size: 5
Number of discards:  0

BUCKET SIZE PREV NEXT
  000  000  013  013
  001  000  013  013
  002  000  013  013
  003  000  013  013
  004  000  013  013
  005  000  013  013
  006  000  013  013
  007  001  013  014
                      3ed79732 PSTMT: SELECT LKP FROM "appfr1" WHERE (LKP = "?) 1003 1007 2 0 0 public0
  008  000  013  013
  009  000  013  013
  010  000  013  013
  011  000  013  013
  012  000  013  013
  013  LRU       007
  014  MRU  007

"
  strings[118] = "_______________________________________________________________________"
  strings[119] = ""
  strings[120] = "    First Failure Data Capture information for"
  strings[121] = "          com.ibm.ws.rsadapter.spi.WSConnectionRequestInfoImpl@666c3414"
  strings[122] = "_______________________________________________________________________"
  strings[123] = ""
  extention DS properties     = ""
  strings[125] = "  null
"
  extention DS properties key = ""
  strings[127] = "  -1
"
  useHetrogeneous = ""
  strings[129] = "  false
"
  changable CRI = ""
  strings[131] = "  true
"
  optimizeForGetUseCloseUsage = ""
  strings[133] = "  false
"
  propagateClientIdentityUsingTrustedContext = ""
  strings[135] = "  false
"
  strings[136] = "User Name:"
  strings[137] = "  admin
"
  strings[138] = "Password:"
  strings[139] = "  ******
"
  strings[140] = "Isolation Level:"
  strings[141] = "  READ COMMITTED (2)
"
  strings[142] = "Catalog:"
  strings[143] = "  null
"
  strings[144] = "Schema:"
  strings[145] = "  null
"
  strings[146] = "Is Read Only?"
  strings[147] = "  null
"
  strings[148] = "Type Map:"
  strings[149] = "  null
"
  strings[150] = "Cursor Holdability:"
  strings[151] = "  DEFAULT CURSOR HOLDABILITY VALUE (0)
"
  strings[152] = "Config ID: 1
"
  strings[153] = "Hash Code:"
  strings[154] = "  ff9898a3
"
  strings[155] = "Support isolation switching on connection:"
  strings[156] = "  false
"
  strings[157] = "NoEnlistment: "
  strings[158] = "  false
"
  strings[159] = "ShareWithCMPOnly: "
  strings[160] = "  false
"
  strings[161] = "propagateClientIdentityUsingTrustedContext: "
  strings[162] = "  false
"
  strings[163] = "TrustedContext_name: 
"
  strings[164] = "null
"
  strings[165] = "TrustedContext_realm: 
"
  strings[166] = "null
"
  strings[167] = "TrustedContext_userSecToken: 
"
  strings[168] = "
"
  strings[169] = "TrustedContext_originalUser: 
"
  strings[170] = "null
"
  gssName = "
"
  strings[172] = "null
"
  gssCredential = "
"
  strings[174] = "null
"
  J2EEName = "
"
  strings[176] = "offlaserver01WS#offlaserver01WS.war#Appfr1Bean
"
  oracle properties = "
"
  strings[178] = "null
"
  strings[179] = "_______________________________________________________________________"
  strings[180] = ""
  strings[181] = "    First Failure Data Capture information for"
  strings[182] = "          com.ibm.ws.rsadapter.spi.WSManagedConnectionFactoryImpl@4da85cba"
  strings[183] = "_______________________________________________________________________"
  strings[184] = ""
  strings[185] = "com.ibm.ws.rsadapter.DSConfig@768acc03"
  strings[186] = "[beginTranForResultSetScrollingAPIs, true, beginTranForVendorAPIs, true, commitOrRollbackOnCleanup, null, connectionSharing, 0, isolationLevel, -1, jndiName, jdbc/postgresql-cloud, queryTimeout, null, resultSetUnusableWhenNoMoreResults, false, statementCacheSize, 10, supplementalJDBCTrace, null, syncQueryTimeoutWithTransactionTimeout, false, transactional, true]"
  strings[187] = "[com.ibm.ws.classloading.internal.AppClassLoader@a7df829, true, ExceptionChecking, false, interface javax.sql.XADataSource]"
  strings[188] = "{dataSourceClass=org.postgresql.xa.PGXADataSource, portNumber=10929, databaseName=offla01, serverName=aws-us-east-1-portal.5.dblayer.com}"
  strings[189] = "Resource Adapter:"
  strings[190] = "  null
"
  strings[191] = "Database Type:"
  strings[192] = "  null
"
  strings[193] = "Description:"
  strings[194] = "  null
"
  strings[195] = "Log Writer:"
  strings[196] = "  null
"
  strings[197] = "Transaction Branches are set to be Loosely Coupled: "
  strings[198] = "  false
"
  strings[199] = "Counter of fatal connection errors on ManagedConnections created by this MCF:"
  strings[200] = "  0
"
  strings[201] = "Validate existing connections on cleanup after a fatal connection error is detected?"
  strings[202] = "  true
"
  strings[203] = "ResetConnectionByBackendDatabase: "
  strings[204] = "  false
"
  strings[205] = "Backend id checking is: "
  strings[206] = "  true
"
  strings[207] = "JMSOnePhaseOptimization: "
  strings[208] = "  false
"
  strings[209] = "Reauthentication: "
  strings[210] = "  false
"
  strings[211] = "newDBConnectionValidationEnabled: "
  strings[212] = "  false
"
  strings[213] = "connectionRetriesDuringDBFailover: "
  strings[214] = "  100
"
  strings[215] = "connRetryDurationDuringDBFailover: "
  strings[216] = "  3000
"
  strings[217] = "Failover count: "
  strings[218] = "  0
"
  strings[219] = "OracleImplicitConnectionPooling enabled: "
  strings[220] = "  false
"
  strings[221] = ""
  strings[222] = "_______________________________________________________________________"
  strings[223] = ""
  strings[224] = "    First Failure Data Capture information for"
  strings[225] = "          com.ibm.ws.rsadapter.spi.WSRdbDataSource@41667e81"
  strings[226] = "_______________________________________________________________________"
  strings[227] = ""
  strings[228] = "DataSource Implementation Class Name:"
  strings[229] = "  org.postgresql.xa.PGXADataSource
"
  strings[230] = "DataSource Name:"
  strings[231] = "  null
"
  strings[232] = "DataStoreHelper:"
  strings[233] = "  com.ibm.websphere.rsadapter.GenericDataStoreHelper@6ce5763e
"
  strings[234] = "DataSource properties:"
  strings[235] = "  {dataSourceClass=org.postgresql.xa.PGXADataSource, portNumber=10929, databaseName=offla01, serverName=aws-us-east-1-portal.5.dblayer.com}
"
  strings[236] = "TWO PHASE ENABLED
"
  strings[237] = "Underlying DataSource Object: org.postgresql.xa.PGXADataSource@285065"
  strings[238] = "  org.postgresql.xa.PGXADataSource@285065
"
  strings[239] = "Counter of unique, modified DataSource configurations: 0
"
  strings[240] = "Failover servers list: "
  strings[241] = "  [Ljava.lang.Object;@76356196
"

