------Start of DE processing------ = [12/8/15 11:02:45:026 IST]
Exception = org.postgresql.xa.PGXAException
Source = com.ibm.ejs.j2c.XATransactionWrapper.rollback
probeid = 755
Stack Dump = org.postgresql.xa.PGXAException: Error rolling back prepared transaction
	at org.postgresql.xa.PGXAConnection.rollback(PGXAConnection.java:445)
	at com.ibm.ws.rsadapter.spi.WSRdbXaResourceImpl.rollback(WSRdbXaResourceImpl.java:1026)
	at com.ibm.ejs.j2c.XATransactionWrapper.rollback(XATransactionWrapper.java:1131)
	at com.ibm.tx.jta.impl.JTAXAResourceImpl.rollback(JTAXAResourceImpl.java:381)
	at com.ibm.tx.jta.impl.RegisteredResources.deliverOutcome(RegisteredResources.java:1613)
	at com.ibm.tx.jta.impl.RegisteredResources.distributeOutcome(RegisteredResources.java:1852)
	at com.ibm.tx.jta.embeddable.impl.EmbeddableRegisteredResources.rollbackResources(EmbeddableRegisteredResources.java:54)
	at com.ibm.tx.jta.embeddable.impl.EmbeddableTransactionImpl.rollbackResources(EmbeddableTransactionImpl.java:141)
	at com.ibm.tx.jta.embeddable.impl.EmbeddableTranManagerImpl.completeTxTimeout(EmbeddableTranManagerImpl.java:116)
	at com.ibm.tx.jta.embeddable.impl.EmbeddableTranManagerSet.completeTxTimeout(EmbeddableTranManagerSet.java:92)
	at com.ibm.ejs.csi.TransactionControlImpl.completeTxTimeout(TransactionControlImpl.java:1201)
	at com.ibm.ejs.csi.TranStrategy.postInvoke(TranStrategy.java:196)
	at com.ibm.ejs.csi.TransactionControlImpl.postInvoke(TransactionControlImpl.java:482)
	at com.ibm.ejs.container.EJSContainer.postInvoke(EJSContainer.java:3989)
	at com.offla.services.EJSLocal0SLAppfr1Bean_8d03ba1d.isPersonInDB(EJSLocal0SLAppfr1Bean_8d03ba1d.java)
	at com.offla.ws.IsPersonOnDB.isPersonOnDataBase(IsPersonOnDB.java:43)
	at com.offla.ws.EJSLocalNSLIsPersonOnDB_1c315ab8.isPersonOnDataBase(EJSLocalNSLIsPersonOnDB_1c315ab8.java)
	at sun.reflect.NativeMethodAccessorImpl.invoke0(Native Method)
	at sun.reflect.NativeMethodAccessorImpl.invoke(NativeMethodAccessorImpl.java:62)
	at sun.reflect.DelegatingMethodAccessorImpl.invoke(DelegatingMethodAccessorImpl.java:43)
	at java.lang.reflect.Method.invoke(Method.java:497)
	at com.ibm.ws.jaxrs20.ejb.JaxRsFactoryBeanEJBCustomizer.serviceInvoke(JaxRsFactoryBeanEJBCustomizer.java:349)
	at com.ibm.ws.jaxrs20.server.LibertyJaxRsServerFactoryBean.performInvocation(LibertyJaxRsServerFactoryBean.java:593)
	at com.ibm.ws.jaxrs20.server.LibertyJaxRsInvoker.performInvocation(LibertyJaxRsInvoker.java:114)
	at org.apache.cxf.service.invoker.AbstractInvoker.invoke(AbstractInvoker.java:97)
	at com.ibm.ws.jaxrs20.server.LibertyJaxRsInvoker.invoke(LibertyJaxRsInvoker.java:195)
	at org.apache.cxf.jaxrs.JAXRSInvoker.invoke(JAXRSInvoker.java:200)
	at com.ibm.ws.jaxrs20.server.LibertyJaxRsInvoker.invoke(LibertyJaxRsInvoker.java:366)
	at org.apache.cxf.jaxrs.JAXRSInvoker.invoke(JAXRSInvoker.java:99)
	at org.apache.cxf.interceptor.ServiceInvokerInterceptor$1.run(ServiceInvokerInterceptor.java:61)
	at org.apache.cxf.interceptor.ServiceInvokerInterceptor.handleMessage(ServiceInvokerInterceptor.java:99)
	at org.apache.cxf.phase.PhaseInterceptorChain.doIntercept(PhaseInterceptorChain.java:307)
	at org.apache.cxf.transport.ChainInitiationObserver.onMessage(ChainInitiationObserver.java:124)
	at org.apache.cxf.transport.http.AbstractHTTPDestination.invoke(AbstractHTTPDestination.java:259)
	at com.ibm.ws.jaxrs20.endpoint.AbstractJaxRsWebEndpoint.invoke(AbstractJaxRsWebEndpoint.java:134)
	at com.ibm.websphere.jaxrs.server.IBMRestServlet.handleRequest(IBMRestServlet.java:149)
	at com.ibm.websphere.jaxrs.server.IBMRestServlet.doGet(IBMRestServlet.java:115)
	at javax.servlet.http.HttpServlet.service(HttpServlet.java:687)
	at com.ibm.websphere.jaxrs.server.IBMRestServlet.service(IBMRestServlet.java:99)
	at com.ibm.ws.webcontainer.servlet.ServletWrapper.service(ServletWrapper.java:1287)
	at com.ibm.ws.webcontainer.servlet.ServletWrapper.handleRequest(ServletWrapper.java:778)
	at com.ibm.ws.webcontainer.servlet.ServletWrapper.handleRequest(ServletWrapper.java:475)
	at com.ibm.ws.webcontainer.filter.WebAppFilterManager.invokeFilters(WebAppFilterManager.java:1158)
	at com.ibm.ws.webcontainer.webapp.WebApp.handleRequest(WebApp.java:4867)
	at com.ibm.ws.webcontainer31.osgi.webapp.WebApp31.handleRequest(WebApp31.java:523)
	at com.ibm.ws.webcontainer.osgi.DynamicVirtualHost$2.handleRequest(DynamicVirtualHost.java:297)
	at com.ibm.ws.webcontainer.WebContainer.handleRequest(WebContainer.java:997)
	at com.ibm.ws.webcontainer.osgi.DynamicVirtualHost$2.run(DynamicVirtualHost.java:262)
	at com.ibm.ws.http.dispatcher.internal.channel.HttpDispatcherLink$TaskWrapper.run(HttpDispatcherLink.java:955)
	at com.ibm.ws.http.dispatcher.internal.channel.HttpDispatcherLink.ready(HttpDispatcherLink.java:341)
	at com.ibm.ws.http.channel.internal.inbound.HttpInboundLink.handleDiscrimination(HttpInboundLink.java:470)
	at com.ibm.ws.http.channel.internal.inbound.HttpInboundLink.handleNewRequest(HttpInboundLink.java:404)
	at com.ibm.ws.http.channel.internal.inbound.HttpInboundLink.processRequest(HttpInboundLink.java:284)
	at com.ibm.ws.http.channel.internal.inbound.HttpInboundLink.ready(HttpInboundLink.java:255)
	at com.ibm.ws.tcpchannel.internal.NewConnectionInitialReadCallback.sendToDiscriminators(NewConnectionInitialReadCallback.java:174)
	at com.ibm.ws.tcpchannel.internal.NewConnectionInitialReadCallback.complete(NewConnectionInitialReadCallback.java:83)
	at com.ibm.ws.tcpchannel.internal.WorkQueueManager.requestComplete(WorkQueueManager.java:504)
	at com.ibm.ws.tcpchannel.internal.WorkQueueManager.attemptIO(WorkQueueManager.java:574)
	at com.ibm.ws.tcpchannel.internal.WorkQueueManager.workerRun(WorkQueueManager.java:929)
	at com.ibm.ws.tcpchannel.internal.WorkQueueManager$Worker.run(WorkQueueManager.java:1018)
	at java.util.concurrent.ThreadPoolExecutor.runWorker(ThreadPoolExecutor.java:1142)
	at java.util.concurrent.ThreadPoolExecutor$Worker.run(ThreadPoolExecutor.java:617)
	at java.lang.Thread.run(Thread.java:745)
Caused by: org.postgresql.util.PSQLException: This connection has been closed.
	at org.postgresql.jdbc2.AbstractJdbc2Connection.checkClosed(AbstractJdbc2Connection.java:853)
	at org.postgresql.jdbc2.AbstractJdbc2Connection.rollback(AbstractJdbc2Connection.java:870)
	at org.postgresql.xa.PGXAConnection.rollback(PGXAConnection.java:420)
	... 62 more

Dump of callerThis
Object type = com.ibm.ejs.j2c.XATransactionWrapper
  mcWrapper = class com.ibm.ejs.j2c.MCWrapper@350fd1a2
    mcwHandleList = class java.util.HashMap@209b2662
      serialVersionUID = 362498820763181265
      DEFAULT_INITIAL_CAPACITY = 16
      MAXIMUM_CAPACITY = 1073741824
      DEFAULT_LOAD_FACTOR = 0.75
      TREEIFY_THRESHOLD = 8
      UNTREEIFY_THRESHOLD = 6
      MIN_TREEIFY_CAPACITY = 64
      table = null
      entrySet = null
      size = 0
      modCount = 1
      threshold = 0
      loadFactor = 0.75
      keySet = class java.util.HashMap$KeySet@6e8e2df
      values = null
    fatalErrorValue = 1
    connectionSynchronizationProvider = false
    _managedConnectionFactory = class com.ibm.ws.rsadapter.spi.WSManagedConnectionFactoryImpl@4da85cba
      strings[0] = "_______________________________________________________________________"
      strings[1] = ""
      strings[2] = "    First Failure Data Capture information for"
      strings[3] = "          com.ibm.ws.rsadapter.spi.WSManagedConnectionFactoryImpl@4da85cba"
      strings[4] = "_______________________________________________________________________"
      strings[5] = ""
      strings[6] = "com.ibm.ws.rsadapter.DSConfig@768acc03"
      strings[7] = "[beginTranForResultSetScrollingAPIs, true, beginTranForVendorAPIs, true, commitOrRollbackOnCleanup, null, connectionSharing, 0, isolationLevel, -1, jndiName, jdbc/postgresql-cloud, queryTimeout, null, resultSetUnusableWhenNoMoreResults, false, statementCacheSize, 10, supplementalJDBCTrace, null, syncQueryTimeoutWithTransactionTimeout, false, transactional, true]"
      strings[8] = "[com.ibm.ws.classloading.internal.AppClassLoader@a7df829, true, ExceptionChecking, false, interface javax.sql.XADataSource]"
      strings[9] = "{dataSourceClass=org.postgresql.xa.PGXADataSource, portNumber=10929, databaseName=offla01, serverName=aws-us-east-1-portal.5.dblayer.com}"
      strings[10] = "Resource Adapter:"
      strings[11] = "  null
"
      strings[12] = "Database Type:"
      strings[13] = "  null
"
      strings[14] = "Description:"
      strings[15] = "  null
"
      strings[16] = "Log Writer:"
      strings[17] = "  null
"
      strings[18] = "Transaction Branches are set to be Loosely Coupled: "
      strings[19] = "  false
"
      strings[20] = "Counter of fatal connection errors on ManagedConnections created by this MCF:"
      strings[21] = "  1
"
      strings[22] = "Validate existing connections on cleanup after a fatal connection error is detected?"
      strings[23] = "  true
"
      strings[24] = "ResetConnectionByBackendDatabase: "
      strings[25] = "  false
"
      strings[26] = "Backend id checking is: "
      strings[27] = "  true
"
      strings[28] = "JMSOnePhaseOptimization: "
      strings[29] = "  false
"
      strings[30] = "Reauthentication: "
      strings[31] = "  false
"
      strings[32] = "newDBConnectionValidationEnabled: "
      strings[33] = "  false
"
      strings[34] = "connectionRetriesDuringDBFailover: "
      strings[35] = "  100
"
      strings[36] = "connRetryDurationDuringDBFailover: "
      strings[37] = "  3000
"
      strings[38] = "Failover count: "
      strings[39] = "  0
"
      strings[40] = "OracleImplicitConnectionPooling enabled: "
      strings[41] = "  false
"
      strings[42] = ""
      strings[43] = "_______________________________________________________________________"
      strings[44] = ""
      strings[45] = "    First Failure Data Capture information for"
      strings[46] = "          com.ibm.ws.rsadapter.spi.WSRdbDataSource@41667e81"
      strings[47] = "_______________________________________________________________________"
      strings[48] = ""
      strings[49] = "DataSource Implementation Class Name:"
      strings[50] = "  org.postgresql.xa.PGXADataSource
"
      strings[51] = "DataSource Name:"
      strings[52] = "  null
"
      strings[53] = "DataStoreHelper:"
      strings[54] = "  com.ibm.websphere.rsadapter.GenericDataStoreHelper@6ce5763e
"
      strings[55] = "DataSource properties:"
      strings[56] = "  {dataSourceClass=org.postgresql.xa.PGXADataSource, portNumber=10929, databaseName=offla01, serverName=aws-us-east-1-portal.5.dblayer.com}
"
      strings[57] = "TWO PHASE ENABLED
"
      strings[58] = "Underlying DataSource Object: org.postgresql.xa.PGXADataSource@285065"
      strings[59] = "  org.postgresql.xa.PGXADataSource@285065
"
      strings[60] = "Counter of unique, modified DataSource configurations: 0
"
      strings[61] = "Failover servers list: "
      strings[62] = "  [Ljava.lang.Object;@76356196
"
    serialVersionUID = -861999777608926414
    mcConnectionCount = 0
    STATE_NEW = 0
    STATE_ACTIVE_FREE = 1
    STATE_ACTIVE_INUSE = 2
    STATE_TRAN_WRAPPER_INUSE = 3
    STATE_INACTIVE = 4
    state = 4
    STATESTRINGS = class java.lang.String[5]
      STATESTRINGS[0] = "STATE_NEW"
      STATESTRINGS[1] = "STATE_ACTIVE_FREE"
      STATESTRINGS[2] = "STATE_ACTIVE_INUSE"
      STATESTRINGS[3] = "STATE_TRAN_WRAPPER_INUSE"
      STATESTRINGS[4] = "STATE_INACTIVE"
    NONE = 0
    XATXWRAPPER = 1
    LOCALTXWRAPPER = 2
    NOTXWRAPPER = 3
    RRSGLOBALTXWRAPPER = 4
    RRSLOCALTXWRAPPER = 5
    tranWrapperInUse = 0
    TRANWRAPPERSTRINGS = class java.lang.String[6]
      TRANWRAPPERSTRINGS[0] = "NONE"
      TRANWRAPPERSTRINGS[1] = "XATXWRAPPER"
      TRANWRAPPERSTRINGS[2] = "LOCALTXWRAPPER"
      TRANWRAPPERSTRINGS[3] = "NOTXWRAPPER"
      TRANWRAPPERSTRINGS[4] = "RRSGLOBALTXWRAPPER"
      TRANWRAPPERSTRINGS[5] = "RRSLOCALTXWRAPPER"
    mc = null
    eventListener = class com.ibm.ejs.j2c.ConnectionEventListener@6af22ba1
      mcWrapper = class com.ibm.ejs.j2c.MCWrapper@350fd1a2
      tc = class com.ibm.websphere.ras.TraceComponent@79a258b9
    xaTranWrapper = class com.ibm.ejs.j2c.XATransactionWrapper@40dc3441
    localTranWrapper = null
    noTranWrapper = null
    rrsGlobalTranWrapper = null
    rrsLocalTranWrapper = null
    uowCoord = null
    pm = class com.ibm.ejs.j2c.PoolManager@55732820
      tc = class com.ibm.websphere.ras.TraceComponent@7df56218
      alertResourceBundleName = "com.ibm.ws.j2c.resources.J2CAMessages"
      alertLogger = null
      ERROR_CONNECTION_POOL_IS_PAUSED = 2147117569
      nl = "
"
      alertAgent = null
      connectorSvc = class com.ibm.ejs.j2c.ConnectorServiceImpl@1c7e0a1b
      gConfigProps = class com.ibm.ejs.j2c.J2CGlobalConfigProperties@7714130c
      _surgeTaskTimer = null
      _stuckTaskTimer = null
      reaperThreadStarted = false
      taskTimerLockObject = {} /* array length = 0*/
      _testConnectionTaskTimer = null
      waitSkip = 0
      displayInfiniteWaitMessage = false
      isAlternateResourceEnabled = false
      isAlternateResourceConfigured = false
      alternateResourceJNDIName = null
      failureNotificationActionCode = 0
      isFailureNotificationEnabled = false
      failureThreshold = 5
      alternateConnectionFactory = null
      alternateresourcelock = {} /* array length = 0*/
      isPartialResourceAdapterFailoverSupportEnabled = false
      resourceAvailabilityTestRetryInterval = 10
      tlsArrayLists = class java.util.concurrent.ConcurrentHashMap@5cd9c755
      sharedPool = class com.ibm.ejs.j2c.SharedPool[200]
      freePool = class [Lcom.ibm.ejs.j2c.FreePool;[100]
      mcWrapperPool = class com.ibm.ejs.j2c.MCWrapperPool@32b6781d
      mcWrapperWaiterList = class com.ibm.ejs.j2c.MCWrapperList@2047e271
      mcToMCWMap = class java.util.HashMap@1cf9955
      rwl = class java.util.concurrent.locks.ReentrantReadWriteLock@8f5c940
      mcToMCWMapRead = class java.util.concurrent.locks.ReentrantReadWriteLock$ReadLock@9823ed3
      mcToMCWMapWrite = class java.util.concurrent.locks.ReentrantReadWriteLock$WriteLock@164911f8
      _bucketNumber = 0
      maxBucketNumber = 1073741823
      perfEnhancementEnabledNotSet = true
      perfEnhancementEnabled = false
      pmCounterLock = {} /* array length = 0*/
      destroyMCWrapperListLock = {} /* array length = 0*/
      totalConnectionCount = class java.util.concurrent.atomic.AtomicInteger@6b312755
      poolManagerBalancePoolLock = {} /* array length = 0*/
      waiterFreePoolLock = {} /* array length = 0*/
      waiterCount = 0
      allowConnectionRequests = true
      connectionPoolShutDown = false
      poolManagerTestConnectionLock = {} /* array length = 0*/
      _managedConnectionFactory = class com.ibm.ws.rsadapter.spi.WSManagedConnectionFactoryImpl@4da85cba
      stuckConnections = false
      collectorCount = 0
      collectorSurgeCount = 0
      mcWrappersToDestroy = class java.util.ArrayList@5544877a
      mcWrapperDoesExistInFreePool = true
      synchronizedAllReady = false
      dontNotifyWaiter = true
      dontDecrementTotalCounter = false
      unusedTimeoutEnabled = false
      connectionTimeout = 30
      maxConnections = 50
      minConnections = 10
      purgePolicy = class com.ibm.ws.jca.adapter.PurgePolicy@bdc8afb
      reapTime = 180
      unusedTimeout = 1800
      agedTimeout = 0
      agedTimeoutMillis = 0
      surgeTime = 0
      surgeConnections = -1
      surgeCounter = 0
      surgeEnabled = false
      stuckTimerTime = 0
      stuckTime = 0
      stuckThreshold = 0
      stopPoolRequests = false
      holdTimeLimit = 10
      maxFreePoolBuckets = 1
      maxSharedBuckets = 200
      maxFreePoolHashSize = 100
      testConnection = false
      testConnectionInterval = 0
      testConnectionTimes = 0
      maxNumberOfMCsAllowableInThread = 0
      throwExceptionOnMCThreadCheck = false
      waitersStartedTime = 0
      waitersEndedTime = 0
      parkedMCWrapper = null
      createParkedConnection = false
      parkedConnectionLockObject = {} /* array length = 0*/
      nonOptimisticGetFreeConnection = 0
      optimisticGetFreeConnection = 0
      stuckConnectionSupport = false
      alertIsforEnteringStuck = true
      totalPoolConnectionRequests = 0
      am = null
      amLockObject = {} /* array length = 0*/
      pmQuiesced = false
      activeRequest = class java.util.concurrent.atomic.AtomicInteger@69351f5a
      updateToPoolInProgressLockObject = {} /* array length = 0*/
      updateToPoolInProgress = false
      updateToPoolInProgressSleepTime = 250
      activeTLSRequest = class java.util.concurrent.atomic.AtomicInteger@6677d34a
      updateToTLSPoolInProgressLockObject = {} /* array length = 0*/
      updateToTLSPoolInProgress = class java.util.concurrent.atomic.AtomicBoolean@17f9f7a9
      updateToTLSPoolInProgressSleepTime = 250
      getConnectionActiveRequestAlternate = class java.util.concurrent.atomic.AtomicInteger@781d3cff
      getConnectionInProgressLockObject = {} /* array length = 0*/
      switchPoolsInProgress = false
      getConnectionInProgressSleepTime = 250
      writer = class com.ibm.ejs.cm.logger.TraceWriter@2a541dee
      traceWriter = class com.ibm.ejs.cm.logger.TraceWriter@2a541dee
      printWriter = class java.io.PrintWriter@1dd93bc9
      tscdList = class java.util.Vector@39132369
      logSerialReuseMessage = true
      _quiesce = false
      _quiesceTime = null
      nonDeferredReaperAlarm = false
      efficiencyStatsEnabled = false
      poolPercentEffRateWindowMinutes = 5
      poolPercentEffRateHistorySize = 10
      poolLowEffAlertEnabled = false
      poolLowEffAlertWindowMinutes = 5
      poolLowEffAlertThreshold = 50
      connLowEffAlertEnabled = false
      connLowEfficiencyThreshold = 50
      connLowEffAlertCSCEnabled = false
      poolRequestStatsEnabled = false
      poolRequestStatsWindowMinutes = 5
      poolRequestStatsHistorySize = 10
      claimVictimRateAlertEnabled = false
      claimVictimRateAlertWindowMinutes = 5
      claimVictimRateAlertThreshold = 10
      connWaitTOAlertEnabled = false
      connWaitTOAlertWindowMinutes = 5
      connWaitTOAlertThreshold = 10
      connErrorAlertEnabled = false
      connErrorAlertWindowMinutes = 5
      connErrorAlertMaxThreshold = 2
      LTCStatsEnabled = false
      LTCCallStackCaptureEnabled = false
      LTCNestingAlertEnabled = false
      LTCNestingDepthThreshold = 3
      LTCConnPerThreadLimitAlertEnabled = false
      LTCThreadMaxConnLimitThreshold = 2
      LTCSerialReuseViolationAlertEnabled = false
      poolLoadStatsEnabled = false
      poolLoadRateWindowMinutes = 5
      poolAveLoadRateHistorySize = 10
      poolLoadRateAlertEnabled = false
      poolLoadRateAlertWindowMinutes = 5
      poolMaxLoadRateThreshold = 10
      orphanConnMonitorAlertEnabled = false
      orphanConnHoldTimeLimitSeconds = 10
      surgeModeAlertEnabled = false
      hungConnModeAlertEnabled = false
      pretestBlockModeAlertEnabled = false
      callStackCaptureEnabled = false
      efficiencyGroupLock = {} /* array length = 0*/
      efficiencyGroupEnabled = false
      poolTotalUseTime = 0
      poolTotalHoldTime = 0
      poolPercentEffRateWindowMillis = 300000
      poolPercentEffWindowStartTime = 0
      poolLowEffAlertWindowMillis = 0
      poolLowEffAlertTotalUseTime = 0
      poolLowEffAlertTotalHoldTime = 0
      poolLowEffAlertWindowStartTime = 0
      requestGroupLock = {} /* array length = 0*/
      requestGroupEnabled = false
      poolRequestStatsWindowMillis = 300000
      poolRequestStatsWindowStartTime = 0
      poolRequestStatsMap = null
      pool_sop_gets = 0
      pool_snop_gets = 0
      pool_sop_gets_notfound = 0
      pool_snop_gets_notfound = 0
      pool_fop_gets = 0
      pool_fnop_gets = 0
      pool_fop_get_notfound = 0
      pool_fnop_get_notfound = 0
      pool_freePoolQueuedRequests = 0
      pool_freePoolCreateManagedConnection = 0
      pool_numberOfClaimedVictims = 0
      pool_numberOfClaimedVictims_CRIMM = 0
      pool_numberOfClaimedVictims_SubjectMM = 0
      pool_numberOfClaimedVictims_CRISubjectMM = 0
      pool_numberOfClaimedVictims_MatchOnlyMM = 0
      pool_waitSkip = 0
      totalConnectionRequests = 0
      STAT_SOP_GETS = 1
      STAT_SNOP_GETS = 2
      STAT_SOP_GETS_NOTFOUND = 3
      STAT_SNOP_GETS_NOTFOUND = 4
      STAT_FOP_GETS = 5
      STAT_FNOP_GETS = 6
      STAT_FOP_GET_NOTFOUND = 7
      STAT_FNOP_GET_NOTFOUND = 8
      STAT_FREE_POOL_QUEUED_REQUESTS = 9
      STAT_FREE_POOL_CREATE_MANAGED_CONNECTION = 10
      STAT_NUMBER_OF_CLAIMED_VICTIMS_CRI_MM = 11
      STAT_NUMBER_OF_CLAIMED_VICTIMS_SUBJECT_MM = 12
      STAT_NUMBER_OF_CLAIMED_VICTIMS_CRI_SUBJECT_MM = 13
      STAT_NUMBER_OF_CLAIMED_VICTIMS_MM_MM = 14
      STAT_CONN_REQUEST = 15
      STAT_WAIT_SKIP = 16
      STAT_CONNECTION_CREATES = 17
      STAT_OPT_GET_FREE_CON = 18
      STAT_NONOPT_GET_FREE_CON = 19
      claimVictimRateAlertWindowMillis = 0
      claimVictimRateAlertWindowStartTime = 0
      claimedVictimPercent = 0.0
      alert_numberOfClaimedVictims = 0
      alert_numberOfClaimedVictims_CRIMM = 0
      alert_numberOfClaimedVictims_SubjectMM = 0
      alert_numberOfClaimedVictims_CRISubjectMM = 0
      alert_totalConnectionRequests = 0
      connWaitTOAlertLock = {} /* array length = 0*/
      connWaitTOAlertWindowMillis = 0
      connWaitTOAlertWindowStartTime = 0
      connWaitTOCount = 0
      connErrorAlertLock = {} /* array length = 0*/
      connErrorAlertWindowMillis = 0
      connErrorAlertWindowStartTime = 0
      connErrorCount = 0
      LTCGroupLock = {} /* array length = 0*/
      LTCGrooupEnabled = false
      threadToLTCStatsMap = null
      currentLTC = null
      loadGroupLock = {} /* array length = 0*/
      loadGroupEnabled = false
      poolLoadLastEventTime = 0
      poolLoadRateWindowMillis = 300000
      poolLoadStatsMap = null
      poolLoadWindowStartTime = 0
      poolLoadWeightedSum = 0
      poolLoadRateAlertWindowMillis = 0
      poolLoadRateAlertWindowStartTime = 0
      poolLoadRateAlertWeightedSum = 0
      poolAlertAveLoad = 0.0
      ltcStatElement = null
      threadToLTCElement = null
      orphanConnGroupLock = {} /* array length = 0*/
      enableInuseConnectionDestroy = true
      localConnection_ = null
      maxCapacity = 0
      isThreadLocalConnectionEnabled = false
      resourceFailBackEnabled = true
      resourceFailOverHold = false
      disableResourceFailBack = false
      disableResourceFailOver = false
      prepopulate = true
      prePopulateAlarmTimer = null
      prePopulateAlarmThreadLockObject = {} /* array length = 0*/
      prePopulateAlarmTimerListener = null
      cmStartPrepopulate = true
      populateAlternateResource = false
      populateAlternateResourceRunning = false
      startFailBack = false
      disableDatasourceFailoverAlarm = false
      isAlteranteResourcePoolManager = false
      getConnectionMap = class java.util.concurrent.ConcurrentHashMap@393aadb0
      alarmThreadCounter = class java.util.concurrent.atomic.AtomicInteger@28d184ac
      dscfFailoveramLockObject = {} /* array length = 0*/
      dscfFailoveralarmThreadStarted = false
      normalMode = 100
      currentMode = 100
      modeLockObject = {} /* array length = 0*/
      primaryAlive = 1
      failOverMode = 102
      failBackMode = 103
      alternateAlive = 2
      nothingAlive = 3
      restoreNormalMode = 4
      resourceExceptionCounterLockObject = {} /* array length = 0*/
      connErrorResourceExceptionCounter = 0
      getConnectionResourceExceptionCounter = 0
      dscfFailoveram = null
      dscfFailoveramListener = null
      dscfFailoveramListenerLockObject = {} /* array length = 0*/
      alternatePM = null
      prepopulateTimerTime = 60000
    _supportsReAuth = false
    usedBucket = 0
    freePoolBucket = 0
    hashMapBucket = 34
    sharedPoolCoordinator = null
    mcWrapperList = class com.ibm.ejs.j2c.MCWrapperList@13a3a8ab
      serialVersionUID = -4093886924342827512
      serialVersionUID = 8683452581122892189
      DEFAULT_CAPACITY = 10
      EMPTY_ELEMENTDATA = class java.lang.Object[0]
      DEFAULTCAPACITY_EMPTY_ELEMENTDATA = class java.lang.Object[0]
      elementData = class java.lang.Object[50]
      size = 0
      MAX_ARRAY_SIZE = 2147483639
      modCount = 0
      MAX_ARRAY_SIZE = 2147483639
    currentSharedPool = null
    isParkedWrapper = false
    _hashMapBucketReAuth = 0
    _subject = null
    _cri = class com.ibm.ws.rsadapter.spi.WSConnectionRequestInfoImpl@666c3414
      strings[0] = "_______________________________________________________________________"
      strings[1] = ""
      strings[2] = "    First Failure Data Capture information for"
      strings[3] = "          com.ibm.ws.rsadapter.spi.WSConnectionRequestInfoImpl@666c3414"
      strings[4] = "_______________________________________________________________________"
      strings[5] = ""
      extention DS properties     = ""
      strings[7] = "  null
"
      extention DS properties key = ""
      strings[9] = "  -1
"
      useHetrogeneous = ""
      strings[11] = "  false
"
      changable CRI = ""
      strings[13] = "  true
"
      optimizeForGetUseCloseUsage = ""
      strings[15] = "  false
"
      propagateClientIdentityUsingTrustedContext = ""
      strings[17] = "  false
"
      strings[18] = "User Name:"
      strings[19] = "  admin
"
      strings[20] = "Password:"
      strings[21] = "  ******
"
      strings[22] = "Isolation Level:"
      strings[23] = "  READ COMMITTED (2)
"
      strings[24] = "Catalog:"
      strings[25] = "  null
"
      strings[26] = "Schema:"
      strings[27] = "  null
"
      strings[28] = "Is Read Only?"
      strings[29] = "  null
"
      strings[30] = "Type Map:"
      strings[31] = "  null
"
      strings[32] = "Cursor Holdability:"
      strings[33] = "  DEFAULT CURSOR HOLDABILITY VALUE (0)
"
      strings[34] = "Config ID: 1
"
      strings[35] = "Hash Code:"
      strings[36] = "  ff9898a3
"
      strings[37] = "Support isolation switching on connection:"
      strings[38] = "  false
"
      strings[39] = "NoEnlistment: "
      strings[40] = "  false
"
      strings[41] = "ShareWithCMPOnly: "
      strings[42] = "  false
"
      strings[43] = "propagateClientIdentityUsingTrustedContext: "
      strings[44] = "  false
"
      strings[45] = "TrustedContext_name: 
"
      strings[46] = "null
"
      strings[47] = "TrustedContext_realm: 
"
      strings[48] = "null
"
      strings[49] = "TrustedContext_userSecToken: 
"
      strings[50] = "
"
      strings[51] = "TrustedContext_originalUser: 
"
      strings[52] = "null
"
      gssName = "
"
      strings[54] = "null
"
      gssCredential = "
"
      strings[56] = "null
"
      J2EEName = "
"
      strings[58] = "offlaserver01WS#offlaserver01WS.war#Appfr1Bean
"
      oracle properties = "
"
      strings[60] = "null
"
    cm = null
    createdTimeStamp = 1449565304143
    unusedTimeStamp = 1449565354533
    subjectCRIHashCode = 3388334
    poolState = class java.util.concurrent.atomic.AtomicInteger@3af1b974
      serialVersionUID = 6214790243416807050
      unsafe = class sun.misc.Unsafe@3c5476e9
      valueOffset = 12
      value = 0
      serialVersionUID = -8742448824652078965
    alreadyBeingReleased = class java.util.concurrent.atomic.AtomicBoolean@5f68884d
      serialVersionUID = 4654671469794556979
      unsafe = class sun.misc.Unsafe@3c5476e9
      valueOffset = 12
      value = 0
    destroyState = false
    purgeState = false
    stale = false
    do_not_reuse_mcw = true
    dbrequestMonitorPoolBitSet = null
    inSharedPool = false
    recoveryToken = 1
    mcWrapperObject_hexString = "350fd1a2"
    tc = class com.ibm.websphere.ras.TraceComponent@36af87d5
      strings[0] = "TraceComponent[com.ibm.ejs.j2c.MCWrapper,class com.ibm.ejs.j2c.MCWrapper,[WAS.j2c],com.ibm.ws.j2c.resources.J2CAMessages,null]"
    nl = "
"
    initialRequestStackTrace = null
    threadId = null
    lastAllocationTime = 0
    threadName = null
    logWriterSet = false
    recoverableXAResource = false
    _transactionErrorOccurred = true
    holdTimeStart = 0
    stuckTimeStart = 0
    amountOfStuckTime = 0
    gConfigProps = class com.ibm.ejs.j2c.J2CGlobalConfigProperties@7714130c
      tc = class com.ibm.websphere.ras.TraceComponent@2053b30f
      serialVersionUID = 3666445884103132373
      jndiName = "jdbc/postgresql-cloud"
      XpathId = "dataSource[jdbc/postgresql-cloud]/connectionManager"
      cfName = "jdbc/postgresql-cloud"
      manageCachedHandles = false
      rrsTransactional = false
      threadSecurity = false
      THREADIDENTITY_NOTALLOWED = "NOTALLOWED"
      THREADIDENTITY_REQUIRED = "REQUIRED"
      THREADIDENTITY_ALLOWED = "ALLOWED"
      threadIdentitySupport = "NOTALLOWED"
      logMissingTranContext = false
      selfXARecoverable = false
      validatingMCFSupported = true
      sendClaimedVictomToGetConnection = false
      loadBalancing = false
      raSupportsReauthentication = false
      pmiReqMetric_isReadyToEnable = false
      transactionResourceRegistration = null
      checkManagedConnectionInstanceof = false
      checkManagedConnectionInstanceofLock = {} /* array length = 0*/
      checkManagedConnectionInstanceofInitialized = true
      embeddedRa = false
      embeddedRaInitialized = false
      connectionSynchronizationProvider = false
      connectionSynchronizationProviderInitialized = false
      connectionPoolingEnabled = true
      connectionPoolingEnabledInitialized = false
      instanceOfDissociatableManagedConnection = true
      instanceOfDissociatableManagedConnectionInitialized = true
      interactionMetricsEnabled = false
      interactionMetricsEnabledInitialized = false
      commitPriority = 0
      transactionSupport = class javax.resource.spi.TransactionSupport$TransactionSupportLevel@70ad8ebb
      dynamicEnlistmentSupported = true
      smartHandleSupport = true
      cciLocalTranSupported = true
      started = false
      connectionTimeout = 30
      maxConnections = 50
      minConnections = 10
      purgePolicy = class com.ibm.ws.jca.adapter.PurgePolicy@bdc8afb
      reapTime = 180
      unusedTimeout = 1800
      agedTimeout = 0
      agedTimeoutMillis = 0
      surgeTime = 0
      surgeConnections = -1
      surgeCounter = 0
      surgeEnabled = false
      stuckTimerTime = 0
      stuckTime = 0
      stuckThreshold = 0
      stopPoolRequests = false
      maxFreePoolBuckets = 1
      maxSharedBuckets = 200
      maxFreePoolHashSize = 100
      testConnection = false
      testConnectionInterval = 0
      holdTimeLimit = 10
      numConnectionsPerThreadLocal = 0
      populateAlternateResource = false
      disableResourceFailOver = false
      disableResourceFailBack = false
      xComponentUseViolationDetectionEnabled = false
      xComponentUseViolationCount = 0
      multiThreadUseViolationDetectionEnabled = false
      multiThreadUseViolationCount = 0
      efficiencyStatsEnabled = false
      poolPercentEffRateWindowMinutes = 5
      poolPercentEffRateHistorySize = 10
      poolLowEffAlertEnabled = false
      poolLowEffAlertWindowMinutes = 5
      poolLowEffAlertThreshold = 50
      connLowEffAlertEnabled = false
      connLowEfficiencyThreshold = 50
      connLowEffAlertCSCEnabled = false
      poolRequestStatsEnabled = false
      poolRequestStatsWindowMinutes = 5
      poolRequestStatsHistorySize = 10
      claimVictimRateAlertEnabled = false
      claimVictimRateAlertWindowMinutes = 5
      poolClaimVictimRateThreshold = 10
      connWaitTOAlertEnabled = false
      connWaitTOAlertWindowMinutes = 5
      poolConnWaitTOThreshold = 20
      connErrorAlertEnabled = false
      connErrorAlertWindowMinutes = 5
      connErrorAlertMaxThreshold = 2
      LTCStatsEnabled = false
      LTCCallStackCaptureEnabled = false
      LTCSerialReuseViolationAlertEnabled = false
      LTCConnPerThreadLimitAlertEnabled = false
      LTCThreadMaxConnLimitThreshold = 2
      LTCNestingAlertEnabled = false
      LTCNestingDepthThreshold = 3
      poolLoadStatsEnabled = false
      poolLoadRateWindowMinutes = 5
      poolAveLoadRateHistorySize = 10
      poolLoadRateAlertEnabled = false
      poolLoadRateAlertWindowMinutes = 5
      poolLoadRateAlertMaxThreshold = 10
      orphanConnMonitorAlertEnabled = false
      orphanConnHoldTimeLimitSeconds = 10
      surgeModeAlertEnabled = false
      hungConnModeAlertEnabled = false
      pretestBlockModeAlertEnabled = false
      callStackCaptureEnabled = false
      connThreadInfoEnabled = false
      changeSupport = class java.beans.PropertyChangeSupport@28203181
      vChangeSupport = class java.beans.VetoableChangeSupport@1b3a6cd7
      diagnosticAlertHelper = null
      reqMetricID = 0
      raMetaDataProps = null
      dsMetaDataProps = null
      _pm = null
      callResourceAdapterStatMethods = false
      numberOfInuseConnections = 0
      numberOfInuseConnectionsLockObject = {} /* array length = 0*/
      numberOfFreeConnections = 0
      numberOfFreeConnectionsLockObject = {} /* array length = 0*/
      maxNumberOfMCsAllowableInThread = 0
      throwExceptionOnMCThreadCheck = false
      appName = null
      modName = null
      compName = null
      threadToViolatingHandleMap = class java.util.HashMap@6e4e2fbc
    currentUseStartTime = 0
    useStartTimeSet = false
    holdStartTimeSet = false
    totalUseTime = 0
    totalHoldTime = 0
    percentEfficiency = 0.0
    pretestThisConnection = false
    aborted = true
  xaResource = class com.ibm.ws.rsadapter.spi.WSRdbXaResourceImpl@1110a466
    strings[0] = "_______________________________________________________________________"
    strings[1] = ""
    strings[2] = "    First Failure Data Capture information for"
    strings[3] = "          com.ibm.ws.rsadapter.spi.WSRdbManagedConnectionImpl@10e312bb"
    strings[4] = "_______________________________________________________________________"
    strings[5] = ""
    strings[6] = "TWO PHASE ENABLED
"
    strings[7] = "Connection sharing: "
    strings[8] = "  0
"
    strings[9] = "Database Type:"
    strings[10] = "  null
"
    strings[11] = "Transaction State:"
    strings[12] = "  TRANSACTION_ENDING
"
    strings[13] = "Key:"
    strings[14] = "  [B@2f8b9350
"
    strings[15] = "Log Writer:"
    strings[16] = "  null
"
    strings[17] = "Subject:"
    strings[18] = "  null
"
    strings[19] = "ManagedConnection:"
    strings[20] = "  WSRdbManagedConnectionImpl@10e312bb
"
    strings[21] = "Counter of fatal connection errors for the ManagedConnectionFactory as of the most recent getConnection on this ManagedConnection:"
    strings[22] = "  0
"
    strings[23] = "Default AutoCommit:"
    strings[24] = "  true
"
    strings[25] = "Current AutoCommit:"
    strings[26] = "  true
"
    strings[27] = "Current Isolation:"
    strings[28] = "  READ COMMITTED (2)
"
    strings[29] = "Isolation level has changed? :"
    strings[30] = "  false
"
    strings[31] = "Support isolation level switching: "
    strings[32] = "  false
"
    strings[33] = "The tc name is: 
"
    strings[34] = "null
"
    strings[35] = "The tc original user is: 
"
    strings[36] = "null
"
    strings[37] = "The tc releam  is: 
"
    strings[38] = "null
"
    strings[39] = "The tc user security token is: 
"
    strings[40] = "null
"
    strings[41] = "The connection wait Time for the mc is: "
    strings[42] = "  0
"
    strings[43] = "The j2eename is: 
"
    strings[44] = "offlaserver01WS#offlaserver01WS.war#Appfr1Bean
"
    strings[45] = "The gssCredential is: 
"
    strings[46] = "null
"
    strings[47] = "The gssName is: 
"
    strings[48] = "null
"
    strings[49] = "Catalog, IsReadOnly, TypeMap, Schema, or NetworkTimeout has changed? :"
    strings[50] = "  false
"
    strings[51] = "Default Holdability:"
    strings[52] = "  CLOSE CURSORS AT COMMIT (2)
"
    strings[53] = "Current Holdability:"
    strings[54] = "  CLOSE CURSORS AT COMMIT (2)
"
    strings[55] = "Holdability value has changed? :"
    strings[56] = "  false
"
    strings[57] = "Thread ID:"
    strings[58] = "  null
"
    strings[59] = "Lazily enlisted in the current transaction? :"
    strings[60] = "  false
"
    strings[61] = "Underlying Connection Object: com.sun.proxy.$Proxy51@5ac37f4c"
    strings[62] = "  Pooled connection wrapping physical connection org.postgresql.jdbc4.Jdbc4Connection@2fdc0439
"
    strings[63] = "Underlying PooledConnection Object: org.postgresql.xa.PGXAConnection@241254ab"
    strings[64] = "  org.postgresql.xa.PGXAConnection@241254ab
"
    strings[65] = "SQLJ Default Context: null"
    strings[66] = "  null
"
    strings[67] = "Fatal connection error was detected? :"
    strings[68] = "  true
"
    strings[69] = "Currently cleaning up handles? :"
    strings[70] = "  false
"
    strings[71] = "Last ConnectionEvent sent for this ManagedConnection:
"
    strings[72] = "  com.ibm.ws.rsadapter.spi.WSConnectionEvent@65010a2"
    strings[73] = "  Connection Handle: null"
    strings[74] = "  Event ID: CONNECTION ERROR OCCURRED (5)"
      Exception: java.sql.SQLException: This connection has been closed. DSRA0010E: SQL State = "08003, Error Code = 0"
    strings[76] = ""
    strings[77] = "Connection Event Listeners:
"
    strings[78] = ""
    strings[79] = "Maximum Handle List Size: 15
"
    strings[80] = "Handle Count: 0
"
    strings[81] = "Handles:
"
    strings[82] = "  null"
    strings[83] = "  null"
    strings[84] = "  null"
    strings[85] = "  null"
    strings[86] = "  null"
    strings[87] = "  null"
    strings[88] = "  null"
    strings[89] = "  null"
    strings[90] = "  null"
    strings[91] = "  null"
    strings[92] = "  null"
    strings[93] = "  null"
    strings[94] = "  null"
    strings[95] = "  null"
    strings[96] = "  null"
    strings[97] = ""
    strings[98] = "State Manager:"
    strings[99] = "  com.ibm.ws.rsadapter.spi.WSStateManager@89a1f3b
"
    strings[100] = "_______________________________________________________________________"
    strings[101] = ""
    strings[102] = "    First Failure Data Capture information for"
    strings[103] = "          com.ibm.ws.rsadapter.spi.WSRdbXaResourceImpl@1110a466"
    strings[104] = "_______________________________________________________________________"
    strings[105] = ""
    strings[106] = "ManagedConnection:"
    strings[107] = "  WSRdbManagedConnectionImpl@10e312bb
"
    strings[108] = "Underlying XAResource Object: org.postgresql.xa.PGXAConnection@241254ab"
    strings[109] = "  org.postgresql.xa.PGXAConnection@241254ab
"
    strings[110] = "Xid: "
    strings[111] = "  
"
    strings[112] = "SPI LocalTransaction :"
    strings[113] = "  null
"
    strings[114] = "ManagedConnectionMetaData:"
    strings[115] = "  null
"
    strings[116] = "Statement Cache:"
      
com.ibm.ws.rsadapter.spi.CacheMap@384877ee
Number of entries:   1
Maximum entries:     10
Number of buckets:   13
Maximum bucket size: 5
Number of discards:  0

BUCKET SIZE PREV NEXT
  000  000  013  013
  001  000  013  013
  002  000  013  013
  003  000  013  013
  004  000  013  013
  005  000  013  013
  006  000  013  013
  007  001  013  014
                      3ed79732 PSTMT: SELECT LKP FROM "appfr1" WHERE (LKP = "?) 1003 1007 2 0 0 public0
  008  000  013  013
  009  000  013  013
  010  000  013  013
  011  000  013  013
  012  000  013  013
  013  LRU       007
  014  MRU  007

"
    strings[118] = "_______________________________________________________________________"
    strings[119] = ""
    strings[120] = "    First Failure Data Capture information for"
    strings[121] = "          com.ibm.ws.rsadapter.spi.WSConnectionRequestInfoImpl@666c3414"
    strings[122] = "_______________________________________________________________________"
    strings[123] = ""
    extention DS properties     = ""
    strings[125] = "  null
"
    extention DS properties key = ""
    strings[127] = "  -1
"
    useHetrogeneous = ""
    strings[129] = "  false
"
    changable CRI = ""
    strings[131] = "  true
"
    optimizeForGetUseCloseUsage = ""
    strings[133] = "  false
"
    propagateClientIdentityUsingTrustedContext = ""
    strings[135] = "  false
"
    strings[136] = "User Name:"
    strings[137] = "  admin
"
    strings[138] = "Password:"
    strings[139] = "  ******
"
    strings[140] = "Isolation Level:"
    strings[141] = "  READ COMMITTED (2)
"
    strings[142] = "Catalog:"
    strings[143] = "  null
"
    strings[144] = "Schema:"
    strings[145] = "  null
"
    strings[146] = "Is Read Only?"
    strings[147] = "  null
"
    strings[148] = "Type Map:"
    strings[149] = "  null
"
    strings[150] = "Cursor Holdability:"
    strings[151] = "  DEFAULT CURSOR HOLDABILITY VALUE (0)
"
    strings[152] = "Config ID: 1
"
    strings[153] = "Hash Code:"
    strings[154] = "  ff9898a3
"
    strings[155] = "Support isolation switching on connection:"
    strings[156] = "  false
"
    strings[157] = "NoEnlistment: "
    strings[158] = "  false
"
    strings[159] = "ShareWithCMPOnly: "
    strings[160] = "  false
"
    strings[161] = "propagateClientIdentityUsingTrustedContext: "
    strings[162] = "  false
"
    strings[163] = "TrustedContext_name: 
"
    strings[164] = "null
"
    strings[165] = "TrustedContext_realm: 
"
    strings[166] = "null
"
    strings[167] = "TrustedContext_userSecToken: 
"
    strings[168] = "
"
    strings[169] = "TrustedContext_originalUser: 
"
    strings[170] = "null
"
    gssName = "
"
    strings[172] = "null
"
    gssCredential = "
"
    strings[174] = "null
"
    J2EEName = "
"
    strings[176] = "offlaserver01WS#offlaserver01WS.war#Appfr1Bean
"
    oracle properties = "
"
    strings[178] = "null
"
    strings[179] = "_______________________________________________________________________"
    strings[180] = ""
    strings[181] = "    First Failure Data Capture information for"
    strings[182] = "          com.ibm.ws.rsadapter.spi.WSManagedConnectionFactoryImpl@4da85cba"
    strings[183] = "_______________________________________________________________________"
    strings[184] = ""
    strings[185] = "com.ibm.ws.rsadapter.DSConfig@768acc03"
    strings[186] = "[beginTranForResultSetScrollingAPIs, true, beginTranForVendorAPIs, true, commitOrRollbackOnCleanup, null, connectionSharing, 0, isolationLevel, -1, jndiName, jdbc/postgresql-cloud, queryTimeout, null, resultSetUnusableWhenNoMoreResults, false, statementCacheSize, 10, supplementalJDBCTrace, null, syncQueryTimeoutWithTransactionTimeout, false, transactional, true]"
    strings[187] = "[com.ibm.ws.classloading.internal.AppClassLoader@a7df829, true, ExceptionChecking, false, interface javax.sql.XADataSource]"
    strings[188] = "{dataSourceClass=org.postgresql.xa.PGXADataSource, portNumber=10929, databaseName=offla01, serverName=aws-us-east-1-portal.5.dblayer.com}"
    strings[189] = "Resource Adapter:"
    strings[190] = "  null
"
    strings[191] = "Database Type:"
    strings[192] = "  null
"
    strings[193] = "Description:"
    strings[194] = "  null
"
    strings[195] = "Log Writer:"
    strings[196] = "  null
"
    strings[197] = "Transaction Branches are set to be Loosely Coupled: "
    strings[198] = "  false
"
    strings[199] = "Counter of fatal connection errors on ManagedConnections created by this MCF:"
    strings[200] = "  1
"
    strings[201] = "Validate existing connections on cleanup after a fatal connection error is detected?"
    strings[202] = "  true
"
    strings[203] = "ResetConnectionByBackendDatabase: "
    strings[204] = "  false
"
    strings[205] = "Backend id checking is: "
    strings[206] = "  true
"
    strings[207] = "JMSOnePhaseOptimization: "
    strings[208] = "  false
"
    strings[209] = "Reauthentication: "
    strings[210] = "  false
"
    strings[211] = "newDBConnectionValidationEnabled: "
    strings[212] = "  false
"
    strings[213] = "connectionRetriesDuringDBFailover: "
    strings[214] = "  100
"
    strings[215] = "connRetryDurationDuringDBFailover: "
    strings[216] = "  3000
"
    strings[217] = "Failover count: "
    strings[218] = "  0
"
    strings[219] = "OracleImplicitConnectionPooling enabled: "
    strings[220] = "  false
"
    strings[221] = ""
    strings[222] = "_______________________________________________________________________"
    strings[223] = ""
    strings[224] = "    First Failure Data Capture information for"
    strings[225] = "          com.ibm.ws.rsadapter.spi.WSRdbDataSource@41667e81"
    strings[226] = "_______________________________________________________________________"
    strings[227] = ""
    strings[228] = "DataSource Implementation Class Name:"
    strings[229] = "  org.postgresql.xa.PGXADataSource
"
    strings[230] = "DataSource Name:"
    strings[231] = "  null
"
    strings[232] = "DataStoreHelper:"
    strings[233] = "  com.ibm.websphere.rsadapter.GenericDataStoreHelper@6ce5763e
"
    strings[234] = "DataSource properties:"
    strings[235] = "  {dataSourceClass=org.postgresql.xa.PGXADataSource, portNumber=10929, databaseName=offla01, serverName=aws-us-east-1-portal.5.dblayer.com}
"
    strings[236] = "TWO PHASE ENABLED
"
    strings[237] = "Underlying DataSource Object: org.postgresql.xa.PGXADataSource@285065"
    strings[238] = "  org.postgresql.xa.PGXADataSource@285065
"
    strings[239] = "Counter of unique, modified DataSource configurations: 0
"
    strings[240] = "Failover servers list: "
    strings[241] = "  [Ljava.lang.Object;@76356196
"
  enlisted = false
  hasRollbackOccured = true
  tc = class com.ibm.websphere.ras.TraceComponent@1575751c
    strings[0] = "TraceComponent[com.ibm.ejs.j2c.XATransactionWrapper,class com.ibm.ejs.j2c.XATransactionWrapper,[WAS.j2c],com.ibm.ws.j2c.resources.J2CAMessages,null]"

