------Start of DE processing------ = [12/6/15 15:36:53:218 IST]
Exception = java.sql.SQLNonTransientException
Source = com.ibm.ws.resource.internal.ResourceFactoryTrackerData$1
probeid = 109
Stack Dump = java.sql.SQLNonTransientException: DSRA4000E: A valid JDBC driver implementation class was not found for the jdbcDriver dataSource[jdbc/postgresql-cloud]/jdbcDriver[default-0] using the library postgresql-library. []
	at com.ibm.ws.jdbc.internal.JDBCDriverService.classNotFound(JDBCDriverService.java:196)
	at com.ibm.ws.jdbc.internal.JDBCDriverService.create(JDBCDriverService.java:292)
	at com.ibm.ws.jdbc.internal.JDBCDriverService.createAnyDataSource(JDBCDriverService.java:346)
	at com.ibm.ws.jdbc.DataSourceService.init(DataSourceService.java:452)
	at com.ibm.ws.jca.cm.AbstractConnectionFactoryService.createResource(AbstractConnectionFactoryService.java:136)
	at com.ibm.ws.resource.internal.ResourceFactoryTrackerData$1.getService(ResourceFactoryTrackerData.java:108)
	at org.eclipse.osgi.internal.serviceregistry.ServiceFactoryUse$1.run(ServiceFactoryUse.java:212)
	at java.security.AccessController.doPrivileged(Native Method)
	at org.eclipse.osgi.internal.serviceregistry.ServiceFactoryUse.factoryGetService(ServiceFactoryUse.java:210)
	at org.eclipse.osgi.internal.serviceregistry.ServiceFactoryUse.getService(ServiceFactoryUse.java:111)
	at org.eclipse.osgi.internal.serviceregistry.ServiceConsumer$2.getService(ServiceConsumer.java:45)
	at org.eclipse.osgi.internal.serviceregistry.ServiceRegistrationImpl.getService(ServiceRegistrationImpl.java:496)
	at org.eclipse.osgi.internal.serviceregistry.ServiceRegistry.getService(ServiceRegistry.java:461)
	at org.eclipse.osgi.internal.framework.BundleContextImpl.getService(BundleContextImpl.java:619)
	at com.ibm.ws.jndi.internal.WSContext.resolveObject(WSContext.java:128)
	at com.ibm.ws.jndi.internal.WSContext.lookup(WSContext.java:296)
	at com.ibm.ws.jndi.WSContextBase.lookup(WSContextBase.java:58)
	at org.apache.aries.jndi.DelegateContext.lookup(DelegateContext.java:161)
	at javax.naming.InitialContext.lookup(InitialContext.java:417)
	at com.ibm.ws.jpa.container.osgi.internal.OSGiJPAPUnitInfo.lookupDataSource(OSGiJPAPUnitInfo.java:318)
	at com.ibm.ws.jpa.management.JPAPUnitInfo.getJPADataSource(JPAPUnitInfo.java:442)
	at com.ibm.ws.jpa.management.JPAPUnitInfo.getJtaDataSource(JPAPUnitInfo.java:495)
	at com.ibm.ws.jpa.management.JPAPUnitInfo.initialize(JPAPUnitInfo.java:895)
	at com.ibm.ws.jpa.management.JPAPxmlInfo.extractPersistenceUnits(JPAPxmlInfo.java:234)
	at com.ibm.ws.jpa.management.JPAScopeInfo.processPersistenceUnit(JPAScopeInfo.java:109)
	at com.ibm.ws.jpa.management.JPAApplInfo.addPersistenceUnits(JPAApplInfo.java:139)
	at com.ibm.ws.jpa.container.osgi.internal.JPAComponentImpl.processLibraryJarPersistenceXml(JPAComponentImpl.java:363)
	at com.ibm.ws.jpa.container.osgi.internal.JPAComponentImpl.processWebModulePersistenceXml(JPAComponentImpl.java:421)
	at com.ibm.ws.jpa.container.osgi.internal.JPAComponentImpl.applicationStarting(JPAComponentImpl.java:249)
	at com.ibm.ws.container.service.state.internal.ApplicationStateManager.fireStarting(ApplicationStateManager.java:29)
	at com.ibm.ws.container.service.state.internal.StateChangeServiceImpl.fireApplicationStarting(StateChangeServiceImpl.java:51)
	at com.ibm.ws.app.manager.module.internal.DeployedAppInfoBase.preDeployApp(DeployedAppInfoBase.java:791)
	at com.ibm.ws.app.manager.module.internal.DeployedAppInfoBase.deployApp(DeployedAppInfoBase.java:818)
	at com.ibm.ws.app.manager.war.internal.WARApplicationHandlerImpl.install(WARApplicationHandlerImpl.java:80)
	at com.ibm.ws.app.manager.internal.statemachine.StartAction.execute(StartAction.java:139)
	at com.ibm.ws.app.manager.internal.statemachine.ApplicationStateMachineImpl.enterState(ApplicationStateMachineImpl.java:1168)
	at com.ibm.ws.app.manager.internal.statemachine.ApplicationStateMachineImpl.run(ApplicationStateMachineImpl.java:781)
	at java.util.concurrent.ThreadPoolExecutor.runWorker(ThreadPoolExecutor.java:1142)
	at java.util.concurrent.ThreadPoolExecutor$Worker.run(ThreadPoolExecutor.java:617)
	at java.lang.Thread.run(Thread.java:745)
Caused by: java.lang.ClassNotFoundException: org.postgresql.xa.PGXADataSource
	at com.ibm.ws.classloading.internal.AppClassLoader.findClassCommonLibraryClassLoaders(AppClassLoader.java:433)
	at com.ibm.ws.classloading.internal.AppClassLoader.findClass(AppClassLoader.java:267)
	at java.lang.ClassLoader.loadClass(ClassLoader.java:424)
	at com.ibm.ws.classloading.internal.AppClassLoader.findOrDelegateLoadClass(AppClassLoader.java:411)
	at com.ibm.ws.classloading.internal.AppClassLoader.loadClass(AppClassLoader.java:383)
	at java.lang.ClassLoader.loadClass(ClassLoader.java:357)
	at com.ibm.ws.jdbc.internal.JDBCDriverService$1.run(JDBCDriverService.java:231)
	at com.ibm.ws.jdbc.internal.JDBCDriverService$1.run(JDBCDriverService.java:224)
	at java.security.AccessController.doPrivileged(Native Method)
	at com.ibm.ws.jdbc.internal.JDBCDriverService.create(JDBCDriverService.java:223)
	... 38 more

Dump of callerThis
Object type = com.ibm.ws.resource.internal.ResourceFactoryTrackerData$1
  val$ref = class org.eclipse.osgi.internal.serviceregistry.ServiceReferenceImpl@46951c21
    registration = class org.eclipse.osgi.internal.serviceregistry.ServiceRegistrationImpl@9060ed2
      registry = class org.eclipse.osgi.internal.serviceregistry.ServiceRegistry@67455f50
      context = class org.eclipse.osgi.internal.framework.BundleContextImpl@c0ca55
      bundle = class org.eclipse.osgi.internal.framework.EquinoxBundle@265199c1
      clazzes = class java.lang.String[4]
      service = class org.apache.felix.scr.impl.manager.SingleComponentManager@501ab459
      reference = class org.eclipse.osgi.internal.serviceregistry.ServiceReferenceImpl@46951c21
      contextsUsing = class java.util.ArrayList@1629029b
      properties = class org.eclipse.osgi.internal.serviceregistry.ServiceProperties@768127f0
      serviceid = 390
      serviceranking = 0
      registrationLock = class java.lang.Object@2b78c463
      state = 0
      REGISTERED = 0
      UNREGISTERING = 1
      UNREGISTERED = 2
      $assertionsDisabled = true
  this$0 = class com.ibm.ws.resource.internal.ResourceFactoryTrackerData@55b7c06c
    JNDI_SERVICENAME = "osgi.jndi.service.name"
    context = class org.eclipse.osgi.internal.framework.BundleContextImpl@c0ca55
      findHookName = "org.osgi.framework.hooks.bundle.FindHook"
      valid = true
      bundle = class org.eclipse.osgi.internal.framework.EquinoxBundle@265199c1
      container = class org.eclipse.osgi.internal.framework.EquinoxContainer@6b72dd59
      debug = class org.eclipse.osgi.internal.debug.Debug@73952f17
      servicesInUse = class java.util.HashMap@65f2d331
      activator = null
      contextLock = class java.lang.Object@3b9138ce
    registration = class org.eclipse.osgi.internal.serviceregistry.ServiceRegistrationImpl@519b1c0
      registry = class org.eclipse.osgi.internal.serviceregistry.ServiceRegistry@67455f50
      context = class org.eclipse.osgi.internal.framework.BundleContextImpl@c0ca55
      bundle = class org.eclipse.osgi.internal.framework.EquinoxBundle@265199c1
      clazzes = class java.lang.String[1]
      service = class com.ibm.ws.resource.internal.ResourceFactoryTrackerData$1@273e4c08
      reference = class org.eclipse.osgi.internal.serviceregistry.ServiceReferenceImpl@2966a9de
      contextsUsing = class java.util.ArrayList@5afe9c98
      properties = class org.eclipse.osgi.internal.serviceregistry.ServiceProperties@681b9841
      serviceid = 391
      serviceranking = 0
      registrationLock = class java.lang.Object@2db98cd7
      state = 0
      REGISTERED = 0
      UNREGISTERING = 1
      UNREGISTERED = 2
      $assertionsDisabled = true
    interfaces = class java.lang.String[1]
      interfaces[0] = "javax.sql.DataSource"
    serialVersionUID = 3255566074950677883
    $$$tc$$$ = class com.ibm.websphere.ras.TraceComponent@376cf6ad
      strings[0] = "TraceComponent[com.ibm.ws.resource.internal.ResourceFactoryTrackerData,class com.ibm.ws.resource.internal.ResourceFactoryTrackerData,[resource],com.ibm.ws.resource.internal.resources.Runtime,null]"
  serialVersionUID = -5395261454852493419
  $$$tc$$$ = class com.ibm.websphere.ras.TraceComponent@5510ec51
    strings[0] = "TraceComponent[com.ibm.ws.resource.internal.ResourceFactoryTrackerData$1,class com.ibm.ws.resource.internal.ResourceFactoryTrackerData$1,[resource],com.ibm.ws.resource.internal.resources.Runtime,null]"

Dump of objectArray[0]
Object type = org.eclipse.osgi.internal.framework.EquinoxBundle
  equinoxContainer = class org.eclipse.osgi.internal.framework.EquinoxContainer@6b72dd59
    NAME = "org.eclipse.osgi"
    CONFIG_FILE = "config.ini"
    secureAction = class org.eclipse.osgi.framework.util.SecureAction@46555c62
      controlContext = class java.security.AccessControlContext@51ca331c
      bootClassLoader = class org.eclipse.osgi.framework.util.SecureAction$1$1@493aad46
    equinoxConfig = class org.eclipse.osgi.internal.framework.EquinoxConfiguration@4a1cc3de
      INTERNAL_OS_SUNOS = "SunOS"
      INTERNAL_OS_LINUX = "Linux"
      INTERNAL_OS_MACOSX = "Mac OS"
      INTERNAL_OS_AIX = "AIX"
      INTERNAL_OS_HPUX = "HP-UX"
      INTERNAL_OS_QNX = "QNX"
      INTERNAL_OS_OS400 = "OS/400"
      INTERNAL_OS_OS390 = "OS/390"
      INTERNAL_OS_ZOS = "z/OS"
      INTERNAL_ARCH_I386 = "i386"
      INTERNAL_AMD64 = "amd64"
      VARIABLE_DELIM_STRING = "$"
      VARIABLE_DELIM_CHAR = $
      initialConfig = class java.util.HashMap@3698d0e1
      configuration = class java.util.Properties@48815eec
      useSystemProperties = false
      debug = class org.eclipse.osgi.internal.debug.Debug@73952f17
      debugOptions = class org.eclipse.osgi.internal.debug.FrameworkDebugOptions@657a4ae3
      hookRegistry = class org.eclipse.osgi.internal.hookregistry.HookRegistry@44946cd9
      aliasMapper = class org.eclipse.osgi.internal.framework.AliasMapper@34fbb372
      allArgs = null
      frameworkArgs = null
      appArgs = null
      inDevelopmentMode = false
      devLocation = null
      devMonitor = class java.lang.Object@764fed3f
      devDefaultClasspath = null
      devProperties = null
      devLastModified = 0
      contextBootDelegation = false
      compatibilityBootDelegation = false
      LIB_EXTENSIONS = class java.util.Collections$UnmodifiableRandomAccessList@41559c47
      ECLIPSE_LIB_VARIANTS = class java.util.Collections$UnmodifiableRandomAccessList@26c0c210
      COPY_NATIVES = false
      ECLIPSE_NL_JAR_VARIANTS = class java.util.ArrayList@4fc98599
      DEFINE_PACKAGE_ATTRIBUTES = true
      BUNDLE_SET_TCCL = true
      BSN_VERSION = 3
      BSN_VERSION_SINGLE = 1
      BSN_VERSION_MULTIPLE = 2
      BSN_VERSION_MANAGED = 3
      throwErrorOnFailedStart = true
      CLASS_CERTIFICATE = true
      PARALLEL_CAPABLE = false
      PROP_JVM_OS_ARCH = "os.arch"
      PROP_JVM_OS_NAME = "os.name"
      PROP_JVM_OS_VERSION = "os.version"
      PROP_JVM_SPEC_VERSION = "java.specification.version"
      PROP_JVM_SPEC_NAME = "java.specification.name"
      PROP_J2ME_MICROEDITION_CONFIGURATION = "microedition.configuration"
      PROP_J2ME_MICROEDITION_PROFILES = "microedition.profiles"
      PROP_SETPERMS_CMD = "osgi.filepermissions.command"
      PROP_DEBUG = "osgi.debug"
      PROP_DEBUG_VERBOSE = "osgi.debug.verbose"
      PROP_DEV = "osgi.dev"
      PROP_CLEAN = "osgi.clean"
      PROP_USE_SYSTEM_PROPERTIES = "osgi.framework.useSystemProperties"
      PROP_FRAMEWORK = "osgi.framework"
      ECLIPSE_FRAMEWORK_VENDOR = "Eclipse"
      PROP_OSGI_JAVA_PROFILE = "osgi.java.profile"
      PROP_OSGI_JAVA_PROFILE_NAME = "osgi.java.profile.name"
      PROP_OSGI_JAVA_PROFILE_BOOTDELEGATION = "osgi.java.profile.bootdelegation"
      PROP_OSGI_BOOTDELEGATION_IGNORE = "ignore"
      PROP_OSGI_BOOTDELEGATION_OVERRIDE = "override"
      PROP_OSGI_BOOTDELEGATION_NONE = "none"
      PROP_CONTEXT_BOOTDELEGATION = "osgi.context.bootdelegation"
      PROP_COMPATIBILITY_BOOTDELEGATION = "osgi.compatibility.bootdelegation"
      PROP_COMPATIBILITY_ERROR_FAILED_START = "osgi.compatibility.errorOnFailedStart"
      PROP_COMPATIBILITY_START_LAZY = "osgi.compatibility.eagerStart.LazyActivation"
      PROP_OSGI_OS = "osgi.os"
      PROP_OSGI_WS = "osgi.ws"
      PROP_OSGI_ARCH = "osgi.arch"
      PROP_OSGI_NL = "osgi.nl"
      PROP_OSGI_NL_USER = "osgi.nl.user"
      PROP_ROOT_LOCALE = "equinox.root.locale"
      PROP_PARENT_CLASSLOADER = "osgi.parentClassloader"
      PARENT_CLASSLOADER_FWK = "fwk"
      PROP_CONTEXTCLASSLOADER_PARENT = "osgi.contextClassLoaderParent"
      CONTEXTCLASSLOADER_PARENT_APP = "app"
      CONTEXTCLASSLOADER_PARENT_EXT = "ext"
      CONTEXTCLASSLOADER_PARENT_BOOT = "boot"
      CONTEXTCLASSLOADER_PARENT_FWK = "fwk"
      PROP_FRAMEWORK_LIBRARY_EXTENSIONS = "osgi.framework.library.extensions"
      PROP_COPY_NATIVES = "osgi.classloader.copy.natives"
      PROP_DEFINE_PACKAGES = "osgi.classloader.define.packages"
      PROP_BUNDLE_SETTCCL = "eclipse.bundle.setTCCL"
      PROP_EQUINOX_SECURITY = "eclipse.security"
      PROP_FILE_LIMIT = "osgi.bundlefile.limit"
      PROP_CLASS_CERTIFICATE_SUPPORT = "osgi.support.class.certificate"
      PROP_CLASS_LOADER_TYPE = "osgi.classloader.type"
      CLASS_LOADER_TYPE_PARALLEL = "parallel"
      PROP_FORCED_RESTART = "osgi.forcedRestart"
      PROP_IGNORE_USER_CONFIGURATION = "eclipse.ignoreUserConfiguration"
      PROPERTY_STRICT_BUNDLE_ENTRY_PATH = "osgi.strictBundleEntryPath"
      PROP_CHECK_CONFIGURATION = "osgi.checkConfiguration"
      inCheckConfigurationMode = true
      DEFAULT_STATE_SAVE_DELAY_INTERVAL = "30000"
      PROP_STATE_SAVE_DELAY_INTERVAL = "eclipse.stateSaveDelayInterval"
      PROP_MODULE_LOCK_TIMEOUT = "osgi.module.lock.timeout"
      PROP_ALLOW_RESTRICTED_PROVIDES = "osgi.equinox.allow.restricted.provides"
      PROP_LOG_HISTORY_MAX = "equinox.log.history.max"
      PROP_RESOLVER_REVISION_BATCH_SIZE = "equinox.resolver.revision.batch.size"
      populateInitConfig = class java.util.Arrays$ArrayList@46e6bf4a
      NULL_CONFIG = "org.eclipse.equinox.configuration.null.value"
    equinoxLocations = class org.eclipse.osgi.internal.location.EquinoxLocations@5009a154
      READ_ONLY_AREA_SUFFIX = ".readOnly"
      PROP_INSTALL_AREA = "osgi.install.area"
      PROP_CONFIG_AREA = "osgi.configuration.area"
      PROP_CONFIG_AREA_DEFAULT = "osgi.configuration.area.default"
      PROP_SHARED_CONFIG_AREA = "osgi.sharedConfiguration.area"
      PROP_INSTANCE_AREA = "osgi.instance.area"
      PROP_INSTANCE_AREA_DEFAULT = "osgi.instance.area.default"
      PROP_USER_AREA = "osgi.user.area"
      PROP_USER_AREA_DEFAULT = "osgi.user.area.default"
      PROP_USER_HOME = "user.home"
      PROP_USER_DIR = "user.dir"
      PROP_HOME_LOCATION_AREA = "eclipse.home.location"
      PROP_LAUNCHER = "eclipse.launcher"
      ECLIPSE = "eclipse"
      PRODUCT_SITE_MARKER = ".eclipseproduct"
      PRODUCT_SITE_ID = "id"
      PRODUCT_SITE_VERSION = "version"
      CONFIG_DIR = "configuration"
      NONE = "@none"
      NO_DEFAULT = "@noDefault"
      USER_HOME = "@user.home"
      USER_DIR = "@user.dir"
      INSTALL_HASH_PLACEHOLDER = "@install.hash"
      INSTANCE_DATA_AREA_PREFIX = ".metadata/.plugins/"
      equinoxConfig = class org.eclipse.osgi.internal.framework.EquinoxConfiguration@4a1cc3de
      installLocation = class org.eclipse.osgi.internal.location.BasicLocation@fa2ae34
      configurationLocation = class org.eclipse.osgi.internal.location.BasicLocation@47e0ca41
      userLocation = class org.eclipse.osgi.internal.location.BasicLocation@10fade61
      instanceLocation = class org.eclipse.osgi.internal.location.BasicLocation@7b2c96a6
      eclipseHomeLocation = class org.eclipse.osgi.internal.location.BasicLocation@616554f9
    logServices = class org.eclipse.osgi.internal.log.EquinoxLogServices@34ed8c25
      EQUINOX_LOGGER_NAME = "org.eclipse.equinox.logger"
      PERF_LOGGER_NAME = "org.eclipse.performance.logger"
      PROP_LOG_ENABLED = "eclipse.log.enabled"
      LOG_EXT = ".log"
      logServiceManager = class org.eclipse.osgi.internal.log.LogServiceManager@7bc5785d
      eclipseLogFactory = class org.eclipse.osgi.internal.log.EquinoxLogFactory@3514f45c
      logWriter = class org.eclipse.osgi.internal.log.EquinoxLogWriter@5fa8170d
      perfWriter = class org.eclipse.osgi.internal.log.EquinoxLogWriter@30993e7
      rootFrameworkLog = class org.eclipse.osgi.internal.log.EquinoxLogFactory$1@53de144b
      frameworkLogReg = class org.eclipse.osgi.internal.serviceregistry.ServiceRegistrationImpl@417abc78
      perfLogReg = class org.eclipse.osgi.internal.serviceregistry.ServiceRegistrationImpl@5e75db25
    storage = class org.eclipse.osgi.storage.Storage@58377096
      VERSION = 3
      BUNDLE_DATA_DIR = "data"
      BUNDLE_FILE_NAME = "bundleFile"
      FRAMEWORK_INFO = "framework.info"
      ECLIPSE_SYSTEMBUNDLE = "Eclipse-SystemBundle"
      DELETE_FLAG = ".delete"
      LIB_TEMP = "libtemp"
      J2SE = "J2SE"
      JAVASE = "JavaSE"
      PROFILE_EXT = ".profile"
      NUL = " "
      secureAction = class org.eclipse.osgi.framework.util.SecureAction@360f56ca
      equinoxContainer = class org.eclipse.osgi.internal.framework.EquinoxContainer@6b72dd59
      installPath = "/home/eyal/Programs/wlp/lib/"
      osgiLocation = class org.eclipse.osgi.internal.location.BasicLocation@5b0e8eb1
      childRoot = class java.io.File@7b640a6a
      parentRoot = null
      permissionData = class org.eclipse.osgi.storage.PermissionData@6674b3a
      securityAdmin = class org.eclipse.osgi.internal.permadmin.SecurityAdmin@4a92e43a
      adaptor = class org.eclipse.osgi.internal.framework.EquinoxContainerAdaptor@65c680df
      moduleDatabase = class org.eclipse.osgi.container.ModuleDatabase@3e2af157
      moduleContainer = class org.eclipse.osgi.container.ModuleContainer@5d534f5d
      saveMonitor = class java.lang.Object@2a85333
      lastSavedTimestamp = 1449408475316
      idLocks = class org.eclipse.osgi.internal.container.LockSet@5f46c468
      mruList = class org.eclipse.osgi.storage.bundlefile.MRUBundleFileList@e576727
      extensionInstaller = class org.eclipse.osgi.storage.FrameworkExtensionInstaller@679e8ff3
      cachedHeaderKeys = class java.util.Arrays$ArrayList@276f79f8
      allowRestrictedProvides = true
    packageAdmin = class org.eclipse.osgi.internal.framework.legacy.PackageAdminImpl@74994a7d
      container = class org.eclipse.osgi.container.ModuleContainer@5d534f5d
    startLevel = class org.eclipse.osgi.internal.framework.legacy.StartLevelImpl@698756bb
      container = class org.eclipse.osgi.container.ModuleContainer@5d534f5d
    bootDelegation = class java.util.HashSet@3153630a
      serialVersionUID = -5024744406713321676
      map = class java.util.HashMap@3e0a85dc
      PRESENT = class java.lang.Object@61debb1f
      MAX_ARRAY_SIZE = 2147483639
    bootDelegationStems = class java.lang.String[11]
      bootDelegationStems[0] = "sun."
      bootDelegationStems[1] = "com.sun."
      bootDelegationStems[2] = "com.ibm.ws.boot.delegated."
      bootDelegationStems[3] = "org.apache.xml."
      bootDelegationStems[4] = "org.apache.xerces."
      bootDelegationStems[5] = "com.ibm.xylem."
      bootDelegationStems[6] = "com.ibm.xml."
      bootDelegationStems[7] = "com.ibm.xtq."
      bootDelegationStems[8] = "com.ibm.net.ssl."
      bootDelegationStems[9] = "com.ibm.crypto."
      bootDelegationStems[10] = "com.ibm.security."
    bootDelegateAll = false
    monitor = class java.lang.Object@6cf764e9
    eventManager = class org.eclipse.osgi.framework.eventmgr.EventManager@3f16d542
      DEBUG = false
      thread = class org.eclipse.osgi.framework.eventmgr.EventManager$EventThread@32f3cf85
      closed = false
      threadName = "Framework Event Dispatcher: Equinox Container: 502c6266-1e9c-0015-1f51-e32202aed347"
      threadGroup = null
    eventPublisher = class org.eclipse.osgi.internal.framework.EquinoxEventPublisher@1577ba99
      eventHookName = "org.osgi.framework.hooks.bundle.EventHook"
      collisionHookName = "org.osgi.framework.hooks.bundle.CollisionHook"
      BUNDLEEVENT = 1
      BUNDLEEVENTSYNC = 2
      FRAMEWORKEVENT = 4
      container = class org.eclipse.osgi.internal.framework.EquinoxContainer@6b72dd59
      allBundleListeners = class java.util.HashMap@6593ef1
      allSyncBundleListeners = class java.util.HashMap@7ccc948f
      allFrameworkListeners = class java.util.HashMap@4c9ee612
    serviceRegistry = class org.eclipse.osgi.internal.serviceregistry.ServiceRegistry@67455f50
      SERVICEEVENT = 3
      findHookName = "org.osgi.framework.hooks.service.FindHook"
      eventHookName = "org.osgi.framework.hooks.service.EventHook"
      eventListenerHookName = "org.osgi.framework.hooks.service.EventListenerHook"
      listenerHookName = "org.osgi.framework.hooks.service.ListenerHook"
      publishedServicesByClass = class java.util.HashMap@226403f2
      allPublishedServices = class java.util.ArrayList@3191e8a7
      publishedServicesByContext = class java.util.HashMap@52a71723
      serviceid = 495
      serviceEventListeners = class java.util.HashMap@51dc7b7c
      initialCapacity = 50
      initialSubCapacity = 10
      container = class org.eclipse.osgi.internal.framework.EquinoxContainer@6b72dd59
      systemBundleContext = class org.eclipse.osgi.internal.framework.BundleContextImpl@4310d43
      debug = class org.eclipse.osgi.internal.debug.Debug@73952f17
      $assertionsDisabled = true
    contextFinder = class org.eclipse.osgi.internal.framework.ContextFinder@23f16129
      cycleDetector = class java.lang.ThreadLocal@2015f970
      finderClassLoader = class com.ibm.ws.kernel.internal.classloader.BootstrapChildFirstJarClassloader@1b2c6ec2
      contextFinder = class org.eclipse.osgi.internal.framework.ContextFinder$Finder@c368510
      THIS = class java.lang.Class@209da20d
      parentContextClassLoader = class sun.misc.Launcher$AppClassLoader@14dad5dc
      parent = class sun.misc.Launcher$AppClassLoader@14dad5dc
      parallelLockMap = null
      package2certs = class java.util.Hashtable@5bf9c89d
      nocerts = class java.security.cert.Certificate[0]
      classes = class java.util.Vector@1e2088e3
      defaultDomain = class java.security.ProtectionDomain@11f12c2e
      domains = class java.util.HashSet@29573505
      packages = class java.util.HashMap@3c7fbd92
      scl = class sun.misc.Launcher$AppClassLoader@14dad5dc
      sclSet = true
      loadedLibraryNames = class java.util.Vector@7f7c23db
      systemNativeLibraries = class java.util.Vector@475cc79c
      nativeLibraries = class java.util.Vector@26024d6e
      nativeLibraryContext = class java.util.Stack@90a65e7
      usr_paths = class java.lang.String[5]
      sys_paths = class java.lang.String[1]
      assertionLock = class org.eclipse.osgi.internal.framework.ContextFinder@23f16129
      defaultAssertionStatus = false
      packageAssertionStatus = null
      classAssertionStatus = null
    signedContentFactory = class org.osgi.util.tracker.ServiceTracker@5f0d2ef7
      DEBUG = false
      context = class org.eclipse.osgi.internal.framework.BundleContextImpl@4310d43
      filter = class org.eclipse.osgi.internal.framework.FilterImpl@3507c586
      customizer = class org.osgi.util.tracker.ServiceTracker@5f0d2ef7
      listenerFilter = "(objectClass=org.eclipse.osgi.signedcontent.SignedContentFactory)"
      trackClass = "org.eclipse.osgi.signedcontent.SignedContentFactory"
      trackReference = null
      tracked = class org.osgi.util.tracker.ServiceTracker$Tracked@35d542e9
      cachedReference = null
      cachedService = null
    executor = class java.util.concurrent.ScheduledThreadPoolExecutor@80ac9d3
      continueExistingPeriodicTasksAfterShutdown = false
      executeExistingDelayedTasksAfterShutdown = true
      removeOnCancel = false
      sequencer = class java.util.concurrent.atomic.AtomicLong@2ee57005
      ctl = class java.util.concurrent.atomic.AtomicInteger@6fb7db66
      COUNT_BITS = 29
      CAPACITY = 536870911
      RUNNING = -536870912
      SHUTDOWN = 0
      STOP = 536870912
      TIDYING = 1073741824
      TERMINATED = 1610612736
      workQueue = class java.util.concurrent.ScheduledThreadPoolExecutor$DelayedWorkQueue@5bea82c3
      mainLock = class java.util.concurrent.locks.ReentrantLock@3124c807
      workers = class java.util.HashSet@34c4e37e
      termination = class java.util.concurrent.locks.AbstractQueuedSynchronizer$ConditionObject@6579626b
      largestPoolSize = 1
      completedTaskCount = 0
      threadFactory = class org.eclipse.osgi.internal.framework.EquinoxContainer@6b72dd59
      handler = class java.util.concurrent.ThreadPoolExecutor$AbortPolicy@6a8a189d
      keepAliveTime = 0
      allowCoreThreadTimeOut = false
      corePoolSize = 1
      maximumPoolSize = 2147483647
      defaultHandler = class java.util.concurrent.ThreadPoolExecutor$AbortPolicy@6a8a189d
      shutdownPerm = class java.lang.RuntimePermission@7d79913b
      ONLY_ONE = true
      $assertionsDisabled = true
    storageSaver = class org.eclipse.osgi.internal.framework.StorageSaver@1bfb155
      container = class org.eclipse.osgi.internal.framework.EquinoxContainer@6b72dd59
      delay = 30000
      future = class java.util.concurrent.ScheduledThreadPoolExecutor$ScheduledFutureTask@58444570
      hook = class java.lang.Thread@342c38f8
      task = class org.eclipse.osgi.internal.framework.StorageSaver$StorageSaverTask@62da570b
  module = class org.eclipse.osgi.internal.framework.EquinoxBundle$EquinoxModule@7bb9ba0
    this$0 = class org.eclipse.osgi.internal.framework.EquinoxBundle@5a74760c
    ACTIVE_SET = class java.util.RegularEnumSet@c7f283
      serialVersionUID = 3411599620347842686
      elements = 60
      elementType = class java.lang.Class@b065c63
      universe = class org.eclipse.osgi.container.Module$State[7]
      ZERO_LENGTH_ENUM_ARRAY = class java.lang.Enum[0]
      MAX_ARRAY_SIZE = 2147483639
    RESOLVED_SET = class java.util.RegularEnumSet@4531d6ac
      serialVersionUID = 3411599620347842686
      elements = 62
      elementType = class java.lang.Class@b065c63
      universe = class org.eclipse.osgi.container.Module$State[7]
      ZERO_LENGTH_ENUM_ARRAY = class java.lang.Enum[0]
      MAX_ARRAY_SIZE = 2147483639
    id = 135
    location = "feature@reference:file:/home/eyal/Programs/wlp/lib/com.ibm.ws.jpa.container_1.0.10.jar"
    revisions = class org.eclipse.osgi.container.ModuleRevisions@61acd3b0
      monitor = class java.lang.Object@40f10f7e
      module = class org.eclipse.osgi.internal.framework.EquinoxBundle$EquinoxModule@7bb9ba0
      container = class org.eclipse.osgi.container.ModuleContainer@5d534f5d
      revisions = class java.util.ArrayList@7a05b90d
      uninstalled = false
      uninstalledCurrent = null
    stateChangeLock = class org.eclipse.osgi.internal.container.EquinoxReentrantLock@6a7b3fee
      serialVersionUID = 1
      serialVersionUID = 7373984872572414699
      sync = class java.util.concurrent.locks.ReentrantLock$NonfairSync@56a267d6
    stateTransitionEvents = class java.util.RegularEnumSet@55979bc8
      serialVersionUID = 3411599620347842686
      elements = 0
      elementType = class java.lang.Class@59f99ea
      universe = class org.eclipse.osgi.container.ModuleContainerAdaptor$ModuleEvent[10]
      ZERO_LENGTH_ENUM_ARRAY = class java.lang.Enum[0]
      MAX_ARRAY_SIZE = 2147483639
    settings = class java.util.RegularEnumSet@1e58a360
      serialVersionUID = 3411599620347842686
      elements = 3
      elementType = class java.lang.Class@27efef64
      universe = class org.eclipse.osgi.container.Module$Settings[2]
      ZERO_LENGTH_ENUM_ARRAY = class java.lang.Enum[0]
      MAX_ARRAY_SIZE = 2147483639
    inStartResolve = class org.eclipse.osgi.container.Module$1@196ec248
      this$0 = class org.eclipse.osgi.internal.framework.EquinoxBundle$EquinoxModule@7bb9ba0
      threadLocalHashCode = -1387842591
      nextHashCode = class java.util.concurrent.atomic.AtomicInteger@361320b8
      HASH_INCREMENT = 1640531527
    state = class org.eclipse.osgi.container.Module$State@2ad90ac4
      INSTALLED = class org.eclipse.osgi.container.Module$State@20962856
      RESOLVED = class org.eclipse.osgi.container.Module$State@66d9f3f3
      LAZY_STARTING = class org.eclipse.osgi.container.Module$State@79dfc028
      STARTING = class org.eclipse.osgi.container.Module$State@32568176
      ACTIVE = class org.eclipse.osgi.container.Module$State@2ad90ac4
      STOPPING = class org.eclipse.osgi.container.Module$State@2313dbf2
      UNINSTALLED = class org.eclipse.osgi.container.Module$State@afcf208
      ENUM$VALUES = class org.eclipse.osgi.container.Module$State[7]
      name = "ACTIVE"
      ordinal = 4
    startlevel = 12
    lastModified = 1449408477289
    VALID_RESOLVED_TRANSITION = class java.util.RegularEnumSet@43799d8c
      serialVersionUID = 3411599620347842686
      elements = 8
      elementType = class java.lang.Class@59f99ea
      universe = class org.eclipse.osgi.container.ModuleContainerAdaptor$ModuleEvent[10]
      ZERO_LENGTH_ENUM_ARRAY = class java.lang.Enum[0]
      MAX_ARRAY_SIZE = 2147483639
    VALID_STOPPED_TRANSITION = class java.util.RegularEnumSet@18e16520
      serialVersionUID = 3411599620347842686
      elements = 896
      elementType = class java.lang.Class@59f99ea
      universe = class org.eclipse.osgi.container.ModuleContainerAdaptor$ModuleEvent[10]
      ZERO_LENGTH_ENUM_ARRAY = class java.lang.Enum[0]
      MAX_ARRAY_SIZE = 2147483639
    $SWITCH_TABLE$org$eclipse$osgi$container$ModuleContainerAdaptor$ModuleEvent = {1,2,3,4,5,6,7,8,9,10} /* array length = 10*/
  monitor = class java.lang.Object@358e07b0
  context = class org.eclipse.osgi.internal.framework.BundleContextImpl@28e8d693
    findHookName = "org.osgi.framework.hooks.bundle.FindHook"
    valid = true
    bundle = class org.eclipse.osgi.internal.framework.EquinoxBundle@5a74760c
    container = class org.eclipse.osgi.internal.framework.EquinoxContainer@6b72dd59
    debug = class org.eclipse.osgi.internal.debug.Debug@73952f17
      ECLIPSE_OSGI = "org.eclipse.osgi"
      OPTION_DEBUG_GENERAL = "org.eclipse.osgi/debug"
      OPTION_DEBUG_BUNDLE_TIME = "org.eclipse.osgi/debug/bundleTime"
      OPTION_DEBUG_LOADER = "org.eclipse.osgi/debug/loader"
      OPTION_DEBUG_EVENTS = "org.eclipse.osgi/debug/events"
      OPTION_DEBUG_SERVICES = "org.eclipse.osgi/debug/services"
      OPTION_DEBUG_HOOKS = "org.eclipse.osgi/debug/hooks"
      OPTION_DEBUG_MANIFEST = "org.eclipse.osgi/debug/manifest"
      OPTION_DEBUG_FILTER = "org.eclipse.osgi/debug/filter"
      OPTION_DEBUG_SECURITY = "org.eclipse.osgi/debug/security"
      OPTION_DEBUG_STARTLEVEL = "org.eclipse.osgi/debug/startlevel"
      OPTION_DEBUG_PACKAGEADMIN = "org.eclipse.osgi/debug/packageadmin"
      OPTION_DEBUG_PACKAGEADMIN_TIMING = "org.eclipse.osgi/debug/packageadmin/timing"
      OPTION_MONITOR_ACTIVATION = "org.eclipse.osgi/monitor/activation"
      OPTION_MONITOR_LAZY = "org.eclipse.osgi/monitor/lazy"
      OPTION_DEBUG_MESSAGE_BUNDLES = "org.eclipse.osgi/debug/messageBundles"
      OPTION_DEBUG_LOCATION = "org.eclipse.osgi/debug/location"
      OPTION_CACHED_MANIFEST = "org.eclipse.osgi/debug/cachedmanifest"
      DEBUG_GENERAL = false
      DEBUG_BUNDLE_TIME = false
      DEBUG_LOADER = false
      DEBUG_EVENTS = false
      DEBUG_SERVICES = false
      DEBUG_HOOKS = false
      DEBUG_MANIFEST = false
      DEBUG_FILTER = false
      DEBUG_SECURITY = false
      DEBUG_STARTLEVEL = false
      DEBUG_PACKAGEADMIN = false
      DEBUG_PACKAGEADMIN_TIMING = false
      DEBUG_MESSAGE_BUNDLES = false
      MONITOR_ACTIVATION = false
      DEBUG_LOCATION = false
      DEBUG_CACHED_MANIFEST = false
      out = class com.ibm.ws.logging.internal.impl.BaseTraceService$TeePrintStream@1fb9b812
    servicesInUse = class java.util.HashMap@77f298f6
      serialVersionUID = 362498820763181265
      DEFAULT_INITIAL_CAPACITY = 16
      MAXIMUM_CAPACITY = 1073741824
      DEFAULT_LOAD_FACTOR = 0.75
      TREEIFY_THRESHOLD = 8
      UNTREEIFY_THRESHOLD = 6
      MIN_TREEIFY_CAPACITY = 64
      table = class java.util.HashMap$Node[16]
      entrySet = null
      size = 7
      modCount = 29
      threshold = 12
      loadFactor = 0.75
      keySet = null
      values = null
    activator = null
    contextLock = class java.lang.Object@159f33e6
  signerInfos = null
  $SWITCH_TABLE$org$eclipse$osgi$container$Module$State = {1,2,3,4,5,6,7} /* array length = 7*/

Dump of objectArray[1]
Object type = org.eclipse.osgi.internal.serviceregistry.ServiceRegistrationImpl
  registry = class org.eclipse.osgi.internal.serviceregistry.ServiceRegistry@67455f50
    SERVICEEVENT = 3
    findHookName = "org.osgi.framework.hooks.service.FindHook"
    eventHookName = "org.osgi.framework.hooks.service.EventHook"
    eventListenerHookName = "org.osgi.framework.hooks.service.EventListenerHook"
    listenerHookName = "org.osgi.framework.hooks.service.ListenerHook"
    publishedServicesByClass = class java.util.HashMap@226403f2
      serialVersionUID = 362498820763181265
      DEFAULT_INITIAL_CAPACITY = 16
      MAXIMUM_CAPACITY = 1073741824
      DEFAULT_LOAD_FACTOR = 0.75
      TREEIFY_THRESHOLD = 8
      UNTREEIFY_THRESHOLD = 6
      MIN_TREEIFY_CAPACITY = 64
      table = class java.util.HashMap$Node[512]
      entrySet = null
      size = 311
      modCount = 311
      threshold = 384
      loadFactor = 0.75
      keySet = null
      values = null
    allPublishedServices = class java.util.ArrayList@3191e8a7
      serialVersionUID = 8683452581122892189
      DEFAULT_CAPACITY = 10
      EMPTY_ELEMENTDATA = class java.lang.Object[0]
      DEFAULTCAPACITY_EMPTY_ELEMENTDATA = class java.lang.Object[0]
      elementData = class java.lang.Object[567]
      size = 476
      MAX_ARRAY_SIZE = 2147483639
      modCount = 668
      MAX_ARRAY_SIZE = 2147483639
    publishedServicesByContext = class java.util.HashMap@52a71723
      serialVersionUID = 362498820763181265
      DEFAULT_INITIAL_CAPACITY = 16
      MAXIMUM_CAPACITY = 1073741824
      DEFAULT_LOAD_FACTOR = 0.75
      TREEIFY_THRESHOLD = 8
      UNTREEIFY_THRESHOLD = 6
      MIN_TREEIFY_CAPACITY = 64
      table = class java.util.HashMap$Node[256]
      entrySet = null
      size = 110
      modCount = 110
      threshold = 192
      loadFactor = 0.75
      keySet = null
      values = null
    serviceid = 495
    serviceEventListeners = class java.util.HashMap@51dc7b7c
      serialVersionUID = 362498820763181265
      DEFAULT_INITIAL_CAPACITY = 16
      MAXIMUM_CAPACITY = 1073741824
      DEFAULT_LOAD_FACTOR = 0.75
      TREEIFY_THRESHOLD = 8
      UNTREEIFY_THRESHOLD = 6
      MIN_TREEIFY_CAPACITY = 64
      table = class java.util.HashMap$Node[256]
      entrySet = class java.util.HashMap$EntrySet@18ae7e9f
      size = 112
      modCount = 112
      threshold = 192
      loadFactor = 0.75
      keySet = null
      values = null
    initialCapacity = 50
    initialSubCapacity = 10
    container = class org.eclipse.osgi.internal.framework.EquinoxContainer@6b72dd59
    systemBundleContext = class org.eclipse.osgi.internal.framework.BundleContextImpl@4310d43
      findHookName = "org.osgi.framework.hooks.bundle.FindHook"
      valid = true
      bundle = class org.eclipse.osgi.internal.framework.EquinoxBundle$SystemBundle@4223aebf
      container = class org.eclipse.osgi.internal.framework.EquinoxContainer@6b72dd59
      debug = class org.eclipse.osgi.internal.debug.Debug@73952f17
      servicesInUse = class java.util.HashMap@50994383
      activator = class org.eclipse.osgi.internal.framework.SystemBundleActivator@e1caac6
      contextLock = class java.lang.Object@e97a610
    debug = class org.eclipse.osgi.internal.debug.Debug@73952f17
      ECLIPSE_OSGI = "org.eclipse.osgi"
      OPTION_DEBUG_GENERAL = "org.eclipse.osgi/debug"
      OPTION_DEBUG_BUNDLE_TIME = "org.eclipse.osgi/debug/bundleTime"
      OPTION_DEBUG_LOADER = "org.eclipse.osgi/debug/loader"
      OPTION_DEBUG_EVENTS = "org.eclipse.osgi/debug/events"
      OPTION_DEBUG_SERVICES = "org.eclipse.osgi/debug/services"
      OPTION_DEBUG_HOOKS = "org.eclipse.osgi/debug/hooks"
      OPTION_DEBUG_MANIFEST = "org.eclipse.osgi/debug/manifest"
      OPTION_DEBUG_FILTER = "org.eclipse.osgi/debug/filter"
      OPTION_DEBUG_SECURITY = "org.eclipse.osgi/debug/security"
      OPTION_DEBUG_STARTLEVEL = "org.eclipse.osgi/debug/startlevel"
      OPTION_DEBUG_PACKAGEADMIN = "org.eclipse.osgi/debug/packageadmin"
      OPTION_DEBUG_PACKAGEADMIN_TIMING = "org.eclipse.osgi/debug/packageadmin/timing"
      OPTION_MONITOR_ACTIVATION = "org.eclipse.osgi/monitor/activation"
      OPTION_MONITOR_LAZY = "org.eclipse.osgi/monitor/lazy"
      OPTION_DEBUG_MESSAGE_BUNDLES = "org.eclipse.osgi/debug/messageBundles"
      OPTION_DEBUG_LOCATION = "org.eclipse.osgi/debug/location"
      OPTION_CACHED_MANIFEST = "org.eclipse.osgi/debug/cachedmanifest"
      DEBUG_GENERAL = false
      DEBUG_BUNDLE_TIME = false
      DEBUG_LOADER = false
      DEBUG_EVENTS = false
      DEBUG_SERVICES = false
      DEBUG_HOOKS = false
      DEBUG_MANIFEST = false
      DEBUG_FILTER = false
      DEBUG_SECURITY = false
      DEBUG_STARTLEVEL = false
      DEBUG_PACKAGEADMIN = false
      DEBUG_PACKAGEADMIN_TIMING = false
      DEBUG_MESSAGE_BUNDLES = false
      MONITOR_ACTIVATION = false
      DEBUG_LOCATION = false
      DEBUG_CACHED_MANIFEST = false
      out = class com.ibm.ws.logging.internal.impl.BaseTraceService$TeePrintStream@1fb9b812
    $assertionsDisabled = true
  context = class org.eclipse.osgi.internal.framework.BundleContextImpl@c0ca55
    findHookName = "org.osgi.framework.hooks.bundle.FindHook"
    valid = true
    bundle = class org.eclipse.osgi.internal.framework.EquinoxBundle@265199c1
    container = class org.eclipse.osgi.internal.framework.EquinoxContainer@6b72dd59
    debug = class org.eclipse.osgi.internal.debug.Debug@73952f17
    servicesInUse = class java.util.HashMap@65f2d331
      serialVersionUID = 362498820763181265
      DEFAULT_INITIAL_CAPACITY = 16
      MAXIMUM_CAPACITY = 1073741824
      DEFAULT_LOAD_FACTOR = 0.75
      TREEIFY_THRESHOLD = 8
      UNTREEIFY_THRESHOLD = 6
      MIN_TREEIFY_CAPACITY = 64
      table = class java.util.HashMap$Node[16]
      entrySet = null
      size = 8
      modCount = 18
      threshold = 12
      loadFactor = 0.75
      keySet = null
      values = null
    activator = null
    contextLock = class java.lang.Object@3b9138ce
  bundle = class org.eclipse.osgi.internal.framework.EquinoxBundle@265199c1
    equinoxContainer = class org.eclipse.osgi.internal.framework.EquinoxContainer@6b72dd59
      NAME = "org.eclipse.osgi"
      CONFIG_FILE = "config.ini"
      secureAction = class org.eclipse.osgi.framework.util.SecureAction@46555c62
      equinoxConfig = class org.eclipse.osgi.internal.framework.EquinoxConfiguration@4a1cc3de
      equinoxLocations = class org.eclipse.osgi.internal.location.EquinoxLocations@5009a154
      logServices = class org.eclipse.osgi.internal.log.EquinoxLogServices@34ed8c25
      storage = class org.eclipse.osgi.storage.Storage@58377096
      packageAdmin = class org.eclipse.osgi.internal.framework.legacy.PackageAdminImpl@74994a7d
      startLevel = class org.eclipse.osgi.internal.framework.legacy.StartLevelImpl@698756bb
      bootDelegation = class java.util.HashSet@3153630a
      bootDelegationStems = class java.lang.String[11]
      bootDelegateAll = false
      monitor = class java.lang.Object@6cf764e9
      eventManager = class org.eclipse.osgi.framework.eventmgr.EventManager@3f16d542
      eventPublisher = class org.eclipse.osgi.internal.framework.EquinoxEventPublisher@1577ba99
      serviceRegistry = class org.eclipse.osgi.internal.serviceregistry.ServiceRegistry@67455f50
      contextFinder = class org.eclipse.osgi.internal.framework.ContextFinder@23f16129
      signedContentFactory = class org.osgi.util.tracker.ServiceTracker@5f0d2ef7
      executor = class java.util.concurrent.ScheduledThreadPoolExecutor@80ac9d3
      storageSaver = class org.eclipse.osgi.internal.framework.StorageSaver@1bfb155
    module = class org.eclipse.osgi.internal.framework.EquinoxBundle$EquinoxModule@3d2bbbc3
      this$0 = class org.eclipse.osgi.internal.framework.EquinoxBundle@265199c1
      ACTIVE_SET = class java.util.RegularEnumSet@c7f283
      RESOLVED_SET = class java.util.RegularEnumSet@4531d6ac
      id = 131
      location = "feature@reference:file:/home/eyal/Programs/wlp/lib/com.ibm.ws.jdbc_1.0.10.jar"
      revisions = class org.eclipse.osgi.container.ModuleRevisions@6ab00aa4
      stateChangeLock = class org.eclipse.osgi.internal.container.EquinoxReentrantLock@6b84d992
      stateTransitionEvents = class java.util.RegularEnumSet@9b7a62f
      settings = class java.util.RegularEnumSet@5ea374d2
      inStartResolve = class org.eclipse.osgi.container.Module$1@342cb088
      state = class org.eclipse.osgi.container.Module$State@2ad90ac4
      startlevel = 12
      lastModified = 1449408477278
      VALID_RESOLVED_TRANSITION = class java.util.RegularEnumSet@43799d8c
      VALID_STOPPED_TRANSITION = class java.util.RegularEnumSet@18e16520
      $SWITCH_TABLE$org$eclipse$osgi$container$ModuleContainerAdaptor$ModuleEvent = {1,2,3,4,5,6,7,8,9,10} /* array length = 10*/
    monitor = class java.lang.Object@3791a4c7
    context = class org.eclipse.osgi.internal.framework.BundleContextImpl@c0ca55
    signerInfos = null
    $SWITCH_TABLE$org$eclipse$osgi$container$Module$State = {1,2,3,4,5,6,7} /* array length = 7*/
  clazzes = class java.lang.String[1]
    clazzes[0] = "javax.sql.DataSource"
  service = class com.ibm.ws.resource.internal.ResourceFactoryTrackerData$1@273e4c08
    val$ref = class org.eclipse.osgi.internal.serviceregistry.ServiceReferenceImpl@46951c21
      registration = class org.eclipse.osgi.internal.serviceregistry.ServiceRegistrationImpl@9060ed2
    this$0 = class com.ibm.ws.resource.internal.ResourceFactoryTrackerData@55b7c06c
      JNDI_SERVICENAME = "osgi.jndi.service.name"
      context = class org.eclipse.osgi.internal.framework.BundleContextImpl@c0ca55
      registration = class org.eclipse.osgi.internal.serviceregistry.ServiceRegistrationImpl@519b1c0
      interfaces = class java.lang.String[1]
      serialVersionUID = 3255566074950677883
      $$$tc$$$ = class com.ibm.websphere.ras.TraceComponent@376cf6ad
    serialVersionUID = -5395261454852493419
    $$$tc$$$ = class com.ibm.websphere.ras.TraceComponent@5510ec51
      strings[0] = "TraceComponent[com.ibm.ws.resource.internal.ResourceFactoryTrackerData$1,class com.ibm.ws.resource.internal.ResourceFactoryTrackerData$1,[resource],com.ibm.ws.resource.internal.resources.Runtime,null]"
  reference = class org.eclipse.osgi.internal.serviceregistry.ServiceReferenceImpl@2966a9de
    registration = class org.eclipse.osgi.internal.serviceregistry.ServiceRegistrationImpl@519b1c0
  contextsUsing = class java.util.ArrayList@5afe9c98
    serialVersionUID = 8683452581122892189
    DEFAULT_CAPACITY = 10
    EMPTY_ELEMENTDATA = class java.lang.Object[0]
    DEFAULTCAPACITY_EMPTY_ELEMENTDATA = class java.lang.Object[0]
    elementData = class java.lang.Object[10]
      elementData[0] = class org.eclipse.osgi.internal.framework.BundleContextImpl@28e8d693
      elementData[1] = null
      elementData[2] = null
      elementData[3] = null
      elementData[4] = null
      elementData[5] = null
      elementData[6] = null
      elementData[7] = null
      elementData[8] = null
      elementData[9] = null
    size = 1
    MAX_ARRAY_SIZE = 2147483639
    modCount = 1
    MAX_ARRAY_SIZE = 2147483639
  properties = class org.eclipse.osgi.internal.serviceregistry.ServiceProperties@681b9841
    readOnly = true
    headers = class java.lang.Object[35]
      headers[0] = "objectClass"
      headers[1] = "config.id"
      headers[2] = "service.pid"
      headers[3] = "component.id"
      headers[4] = "propertiesRef.0.serverName"
      headers[5] = "connectionManager.target"
      headers[6] = "connectionSharing"
      headers[7] = "statementCacheSize"
      headers[8] = "component.name"
      headers[9] = "jdbcDriverRef"
      headers[10] = "config.displayId"
      headers[11] = "propertiesRef.0.databaseName"
      headers[12] = "containerAuthData.target"
      headers[13] = "syncQueryTimeoutWithTransactionTimeout"
      headers[14] = "beginTranForResultSetScrollingAPIs"
      headers[15] = "com.ibm.wsspi.resource.ResourceFactory"
      headers[16] = "service.scope"
      headers[17] = "recoveryAuthData.target"
      headers[18] = "service.bundleid"
      headers[19] = "beginTranForVendorAPIs"
      headers[20] = "propertiesRef.0.portNumber"
      headers[21] = "config.overrides"
      headers[22] = "service.ranking"
      headers[23] = "service.id"
      headers[24] = "transactional"
      headers[25] = "osgi.jndi.service.name"
      headers[26] = "service.factoryPid"
      headers[27] = "resultSetUnusableWhenNoMoreResults"
      headers[28] = "jndiName.unique"
      headers[29] = "driver.target"
      headers[30] = "config.source"
      headers[31] = "propertiesRef.0.config.referenceType"
      headers[32] = "id"
      headers[33] = null
      headers[34] = null
    values = class java.lang.Object[35]
      values[0] = class java.lang.String[1]
      values[1] = "com.ibm.ws.jdbc.dataSource[jdbc/postgresql-cloud]"
      values[2] = "com.ibm.ws.jdbc.dataSource_76"
      values[3] = 300
      values[4] = "aws-us-east-1-portal.5.dblayer.com"
      values[5] = "(service.pid=${connectionManagerRef})"
      values[6] = "MatchOriginalRequest"
      values[7] = 10
      values[8] = "com.ibm.ws.jdbc.dataSource"
      values[9] = class java.lang.String[1]
      values[10] = "dataSource[jdbc/postgresql-cloud]"
      values[11] = "offla01"
      values[12] = "(service.pid=${containerAuthDataRef})"
      values[13] = false
      values[14] = true
      values[15] = "true"
      values[16] = "bundle"
      values[17] = "(service.pid=${recoveryAuthDataRef})"
      values[18] = 131
      values[19] = true
      values[20] = 10929
      values[21] = "true"
      values[22] = 0
      values[23] = 391
      values[24] = true
      values[25] = "jdbc/postgresql-cloud"
      values[26] = "com.ibm.ws.jdbc.dataSource"
      values[27] = false
      values[28] = "jdbc/postgresql-cloud"
      values[29] = "(service.pid=com.ibm.ws.jdbc.jdbcDriver_79)"
      values[30] = "file"
      values[31] = "com.ibm.ws.jdbc.dataSource.properties"
      values[32] = "jdbc/postgresql-cloud"
      values[33] = null
      values[34] = null
    size = 33
  serviceid = 391
  serviceranking = 0
  registrationLock = class java.lang.Object@2db98cd7
  state = 0
  REGISTERED = 0
  UNREGISTERING = 1
  UNREGISTERED = 2
  $assertionsDisabled = true

