------Start of DE processing------ = [12/6/15 15:33:40:456 IST]
Exception = java.sql.SQLNonTransientException
Source = com.ibm.ws.jdbc.DataSourceService
probeid = 587
Stack Dump = java.sql.SQLNonTransientException: DSRA4000E: A valid JDBC driver implementation class was not found for the jdbcDriver dataSource[jdbc/postgresql-cloud]/jdbcDriver[default-0] using the library postgresql-library. []
	at com.ibm.ws.jdbc.internal.JDBCDriverService.classNotFound(JDBCDriverService.java:196)
	at com.ibm.ws.jdbc.internal.JDBCDriverService.create(JDBCDriverService.java:292)
	at com.ibm.ws.jdbc.internal.JDBCDriverService.createAnyDataSource(JDBCDriverService.java:346)
	at com.ibm.ws.jdbc.DataSourceService.init(DataSourceService.java:452)
	at com.ibm.ws.jca.cm.AbstractConnectionFactoryService.createResource(AbstractConnectionFactoryService.java:136)
	at com.ibm.ws.resource.internal.ResourceFactoryTrackerData$1.getService(ResourceFactoryTrackerData.java:108)
	at org.eclipse.osgi.internal.serviceregistry.ServiceFactoryUse$1.run(ServiceFactoryUse.java:212)
	at java.security.AccessController.doPrivileged(Native Method)
	at org.eclipse.osgi.internal.serviceregistry.ServiceFactoryUse.factoryGetService(ServiceFactoryUse.java:210)
	at org.eclipse.osgi.internal.serviceregistry.ServiceFactoryUse.getService(ServiceFactoryUse.java:111)
	at org.eclipse.osgi.internal.serviceregistry.ServiceConsumer$2.getService(ServiceConsumer.java:45)
	at org.eclipse.osgi.internal.serviceregistry.ServiceRegistrationImpl.getService(ServiceRegistrationImpl.java:496)
	at org.eclipse.osgi.internal.serviceregistry.ServiceRegistry.getService(ServiceRegistry.java:461)
	at org.eclipse.osgi.internal.framework.BundleContextImpl.getService(BundleContextImpl.java:619)
	at com.ibm.ws.jndi.internal.WSContext.resolveObject(WSContext.java:128)
	at com.ibm.ws.jndi.internal.WSContext.lookup(WSContext.java:296)
	at com.ibm.ws.jndi.WSContextBase.lookup(WSContextBase.java:58)
	at org.apache.aries.jndi.DelegateContext.lookup(DelegateContext.java:161)
	at javax.naming.InitialContext.lookup(InitialContext.java:417)
	at com.ibm.ws.jpa.container.osgi.internal.OSGiJPAPUnitInfo.lookupDataSource(OSGiJPAPUnitInfo.java:318)
	at com.ibm.ws.jpa.management.JPAPUnitInfo.getJPADataSource(JPAPUnitInfo.java:442)
	at com.ibm.ws.jpa.management.JPAPUnitInfo.getJtaDataSource(JPAPUnitInfo.java:495)
	at com.ibm.ws.jpa.management.JPAPUnitInfo.initialize(JPAPUnitInfo.java:895)
	at com.ibm.ws.jpa.management.JPAPxmlInfo.extractPersistenceUnits(JPAPxmlInfo.java:234)
	at com.ibm.ws.jpa.management.JPAScopeInfo.processPersistenceUnit(JPAScopeInfo.java:109)
	at com.ibm.ws.jpa.management.JPAApplInfo.addPersistenceUnits(JPAApplInfo.java:139)
	at com.ibm.ws.jpa.container.osgi.internal.JPAComponentImpl.processLibraryJarPersistenceXml(JPAComponentImpl.java:363)
	at com.ibm.ws.jpa.container.osgi.internal.JPAComponentImpl.processWebModulePersistenceXml(JPAComponentImpl.java:421)
	at com.ibm.ws.jpa.container.osgi.internal.JPAComponentImpl.applicationStarting(JPAComponentImpl.java:249)
	at com.ibm.ws.container.service.state.internal.ApplicationStateManager.fireStarting(ApplicationStateManager.java:29)
	at com.ibm.ws.container.service.state.internal.StateChangeServiceImpl.fireApplicationStarting(StateChangeServiceImpl.java:51)
	at com.ibm.ws.app.manager.module.internal.DeployedAppInfoBase.preDeployApp(DeployedAppInfoBase.java:791)
	at com.ibm.ws.app.manager.module.internal.DeployedAppInfoBase.deployApp(DeployedAppInfoBase.java:818)
	at com.ibm.ws.app.manager.war.internal.WARApplicationHandlerImpl.install(WARApplicationHandlerImpl.java:80)
	at com.ibm.ws.app.manager.internal.statemachine.StartAction.execute(StartAction.java:139)
	at com.ibm.ws.app.manager.internal.statemachine.ApplicationStateMachineImpl.enterState(ApplicationStateMachineImpl.java:1168)
	at com.ibm.ws.app.manager.internal.statemachine.ApplicationStateMachineImpl.run(ApplicationStateMachineImpl.java:781)
	at java.util.concurrent.ThreadPoolExecutor.runWorker(ThreadPoolExecutor.java:1142)
	at java.util.concurrent.ThreadPoolExecutor$Worker.run(ThreadPoolExecutor.java:617)
	at java.lang.Thread.run(Thread.java:745)
Caused by: java.lang.ClassNotFoundException: org.postgresql.xa.PGXADataSource
	at com.ibm.ws.classloading.internal.AppClassLoader.findClassCommonLibraryClassLoaders(AppClassLoader.java:433)
	at com.ibm.ws.classloading.internal.AppClassLoader.findClass(AppClassLoader.java:267)
	at java.lang.ClassLoader.loadClass(ClassLoader.java:424)
	at com.ibm.ws.classloading.internal.AppClassLoader.findOrDelegateLoadClass(AppClassLoader.java:411)
	at com.ibm.ws.classloading.internal.AppClassLoader.loadClass(AppClassLoader.java:383)
	at java.lang.ClassLoader.loadClass(ClassLoader.java:357)
	at com.ibm.ws.jdbc.internal.JDBCDriverService$1.run(JDBCDriverService.java:231)
	at com.ibm.ws.jdbc.internal.JDBCDriverService$1.run(JDBCDriverService.java:224)
	at java.security.AccessController.doPrivileged(Native Method)
	at com.ibm.ws.jdbc.internal.JDBCDriverService.create(JDBCDriverService.java:223)
	... 38 more

Dump of callerThis
Object type = com.ibm.ws.jdbc.DataSourceService
  tc = class com.ibm.websphere.ras.TraceComponent@5f6794a5
    strings[0] = "TraceComponent[com.ibm.ws.jdbc.DataSourceService,class com.ibm.ws.jdbc.DataSourceService,[RRA],com.ibm.ws.rsadapter.resources.IBMDataStoreAdapterNLS,null]"
  dsraTc = class com.ibm.websphere.ras.TraceComponent@7663ac6a
    strings[0] = "TraceComponent[com.ibm.ws.jdbc.DataSourceService,class com.ibm.ws.jdbc.DataSourceService,[RRA],com.ibm.ws.jdbc.internal.resources.DSRAMessages,null]"
  JNDI_NAME = "jndiName"
  CONNECTION_MANAGER = "connectionManager"
  DATASOURCE = "dataSource"
  FACTORY_PID = "com.ibm.ws.jdbc.dataSource"
  JDBC_DRIVER = "driver"
  SUPPORT_EXTENSIONS = "supportExtensions"
  TARGET_CONNECTION_MANAGER = "connectionManager.target"
  TARGET_CONTAINER_AUTH_DATA = "containerAuthData.target"
  TARGET_JDBC_DRIVER = "driver.target"
  TARGET_RECOVERY_AUTH_DATA = "recoveryAuthData.target"
  UNIQUE_JNDI_NAME = "jndiName.unique"
  DECLARING_APPLICATION = "declaringApplication"
  WPROPS_TO_SKIP = class java.util.HashSet@774b4da1
    serialVersionUID = -5024744406713321676
    map = class java.util.HashMap@3fc462c8
      serialVersionUID = 362498820763181265
      DEFAULT_INITIAL_CAPACITY = 16
      MAXIMUM_CAPACITY = 1073741824
      DEFAULT_LOAD_FACTOR = 0.75
      TREEIFY_THRESHOLD = 8
      UNTREEIFY_THRESHOLD = 6
      MIN_TREEIFY_CAPACITY = 64
      table = class java.util.HashMap$Node[16]
      entrySet = null
      size = 9
      modCount = 9
      threshold = 12
      loadFactor = 0.75
      keySet = null
      values = null
    PRESENT = class java.lang.Object@3ba4904a
    MAX_ARRAY_SIZE = 2147483639
  componentContext = class org.apache.felix.scr.impl.manager.ComponentContextImpl@248b4fe3
    m_componentManager = class org.apache.felix.scr.impl.manager.SingleComponentManager@6cc3adef
      m_useCount = class java.util.concurrent.atomic.AtomicInteger@5e266b82
      m_componentContext = class org.apache.felix.scr.impl.manager.ComponentContextImpl@248b4fe3
      m_componentHolder = class org.apache.felix.scr.impl.config.ConfigurableComponentHolder@3e73bb8
      m_factoryProperties = null
      m_properties = class java.util.Hashtable@21d75d5c
      m_serviceProperties = null
      m_configurationProperties = class com.ibm.ws.config.admin.ConfigurationDictionary@d454088
      m_changeCount = 1
      m_targetedPID = class org.apache.felix.scr.impl.TargetedPID@63fbbb1e
      m_circularReferences = class java.lang.ThreadLocal@eecb698
      REASONS = class java.lang.String[7]
      m_factoryInstance = false
      m_componentId = 300
      m_componentMetadata = class org.apache.felix.scr.impl.metadata.ComponentMetadata@2d175b37
      m_componentMethods = class org.apache.felix.scr.impl.helper.ComponentMethods@4624607b
      m_dependencyManagers = class java.util.ArrayList@112f62ff
      m_dependencyManagersInitialized = true
      m_dependenciesCollected = true
      m_trackingCount = class java.util.concurrent.atomic.AtomicInteger@536fdb60
      m_activator = class org.apache.felix.scr.impl.BundleComponentActivator@44b6ecd9
      m_stateLock = class java.util.concurrent.locks.ReentrantLock@21746b8c
      m_enabledLatchRef = class java.util.concurrent.atomic.AtomicReference@4ba6cdc7
      m_enabled = true
      m_internalEnabled = true
      m_disposed = false
      m_floor = 4
      m_ceiling = 4
      m_missingLock = class java.util.concurrent.locks.ReentrantLock@66bfbb08
      m_missingCondition = class java.util.concurrent.locks.AbstractQueuedSynchronizer$ConditionObject@151c4322
      m_missing = class java.util.TreeSet@17b66206
      m_activated = true
      m_activationLock = class java.util.concurrent.locks.ReentrantReadWriteLock@6a834dc2
      taskCounter = class java.util.concurrent.atomic.AtomicLong@717fdc61
      registrationManager = class org.apache.felix.scr.impl.manager.AbstractComponentManager$3@68d943f
    edgeInfos = class org.apache.felix.scr.impl.manager.EdgeInfo[7]
      edgeInfos[0] = class org.apache.felix.scr.impl.manager.EdgeInfo@3787ded5
      edgeInfos[1] = class org.apache.felix.scr.impl.manager.EdgeInfo@46cdebfd
      edgeInfos[2] = class org.apache.felix.scr.impl.manager.EdgeInfo@10afc915
      edgeInfos[3] = class org.apache.felix.scr.impl.manager.EdgeInfo@2cb3c722
      edgeInfos[4] = class org.apache.felix.scr.impl.manager.EdgeInfo@254bd517
      edgeInfos[5] = class org.apache.felix.scr.impl.manager.EdgeInfo@c704040
      edgeInfos[6] = class org.apache.felix.scr.impl.manager.EdgeInfo@62f9d7ba
    m_componentInstance = class org.apache.felix.scr.impl.manager.ComponentContextImpl$ComponentInstanceImpl@7bee557e
      m_componentContext = class org.apache.felix.scr.impl.manager.ComponentContextImpl@248b4fe3
    m_usingBundle = null
    m_implementationObject = class com.ibm.ws.jdbc.DataSourceService@385da7c5
    m_implementationAccessible = true
    accessibleLatch = class java.util.concurrent.CountDownLatch@44e95f86
      sync = class java.util.concurrent.CountDownLatch$Sync@6e146192
  connectorSvc = class com.ibm.ejs.j2c.ConnectorServiceImpl@6f6e8d9b
    tc = class com.ibm.websphere.ras.TraceComponent@4854ff21
      strings[0] = "TraceComponent[com.ibm.ejs.j2c.ConnectorServiceImpl,class com.ibm.ejs.j2c.ConnectorServiceImpl,[WAS.j2c],com.ibm.ws.jca.cm.internal.resources.J2CAMessages,null]"
    authDataServiceRef = class com.ibm.wsspi.kernel.service.utils.AtomicServiceReference@7faccbc
      referenceName = "authDataService"
      tuple = class java.util.concurrent.atomic.AtomicReference@3b7d8f07
      serialVersionUID = -5840472578638799324
      $$$tc$$$ = class com.ibm.websphere.ras.TraceComponent@113eefc5
    deferrableSchedXSvcRef = class com.ibm.wsspi.kernel.service.utils.AtomicServiceReference@50a17a2e
      referenceName = "deferrableScheduledExecutor"
      tuple = class java.util.concurrent.atomic.AtomicReference@63d4ed85
      serialVersionUID = -5840472578638799324
      $$$tc$$$ = class com.ibm.websphere.ras.TraceComponent@113eefc5
    execSvcRef = class com.ibm.wsspi.kernel.service.utils.AtomicServiceReference@703eaf24
      referenceName = "executor"
      tuple = class java.util.concurrent.atomic.AtomicReference@9cd7210
      serialVersionUID = -5840472578638799324
      $$$tc$$$ = class com.ibm.websphere.ras.TraceComponent@113eefc5
    nonDeferrableSchedXSvcRef = class com.ibm.wsspi.kernel.service.utils.AtomicServiceReference@11ac9333
      referenceName = "nonDeferrableScheduledExecutor"
      tuple = class java.util.concurrent.atomic.AtomicReference@58f78875
      serialVersionUID = -5840472578638799324
      $$$tc$$$ = class com.ibm.websphere.ras.TraceComponent@113eefc5
    rrsXAResFactorySvcRef = class com.ibm.wsspi.kernel.service.utils.AtomicServiceReference@40e22296
      referenceName = "rRSXAResourceFactory"
      tuple = class java.util.concurrent.atomic.AtomicReference@2d9d87a6
      serialVersionUID = -5840472578638799324
      $$$tc$$$ = class com.ibm.websphere.ras.TraceComponent@113eefc5
    transactionManager = class com.ibm.ws.transaction.services.TransactionManagerService@1bc940ae
      tc = class com.ibm.websphere.ras.TraceComponent@1dbb51f5
      isClient = false
      xaFlowCallbacksInitialised = true
      serialVersionUID = -8805687940666442241
    variableRegistrySvcRef = class com.ibm.wsspi.kernel.service.utils.AtomicServiceReference@1e0b9b7c
      referenceName = "variableRegistry"
      tuple = class java.util.concurrent.atomic.AtomicReference@187ac1f7
      serialVersionUID = -5840472578638799324
      $$$tc$$$ = class com.ibm.websphere.ras.TraceComponent@113eefc5
    tc = class com.ibm.websphere.ras.TraceComponent@2af22814
      strings[0] = "TraceComponent[com.ibm.ws.jca.cm.ConnectorService,class com.ibm.ws.jca.cm.ConnectorService,[WAS.j2c],com.ibm.ws.jca.cm.internal.resources.J2CAMessages,null]"
    NLS = class com.ibm.ejs.ras.TraceNLS@3a6ccfe8
      resolver = class com.ibm.ws.logging.internal.TraceNLSResolver@1d454f40
      finder = null
      ivBundleName = "com.ibm.ws.jca.cm.internal.resources.J2CAMessages"
      caller = class java.lang.Class@6b4ba685
  dsConfigRef = class java.util.concurrent.atomic.AtomicReference@7c33aa0a
    serialVersionUID = -1848883965231344442
    unsafe = class sun.misc.Unsafe@35b43e21
    valueOffset = 12
    value = null
  destroyWasDeferred = false
  embDerbyRefCount = class java.util.concurrent.ConcurrentLinkedQueue@5138c668
    serialVersionUID = 196745693267521676
    head = class java.util.concurrent.ConcurrentLinkedQueue$Node@a5b51d2
      item = null
      next = null
      UNSAFE = class sun.misc.Unsafe@35b43e21
      itemOffset = 12
      nextOffset = 16
    tail = class java.util.concurrent.ConcurrentLinkedQueue$Node@a5b51d2
    UNSAFE = class sun.misc.Unsafe@35b43e21
    headOffset = 12
    tailOffset = 16
    MAX_ARRAY_SIZE = 2147483639
  id = "dataSource[jdbc/postgresql-cloud]"
  isDerbyEmbedded = false
  jdbcDriverSvc = class com.ibm.ws.jdbc.internal.JDBCDriverService@2fb26ffb
    tc = class com.ibm.websphere.ras.TraceComponent@26954bf4
      strings[0] = "TraceComponent[com.ibm.ws.jdbc.internal.JDBCDriverService,class com.ibm.ws.jdbc.internal.JDBCDriverService,[RRA],com.ibm.ws.rsadapter.resources.IBMDataStoreAdapterNLS,null]"
    FACTORY_PID = "com.ibm.ws.jdbc.jdbcDriver"
    ID = "id"
    LIBRARY_REF = "libraryRef"
    JDBC_DRIVER = "jdbcDriver"
    TARGET_LIBRARY = "sharedLib.target"
    PROPS_FOR_XA_ONLY = class java.util.Arrays$ArrayList@1c5c1275
      serialVersionUID = -2764017481108945198
      a = class java.lang.String[1]
      modCount = 0
      MAX_ARRAY_SIZE = 2147483639
    classloader = class com.ibm.ws.classloading.internal.AppClassLoader@1510e125
      tc = class com.ibm.websphere.ras.TraceComponent@467edbf9
      PARENT_FIRST_SEARCH_ORDER = class java.util.Collections$UnmodifiableRandomAccessList@596ffb86
      CLASS_LOADING_TRACE_PREFIX = "com.ibm.ws.class.load."
      DEFAULT_PACKAGE = "default.package"
      perPackageClassLoadingTraceComponents = class java.util.concurrent.ConcurrentHashMap@bf9e604
      config = class com.ibm.ws.classloading.internal.ClassLoaderConfigurationImpl@530fdd25
      privateLibraries = null
      delegateLoaders = class com.ibm.ws.classloading.internal.util.CompositeIterable@126ec055
      nativeLibraryFiles = class java.util.ArrayList@34fbaa55
      transformers = class java.util.ArrayList@7076b308
      apiAccess = class com.ibm.ws.classloading.internal.GatewayClassLoader@25c097c8
      generator = class com.ibm.ws.classloading.internal.ClassGeneratorManager@5dbdbed6
      serialVersionUID = -8755588715217099101
      tc = class com.ibm.websphere.ras.TraceComponent@4b2d8f1b
      EMPTY_URL_ARRAY = class java.net.URL[0]
      smartClassPath = class com.ibm.ws.classloading.internal.ContainerClassLoader$SmartClassPathImpl@50f50d2d
      nativeLibraryContainers = class java.util.ArrayList@155e1ac8
      redefiner = class com.ibm.ws.classloading.internal.util.ClassRedefiner@25255dbb
      mapCreationQueue = class java.util.concurrent.Executors$FinalizableDelegatedExecutorService@318e2702
      serialVersionUID = 1420723314841411509
      serialVersionUID = -7411549862368381758
      $$$tc$$$ = class com.ibm.websphere.ras.TraceComponent@32c89433
      serialVersionUID = -4868702105808481416
      $$$tc$$$ = class com.ibm.websphere.ras.TraceComponent@1007d87
      serialVersionUID = 2596921220292114344
      $$$tc$$$ = class com.ibm.websphere.ras.TraceComponent@6e81813b
      initialized = true
      pdcache = class java.util.HashMap@6336de27
      debug = null
      parent = class com.ibm.ws.classloading.internal.GatewayClassLoader@25c097c8
      parallelLockMap = null
      package2certs = class java.util.Hashtable@7c806b2a
      nocerts = class java.security.cert.Certificate[0]
      classes = class java.util.Vector@680dcedd
      defaultDomain = class java.security.ProtectionDomain@49b7533d
      domains = class java.util.HashSet@1ca57bca
      packages = class java.util.HashMap@63038a4f
      scl = class sun.misc.Launcher$AppClassLoader@14dad5dc
      sclSet = true
      loadedLibraryNames = class java.util.Vector@65fecbd4
      systemNativeLibraries = class java.util.Vector@162352ed
      nativeLibraries = class java.util.Vector@21ef10c8
      nativeLibraryContext = class java.util.Stack@5e41b748
      usr_paths = class java.lang.String[5]
      sys_paths = class java.lang.String[1]
      assertionLock = class com.ibm.ws.classloading.internal.AppClassLoader@1510e125
      defaultAssertionStatus = false
      packageAssertionStatus = null
      classAssertionStatus = null
    connectorSvc = class com.ibm.ejs.j2c.ConnectorServiceImpl@6f6e8d9b
    embDerbyRefCount = class java.util.concurrent.ConcurrentLinkedQueue@1b8b896e
      serialVersionUID = 196745693267521676
      head = class java.util.concurrent.ConcurrentLinkedQueue$Node@967beb8
      tail = class java.util.concurrent.ConcurrentLinkedQueue$Node@967beb8
      UNSAFE = class sun.misc.Unsafe@35b43e21
      headOffset = 12
      tailOffset = 16
      MAX_ARRAY_SIZE = 2147483639
    introspectedClasses = class java.util.HashSet@f5af908
      serialVersionUID = -5024744406713321676
      map = class java.util.HashMap@1a44dc8e
      PRESENT = class java.lang.Object@3ba4904a
      MAX_ARRAY_SIZE = 2147483639
    isDerbyEmbedded = class java.util.concurrent.atomic.AtomicBoolean@73e99d2c
      serialVersionUID = 4654671469794556979
      unsafe = class sun.misc.Unsafe@35b43e21
      valueOffset = 12
      value = 0
    lock = class java.util.concurrent.locks.ReentrantReadWriteLock@61e253bd
      serialVersionUID = -6992448646407690164
      readerLock = class java.util.concurrent.locks.ReentrantReadWriteLock$ReadLock@55e0842f
      writerLock = class java.util.concurrent.locks.ReentrantReadWriteLock$WriteLock@364956e3
      sync = class java.util.concurrent.locks.ReentrantReadWriteLock$NonfairSync@3a4830de
      UNSAFE = class sun.misc.Unsafe@35b43e21
      TID_OFFSET = 40
    name = "dataSource[jdbc/postgresql-cloud]/jdbcDriver[default-0]"
    properties = class org.apache.felix.scr.impl.helper.ReadOnlyDictionary@26657616
      m_delegate = class java.util.Hashtable@3f759eeb
    sharedLib = class com.ibm.ws.library.internal.SharedLibraryImpl@7eaf496b
      tc = class com.ibm.websphere.ras.TraceComponent@3abdfeee
      EMPTY_LIBRARY_LISTENERS = interface com.ibm.wsspi.library.LibraryChangeListener[0]
      deleted = false
      libraryListenersTracker = class org.osgi.util.tracker.ServiceTracker@558daac2
      libraryReg = class org.eclipse.osgi.internal.serviceregistry.ServiceRegistrationImpl@3563576b
      ctx = class org.eclipse.osgi.internal.framework.BundleContextImpl@160ac78e
      classLoadingService = class com.ibm.ws.classloading.internal.ClassLoadingServiceImpl@24ff9b70
      configAdmin = class com.ibm.ws.config.admin.internal.ConfigurationAdminImpl@17e03e05
      resolvedBasePath = "/home/eyal/Programs/wlp/usr/servers/defaultServer/"
      generationLock = class com.ibm.ws.library.internal.SharedLibraryImpl$1@48df5309
      currentGeneration = class com.ibm.ws.library.internal.SharedLibraryImpl$LibraryGeneration@703c2b6a
      nextGeneration = class com.ibm.ws.library.internal.SharedLibraryImpl$LibraryGeneration@703c2b6a
      artifactContainerFactory = class com.ibm.ws.library.internal.SharedLibraryFactory$1@28c00a06
      packageExporter = class com.ibm.ws.library.internal.LibraryPackageExporter@3e46090d
      processedFileSets = true
      counter = 0
      serialVersionUID = -1732643978477757119
    changed = false
    obs = class java.util.Vector@329c674b
      elementData = class java.lang.Object[10]
      elementCount = 1
      capacityIncrement = 0
      serialVersionUID = -2767605614048989439
      MAX_ARRAY_SIZE = 2147483639
      modCount = 1
      MAX_ARRAY_SIZE = 2147483639
  jdbcRuntime = class com.ibm.ws.jdbc.osgi.v41.JDBCRuntimeVersion41@342b3dc3
  properties = class org.apache.felix.scr.impl.helper.ReadOnlyDictionary@55a9b2b6
    m_delegate = class java.util.Hashtable@21d75d5c
      table = class java.util.Hashtable$Entry[47]
      count = 29
      threshold = 35
      loadFactor = 0.75
      modCount = 31
      serialVersionUID = 1421746759512286392
      MAX_ARRAY_SIZE = 2147483639
      keySet = null
      entrySet = class java.util.Collections$SynchronizedSet@40d72c39
      values = null
      KEYS = 0
      VALUES = 1
      ENTRIES = 2
  tc = class com.ibm.websphere.ras.TraceComponent@2a33fbdb
    strings[0] = "TraceComponent[com.ibm.ws.jca.cm.AbstractConnectionFactoryService,class com.ibm.ws.jca.cm.AbstractConnectionFactoryService,[WAS.j2c],com.ibm.ws.jca.cm.internal.resources.J2CAMessages,null]"
  ID = "id"
  JNDI_NAME = "jndiName"
  DEFAULT_NESTED_PATTERN = class java.util.regex.Pattern@7e4457e7
    UNIX_LINES = 1
    CASE_INSENSITIVE = 2
    COMMENTS = 4
    MULTILINE = 8
    LITERAL = 16
    DOTALL = 32
    UNICODE_CASE = 64
    CANON_EQ = 128
    UNICODE_CHARACTER_CLASS = 256
    serialVersionUID = 5073258162644648461
    pattern = ".*(\[default-\d*\])$"
    flags = 0
    compiled = true
    normalizedPattern = ".*(\[default-\d*\])$"
    root = class java.util.regex.Pattern$Start@2fe0c7cf
      minLength = 10
      next = class java.util.regex.Pattern$Curly@65e6e41f
    matchRoot = class java.util.regex.Pattern$Curly@65e6e41f
      atom = class java.util.regex.Pattern$Dot@15c7038d
      type = 0
      cmin = 0
      cmax = 2147483647
      next = class java.util.regex.Pattern$GroupHead@31989a3
    buffer = null
    namedGroups = null
    groupNodes = null
    temp = null
    capturingGroupCount = 2
    localCount = 1
    cursor = 20
    patternLength = 0
    hasSupplementary = false
    MAX_REPS = 2147483647
    GREEDY = 0
    LAZY = 1
    POSSESSIVE = 2
    INDEPENDENT = 3
    lookbehindEnd = class java.util.regex.Pattern$4@3bc562a8
      next = null
    accept = class java.util.regex.Pattern$Node@159bf702
      next = null
    lastAccept = class java.util.regex.Pattern$LastNode@3cec94c1
      next = class java.util.regex.Pattern$Node@159bf702
    $assertionsDisabled = true
  DEFAULT_PATTERN = class java.util.regex.Pattern@136cb8c9
    UNIX_LINES = 1
    CASE_INSENSITIVE = 2
    COMMENTS = 4
    MULTILINE = 8
    LITERAL = 16
    DOTALL = 32
    UNICODE_CASE = 64
    CANON_EQ = 128
    UNICODE_CHARACTER_CLASS = 256
    serialVersionUID = 5073258162644648461
    pattern = "(default-\d*)$"
    flags = 0
    compiled = true
    normalizedPattern = "(default-\d*)$"
    root = class java.util.regex.Pattern$Start@6ef8595f
      minLength = 8
      next = class java.util.regex.Pattern$GroupHead@7eb8a60a
    matchRoot = class java.util.regex.Pattern$GroupHead@7eb8a60a
      localIndex = 0
      next = class java.util.regex.Pattern$Slice@72a069dc
    buffer = null
    namedGroups = null
    groupNodes = null
    temp = null
    capturingGroupCount = 2
    localCount = 1
    cursor = 14
    patternLength = 0
    hasSupplementary = false
    MAX_REPS = 2147483647
    GREEDY = 0
    LAZY = 1
    POSSESSIVE = 2
    INDEPENDENT = 3
    lookbehindEnd = class java.util.regex.Pattern$4@3bc562a8
    accept = class java.util.regex.Pattern$Node@159bf702
    lastAccept = class java.util.regex.Pattern$LastNode@3cec94c1
    $assertionsDisabled = true
  appsToRecycle = class java.util.Collections$SetFromMap@b489410
    m = class java.util.concurrent.ConcurrentHashMap@29e38252
      serialVersionUID = 7249069246763182397
      MAXIMUM_CAPACITY = 1073741824
      DEFAULT_CAPACITY = 16
      MAX_ARRAY_SIZE = 2147483639
      DEFAULT_CONCURRENCY_LEVEL = 16
      LOAD_FACTOR = 0.75
      TREEIFY_THRESHOLD = 8
      UNTREEIFY_THRESHOLD = 6
      MIN_TREEIFY_CAPACITY = 64
      MIN_TRANSFER_STRIDE = 16
      RESIZE_STAMP_BITS = 16
      MAX_RESIZERS = 65535
      RESIZE_STAMP_SHIFT = 16
      MOVED = -1
      TREEBIN = -2
      RESERVED = -3
      HASH_BITS = 2147483647
      NCPU = 4
      serialPersistentFields = class java.io.ObjectStreamField[3]
      table = null
      nextTable = null
      baseCount = 0
      sizeCtl = 0
      transferIndex = 0
      cellsBusy = 0
      counterCells = null
      keySet = class java.util.concurrent.ConcurrentHashMap$KeySetView@1faa7665
      values = null
      entrySet = null
      U = class sun.misc.Unsafe@35b43e21
      SIZECTL = 20
      TRANSFERINDEX = 32
      BASECOUNT = 24
      CELLSBUSY = 36
      CELLVALUE = 144
      ABASE = 16
      ASHIFT = 2
      keySet = null
      values = null
    s = class java.util.concurrent.ConcurrentHashMap$KeySetView@1faa7665
      serialVersionUID = 7249069246763182397
      value = null
      serialVersionUID = 7249069246763182397
      map = class java.util.concurrent.ConcurrentHashMap@29e38252
      oomeMsg = "Required array size too large"
    serialVersionUID = 2454657854757543876
    MAX_ARRAY_SIZE = 2147483639
  conMgrSvc = class com.ibm.ejs.j2c.ConnectionManagerServiceImpl@60b942c9
    tc = class com.ibm.websphere.ras.TraceComponent@59e93491
      strings[0] = "TraceComponent[com.ibm.ejs.j2c.ConnectionManagerServiceImpl,class com.ibm.ejs.j2c.ConnectionManagerServiceImpl,[WAS.j2c],com.ibm.ws.jca.cm.internal.resources.J2CAMessages,null]"
    cfKeyToCM = class java.util.concurrent.ConcurrentHashMap@76773727
      serialVersionUID = 7249069246763182397
      MAXIMUM_CAPACITY = 1073741824
      DEFAULT_CAPACITY = 16
      MAX_ARRAY_SIZE = 2147483639
      DEFAULT_CONCURRENCY_LEVEL = 16
      LOAD_FACTOR = 0.75
      TREEIFY_THRESHOLD = 8
      UNTREEIFY_THRESHOLD = 6
      MIN_TREEIFY_CAPACITY = 64
      MIN_TRANSFER_STRIDE = 16
      RESIZE_STAMP_BITS = 16
      MAX_RESIZERS = 65535
      RESIZE_STAMP_SHIFT = 16
      MOVED = -1
      TREEBIN = -2
      RESERVED = -3
      HASH_BITS = 2147483647
      NCPU = 4
      serialPersistentFields = class java.io.ObjectStreamField[3]
      table = null
      nextTable = null
      baseCount = 0
      sizeCtl = 0
      transferIndex = 0
      cellsBusy = 0
      counterCells = null
      keySet = null
      values = null
      entrySet = null
      U = class sun.misc.Unsafe@35b43e21
      SIZECTL = 20
      TRANSFERINDEX = 32
      BASECOUNT = 24
      CELLSBUSY = 36
      CELLVALUE = 144
      ABASE = 16
      ASHIFT = 2
      keySet = null
      values = null
    lock = class java.util.concurrent.locks.ReentrantReadWriteLock@7717745
      serialVersionUID = -6992448646407690164
      readerLock = class java.util.concurrent.locks.ReentrantReadWriteLock$ReadLock@187d9f6c
      writerLock = class java.util.concurrent.locks.ReentrantReadWriteLock$WriteLock@4f93bafd
      sync = class java.util.concurrent.locks.ReentrantReadWriteLock$NonfairSync@3e8cd45a
      UNSAFE = class sun.misc.Unsafe@35b43e21
      TID_OFFSET = 40
    name = "dataSource[jdbc/postgresql-cloud]/connectionManager"
    pm = null
    pmMBean = null
    properties = null
    bndCtx = null
    CONNECTION_MANAGER = "connectionManager"
    FACTORY_PID = "com.ibm.ws.jca.connectionManager"
    ID = "id"
    MAX_CONNECTIONS_PER_THREAD = "maxConnectionsPerThread"
    MAX_IDLE_TIME = "maxIdleTime"
    MAX_POOL_SIZE = "maxPoolSize"
    MIN_POOL_SIZE = "minPoolSize"
    NUM_CONNECTIONS_PER_THREAD_LOCAL = "numConnectionsPerThreadLocal"
    CONNECTION_MANAGER_PROPS = class java.util.Collections$UnmodifiableRandomAccessList@443c907e
      serialVersionUID = -2542308836966382001
      serialVersionUID = -283967356065247728
      list = class java.util.Arrays$ArrayList@79f11a5c
      serialVersionUID = 1820017752578914078
      c = class java.util.Arrays$ArrayList@79f11a5c
    changed = false
    obs = class java.util.Vector@bbd49d1
      elementData = class java.lang.Object[10]
      elementCount = 1
      capacityIncrement = 0
      serialVersionUID = -2767605614048989439
      MAX_ARRAY_SIZE = 2147483639
      modCount = 1
      MAX_ARRAY_SIZE = 2147483639
  containerAuthDataRef = null
  isInitialized = class java.util.concurrent.atomic.AtomicBoolean@3c1eca56
    serialVersionUID = 4654671469794556979
    unsafe = class sun.misc.Unsafe@35b43e21
      theUnsafe = class sun.misc.Unsafe@35b43e21
      INVALID_FIELD_OFFSET = -1
      ARRAY_BOOLEAN_BASE_OFFSET = 16
      ARRAY_BYTE_BASE_OFFSET = 16
      ARRAY_SHORT_BASE_OFFSET = 16
      ARRAY_CHAR_BASE_OFFSET = 16
      ARRAY_INT_BASE_OFFSET = 16
      ARRAY_LONG_BASE_OFFSET = 16
      ARRAY_FLOAT_BASE_OFFSET = 16
      ARRAY_DOUBLE_BASE_OFFSET = 16
      ARRAY_OBJECT_BASE_OFFSET = 16
      ARRAY_BOOLEAN_INDEX_SCALE = 1
      ARRAY_BYTE_INDEX_SCALE = 1
      ARRAY_SHORT_INDEX_SCALE = 2
      ARRAY_CHAR_INDEX_SCALE = 2
      ARRAY_INT_INDEX_SCALE = 4
      ARRAY_LONG_INDEX_SCALE = 8
      ARRAY_FLOAT_INDEX_SCALE = 4
      ARRAY_DOUBLE_INDEX_SCALE = 8
      ARRAY_OBJECT_INDEX_SCALE = 4
      ADDRESS_SIZE = 8
    valueOffset = 12
    value = 0
  isServerDefined = true
  lock = class java.util.concurrent.locks.ReentrantReadWriteLock@4a4287ec
    serialVersionUID = -6992448646407690164
    readerLock = class java.util.concurrent.locks.ReentrantReadWriteLock$ReadLock@2edc8913
      serialVersionUID = -5992448646407690164
      sync = class java.util.concurrent.locks.ReentrantReadWriteLock$NonfairSync@2dab9cea
    writerLock = class java.util.concurrent.locks.ReentrantReadWriteLock$WriteLock@32127c22
      serialVersionUID = -4992448646407690164
      sync = class java.util.concurrent.locks.ReentrantReadWriteLock$NonfairSync@2dab9cea
    sync = class java.util.concurrent.locks.ReentrantReadWriteLock$NonfairSync@2dab9cea
      serialVersionUID = -8159625535654395037
      serialVersionUID = 6317671515068378041
      SHARED_SHIFT = 16
      SHARED_UNIT = 65536
      MAX_COUNT = 65535
      EXCLUSIVE_MASK = 65535
      readHolds = class java.util.concurrent.locks.ReentrantReadWriteLock$Sync$ThreadLocalHoldCounter@34808f31
      cachedHoldCounter = null
      firstReader = null
      firstReaderHoldCount = 1
      serialVersionUID = 7373984972572414691
      head = null
      tail = null
      state = 1
      spinForTimeoutThreshold = 1000
      unsafe = class sun.misc.Unsafe@35b43e21
      stateOffset = 16
      headOffset = 20
      tailOffset = 24
      waitStatusOffset = 12
      nextOffset = 20
      serialVersionUID = 3737899427754241961
      exclusiveOwnerThread = class java.lang.Thread@2f261940
    UNSAFE = class sun.misc.Unsafe@35b43e21
    TID_OFFSET = 40
  recoveryAuthDataRef = null

