------Start of DE processing------ = [12/6/15 15:28:03:618 IST]
Exception = java.sql.SQLNonTransientException
Source = com.ibm.ws.jdbc.DataSourceService
probeid = 587
Stack Dump = java.sql.SQLNonTransientException: DSRA4000E: A valid JDBC driver implementation class was not found for the jdbcDriver dataSource[jdbc/postgresql-cloud]/jdbcDriver[default-0] using the library postgresql-library. []
	at com.ibm.ws.jdbc.internal.JDBCDriverService.classNotFound(JDBCDriverService.java:196)
	at com.ibm.ws.jdbc.internal.JDBCDriverService.create(JDBCDriverService.java:292)
	at com.ibm.ws.jdbc.internal.JDBCDriverService.createAnyDataSource(JDBCDriverService.java:346)
	at com.ibm.ws.jdbc.DataSourceService.init(DataSourceService.java:452)
	at com.ibm.ws.jca.cm.AbstractConnectionFactoryService.createResource(AbstractConnectionFactoryService.java:136)
	at com.ibm.ws.resource.internal.ResourceFactoryTrackerData$1.getService(ResourceFactoryTrackerData.java:108)
	at org.eclipse.osgi.internal.serviceregistry.ServiceFactoryUse$1.run(ServiceFactoryUse.java:212)
	at java.security.AccessController.doPrivileged(Native Method)
	at org.eclipse.osgi.internal.serviceregistry.ServiceFactoryUse.factoryGetService(ServiceFactoryUse.java:210)
	at org.eclipse.osgi.internal.serviceregistry.ServiceFactoryUse.getService(ServiceFactoryUse.java:111)
	at org.eclipse.osgi.internal.serviceregistry.ServiceConsumer$2.getService(ServiceConsumer.java:45)
	at org.eclipse.osgi.internal.serviceregistry.ServiceRegistrationImpl.getService(ServiceRegistrationImpl.java:496)
	at org.eclipse.osgi.internal.serviceregistry.ServiceRegistry.getService(ServiceRegistry.java:461)
	at org.eclipse.osgi.internal.framework.BundleContextImpl.getService(BundleContextImpl.java:619)
	at com.ibm.ws.jndi.internal.WSContext.resolveObject(WSContext.java:128)
	at com.ibm.ws.jndi.internal.WSContext.lookup(WSContext.java:296)
	at com.ibm.ws.jndi.WSContextBase.lookup(WSContextBase.java:58)
	at org.apache.aries.jndi.DelegateContext.lookup(DelegateContext.java:161)
	at javax.naming.InitialContext.lookup(InitialContext.java:417)
	at com.ibm.ws.jpa.container.osgi.internal.OSGiJPAPUnitInfo.lookupDataSource(OSGiJPAPUnitInfo.java:318)
	at com.ibm.ws.jpa.management.JPAPUnitInfo.getJPADataSource(JPAPUnitInfo.java:442)
	at com.ibm.ws.jpa.management.JPAPUnitInfo.getJtaDataSource(JPAPUnitInfo.java:495)
	at com.ibm.ws.jpa.management.JPAPUnitInfo.initialize(JPAPUnitInfo.java:895)
	at com.ibm.ws.jpa.management.JPAPxmlInfo.extractPersistenceUnits(JPAPxmlInfo.java:234)
	at com.ibm.ws.jpa.management.JPAScopeInfo.processPersistenceUnit(JPAScopeInfo.java:109)
	at com.ibm.ws.jpa.management.JPAApplInfo.addPersistenceUnits(JPAApplInfo.java:139)
	at com.ibm.ws.jpa.container.osgi.internal.JPAComponentImpl.processLibraryJarPersistenceXml(JPAComponentImpl.java:363)
	at com.ibm.ws.jpa.container.osgi.internal.JPAComponentImpl.processWebModulePersistenceXml(JPAComponentImpl.java:421)
	at com.ibm.ws.jpa.container.osgi.internal.JPAComponentImpl.applicationStarting(JPAComponentImpl.java:249)
	at com.ibm.ws.container.service.state.internal.ApplicationStateManager.fireStarting(ApplicationStateManager.java:29)
	at com.ibm.ws.container.service.state.internal.StateChangeServiceImpl.fireApplicationStarting(StateChangeServiceImpl.java:51)
	at com.ibm.ws.app.manager.module.internal.DeployedAppInfoBase.preDeployApp(DeployedAppInfoBase.java:791)
	at com.ibm.ws.app.manager.module.internal.DeployedAppInfoBase.deployApp(DeployedAppInfoBase.java:818)
	at com.ibm.ws.app.manager.war.internal.WARApplicationHandlerImpl.install(WARApplicationHandlerImpl.java:80)
	at com.ibm.ws.app.manager.internal.statemachine.StartAction.execute(StartAction.java:139)
	at com.ibm.ws.app.manager.internal.statemachine.ApplicationStateMachineImpl.enterState(ApplicationStateMachineImpl.java:1168)
	at com.ibm.ws.app.manager.internal.statemachine.ApplicationStateMachineImpl.run(ApplicationStateMachineImpl.java:781)
	at java.util.concurrent.ThreadPoolExecutor.runWorker(ThreadPoolExecutor.java:1142)
	at java.util.concurrent.ThreadPoolExecutor$Worker.run(ThreadPoolExecutor.java:617)
	at java.lang.Thread.run(Thread.java:745)
Caused by: java.lang.ClassNotFoundException: org.postgresql.xa.PGXADataSource
	at com.ibm.ws.classloading.internal.AppClassLoader.findClassCommonLibraryClassLoaders(AppClassLoader.java:433)
	at com.ibm.ws.classloading.internal.AppClassLoader.findClass(AppClassLoader.java:267)
	at java.lang.ClassLoader.loadClass(ClassLoader.java:424)
	at com.ibm.ws.classloading.internal.AppClassLoader.findOrDelegateLoadClass(AppClassLoader.java:411)
	at com.ibm.ws.classloading.internal.AppClassLoader.loadClass(AppClassLoader.java:383)
	at java.lang.ClassLoader.loadClass(ClassLoader.java:357)
	at com.ibm.ws.jdbc.internal.JDBCDriverService$1.run(JDBCDriverService.java:231)
	at com.ibm.ws.jdbc.internal.JDBCDriverService$1.run(JDBCDriverService.java:224)
	at java.security.AccessController.doPrivileged(Native Method)
	at com.ibm.ws.jdbc.internal.JDBCDriverService.create(JDBCDriverService.java:223)
	... 38 more

Dump of callerThis
Object type = com.ibm.ws.jdbc.DataSourceService
  tc = class com.ibm.websphere.ras.TraceComponent@4ca5fb15
    strings[0] = "TraceComponent[com.ibm.ws.jdbc.DataSourceService,class com.ibm.ws.jdbc.DataSourceService,[RRA],com.ibm.ws.rsadapter.resources.IBMDataStoreAdapterNLS,null]"
  dsraTc = class com.ibm.websphere.ras.TraceComponent@34c70fbc
    strings[0] = "TraceComponent[com.ibm.ws.jdbc.DataSourceService,class com.ibm.ws.jdbc.DataSourceService,[RRA],com.ibm.ws.jdbc.internal.resources.DSRAMessages,null]"
  JNDI_NAME = "jndiName"
  CONNECTION_MANAGER = "connectionManager"
  DATASOURCE = "dataSource"
  FACTORY_PID = "com.ibm.ws.jdbc.dataSource"
  JDBC_DRIVER = "driver"
  SUPPORT_EXTENSIONS = "supportExtensions"
  TARGET_CONNECTION_MANAGER = "connectionManager.target"
  TARGET_CONTAINER_AUTH_DATA = "containerAuthData.target"
  TARGET_JDBC_DRIVER = "driver.target"
  TARGET_RECOVERY_AUTH_DATA = "recoveryAuthData.target"
  UNIQUE_JNDI_NAME = "jndiName.unique"
  DECLARING_APPLICATION = "declaringApplication"
  WPROPS_TO_SKIP = class java.util.HashSet@70b5d5b7
    serialVersionUID = -5024744406713321676
    map = class java.util.HashMap@6091db95
      serialVersionUID = 362498820763181265
      DEFAULT_INITIAL_CAPACITY = 16
      MAXIMUM_CAPACITY = 1073741824
      DEFAULT_LOAD_FACTOR = 0.75
      TREEIFY_THRESHOLD = 8
      UNTREEIFY_THRESHOLD = 6
      MIN_TREEIFY_CAPACITY = 64
      table = class java.util.HashMap$Node[16]
      entrySet = null
      size = 9
      modCount = 9
      threshold = 12
      loadFactor = 0.75
      keySet = null
      values = null
    PRESENT = class java.lang.Object@42b16303
    MAX_ARRAY_SIZE = 2147483639
  componentContext = class org.apache.felix.scr.impl.manager.ComponentContextImpl@38668baf
    m_componentManager = class org.apache.felix.scr.impl.manager.SingleComponentManager@34f8fbf8
      m_useCount = class java.util.concurrent.atomic.AtomicInteger@2cd21c5a
      m_componentContext = class org.apache.felix.scr.impl.manager.ComponentContextImpl@38668baf
      m_componentHolder = class org.apache.felix.scr.impl.config.ConfigurableComponentHolder@7be637da
      m_factoryProperties = null
      m_properties = class java.util.Hashtable@43dd0518
      m_serviceProperties = null
      m_configurationProperties = class com.ibm.ws.config.admin.ConfigurationDictionary@4d1d137d
      m_changeCount = 1
      m_targetedPID = class org.apache.felix.scr.impl.TargetedPID@659f6aef
      m_circularReferences = class java.lang.ThreadLocal@59139aca
      REASONS = class java.lang.String[7]
      m_factoryInstance = false
      m_componentId = 301
      m_componentMetadata = class org.apache.felix.scr.impl.metadata.ComponentMetadata@28f48d0a
      m_componentMethods = class org.apache.felix.scr.impl.helper.ComponentMethods@6d748714
      m_dependencyManagers = class java.util.ArrayList@77196bf9
      m_dependencyManagersInitialized = true
      m_dependenciesCollected = true
      m_trackingCount = class java.util.concurrent.atomic.AtomicInteger@53169760
      m_activator = class org.apache.felix.scr.impl.BundleComponentActivator@5f06ccd5
      m_stateLock = class java.util.concurrent.locks.ReentrantLock@1683ac06
      m_enabledLatchRef = class java.util.concurrent.atomic.AtomicReference@2a795b8c
      m_enabled = true
      m_internalEnabled = true
      m_disposed = false
      m_floor = 4
      m_ceiling = 4
      m_missingLock = class java.util.concurrent.locks.ReentrantLock@4db36434
      m_missingCondition = class java.util.concurrent.locks.AbstractQueuedSynchronizer$ConditionObject@24ba6933
      m_missing = class java.util.TreeSet@2fd2123e
      m_activated = true
      m_activationLock = class java.util.concurrent.locks.ReentrantReadWriteLock@4f979973
      taskCounter = class java.util.concurrent.atomic.AtomicLong@19d3c671
      registrationManager = class org.apache.felix.scr.impl.manager.AbstractComponentManager$3@6ed7d789
    edgeInfos = class org.apache.felix.scr.impl.manager.EdgeInfo[7]
      edgeInfos[0] = class org.apache.felix.scr.impl.manager.EdgeInfo@3e6d06fb
      edgeInfos[1] = class org.apache.felix.scr.impl.manager.EdgeInfo@50e1de33
      edgeInfos[2] = class org.apache.felix.scr.impl.manager.EdgeInfo@4c9efda1
      edgeInfos[3] = class org.apache.felix.scr.impl.manager.EdgeInfo@727dd2e7
      edgeInfos[4] = class org.apache.felix.scr.impl.manager.EdgeInfo@2471488d
      edgeInfos[5] = class org.apache.felix.scr.impl.manager.EdgeInfo@7a3f0a76
      edgeInfos[6] = class org.apache.felix.scr.impl.manager.EdgeInfo@41f79365
    m_componentInstance = class org.apache.felix.scr.impl.manager.ComponentContextImpl$ComponentInstanceImpl@5c5307f6
      m_componentContext = class org.apache.felix.scr.impl.manager.ComponentContextImpl@38668baf
    m_usingBundle = null
    m_implementationObject = class com.ibm.ws.jdbc.DataSourceService@545fd01f
    m_implementationAccessible = true
    accessibleLatch = class java.util.concurrent.CountDownLatch@6e0185a5
      sync = class java.util.concurrent.CountDownLatch$Sync@71745df4
  connectorSvc = class com.ibm.ejs.j2c.ConnectorServiceImpl@19f6500
    tc = class com.ibm.websphere.ras.TraceComponent@43694fa1
      strings[0] = "TraceComponent[com.ibm.ejs.j2c.ConnectorServiceImpl,class com.ibm.ejs.j2c.ConnectorServiceImpl,[WAS.j2c],com.ibm.ws.jca.cm.internal.resources.J2CAMessages,null]"
    authDataServiceRef = class com.ibm.wsspi.kernel.service.utils.AtomicServiceReference@785b4613
      referenceName = "authDataService"
      tuple = class java.util.concurrent.atomic.AtomicReference@40778f93
      serialVersionUID = -5840472578638799324
      $$$tc$$$ = class com.ibm.websphere.ras.TraceComponent@55db99f6
    deferrableSchedXSvcRef = class com.ibm.wsspi.kernel.service.utils.AtomicServiceReference@5f3ca7df
      referenceName = "deferrableScheduledExecutor"
      tuple = class java.util.concurrent.atomic.AtomicReference@5d019b56
      serialVersionUID = -5840472578638799324
      $$$tc$$$ = class com.ibm.websphere.ras.TraceComponent@55db99f6
    execSvcRef = class com.ibm.wsspi.kernel.service.utils.AtomicServiceReference@553543db
      referenceName = "executor"
      tuple = class java.util.concurrent.atomic.AtomicReference@14ee0b65
      serialVersionUID = -5840472578638799324
      $$$tc$$$ = class com.ibm.websphere.ras.TraceComponent@55db99f6
    nonDeferrableSchedXSvcRef = class com.ibm.wsspi.kernel.service.utils.AtomicServiceReference@7eeb79a0
      referenceName = "nonDeferrableScheduledExecutor"
      tuple = class java.util.concurrent.atomic.AtomicReference@3af21153
      serialVersionUID = -5840472578638799324
      $$$tc$$$ = class com.ibm.websphere.ras.TraceComponent@55db99f6
    rrsXAResFactorySvcRef = class com.ibm.wsspi.kernel.service.utils.AtomicServiceReference@5c22c3b0
      referenceName = "rRSXAResourceFactory"
      tuple = class java.util.concurrent.atomic.AtomicReference@3b22cc57
      serialVersionUID = -5840472578638799324
      $$$tc$$$ = class com.ibm.websphere.ras.TraceComponent@55db99f6
    transactionManager = class com.ibm.ws.transaction.services.TransactionManagerService@669a85b4
      tc = class com.ibm.websphere.ras.TraceComponent@30a9852
      isClient = false
      xaFlowCallbacksInitialised = true
      serialVersionUID = -8805687940666442241
    variableRegistrySvcRef = class com.ibm.wsspi.kernel.service.utils.AtomicServiceReference@194e3927
      referenceName = "variableRegistry"
      tuple = class java.util.concurrent.atomic.AtomicReference@3fa1cec8
      serialVersionUID = -5840472578638799324
      $$$tc$$$ = class com.ibm.websphere.ras.TraceComponent@55db99f6
    tc = class com.ibm.websphere.ras.TraceComponent@42f5bfe5
      strings[0] = "TraceComponent[com.ibm.ws.jca.cm.ConnectorService,class com.ibm.ws.jca.cm.ConnectorService,[WAS.j2c],com.ibm.ws.jca.cm.internal.resources.J2CAMessages,null]"
    NLS = class com.ibm.ejs.ras.TraceNLS@76b81ead
      resolver = class com.ibm.ws.logging.internal.TraceNLSResolver@1842ac1c
      finder = null
      ivBundleName = "com.ibm.ws.jca.cm.internal.resources.J2CAMessages"
      caller = class java.lang.Class@3c4d75d7
  dsConfigRef = class java.util.concurrent.atomic.AtomicReference@2c7d7bc8
    serialVersionUID = -1848883965231344442
    unsafe = class sun.misc.Unsafe@7bb2c15c
    valueOffset = 12
    value = null
  destroyWasDeferred = false
  embDerbyRefCount = class java.util.concurrent.ConcurrentLinkedQueue@723b1b9d
    serialVersionUID = 196745693267521676
    head = class java.util.concurrent.ConcurrentLinkedQueue$Node@20bb97d0
      item = null
      next = null
      UNSAFE = class sun.misc.Unsafe@7bb2c15c
      itemOffset = 12
      nextOffset = 16
    tail = class java.util.concurrent.ConcurrentLinkedQueue$Node@20bb97d0
    UNSAFE = class sun.misc.Unsafe@7bb2c15c
    headOffset = 12
    tailOffset = 16
    MAX_ARRAY_SIZE = 2147483639
  id = "dataSource[jdbc/postgresql-cloud]"
  isDerbyEmbedded = false
  jdbcDriverSvc = class com.ibm.ws.jdbc.internal.JDBCDriverService@7e0ccd86
    tc = class com.ibm.websphere.ras.TraceComponent@40323e69
      strings[0] = "TraceComponent[com.ibm.ws.jdbc.internal.JDBCDriverService,class com.ibm.ws.jdbc.internal.JDBCDriverService,[RRA],com.ibm.ws.rsadapter.resources.IBMDataStoreAdapterNLS,null]"
    FACTORY_PID = "com.ibm.ws.jdbc.jdbcDriver"
    ID = "id"
    LIBRARY_REF = "libraryRef"
    JDBC_DRIVER = "jdbcDriver"
    TARGET_LIBRARY = "sharedLib.target"
    PROPS_FOR_XA_ONLY = class java.util.Arrays$ArrayList@1ec6444f
      serialVersionUID = -2764017481108945198
      a = class java.lang.String[1]
      modCount = 0
      MAX_ARRAY_SIZE = 2147483639
    classloader = class com.ibm.ws.classloading.internal.AppClassLoader@7c88c69f
      tc = class com.ibm.websphere.ras.TraceComponent@615f3454
      PARENT_FIRST_SEARCH_ORDER = class java.util.Collections$UnmodifiableRandomAccessList@6cae3dcc
      CLASS_LOADING_TRACE_PREFIX = "com.ibm.ws.class.load."
      DEFAULT_PACKAGE = "default.package"
      perPackageClassLoadingTraceComponents = class java.util.concurrent.ConcurrentHashMap@61814e09
      config = class com.ibm.ws.classloading.internal.ClassLoaderConfigurationImpl@6d6f63d7
      privateLibraries = null
      delegateLoaders = class com.ibm.ws.classloading.internal.util.CompositeIterable@2578781a
      nativeLibraryFiles = class java.util.ArrayList@38a57124
      transformers = class java.util.ArrayList@53bf813f
      apiAccess = class com.ibm.ws.classloading.internal.GatewayClassLoader@e6b6913
      generator = class com.ibm.ws.classloading.internal.ClassGeneratorManager@45d83144
      serialVersionUID = -8755588715217099101
      tc = class com.ibm.websphere.ras.TraceComponent@34ad31e2
      EMPTY_URL_ARRAY = class java.net.URL[0]
      smartClassPath = class com.ibm.ws.classloading.internal.ContainerClassLoader$SmartClassPathImpl@30395058
      nativeLibraryContainers = class java.util.ArrayList@1fa08919
      redefiner = class com.ibm.ws.classloading.internal.util.ClassRedefiner@1bf6d9b8
      mapCreationQueue = class java.util.concurrent.Executors$FinalizableDelegatedExecutorService@9a857da
      serialVersionUID = 1420723314841411509
      serialVersionUID = -7411549862368381758
      $$$tc$$$ = class com.ibm.websphere.ras.TraceComponent@23fd0e38
      serialVersionUID = -4868702105808481416
      $$$tc$$$ = class com.ibm.websphere.ras.TraceComponent@62460ee8
      serialVersionUID = 2596921220292114344
      $$$tc$$$ = class com.ibm.websphere.ras.TraceComponent@5f730f8
      initialized = true
      pdcache = class java.util.HashMap@e516c4c
      debug = null
      parent = class com.ibm.ws.classloading.internal.GatewayClassLoader@e6b6913
      parallelLockMap = null
      package2certs = class java.util.Hashtable@36e9b8e4
      nocerts = class java.security.cert.Certificate[0]
      classes = class java.util.Vector@81d2e61
      defaultDomain = class java.security.ProtectionDomain@2a9e7bb7
      domains = class java.util.HashSet@2fa841a4
      packages = class java.util.HashMap@547df22d
      scl = class sun.misc.Launcher$AppClassLoader@14dad5dc
      sclSet = true
      loadedLibraryNames = class java.util.Vector@3572a0e5
      systemNativeLibraries = class java.util.Vector@6ce8363f
      nativeLibraries = class java.util.Vector@120ff67
      nativeLibraryContext = class java.util.Stack@3af789f4
      usr_paths = class java.lang.String[5]
      sys_paths = class java.lang.String[1]
      assertionLock = class com.ibm.ws.classloading.internal.AppClassLoader@7c88c69f
      defaultAssertionStatus = false
      packageAssertionStatus = null
      classAssertionStatus = null
    connectorSvc = class com.ibm.ejs.j2c.ConnectorServiceImpl@19f6500
    embDerbyRefCount = class java.util.concurrent.ConcurrentLinkedQueue@4dc99d0c
      serialVersionUID = 196745693267521676
      head = class java.util.concurrent.ConcurrentLinkedQueue$Node@7815f4fe
      tail = class java.util.concurrent.ConcurrentLinkedQueue$Node@7815f4fe
      UNSAFE = class sun.misc.Unsafe@7bb2c15c
      headOffset = 12
      tailOffset = 16
      MAX_ARRAY_SIZE = 2147483639
    introspectedClasses = class java.util.HashSet@63abc4ea
      serialVersionUID = -5024744406713321676
      map = class java.util.HashMap@51ab7b8f
      PRESENT = class java.lang.Object@42b16303
      MAX_ARRAY_SIZE = 2147483639
    isDerbyEmbedded = class java.util.concurrent.atomic.AtomicBoolean@4f6300ec
      serialVersionUID = 4654671469794556979
      unsafe = class sun.misc.Unsafe@7bb2c15c
      valueOffset = 12
      value = 0
    lock = class java.util.concurrent.locks.ReentrantReadWriteLock@75e59ba1
      serialVersionUID = -6992448646407690164
      readerLock = class java.util.concurrent.locks.ReentrantReadWriteLock$ReadLock@452b6a7b
      writerLock = class java.util.concurrent.locks.ReentrantReadWriteLock$WriteLock@7375145d
      sync = class java.util.concurrent.locks.ReentrantReadWriteLock$NonfairSync@246692d5
      UNSAFE = class sun.misc.Unsafe@7bb2c15c
      TID_OFFSET = 40
    name = "dataSource[jdbc/postgresql-cloud]/jdbcDriver[default-0]"
    properties = class org.apache.felix.scr.impl.helper.ReadOnlyDictionary@744559ec
      m_delegate = class java.util.Hashtable@15eb16d7
    sharedLib = class com.ibm.ws.library.internal.SharedLibraryImpl@49744f1a
      tc = class com.ibm.websphere.ras.TraceComponent@3fe81a55
      EMPTY_LIBRARY_LISTENERS = interface com.ibm.wsspi.library.LibraryChangeListener[0]
      deleted = false
      libraryListenersTracker = class org.osgi.util.tracker.ServiceTracker@29b5c4e6
      libraryReg = class org.eclipse.osgi.internal.serviceregistry.ServiceRegistrationImpl@21d9b394
      ctx = class org.eclipse.osgi.internal.framework.BundleContextImpl@46468b0a
      classLoadingService = class com.ibm.ws.classloading.internal.ClassLoadingServiceImpl@64a522a9
      configAdmin = class com.ibm.ws.config.admin.internal.ConfigurationAdminImpl@5543677b
      resolvedBasePath = "/home/eyal/Programs/wlp/usr/servers/defaultServer/"
      generationLock = class com.ibm.ws.library.internal.SharedLibraryImpl$1@43c21c69
      currentGeneration = class com.ibm.ws.library.internal.SharedLibraryImpl$LibraryGeneration@44577203
      nextGeneration = class com.ibm.ws.library.internal.SharedLibraryImpl$LibraryGeneration@44577203
      artifactContainerFactory = class com.ibm.ws.library.internal.SharedLibraryFactory$1@92aa04a
      packageExporter = class com.ibm.ws.library.internal.LibraryPackageExporter@479c76ab
      processedFileSets = true
      counter = 0
      serialVersionUID = -1732643978477757119
    changed = false
    obs = class java.util.Vector@4726fa52
      elementData = class java.lang.Object[10]
      elementCount = 1
      capacityIncrement = 0
      serialVersionUID = -2767605614048989439
      MAX_ARRAY_SIZE = 2147483639
      modCount = 1
      MAX_ARRAY_SIZE = 2147483639
  jdbcRuntime = class com.ibm.ws.jdbc.osgi.v41.JDBCRuntimeVersion41@4410022
  properties = class org.apache.felix.scr.impl.helper.ReadOnlyDictionary@43a59859
    m_delegate = class java.util.Hashtable@43dd0518
      table = class java.util.Hashtable$Entry[47]
      count = 29
      threshold = 35
      loadFactor = 0.75
      modCount = 31
      serialVersionUID = 1421746759512286392
      MAX_ARRAY_SIZE = 2147483639
      keySet = null
      entrySet = class java.util.Collections$SynchronizedSet@2d9fdb0a
      values = null
      KEYS = 0
      VALUES = 1
      ENTRIES = 2
  tc = class com.ibm.websphere.ras.TraceComponent@751dc728
    strings[0] = "TraceComponent[com.ibm.ws.jca.cm.AbstractConnectionFactoryService,class com.ibm.ws.jca.cm.AbstractConnectionFactoryService,[WAS.j2c],com.ibm.ws.jca.cm.internal.resources.J2CAMessages,null]"
  ID = "id"
  JNDI_NAME = "jndiName"
  DEFAULT_NESTED_PATTERN = class java.util.regex.Pattern@71901415
    UNIX_LINES = 1
    CASE_INSENSITIVE = 2
    COMMENTS = 4
    MULTILINE = 8
    LITERAL = 16
    DOTALL = 32
    UNICODE_CASE = 64
    CANON_EQ = 128
    UNICODE_CHARACTER_CLASS = 256
    serialVersionUID = 5073258162644648461
    pattern = ".*(\[default-\d*\])$"
    flags = 0
    compiled = true
    normalizedPattern = ".*(\[default-\d*\])$"
    root = class java.util.regex.Pattern$Start@421b6ded
      minLength = 10
      next = class java.util.regex.Pattern$Curly@2c385b48
    matchRoot = class java.util.regex.Pattern$Curly@2c385b48
      atom = class java.util.regex.Pattern$Dot@6598afb8
      type = 0
      cmin = 0
      cmax = 2147483647
      next = class java.util.regex.Pattern$GroupHead@65c601f4
    buffer = null
    namedGroups = null
    groupNodes = null
    temp = null
    capturingGroupCount = 2
    localCount = 1
    cursor = 20
    patternLength = 0
    hasSupplementary = false
    MAX_REPS = 2147483647
    GREEDY = 0
    LAZY = 1
    POSSESSIVE = 2
    INDEPENDENT = 3
    lookbehindEnd = class java.util.regex.Pattern$4@65d88cb7
      next = null
    accept = class java.util.regex.Pattern$Node@41b487ae
      next = null
    lastAccept = class java.util.regex.Pattern$LastNode@5859fe70
      next = class java.util.regex.Pattern$Node@41b487ae
    $assertionsDisabled = true
  DEFAULT_PATTERN = class java.util.regex.Pattern@7ddc5a15
    UNIX_LINES = 1
    CASE_INSENSITIVE = 2
    COMMENTS = 4
    MULTILINE = 8
    LITERAL = 16
    DOTALL = 32
    UNICODE_CASE = 64
    CANON_EQ = 128
    UNICODE_CHARACTER_CLASS = 256
    serialVersionUID = 5073258162644648461
    pattern = "(default-\d*)$"
    flags = 0
    compiled = true
    normalizedPattern = "(default-\d*)$"
    root = class java.util.regex.Pattern$Start@1d5594a6
      minLength = 8
      next = class java.util.regex.Pattern$GroupHead@5aee9453
    matchRoot = class java.util.regex.Pattern$GroupHead@5aee9453
      localIndex = 0
      next = class java.util.regex.Pattern$Slice@7d59dc17
    buffer = null
    namedGroups = null
    groupNodes = null
    temp = null
    capturingGroupCount = 2
    localCount = 1
    cursor = 14
    patternLength = 0
    hasSupplementary = false
    MAX_REPS = 2147483647
    GREEDY = 0
    LAZY = 1
    POSSESSIVE = 2
    INDEPENDENT = 3
    lookbehindEnd = class java.util.regex.Pattern$4@65d88cb7
    accept = class java.util.regex.Pattern$Node@41b487ae
    lastAccept = class java.util.regex.Pattern$LastNode@5859fe70
    $assertionsDisabled = true
  appsToRecycle = class java.util.Collections$SetFromMap@12d472a7
    m = class java.util.concurrent.ConcurrentHashMap@558dd616
      serialVersionUID = 7249069246763182397
      MAXIMUM_CAPACITY = 1073741824
      DEFAULT_CAPACITY = 16
      MAX_ARRAY_SIZE = 2147483639
      DEFAULT_CONCURRENCY_LEVEL = 16
      LOAD_FACTOR = 0.75
      TREEIFY_THRESHOLD = 8
      UNTREEIFY_THRESHOLD = 6
      MIN_TREEIFY_CAPACITY = 64
      MIN_TRANSFER_STRIDE = 16
      RESIZE_STAMP_BITS = 16
      MAX_RESIZERS = 65535
      RESIZE_STAMP_SHIFT = 16
      MOVED = -1
      TREEBIN = -2
      RESERVED = -3
      HASH_BITS = 2147483647
      NCPU = 4
      serialPersistentFields = class java.io.ObjectStreamField[3]
      table = null
      nextTable = null
      baseCount = 0
      sizeCtl = 0
      transferIndex = 0
      cellsBusy = 0
      counterCells = null
      keySet = class java.util.concurrent.ConcurrentHashMap$KeySetView@3873e669
      values = null
      entrySet = null
      U = class sun.misc.Unsafe@7bb2c15c
      SIZECTL = 20
      TRANSFERINDEX = 32
      BASECOUNT = 24
      CELLSBUSY = 36
      CELLVALUE = 144
      ABASE = 16
      ASHIFT = 2
      keySet = null
      values = null
    s = class java.util.concurrent.ConcurrentHashMap$KeySetView@3873e669
      serialVersionUID = 7249069246763182397
      value = null
      serialVersionUID = 7249069246763182397
      map = class java.util.concurrent.ConcurrentHashMap@558dd616
      oomeMsg = "Required array size too large"
    serialVersionUID = 2454657854757543876
    MAX_ARRAY_SIZE = 2147483639
  conMgrSvc = class com.ibm.ejs.j2c.ConnectionManagerServiceImpl@3fb3b622
    tc = class com.ibm.websphere.ras.TraceComponent@41c4b952
      strings[0] = "TraceComponent[com.ibm.ejs.j2c.ConnectionManagerServiceImpl,class com.ibm.ejs.j2c.ConnectionManagerServiceImpl,[WAS.j2c],com.ibm.ws.jca.cm.internal.resources.J2CAMessages,null]"
    cfKeyToCM = class java.util.concurrent.ConcurrentHashMap@417dd5f2
      serialVersionUID = 7249069246763182397
      MAXIMUM_CAPACITY = 1073741824
      DEFAULT_CAPACITY = 16
      MAX_ARRAY_SIZE = 2147483639
      DEFAULT_CONCURRENCY_LEVEL = 16
      LOAD_FACTOR = 0.75
      TREEIFY_THRESHOLD = 8
      UNTREEIFY_THRESHOLD = 6
      MIN_TREEIFY_CAPACITY = 64
      MIN_TRANSFER_STRIDE = 16
      RESIZE_STAMP_BITS = 16
      MAX_RESIZERS = 65535
      RESIZE_STAMP_SHIFT = 16
      MOVED = -1
      TREEBIN = -2
      RESERVED = -3
      HASH_BITS = 2147483647
      NCPU = 4
      serialPersistentFields = class java.io.ObjectStreamField[3]
      table = null
      nextTable = null
      baseCount = 0
      sizeCtl = 0
      transferIndex = 0
      cellsBusy = 0
      counterCells = null
      keySet = null
      values = null
      entrySet = null
      U = class sun.misc.Unsafe@7bb2c15c
      SIZECTL = 20
      TRANSFERINDEX = 32
      BASECOUNT = 24
      CELLSBUSY = 36
      CELLVALUE = 144
      ABASE = 16
      ASHIFT = 2
      keySet = null
      values = null
    lock = class java.util.concurrent.locks.ReentrantReadWriteLock@6f2bfa4e
      serialVersionUID = -6992448646407690164
      readerLock = class java.util.concurrent.locks.ReentrantReadWriteLock$ReadLock@5d6f65e5
      writerLock = class java.util.concurrent.locks.ReentrantReadWriteLock$WriteLock@7af8134e
      sync = class java.util.concurrent.locks.ReentrantReadWriteLock$NonfairSync@29b07a18
      UNSAFE = class sun.misc.Unsafe@7bb2c15c
      TID_OFFSET = 40
    name = "dataSource[jdbc/postgresql-cloud]/connectionManager"
    pm = null
    pmMBean = null
    properties = null
    bndCtx = null
    CONNECTION_MANAGER = "connectionManager"
    FACTORY_PID = "com.ibm.ws.jca.connectionManager"
    ID = "id"
    MAX_CONNECTIONS_PER_THREAD = "maxConnectionsPerThread"
    MAX_IDLE_TIME = "maxIdleTime"
    MAX_POOL_SIZE = "maxPoolSize"
    MIN_POOL_SIZE = "minPoolSize"
    NUM_CONNECTIONS_PER_THREAD_LOCAL = "numConnectionsPerThreadLocal"
    CONNECTION_MANAGER_PROPS = class java.util.Collections$UnmodifiableRandomAccessList@2d980177
      serialVersionUID = -2542308836966382001
      serialVersionUID = -283967356065247728
      list = class java.util.Arrays$ArrayList@777ee403
      serialVersionUID = 1820017752578914078
      c = class java.util.Arrays$ArrayList@777ee403
    changed = false
    obs = class java.util.Vector@2658373
      elementData = class java.lang.Object[10]
      elementCount = 1
      capacityIncrement = 0
      serialVersionUID = -2767605614048989439
      MAX_ARRAY_SIZE = 2147483639
      modCount = 1
      MAX_ARRAY_SIZE = 2147483639
  containerAuthDataRef = null
  isInitialized = class java.util.concurrent.atomic.AtomicBoolean@4ef22d7d
    serialVersionUID = 4654671469794556979
    unsafe = class sun.misc.Unsafe@7bb2c15c
    valueOffset = 12
    value = 0
  isServerDefined = true
  lock = class java.util.concurrent.locks.ReentrantReadWriteLock@51e1ca44
    serialVersionUID = -6992448646407690164
    readerLock = class java.util.concurrent.locks.ReentrantReadWriteLock$ReadLock@17499361
      serialVersionUID = -5992448646407690164
      sync = class java.util.concurrent.locks.ReentrantReadWriteLock$NonfairSync@6598259b
    writerLock = class java.util.concurrent.locks.ReentrantReadWriteLock$WriteLock@7225ffd1
      serialVersionUID = -4992448646407690164
      sync = class java.util.concurrent.locks.ReentrantReadWriteLock$NonfairSync@6598259b
    sync = class java.util.concurrent.locks.ReentrantReadWriteLock$NonfairSync@6598259b
      serialVersionUID = -8159625535654395037
      serialVersionUID = 6317671515068378041
      SHARED_SHIFT = 16
      SHARED_UNIT = 65536
      MAX_COUNT = 65535
      EXCLUSIVE_MASK = 65535
      readHolds = class java.util.concurrent.locks.ReentrantReadWriteLock$Sync$ThreadLocalHoldCounter@7558761d
      cachedHoldCounter = null
      firstReader = null
      firstReaderHoldCount = 1
      serialVersionUID = 7373984972572414691
      head = null
      tail = null
      state = 1
      spinForTimeoutThreshold = 1000
      unsafe = class sun.misc.Unsafe@7bb2c15c
      stateOffset = 16
      headOffset = 20
      tailOffset = 24
      waitStatusOffset = 12
      nextOffset = 20
      serialVersionUID = 3737899427754241961
      exclusiveOwnerThread = class java.lang.Thread@7f250c3a
    UNSAFE = class sun.misc.Unsafe@7bb2c15c
      theUnsafe = class sun.misc.Unsafe@7bb2c15c
      INVALID_FIELD_OFFSET = -1
      ARRAY_BOOLEAN_BASE_OFFSET = 16
      ARRAY_BYTE_BASE_OFFSET = 16
      ARRAY_SHORT_BASE_OFFSET = 16
      ARRAY_CHAR_BASE_OFFSET = 16
      ARRAY_INT_BASE_OFFSET = 16
      ARRAY_LONG_BASE_OFFSET = 16
      ARRAY_FLOAT_BASE_OFFSET = 16
      ARRAY_DOUBLE_BASE_OFFSET = 16
      ARRAY_OBJECT_BASE_OFFSET = 16
      ARRAY_BOOLEAN_INDEX_SCALE = 1
      ARRAY_BYTE_INDEX_SCALE = 1
      ARRAY_SHORT_INDEX_SCALE = 2
      ARRAY_CHAR_INDEX_SCALE = 2
      ARRAY_INT_INDEX_SCALE = 4
      ARRAY_LONG_INDEX_SCALE = 8
      ARRAY_FLOAT_INDEX_SCALE = 4
      ARRAY_DOUBLE_INDEX_SCALE = 8
      ARRAY_OBJECT_INDEX_SCALE = 4
      ADDRESS_SIZE = 8
    TID_OFFSET = 40
  recoveryAuthDataRef = null

