------Start of DE processing------ = [12/6/15 15:58:46:713 IST]
Exception = org.springframework.beans.factory.BeanDefinitionStoreException
Source = com.ibm.ws.webcontainer.servlet.ServletWrapper.init
probeid = 181
Stack Dump = org.springframework.beans.factory.BeanDefinitionStoreException: Failed to parse configuration class [com.offla.controller.OfflaHelloWorld]; nested exception is java.io.FileNotFoundException: class path resource [config.properties] cannot be opened because it does not exist
	at org.springframework.context.annotation.ConfigurationClassParser.parse(ConfigurationClassParser.java:172)
	at org.springframework.context.annotation.ConfigurationClassPostProcessor.processConfigBeanDefinitions(ConfigurationClassPostProcessor.java:306)
	at org.springframework.context.annotation.ConfigurationClassPostProcessor.postProcessBeanDefinitionRegistry(ConfigurationClassPostProcessor.java:239)
	at org.springframework.context.support.PostProcessorRegistrationDelegate.invokeBeanDefinitionRegistryPostProcessors(PostProcessorRegistrationDelegate.java:254)
	at org.springframework.context.support.PostProcessorRegistrationDelegate.invokeBeanFactoryPostProcessors(PostProcessorRegistrationDelegate.java:94)
	at org.springframework.context.support.AbstractApplicationContext.invokeBeanFactoryPostProcessors(AbstractApplicationContext.java:606)
	at org.springframework.context.support.AbstractApplicationContext.refresh(AbstractApplicationContext.java:462)
	at org.springframework.web.servlet.FrameworkServlet.configureAndRefreshWebApplicationContext(FrameworkServlet.java:663)
	at org.springframework.web.servlet.FrameworkServlet.createWebApplicationContext(FrameworkServlet.java:629)
	at org.springframework.web.servlet.FrameworkServlet.createWebApplicationContext(FrameworkServlet.java:677)
	at org.springframework.web.servlet.FrameworkServlet.initWebApplicationContext(FrameworkServlet.java:548)
	at org.springframework.web.servlet.FrameworkServlet.initServletBean(FrameworkServlet.java:489)
	at org.springframework.web.servlet.HttpServletBean.init(HttpServletBean.java:136)
	at javax.servlet.GenericServlet.init(GenericServlet.java:244)
	at com.ibm.ws.webcontainer.servlet.ServletWrapper.init(ServletWrapper.java:332)
	at com.ibm.ws.webcontainer.servlet.ServletWrapper.loadOnStartupCheck(ServletWrapper.java:1423)
	at com.ibm.ws.webcontainer.webapp.WebApp.doLoadOnStartupActions(WebApp.java:1180)
	at com.ibm.ws.webcontainer.webapp.WebApp.commonInitializationFinally(WebApp.java:1148)
	at com.ibm.ws.webcontainer.webapp.WebApp.initialize(WebApp.java:1054)
	at com.ibm.ws.webcontainer.webapp.WebApp.initialize(WebApp.java:6448)
	at com.ibm.ws.webcontainer.osgi.DynamicVirtualHost.startWebApp(DynamicVirtualHost.java:446)
	at com.ibm.ws.webcontainer.osgi.DynamicVirtualHost.createRunnableHandler(DynamicVirtualHost.java:248)
	at com.ibm.ws.webcontainer.osgi.DynamicVirtualHost.createRunnableHandler(DynamicVirtualHost.java:313)
	at com.ibm.ws.http.internal.VirtualHostImpl.discriminate(VirtualHostImpl.java:251)
	at com.ibm.ws.http.dispatcher.internal.channel.HttpDispatcherLink.ready(HttpDispatcherLink.java:306)
	at com.ibm.ws.http.channel.internal.inbound.HttpInboundLink.handleDiscrimination(HttpInboundLink.java:470)
	at com.ibm.ws.http.channel.internal.inbound.HttpInboundLink.handleNewRequest(HttpInboundLink.java:404)
	at com.ibm.ws.http.channel.internal.inbound.HttpInboundLink.processRequest(HttpInboundLink.java:284)
	at com.ibm.ws.http.channel.internal.inbound.HttpInboundLink.ready(HttpInboundLink.java:255)
	at com.ibm.ws.tcpchannel.internal.NewConnectionInitialReadCallback.sendToDiscriminators(NewConnectionInitialReadCallback.java:174)
	at com.ibm.ws.tcpchannel.internal.NewConnectionInitialReadCallback.complete(NewConnectionInitialReadCallback.java:83)
	at com.ibm.ws.tcpchannel.internal.WorkQueueManager.requestComplete(WorkQueueManager.java:504)
	at com.ibm.ws.tcpchannel.internal.WorkQueueManager.attemptIO(WorkQueueManager.java:574)
	at com.ibm.ws.tcpchannel.internal.WorkQueueManager.workerRun(WorkQueueManager.java:929)
	at com.ibm.ws.tcpchannel.internal.WorkQueueManager$Worker.run(WorkQueueManager.java:1018)
	at java.util.concurrent.ThreadPoolExecutor.runWorker(ThreadPoolExecutor.java:1142)
	at java.util.concurrent.ThreadPoolExecutor$Worker.run(ThreadPoolExecutor.java:617)
	at java.lang.Thread.run(Thread.java:745)
Caused by: java.io.FileNotFoundException: class path resource [config.properties] cannot be opened because it does not exist
	at org.springframework.core.io.ClassPathResource.getInputStream(ClassPathResource.java:172)
	at org.springframework.core.io.support.EncodedResource.getInputStream(EncodedResource.java:143)
	at org.springframework.core.io.support.PropertiesLoaderUtils.fillProperties(PropertiesLoaderUtils.java:98)
	at org.springframework.core.io.support.PropertiesLoaderUtils.fillProperties(PropertiesLoaderUtils.java:72)
	at org.springframework.core.io.support.PropertiesLoaderUtils.loadProperties(PropertiesLoaderUtils.java:58)
	at org.springframework.core.io.support.ResourcePropertySource.<init>(ResourcePropertySource.java:83)
	at org.springframework.context.annotation.ConfigurationClassParser.processPropertySource(ConfigurationClassParser.java:335)
	at org.springframework.context.annotation.ConfigurationClassParser.doProcessConfigurationClass(ConfigurationClassParser.java:251)
	at org.springframework.context.annotation.ConfigurationClassParser.processConfigurationClass(ConfigurationClassParser.java:228)
	at org.springframework.context.annotation.ConfigurationClassParser.parse(ConfigurationClassParser.java:186)
	at org.springframework.context.annotation.ConfigurationClassParser.parse(ConfigurationClassParser.java:165)
	... 37 more

Dump of callerThis
Object type = com.ibm.ws.webcontainer.osgi.servlet.ServletWrapper
  serialVersionUID = 1
  _mo = class com.ibm.ws.managedobject.internal.ManagedObjectImpl@14b3d92b
    serialVersionUID = 2312695316196219051
    object = "<sensitive org.springframework.web.servlet.DispatcherServlet@562b8841>"
    $$$tc$$$ = class com.ibm.websphere.ras.TraceComponent@2ba70c1a
      strings[0] = "TraceComponent[com.ibm.ws.managedobject.internal.ManagedObjectImpl,class com.ibm.ws.managedobject.internal.ManagedObjectImpl,[],null,null]"
  serialVersionUID = -4479626085298397598
  notifyInvocationListeners = false
  UNINITIALIZED_STATE = -1
  AVAILABLE_STATE = 0
  UNAVAILABLE_STATE = 1
  UNAVAILABLE_PERMANENTLY_STATE = 2
  collabHelper = class com.ibm.ws.webcontainer.osgi.collaborator.CollaboratorHelperImpl@326b7b28
    webAppInvCollabs = class java.util.Collections$UnmodifiableSet@371231c0
      serialVersionUID = -9215047833775013803
      serialVersionUID = 1820017752578914078
      c = class java.util.concurrent.CopyOnWriteArraySet@1f7fb30c
    securityDomainForApp = null
    logger = class com.ibm.ws.logging.internal.WsLogger@5c846b81
      tc = class com.ibm.websphere.ras.TraceComponent@2a647e3d
      ivCachedResourceBundleName = null
      ivCachedResourceBundle = null
      ivComponent = null
      ivOrganization = null
      ivProduct = null
      ivMinimumLocalizationLevelIntValue = 625
      ivTC = class com.ibm.websphere.ras.TraceComponent@635f6904
      loggerRegistrationComponent = class java.lang.ThreadLocal@ebe2530
      emptyHandlers = class java.util.logging.Handler[0]
      offValue = 2147483647
      SYSTEM_LOGGER_RB_NAME = "sun.util.logging.resources.logging"
      SYSTEM_BUNDLE = class java.util.logging.Logger$LoggerBundle@7a1433d6
      NO_RESOURCE_BUNDLE = class java.util.logging.Logger$LoggerBundle@736e50ef
      manager = class com.ibm.ws.kernel.boot.logging.WsLogManager@c066c17
      name = "com.ibm.ws.webcontainer.collaborator"
      handlers = class java.util.concurrent.CopyOnWriteArrayList@1d15a388
      loggerBundle = class java.util.logging.Logger$LoggerBundle@2ddcf0d7
      useParentHandlers = true
      filter = null
      anonymous = false
      catalog = class com.ibm.ws.webcontainer.resources.Messages_en@28063845
      catalogName = "com.ibm.ws.webcontainer.resources.Messages"
      catalogLocale = class java.util.Locale@69102b49
      treeLock = class java.lang.Object@67ebcb58
      parent = class com.ibm.ws.logging.internal.WsLogger@3a54fd0d
      kids = null
      levelObject = class java.util.logging.Level@201da21f
      levelValue = 800
      callersClassLoaderRef = class java.lang.ref.WeakReference@2838b9c8
      isSystemLogger = false
      GLOBAL_LOGGER_NAME = "global"
      global = class java.util.logging.Logger@2156511b
      $assertionsDisabled = true
    staticDefaultSecurityCollaborator = class com.ibm.ws.webcontainer.collaborator.WebAppSecurityCollaborator@4addc104
    logger = class com.ibm.ws.logging.internal.WsLogger@6ca0d238
      tc = class com.ibm.websphere.ras.TraceComponent@2a647e3d
      ivCachedResourceBundleName = null
      ivCachedResourceBundle = null
      ivComponent = null
      ivOrganization = null
      ivProduct = null
      ivMinimumLocalizationLevelIntValue = 625
      ivTC = class com.ibm.websphere.ras.TraceComponent@666dbb46
      loggerRegistrationComponent = class java.lang.ThreadLocal@ebe2530
      emptyHandlers = class java.util.logging.Handler[0]
      offValue = 2147483647
      SYSTEM_LOGGER_RB_NAME = "sun.util.logging.resources.logging"
      SYSTEM_BUNDLE = class java.util.logging.Logger$LoggerBundle@7a1433d6
      NO_RESOURCE_BUNDLE = class java.util.logging.Logger$LoggerBundle@736e50ef
      manager = class com.ibm.ws.kernel.boot.logging.WsLogManager@c066c17
      name = "com.ibm.wsspi.webcontainer.collaborator"
      handlers = class java.util.concurrent.CopyOnWriteArrayList@73687e63
      loggerBundle = class java.util.logging.Logger$LoggerBundle@443c9ef3
      useParentHandlers = true
      filter = null
      anonymous = false
      catalog = class com.ibm.ws.webcontainer.resources.Messages_en@28063845
      catalogName = "com.ibm.ws.webcontainer.resources.Messages"
      catalogLocale = class java.util.Locale@69102b49
      treeLock = class java.lang.Object@67ebcb58
      parent = class java.util.logging.Logger@4542252b
      kids = null
      levelObject = class java.util.logging.Level@201da21f
      levelValue = 800
      callersClassLoaderRef = class java.lang.ref.WeakReference@1185e6d8
      isSystemLogger = false
      GLOBAL_LOGGER_NAME = "global"
      global = class java.util.logging.Logger@2156511b
      $assertionsDisabled = true
    CLASS_NAME = "com.ibm.wsspi.webcontainer.collaborator.CollaboratorHelper"
    webApp = class com.ibm.ws.webcontainer31.osgi.webapp.WebApp31@37db9455
    securityCollaborator = class com.ibm.ws.webcontainer.security.WebAppSecurityCollaboratorImpl@1387644e
      tc = class com.ibm.websphere.ras.TraceComponent@464ed979
      KEY_ID = "id"
      KEY_SERVICE_ID = "service.id"
      KEY_COMPONENT_NAME = "component.name"
      KEY_SECURITY_SERVICE = "securityService"
      KEY_TAI_SERVICE = "taiService"
      KEY_INTERCEPTOR_SERVICE = "interceptorService"
      KEY_OAUTH_SERVICE = "oauthService"
      KEY_OIDC_SERVER = "oidcServer"
      KEY_OIDC_CLIENT = "oidcClient"
      KEY_OPENID_CLIENT_SERVICE = "openidClientService"
      KEY_JACC_SERVICE = "jaccService"
      JASPI_SERVICE_COMPONENT_NAME = "com.ibm.ws.security.jaspi"
      KEY_WEB_AUTHENTICATOR = "webAuthenticator"
      KEY_UNPROTECTED_RESOURCE_SERVICE = "unprotectedResourceService"
      webAuthenticatorRef = class com.ibm.wsspi.kernel.service.utils.ConcurrentServiceReferenceMap@69f353de
      unprotectedResourceServiceRef = class com.ibm.wsspi.kernel.service.utils.ConcurrentServiceReferenceMap@4f767800
      taiServiceRef = class com.ibm.wsspi.kernel.service.utils.AtomicServiceReference@223ad464
      interceptorServiceRef = class com.ibm.wsspi.kernel.service.utils.ConcurrentServiceReferenceMap@281a784a
      oauthServiceRef = class com.ibm.wsspi.kernel.service.utils.AtomicServiceReference@5b84a334
      oidcServerRef = class com.ibm.wsspi.kernel.service.utils.AtomicServiceReference@274e663c
      oidcClientRef = class com.ibm.wsspi.kernel.service.utils.AtomicServiceReference@53230f45
      openidClientRef = class com.ibm.wsspi.kernel.service.utils.AtomicServiceReference@2880e543
      securityServiceRef = class com.ibm.wsspi.kernel.service.utils.AtomicServiceReference@56636e64
      jaccServiceRef = class com.ibm.wsspi.kernel.service.utils.AtomicServiceReference@2488d12
      KEY_LOCATION_ADMIN = "locationAdmin"
      locationAdminRef = class com.ibm.wsspi.kernel.service.utils.AtomicServiceReference@49dae339
      PERMIT_REPLY = class com.ibm.ws.webcontainer.security.internal.PermitReply@66dfbdbc
      DENY_AUTHN_FAILED = class com.ibm.ws.webcontainer.security.internal.DenyReply@2b02ff4d
      DENY_AUTHZ_FAILED = class com.ibm.ws.webcontainer.security.internal.DenyReply@6de4c722
      AUTH_TYPE = "AUTH_TYPE"
      ALL_AUTHENTICATED_ROLE = "**"
      STARSTAR_ROLE = "_starstar_"
      globalConfig = class com.ibm.ws.webcontainer.security.internal.WebAppSecurityConfigImpl@73b9328c
      webAppSecConfig = class com.ibm.ws.webcontainer.security.internal.WebAppSecurityConfigImpl@73b9328c
      authenticateApi = class com.ibm.ws.webcontainer.security.AuthenticateApi@6890531a
      postParameterHelper = class com.ibm.ws.webcontainer.security.PostParameterHelper@545431d2
      collabUtils = class com.ibm.ws.security.collaborator.CollaboratorUtils@1f4231ad
      subjectHelper = class com.ibm.ws.security.authentication.utility.SubjectHelper@25d55d9b
      subjectManager = class com.ibm.ws.security.context.SubjectManager@4f37d2b8
      httpsRedirectHandler = class com.ibm.ws.webcontainer.security.internal.HTTPSRedirectHandler@3a18b02d
      authenticatorProxy = class com.ibm.ws.webcontainer.security.WebAuthenticatorProxy@3459219a
      providerAuthenticatorProxy = class com.ibm.ws.webcontainer.security.WebProviderAuthenticatorProxy@3bef8b0f
      unauthenticatedSubjectService = class com.ibm.ws.security.authentication.internal.UnauthenticatedSubjectServiceImpl@4a3c3cd8
      wasch = class com.ibm.ws.webcontainer.security.WebAppSecurityCollaboratorImpl@1387644e
      isJaspiEnabled = false
      serialVersionUID = 5956753714072062021
    nameSpaceCollaborator = class com.ibm.ws.webcontainer.osgi.collaborator.WebAppNameSpaceCollaboratorImpl@2cd3ebb5
    transactionCollaborator = class com.ibm.ws.transaction.services.WebAppTransactionCollaboratorImpl@2efb710a
    connectionCollaborator = class com.ibm.ws.webcontainer.collaborator.ConnectionCollaborator@2b753ad2
    allCollabEnum = class java.util.RegularEnumSet@377642db
      serialVersionUID = 3411599620347842686
      elements = 511
      elementType = class java.lang.Class@4094be83
      universe = class com.ibm.wsspi.webcontainer.collaborator.CollaboratorInvocationEnum[9]
      ZERO_LENGTH_ENUM_ARRAY = class java.lang.Enum[0]
      MAX_ARRAY_SIZE = 2147483639
    servlet_23_or_greater = true
    DEFER_SERVLET_REQUEST_LISTENER_DESTROY_ON_ERROR = false
  nServicing = class java.util.concurrent.atomic.AtomicInteger@8147f41
    serialVersionUID = 6214790243416807050
    unsafe = class sun.misc.Unsafe@54c7316
      theUnsafe = class sun.misc.Unsafe@54c7316
      INVALID_FIELD_OFFSET = -1
      ARRAY_BOOLEAN_BASE_OFFSET = 16
      ARRAY_BYTE_BASE_OFFSET = 16
      ARRAY_SHORT_BASE_OFFSET = 16
      ARRAY_CHAR_BASE_OFFSET = 16
      ARRAY_INT_BASE_OFFSET = 16
      ARRAY_LONG_BASE_OFFSET = 16
      ARRAY_FLOAT_BASE_OFFSET = 16
      ARRAY_DOUBLE_BASE_OFFSET = 16
      ARRAY_OBJECT_BASE_OFFSET = 16
      ARRAY_BOOLEAN_INDEX_SCALE = 1
      ARRAY_BYTE_INDEX_SCALE = 1
      ARRAY_SHORT_INDEX_SCALE = 2
      ARRAY_CHAR_INDEX_SCALE = 2
      ARRAY_INT_INDEX_SCALE = 4
      ARRAY_LONG_INDEX_SCALE = 8
      ARRAY_FLOAT_INDEX_SCALE = 4
      ARRAY_DOUBLE_INDEX_SCALE = 8
      ARRAY_OBJECT_INDEX_SCALE = 4
      ADDRESS_SIZE = 8
    valueOffset = 12
    value = 0
    serialVersionUID = -8742448824652078965
  lastAccessTime = 1449410326032
  state = -1
  logger = class com.ibm.ws.logging.internal.WsLogger@70f6b34f
    tc = class com.ibm.websphere.ras.TraceComponent@2a647e3d
      strings[0] = "TraceComponent[com.ibm.ws.logging.internal.WsLogger,class com.ibm.ws.logging.internal.WsLogger,[logging],com.ibm.ws.logging.internal.resources.LoggingMessages,null]"
    ivCachedResourceBundleName = null
    ivCachedResourceBundle = null
    ivComponent = null
    ivOrganization = null
    ivProduct = null
    ivMinimumLocalizationLevelIntValue = 625
    ivTC = class com.ibm.websphere.ras.TraceComponent@6d9dfe91
      strings[0] = "TraceComponent[com.ibm.ws.webcontainer.servlet,class com.ibm.wsspi.webcontainer.logging.LoggerFactory$1,[com.ibm.ws.webcontainer.servlet],null,null]"
    loggerRegistrationComponent = class java.lang.ThreadLocal@ebe2530
      threadLocalHashCode = 322530474
      nextHashCode = class java.util.concurrent.atomic.AtomicInteger@3669a2dd
      HASH_INCREMENT = 1640531527
    emptyHandlers = class java.util.logging.Handler[0]
    offValue = 2147483647
    SYSTEM_LOGGER_RB_NAME = "sun.util.logging.resources.logging"
    SYSTEM_BUNDLE = class java.util.logging.Logger$LoggerBundle@7a1433d6
      resourceBundleName = "sun.util.logging.resources.logging"
      userBundle = null
    NO_RESOURCE_BUNDLE = class java.util.logging.Logger$LoggerBundle@736e50ef
      resourceBundleName = null
      userBundle = null
    manager = class com.ibm.ws.kernel.boot.logging.WsLogManager@c066c17
      CLASS_NAME = "com.ibm.ws.kernel.boot.logging.WsLogManager"
      CONFIGURE_BY_SERVER_PROPERTY_NAME = "java.util.logging.configureByServer"
      CONFIGURE_BY_LOGGING_PROPERTIES_FILE = "java.util.logging.configureByLoggingPropertiesFile"
      configureByServer = true
      configureByLoggingProperties = false
      wsLogger = class java.lang.reflect.Constructor@4991b57c
      resetEnabled = true
      manager = class com.ibm.ws.kernel.boot.logging.WsLogManager@c066c17
      props = class java.util.Properties@4426c542
      defaultLevel = class java.util.logging.Level@201da21f
      listenerMap = class java.util.HashMap@41ee15ed
      systemContext = class java.util.logging.LogManager$SystemLoggerContext@59072f9
      userContext = class java.util.logging.LogManager$LoggerContext@5ff787a
      rootLogger = class java.util.logging.LogManager$RootLogger@7701b152
      readPrimordialConfiguration = true
      initializedGlobalHandlers = true
      deathImminent = false
      initializedCalled = true
      initializationDone = true
      contextsMap = null
      loggerRefQueue = class java.lang.ref.ReferenceQueue@46718322
      MAX_ITERATIONS = 400
      controlPermission = class java.util.logging.LoggingPermission@40f036af
      loggingMXBean = null
      LOGGING_MXBEAN_NAME = "java.util.logging:type=Logging"
      $assertionsDisabled = true
    name = "com.ibm.ws.webcontainer.servlet"
    handlers = class java.util.concurrent.CopyOnWriteArrayList@cf050bb
      serialVersionUID = 8673264195747942595
      lock = class java.util.concurrent.locks.ReentrantLock@3fcbe149
      array = class java.lang.Object[0]
      UNSAFE = class sun.misc.Unsafe@54c7316
      lockOffset = 12
    loggerBundle = class java.util.logging.Logger$LoggerBundle@57215870
      resourceBundleName = "com.ibm.ws.webcontainer.resources.Messages"
      userBundle = null
    useParentHandlers = true
    filter = null
    anonymous = false
    catalog = class com.ibm.ws.webcontainer.resources.Messages_en@56c99353
      resources = class [Ljava.lang.Object;[0]
      lookup = class java.util.HashMap@4968bf2c
      INITIAL_CACHE_SIZE = 32
      NONEXISTENT_BUNDLE = class java.util.ResourceBundle$1@39814eab
      cacheList = class java.util.concurrent.ConcurrentHashMap@5b396da7
      referenceQueue = class java.lang.ref.ReferenceQueue@40885da4
      parent = class com.ibm.ws.webcontainer.resources.Messages@32d772a2
      locale = class java.util.Locale@380e629b
      name = "com.ibm.ws.webcontainer.resources.Messages"
      expired = false
      cacheKey = class java.util.ResourceBundle$CacheKey@43184003
      keySet = null
      providers = null
      $assertionsDisabled = true
    catalogName = "com.ibm.ws.webcontainer.resources.Messages"
    catalogLocale = class java.util.Locale@69102b49
      LOCALECACHE = class java.util.Locale$Cache@64af24ff
      ENGLISH = class java.util.Locale@380e629b
      FRENCH = class java.util.Locale@39c9af79
      GERMAN = class java.util.Locale@593ad57c
      ITALIAN = class java.util.Locale@44af9a78
      JAPANESE = class java.util.Locale@f7e22cc
      KOREAN = class java.util.Locale@7b38f63d
      CHINESE = class java.util.Locale@74a64d13
      SIMPLIFIED_CHINESE = class java.util.Locale@4c6275a5
      TRADITIONAL_CHINESE = class java.util.Locale@32f456a7
      FRANCE = class java.util.Locale@e41d7da
      GERMANY = class java.util.Locale@4849ddd4
      ITALY = class java.util.Locale@17d94625
      JAPAN = class java.util.Locale@7886b17
      KOREA = class java.util.Locale@7f7933b
      CHINA = class java.util.Locale@4c6275a5
      PRC = class java.util.Locale@4c6275a5
      TAIWAN = class java.util.Locale@32f456a7
      UK = class java.util.Locale@156596c
      US = class java.util.Locale@69102b49
      CANADA = class java.util.Locale@5c63cf0d
      CANADA_FRENCH = class java.util.Locale@18f7c745
      ROOT = class java.util.Locale@66a928b2
      PRIVATE_USE_EXTENSION = x
      UNICODE_LOCALE_EXTENSION = u
      serialVersionUID = 9149081749638150636
      DISPLAY_LANGUAGE = 0
      DISPLAY_COUNTRY = 1
      DISPLAY_VARIANT = 2
      DISPLAY_SCRIPT = 3
      baseLocale = class sun.util.locale.BaseLocale@2b6abdaf
      localeExtensions = null
      hashCodeValue = 96636889
      defaultLocale = class java.util.Locale@69102b49
      defaultDisplayLocale = null
      defaultFormatLocale = class java.util.Locale@69102b49
      languageTag = "en-US"
      serialPersistentFields = class java.io.ObjectStreamField[6]
      isoLanguages = null
      isoCountries = null
      $assertionsDisabled = true
    treeLock = class java.lang.Object@67ebcb58
    parent = class com.ibm.ws.logging.internal.WsLogger@3a54fd0d
      tc = class com.ibm.websphere.ras.TraceComponent@2a647e3d
      ivCachedResourceBundleName = "com.ibm.ws.webcontainer.resources.Messages"
      ivCachedResourceBundle = class com.ibm.ws.webcontainer.resources.Messages_en@56c99353
      ivComponent = null
      ivOrganization = null
      ivProduct = null
      ivMinimumLocalizationLevelIntValue = 625
      ivTC = class com.ibm.websphere.ras.TraceComponent@1e169be0
      loggerRegistrationComponent = class java.lang.ThreadLocal@ebe2530
      emptyHandlers = class java.util.logging.Handler[0]
      offValue = 2147483647
      SYSTEM_LOGGER_RB_NAME = "sun.util.logging.resources.logging"
      SYSTEM_BUNDLE = class java.util.logging.Logger$LoggerBundle@7a1433d6
      NO_RESOURCE_BUNDLE = class java.util.logging.Logger$LoggerBundle@736e50ef
      manager = class com.ibm.ws.kernel.boot.logging.WsLogManager@c066c17
      name = "com.ibm.ws.webcontainer"
      handlers = class java.util.concurrent.CopyOnWriteArrayList@121661eb
      loggerBundle = class java.util.logging.Logger$LoggerBundle@300c85ed
      useParentHandlers = true
      filter = null
      anonymous = false
      catalog = class com.ibm.ws.webcontainer.resources.Messages_en@56c99353
      catalogName = "com.ibm.ws.webcontainer.resources.Messages"
      catalogLocale = class java.util.Locale@69102b49
      treeLock = class java.lang.Object@67ebcb58
      parent = class java.util.logging.Logger@4542252b
      kids = class java.util.ArrayList@7db5a1c9
      levelObject = class java.util.logging.Level@201da21f
      levelValue = 800
      callersClassLoaderRef = class java.lang.ref.WeakReference@34cec15
      isSystemLogger = false
      GLOBAL_LOGGER_NAME = "global"
      global = class java.util.logging.Logger@2156511b
      $assertionsDisabled = true
    kids = null
    levelObject = class java.util.logging.Level@201da21f
      defaultBundle = "sun.util.logging.resources.logging"
      name = "INFO"
      value = 800
      resourceBundleName = "sun.util.logging.resources.logging"
      localizedLevelName = "INFO"
      cachedLocale = class java.util.Locale@69102b49
      OFF = class java.util.logging.Level@47cdcdf9
      SEVERE = class java.util.logging.Level@688e910a
      WARNING = class java.util.logging.Level@4bf5d2c7
      INFO = class java.util.logging.Level@201da21f
      CONFIG = class java.util.logging.Level@58a0f859
      FINE = class java.util.logging.Level@712b44b1
      FINER = class java.util.logging.Level@6db19d5f
      FINEST = class java.util.logging.Level@8b719c4
      ALL = class java.util.logging.Level@570a4abb
      serialVersionUID = -8176160795706313070
    levelValue = 800
    callersClassLoaderRef = class java.lang.ref.WeakReference@483f8f36
      referent = class org.eclipse.osgi.internal.loader.EquinoxClassLoader@2458ada0
      queue = class java.lang.ref.ReferenceQueue$Null@136ed4d5
      next = null
      discovered = null
      lock = class java.lang.ref.Reference$Lock@76010a24
      pending = null
    isSystemLogger = false
    GLOBAL_LOGGER_NAME = "global"
    global = class java.util.logging.Logger@2156511b
      emptyHandlers = class java.util.logging.Handler[0]
      offValue = 2147483647
      SYSTEM_LOGGER_RB_NAME = "sun.util.logging.resources.logging"
      SYSTEM_BUNDLE = class java.util.logging.Logger$LoggerBundle@7a1433d6
      NO_RESOURCE_BUNDLE = class java.util.logging.Logger$LoggerBundle@736e50ef
      manager = class com.ibm.ws.kernel.boot.logging.WsLogManager@c066c17
      name = "global"
      handlers = class java.util.concurrent.CopyOnWriteArrayList@42044500
      loggerBundle = class java.util.logging.Logger$LoggerBundle@736e50ef
      useParentHandlers = true
      filter = null
      anonymous = false
      catalog = null
      catalogName = null
      catalogLocale = null
      treeLock = class java.lang.Object@67ebcb58
      parent = class java.util.logging.Logger@4542252b
      kids = null
      levelObject = null
      levelValue = 800
      callersClassLoaderRef = null
      isSystemLogger = true
      GLOBAL_LOGGER_NAME = "global"
      global = class java.util.logging.Logger@2156511b
      $assertionsDisabled = true
    $assertionsDisabled = true
  CLASS_NAME = "com.ibm.ws.webcontainer.servlet.ServletWrapper"
  nls = class com.ibm.ejs.ras.TraceNLS@1435854f
    resolver = class com.ibm.ws.logging.internal.TraceNLSResolver@5d3846c2
      tc = class com.ibm.websphere.ras.TraceComponent@3f8f9dd6
      DEBUG_TRACE_NLS_PROPERTY = "com.ibm.ejs.ras.debugTraceNLSResolver"
      debugTraceNLSResolver = false
      makeNoise = false
      nullKey = "null"
      svNullBundleName = "Resource Bundle name is null, key = {0}"
      svBundleNotLoaded = "Unable to load ResourceBundle {0}"
      svNullKeyMessage = "Null key passed while using ResourceBundle {0}"
      svMalformedMessage = "No message text associated with key {0} in bundle {1}"
    finder = null
    ivBundleName = "com.ibm.ws.webcontainer.resources.Messages"
    caller = class java.lang.Class@381b9781
      ANNOTATION = 8192
      ENUM = 16384
      SYNTHETIC = 4096
      cachedConstructor = null
      newInstanceCallerCache = null
      name = null
      allPermDomain = class java.security.ProtectionDomain@ae638f1
      useCaches = true
      reflectionData = class java.lang.ref.SoftReference@3800707
      classRedefinedCount = 0
      genericInfo = null
      serialVersionUID = 3206093459760846163
      serialPersistentFields = class java.io.ObjectStreamField[0]
      reflectionFactory = class sun.reflect.ReflectionFactory@4fe5eec2
      initted = true
      enumConstants = null
      enumConstantDirectory = null
      annotationData = class java.lang.Class$AnnotationData@f9d5984
      annotationType = null
      classValueMap = null
  servletConfig = class com.ibm.ws.webcontainer.servlet.ServletConfig@7d6e0eda
    logger = class com.ibm.ws.logging.internal.WsLogger@70f6b34f
    CLASS_NAME = "com.ibm.ws.webcontainer.servlet.ServletConfig"
    nls = class com.ibm.ejs.ras.TraceNLS@1c843de4
      resolver = class com.ibm.ws.logging.internal.TraceNLSResolver@5d3846c2
      finder = null
      ivBundleName = "com.ibm.ws.webcontainer.resources.Messages"
      caller = class java.lang.Class@3999812d
    liberty_nls = class com.ibm.ejs.ras.TraceNLS@109bdc92
      resolver = class com.ibm.ws.logging.internal.TraceNLSResolver@5d3846c2
      finder = null
      ivBundleName = "com.ibm.ws.webcontainer.resources.LShimMessages"
      caller = class java.lang.Class@3999812d
    enabled = true
    servletName = "offla"
    className = "org.springframework.web.servlet.DispatcherServlet"
    mappings = class java.util.ArrayList@b5faefc
      serialVersionUID = 8683452581122892189
      DEFAULT_CAPACITY = 10
      EMPTY_ELEMENTDATA = class java.lang.Object[0]
      DEFAULTCAPACITY_EMPTY_ELEMENTDATA = class java.lang.Object[0]
      elementData = class java.lang.Object[10]
      size = 3
      MAX_ARRAY_SIZE = 2147483639
      modCount = 3
      MAX_ARRAY_SIZE = 2147483639
    startUpWeight = 1
    DEFAULT_STARTUP = -1
    isCachingEnabled = true
    isStatisticsEnabled = true
    isInternal = false
    metaData = class com.ibm.ws.webcontainer.osgi.metadata.WebComponentMetaDataImpl@f5595b
      j2eeName = class com.ibm.ws.container.service.metadata.internal.J2EENameImpl@535158d2
      webModuleMetaData = class com.ibm.ws.webcontainer.osgi.metadata.WebModuleMetaDataImpl@a9f87cd
      mBeanServiceReg = null
      tc = class com.ibm.websphere.ras.TraceComponent@59d4be1d
      NUM_STATIC_SLOTS = 4
      ID_UNINITIALIZED = -1
      id = 2
      metaDataInterface = class java.lang.Class@6e0658f
      staticSlots = class java.lang.Object[4]
      dynamicSlots = null
    singleThreadModelServlet = false
    isJsp = false
    webAppConfig = class com.ibm.ws.webcontainer.osgi.webapp.WebAppConfiguration@35e1d25
    servletWrapper = class com.ibm.ws.webcontainer.osgi.servlet.ServletWrapper@1bf9da24
    servletClass = null
    servlet = null
    addedToLoadOnStartup = true
    previousWeight = null
    multipartConfig = null
    multipartConfigBaseLocation = null
    runAsRole = null
    servletSecurityElement = null
    declareRolesAnnotation = null
    logger = class com.ibm.ws.logging.internal.WsLogger@70f6b34f
    CLASS_NAME = "com.ibm.ws.webcontainer.servlet.TargetConfig"
    initParams = null
    fileName = null
    displayName = null
    name = "offla"
    description = null
    smallIcon = null
    largeIcon = null
    context = class com.ibm.ws.webcontainer31.facade.ServletContextFacade31@49f708c2
    className = null
    asyncSupported = false
    _id = "ServletGeneratedId1"
    _attributes = null
    serialVersionUID = 7511545662945734886
    $$$tc$$$ = class com.ibm.websphere.ras.TraceComponent@43e8b9b1
      strings[0] = "TraceComponent[com.ibm.ws.container.BaseConfiguration,class com.ibm.ws.container.BaseConfiguration,[],null,null]"
  context = class com.ibm.ws.webcontainer31.osgi.webapp.WebApp31@37db9455
    tc = class com.ibm.websphere.ras.TraceComponent@5c558e56
      strings[0] = "TraceComponent[com.ibm.ws.webcontainer31.osgi.webapp.WebApp31,class com.ibm.ws.webcontainer31.osgi.webapp.WebApp31,[webcontainer],com.ibm.ws.webcontainer31.resources.Messages,null]"
    CLASS_NAME = "com.ibm.ws.webcontainer31.osgi.webapp.WebApp31"
    servlet31NLS = class com.ibm.ejs.ras.TraceNLS@6f9de0a3
      resolver = class com.ibm.ws.logging.internal.TraceNLSResolver@5d3846c2
      finder = null
      ivBundleName = "com.ibm.ws.webcontainer31.resources.Messages"
      caller = class java.lang.Class@674a9608
    validListenerClasses = class java.lang.Class[7]
      validListenerClasses[0] = class java.lang.Class@1d30c60a
      validListenerClasses[1] = class java.lang.Class@73f68a9
      validListenerClasses[2] = class java.lang.Class@7240ee14
      validListenerClasses[3] = class java.lang.Class@5ddc3b7b
      validListenerClasses[4] = class java.lang.Class@46c7b65c
      validListenerClasses[5] = class java.lang.Class@3ac1f40d
      validListenerClasses[6] = class java.lang.Class@3b590cf
    wsocServHandler = null
    tc = class com.ibm.websphere.ras.TraceComponent@6f7c129
      strings[0] = "TraceComponent[com.ibm.ws.webcontainer.osgi.webapp.WebApp,class com.ibm.ws.webcontainer.osgi.webapp.WebApp,[webcontainer],com.ibm.ws.webcontainer.resources.LShimMessages,null]"
    CLASS_NAME = "com.ibm.ws.webcontainer.osgi.webapp.WebApp"
    metaDataService = class com.ibm.ws.container.service.metadata.internal.MetaDataServiceImpl@364b3eb9
      applicationMetaDataManager = class com.ibm.ws.container.service.metadata.internal.ApplicationMetaDataManager@4c898f29
      moduleMetaDataManager = class com.ibm.ws.container.service.metadata.internal.ModuleMetaDataManager@75e4d446
      componentMetaDataManager = class com.ibm.ws.container.service.metadata.internal.ComponentMetaDataManager@ebaa398
      methodMetaDataManager = class com.ibm.ws.container.service.metadata.internal.MethodMetaDataManager@7d46c9e2
      appModuleNameToModuleContainer = class java.util.concurrent.ConcurrentHashMap@7d36f1a4
      jeeNameToComponentMetaData = class java.util.concurrent.ConcurrentHashMap@2e234ca0
      deferredMetaDataFactories = class com.ibm.wsspi.kernel.service.utils.ConcurrentServiceReferenceSet@75de9c9f
      deferredMetaDataInitializers = class com.ibm.wsspi.kernel.service.utils.ConcurrentServiceReferenceMap@3e9c521f
      serialVersionUID = -8170959944924351750
      $$$tc$$$ = class com.ibm.websphere.ras.TraceComponent@882df1f
    namespacePopulated = false
    referenceContext = class com.ibm.ws.injectionengine.osgi.internal.OSGiReferenceContextImpl@6df96db7
      scopeData = class com.ibm.ws.injectionengine.osgi.internal.OSGiInjectionScopeData@38ebd59c
      serialVersionUID = 521511923892134915
      $$$tc$$$ = class com.ibm.websphere.ras.TraceComponent@6c974dc2
      CLASS_NAME = "com.ibm.ws.injectionengine.ReferenceContextImpl"
      tc = class com.ibm.ejs.ras.TraceComponent@25cf1a00
      ivInjectionEngine = class com.ibm.ws.injectionengine.osgi.internal.OSGiInjectionEngineImpl@25903b83
      ivProviders = class java.util.ArrayList@712f2967
      ivComponentJavaContext = null
      ivComponentNameSpace = null
      ivJavaColonCompEnvMap = class java.util.LinkedHashMap@3dafcd56
      ivEjbContext10 = class java.util.Properties@1a07672c
      ivResourceRefConfigList = null
      isAlreadyProcessed = true
      ivProcessFailure = null
      ivInjectionTargetMap = class java.util.HashMap@3eef0bcc
      ivDeclaredInjectionTargets = class java.util.HashMap@36036967
      ivProcessedInjectionClasses = class java.util.HashSet@7505d78c
      ivProcessedInjectionBindings = class java.util.ArrayList@541af007
      ivAnyProcessDynamic = false
      ivCheckAppConfig = false
    j2eeNameFactory = class com.ibm.ws.container.service.metadata.internal.J2EENameFactoryImpl@36d3482b
      serialVersionUID = 3486344295038028821
      $$$tc$$$ = class com.ibm.websphere.ras.TraceComponent@2bd025f4
    moduleLoader = class com.ibm.ws.classloading.internal.AppClassLoader@37f06a56
    webAppConfig = class com.ibm.ws.webcontainer.osgi.webapp.WebAppConfiguration@35e1d25
      webModuleMetaData = class com.ibm.ws.webcontainer.osgi.metadata.WebModuleMetaDataImpl@a9f87cd
      webComponentMetaData = class com.ibm.ws.webcontainer.osgi.metadata.WebComponentMetaDataImpl@6edb3a12
      dVirtualHost = class com.ibm.ws.webcontainer.osgi.DynamicVirtualHost@780a514e
      orderedLibPaths = class java.util.Collections$UnmodifiableRandomAccessList@1442bdd6
      bundleHeaders = null
      cdiEnabled = false
      CLASS_NAME = "com.ibm.ws.webcontainer.webapp.WebAppConfiguration"
      logger = class com.ibm.ws.logging.internal.WsLogger@56b769c2
      tc = class com.ibm.websphere.ras.TraceComponent@3b65a0fd
      nls = class com.ibm.ejs.ras.TraceNLS@75eba747
      version = 31
      contextRoot = "/offlaFrontEnd"
      sessionTimeout = 0
      moduleSessionTimeoutSet = false
      moduleSessionTrackingModeSet = false
      sessionCookieConfig = class com.ibm.ws.session.SessionCookieConfigImpl@33ce7d8
      hasProgrammaticCookieConfig = false
      sessionDefaultTrackingModeSet = class java.util.RegularEnumSet@34004607
      sessionManagerConfig = class com.ibm.ws.session.SessionManagerConfig@238c0867
      displayName = "offlaFrontEnd"
      description = null
      reloadInterval = 0
      distributable = false
      denyUncoveredHttpMethods = false
      reloadingEnabled = false
      serveServletsByClassnameEnabled = null
      defaultErrorPage = null
      additionalClassPath = null
      fileServingEnabled = null
      directoryBrowsingEnabled = null
      autoRequestEncoding = false
      autoResponseEncoding = false
      autoLoadFilters = false
      requestListeners = null
      requestAttributeListeners = null
      sessionListeners = null
      localeMap = null
      moduleName = "offlaFrontEnd"
      j2eeModuleName = "offlaFrontEnd.war"
      moduleId = null
      isSyncToThreadEnabled = false
      isSystemApp = false
      ardEnabled = false
      ardDispatchType = null
      listeners = class java.util.ArrayList@b7552ce
      welcomeFileList = class java.util.ArrayList@6f93665f
      servletMappings = class java.util.HashMap@599525d4
      lastIndexBeforeDeclaredFilters = 0
      filterMappings = class java.util.ArrayList@1a99d1b1
      servletInfo = class java.util.HashMap@3b5b030e
      filterInfo = class java.util.HashMap@4f0e2ba4
      mimeMappings = class java.util.HashMap@3f451c14
      mimeFilters = null
      isMimeFilteringEnabled = false
      theWebGroup = null
      jspAttributes = class java.util.HashMap@6b054614
      fileServingAttributes = class java.util.HashMap@8256b09
      invokerAttributes = class java.util.HashMap@364822a2
      contextParams = class java.util.HashMap@217a2dc3
      virtualHost = "default_host"
      exceptionErrorPages = class java.util.HashMap@608efa1e
      codeErrorPages = class java.util.HashMap@4350b825
      tagLibList = null
      precompileJsps = false
      webApp = class com.ibm.ws.webcontainer31.osgi.webapp.WebApp31@37db9455
      virtualHostList = class java.util.Collections$EmptyList@34fadfdf
      appStartupWeight = 0
      moduleStartupWeight = 0
      metaDataComplete = false
      classesToScan = class java.util.ArrayList@441ee8b6
      uriFilterMappingInfos = null
      servletFilterMappingInfos = null
      dynamicServletRegistrationMap = null
      applicationName = "offlaFrontEnd"
      libBinPathList = class java.util.ArrayList@53d7b421
      webXmlDefinedListeners = class java.util.HashSet@1580afee
      allRefs = class java.util.EnumMap@77e68ea6
      allRefBindings = class java.util.EnumMap@440e83b4
      envEntryValues = class java.util.HashMap@2a1651a8
      resourceRefConfigList = null
      disallowAllFileServingProp = null
      disallowServeServletsByClassnameProp = null
      disableStaticMappingCache = false
      jspCachedLocations = class java.util.HashMap@3af964db
      _id = "WebAppGeneratedId2"
      _attributes = null
      serialVersionUID = 7511545662945734886
      $$$tc$$$ = class com.ibm.websphere.ras.TraceComponent@43e8b9b1
    extensionProcessingDisabled = false
    internalServletMetaData = interface com.ibm.wsspi.webcontainer.metadata.WebComponentMetaData[2]
      internalServletMetaData[0] = null
      internalServletMetaData[1] = null
    loginProcessor = null
    logoutProcessor = null
    collabHelper = class com.ibm.ws.webcontainer.osgi.collaborator.CollaboratorHelperImpl@326b7b28
    envObject = class com.ibm.ws.util.WSThreadLocal@15d31b53
      tc = class com.ibm.ejs.ras.TraceComponent@36e64501
      count = 6
      index = 3
      SUSPECTED_MISUSAGE_THRESHOLD = 200
      threadLocalHashCode = -1590325593
      nextHashCode = class java.util.concurrent.atomic.AtomicInteger@3669a2dd
      HASH_INCREMENT = 1640531527
    orderedLibPaths = class java.util.Collections$UnmodifiableRandomAccessList@1442bdd6
      serialVersionUID = -2542308836966382001
      serialVersionUID = -283967356065247728
      list = class java.util.ArrayList@7b0acc42
      serialVersionUID = 1820017752578914078
      c = class java.util.ArrayList@7b0acc42
    perm = class com.ibm.websphere.security.WebSphereRuntimePermission@35b4017a
      serialVersionUID = -3306242789188168337
      $$$tc$$$ = class com.ibm.websphere.ras.TraceComponent@2e6b6866
      serialVersionUID = 6279438298436773498
      wildcard = false
      path = "accessServletContext"
      exitVM = false
      serialVersionUID = -5636570222231596674
      name = "accessServletContext"
    WELCOME_FILE_LIST = "com.ibm.ws.webcontainer.config.WelcomeFileList"
    DIR_BROWSING_MAPPING = "__dirBrowsing__1449410320824"
    FILTER_PROXY_MAPPING = "/__filterProxy__1449410320824"
    logger = class com.ibm.ws.logging.internal.WsLogger@56b769c2
      tc = class com.ibm.websphere.ras.TraceComponent@2a647e3d
      ivCachedResourceBundleName = "com.ibm.ws.webcontainer.resources.Messages"
      ivCachedResourceBundle = class com.ibm.ws.webcontainer.resources.Messages_en@56c99353
      ivComponent = null
      ivOrganization = null
      ivProduct = null
      ivMinimumLocalizationLevelIntValue = 625
      ivTC = class com.ibm.websphere.ras.TraceComponent@77b91f3b
      loggerRegistrationComponent = class java.lang.ThreadLocal@ebe2530
      emptyHandlers = class java.util.logging.Handler[0]
      offValue = 2147483647
      SYSTEM_LOGGER_RB_NAME = "sun.util.logging.resources.logging"
      SYSTEM_BUNDLE = class java.util.logging.Logger$LoggerBundle@7a1433d6
      NO_RESOURCE_BUNDLE = class java.util.logging.Logger$LoggerBundle@736e50ef
      manager = class com.ibm.ws.kernel.boot.logging.WsLogManager@c066c17
      name = "com.ibm.ws.webcontainer.webapp"
      handlers = class java.util.concurrent.CopyOnWriteArrayList@66c0dfb2
      loggerBundle = class java.util.logging.Logger$LoggerBundle@4da48116
      useParentHandlers = true
      filter = null
      anonymous = false
      catalog = class com.ibm.ws.webcontainer.resources.Messages_en@56c99353
      catalogName = "com.ibm.ws.webcontainer.resources.Messages"
      catalogLocale = class java.util.Locale@69102b49
      treeLock = class java.lang.Object@67ebcb58
      parent = class com.ibm.ws.logging.internal.WsLogger@3a54fd0d
      kids = null
      levelObject = class java.util.logging.Level@201da21f
      levelValue = 800
      callersClassLoaderRef = class java.lang.ref.WeakReference@3ab95fa
      isSystemLogger = false
      GLOBAL_LOGGER_NAME = "global"
      global = class java.util.logging.Logger@2156511b
      $assertionsDisabled = true
    CLASS_NAME = "com.ibm.ws.webcontainer.webapp.WebApp"
    loader = class com.ibm.ws.classloading.internal.ThreadContextClassLoader@1f1cd81c
    facade = class com.ibm.ws.webcontainer31.facade.ServletContextFacade31@49f708c2
    features = class java.util.ArrayList@5b33e9c4
      serialVersionUID = 8683452581122892189
      DEFAULT_CAPACITY = 10
      EMPTY_ELEMENTDATA = class java.lang.Object[0]
      DEFAULTCAPACITY_EMPTY_ELEMENTDATA = class java.lang.Object[0]
      elementData = class java.lang.Object[0]
      size = 0
      MAX_ARRAY_SIZE = 2147483639
      modCount = 0
      MAX_ARRAY_SIZE = 2147483639
    applicationName = "offlaFrontEnd"
    config = class com.ibm.ws.webcontainer.osgi.webapp.WebAppConfiguration@35e1d25
    securityEnabledForApp = null
    webExtensionProcessor = class com.ibm.ws.webcontainer.osgi.extension.WebExtensionProcessor@5a1e5379
      webApp = class com.ibm.ws.webcontainer31.osgi.webapp.WebApp31@37db9455
      extensionContext = class com.ibm.ws.webcontainer31.osgi.webapp.WebApp31@37db9455
    production = true
    isServlet23 = true
    contextPath = "/offlaFrontEnd"
    internalServletList = class [Ljava.lang.String;[2]
      internalServletList[0] = class java.lang.String[2]
      internalServletList[1] = class java.lang.String[2]
    BY_NAME_ONLY = "/_1449410321951_/"
    filterManager = null
    documentRoot = null
    SERVLET_API_VERSION = "Servlet 2.5"
    disableServletAuditLogging = 0
    serverInfo = "IBM WebSphere Liberty/8.5.5.7"
    sessionCtx = class com.ibm.ws.webcontainer31.session.impl.HttpSessionContext31Impl@22a0bfdc
      methodClassName = "HttpSessionContextImpl"
      _smc = class com.ibm.ws.session.SessionManagerConfig@238c0867
      sessionStoreService = null
      _sap = class com.ibm.ws.session.SessionApplicationParameters@9d0ec80
      _coreHttpSessionManager = class com.ibm.ws.session.SessionManager@1752a3de
      _coreHttpAppSessionManager = null
      _sam = class com.ibm.ws.webcontainer.session.impl.SessionAffinityManagerImpl@b36524f
      isSIPApplication = false
      sessionAttributeListener = false
      sessionListener = false
      mHttpSessionAttributeListeners = class java.util.ArrayList@57c520b3
      mHttpSessionListeners = class java.util.ArrayList@597f7227
      mHttpSessionIdListeners = class java.util.ArrayList@5b316685
      mHttpSessionAttributeListenersJ2eeNames = class java.util.ArrayList@62ace386
      mHttpSessionListenersJ2eeNames = class java.util.ArrayList@1c1297d8
      mHttpSessionIdListenersJ2eeNames = class java.util.ArrayList@3e5e3037
      mLocalHost = null
      _refCount = 1
      currentThreadSacHashtable = null
      methodClassName = "SessionContext"
      ANONYMOUS_USER = "anonymous"
      wasHttpSessionObserver = class com.ibm.ws.session.WasHttpSessionObserver@6e8b6c37
      wasHttpSessionAttributeObserver = null
      _invalidator = class com.ibm.ws.session.SessionInvalidatorWithThreadPool@6b3e02b3
      _storer = class com.ibm.ws.session.EOSSessionStorer@631af45b
      wasHttpAppSessionObserver = null
      mHttpAppSessionListeners = null
      cmvcInfo = "CMVC Version 1.9 6/24/07 11:12:24"
      _loggedVersion = true
      CREATE_CORE_SESSION_MANAGER = 0
      GET_REQUESTED_SESSION_ID = 1
      GET_IHTTP_SESSION = 2
      SESSION_PRE_INVOKE = 3
      SESSION_POST_INVOKE = 4
      STOP = 5
      STOP_LISTENERS = 6
      IS_VALID = 7
      ENCODE_URL = 8
      SHOULD_ENCODE_URL = 9
      IS_PROTOCOL_SWITCH = 10
      GET_LOCAL_HOST = 11
      ADD_HTTP_SESSION_ATTRIBUTE_LISTENER = 12
      ADD_HTTP_SESSION_LISTENER = 13
      GET_SESSION_AFFINITY_CONTEXT = 14
      CHECK_SECURITY = 15
      INVALIDATE = 16
      CHECK_SESSSIONID_IS_RIGHT_LENGTH = 17
      LOCK_SESSION = 18
      UNLOCK_SESSION = 19
      ADD_HTTP_SESSION_ID_LISTENER = 20
      methodNames = class java.lang.String[21]
    eventSource = class com.ibm.ws.webcontainer.webapp.WebAppEventSource@13822500
    nls = class com.ibm.ejs.ras.TraceNLS@66991f85
      resolver = class com.ibm.ws.logging.internal.TraceNLSResolver@5d3846c2
      finder = null
      ivBundleName = "com.ibm.ws.webcontainer.resources.Messages"
      caller = class java.lang.Class@43141e90
    liberty_nls = class com.ibm.ejs.ras.TraceNLS@4eb41db4
      resolver = class com.ibm.ws.logging.internal.TraceNLSResolver@5d3846c2
      finder = null
      ivBundleName = "com.ibm.ws.webcontainer.resources.LShimMessages"
      caller = class java.lang.Class@43141e90
    error_nls = class com.ibm.ejs.ras.TraceNLS@205aaa4d
      resolver = class com.ibm.ws.logging.internal.TraceNLSResolver@5d3846c2
      finder = null
      ivBundleName = "com.ibm.ws.webcontainer.resources.ErrorPage"
      caller = class java.lang.Class@43141e90
    sessionListeners = class java.util.ArrayList@7a3bfc5
      serialVersionUID = 8683452581122892189
      DEFAULT_CAPACITY = 10
      EMPTY_ELEMENTDATA = class java.lang.Object[0]
      DEFAULTCAPACITY_EMPTY_ELEMENTDATA = class java.lang.Object[0]
      elementData = class java.lang.Object[0]
      size = 0
      MAX_ARRAY_SIZE = 2147483639
      modCount = 1
      MAX_ARRAY_SIZE = 2147483639
    sessionIdListeners = class java.util.ArrayList@29e8ed83
      serialVersionUID = 8683452581122892189
      DEFAULT_CAPACITY = 10
      EMPTY_ELEMENTDATA = class java.lang.Object[0]
      DEFAULTCAPACITY_EMPTY_ELEMENTDATA = class java.lang.Object[0]
      elementData = class java.lang.Object[0]
      size = 0
      MAX_ARRAY_SIZE = 2147483639
      modCount = 0
      MAX_ARRAY_SIZE = 2147483639
    sessionAttrListeners = class java.util.ArrayList@475f0cb7
      serialVersionUID = 8683452581122892189
      DEFAULT_CAPACITY = 10
      EMPTY_ELEMENTDATA = class java.lang.Object[0]
      DEFAULTCAPACITY_EMPTY_ELEMENTDATA = class java.lang.Object[0]
      elementData = class java.lang.Object[0]
      size = 0
      MAX_ARRAY_SIZE = 2147483639
      modCount = 1
      MAX_ARRAY_SIZE = 2147483639
    addedSessionListeners = class java.util.ArrayList@3222ded3
      serialVersionUID = 8683452581122892189
      DEFAULT_CAPACITY = 10
      EMPTY_ELEMENTDATA = class java.lang.Object[0]
      DEFAULTCAPACITY_EMPTY_ELEMENTDATA = class java.lang.Object[0]
      elementData = class java.lang.Object[0]
      size = 0
      MAX_ARRAY_SIZE = 2147483639
      modCount = 0
      MAX_ARRAY_SIZE = 2147483639
    addedSessionAttrListeners = class java.util.ArrayList@286502c5
      serialVersionUID = 8683452581122892189
      DEFAULT_CAPACITY = 10
      EMPTY_ELEMENTDATA = class java.lang.Object[0]
      DEFAULTCAPACITY_EMPTY_ELEMENTDATA = class java.lang.Object[0]
      elementData = class java.lang.Object[0]
      size = 0
      MAX_ARRAY_SIZE = 2147483639
      modCount = 0
      MAX_ARRAY_SIZE = 2147483639
    servletContextListeners = class java.util.ArrayList@468f66bf
      serialVersionUID = 8683452581122892189
      DEFAULT_CAPACITY = 10
      EMPTY_ELEMENTDATA = class java.lang.Object[0]
      DEFAULTCAPACITY_EMPTY_ELEMENTDATA = class java.lang.Object[0]
      elementData = class java.lang.Object[10]
      size = 3
      MAX_ARRAY_SIZE = 2147483639
      modCount = 4
      MAX_ARRAY_SIZE = 2147483639
    servletContextLAttrListeners = class java.util.ArrayList@798af06d
      serialVersionUID = 8683452581122892189
      DEFAULT_CAPACITY = 10
      EMPTY_ELEMENTDATA = class java.lang.Object[0]
      DEFAULTCAPACITY_EMPTY_ELEMENTDATA = class java.lang.Object[0]
      elementData = class java.lang.Object[0]
      size = 0
      MAX_ARRAY_SIZE = 2147483639
      modCount = 1
      MAX_ARRAY_SIZE = 2147483639
    servletRequestListeners = class java.util.ArrayList@5dfa7dc9
      serialVersionUID = 8683452581122892189
      DEFAULT_CAPACITY = 10
      EMPTY_ELEMENTDATA = class java.lang.Object[0]
      DEFAULTCAPACITY_EMPTY_ELEMENTDATA = class java.lang.Object[0]
      elementData = class java.lang.Object[0]
      size = 0
      MAX_ARRAY_SIZE = 2147483639
      modCount = 1
      MAX_ARRAY_SIZE = 2147483639
    servletRequestLAttrListeners = class java.util.ArrayList@5d092f99
      serialVersionUID = 8683452581122892189
      DEFAULT_CAPACITY = 10
      EMPTY_ELEMENTDATA = class java.lang.Object[0]
      DEFAULTCAPACITY_EMPTY_ELEMENTDATA = class java.lang.Object[0]
      elementData = class java.lang.Object[0]
      size = 0
      MAX_ARRAY_SIZE = 2147483639
      modCount = 1
      MAX_ARRAY_SIZE = 2147483639
    prependSlashToResource = false
    destroyed = false
    webAppNameSpaceCollab = class com.ibm.ws.webcontainer.osgi.collaborator.WebAppNameSpaceCollaboratorImpl@2cd3ebb5
    txCollab = class com.ibm.ws.transaction.services.WebAppTransactionCollaboratorImpl@2efb710a
    sessionActivationListeners = class java.util.ArrayList@600e1019
      serialVersionUID = 8683452581122892189
      DEFAULT_CAPACITY = 10
      EMPTY_ELEMENTDATA = class java.lang.Object[0]
      DEFAULTCAPACITY_EMPTY_ELEMENTDATA = class java.lang.Object[0]
      elementData = class java.lang.Object[0]
      size = 0
      MAX_ARRAY_SIZE = 2147483639
      modCount = 1
      MAX_ARRAY_SIZE = 2147483639
    sessionBindingListeners = class java.util.ArrayList@4ea98ded
      serialVersionUID = 8683452581122892189
      DEFAULT_CAPACITY = 10
      EMPTY_ELEMENTDATA = class java.lang.Object[0]
      DEFAULTCAPACITY_EMPTY_ELEMENTDATA = class java.lang.Object[0]
      elementData = class java.lang.Object[0]
      size = 0
      MAX_ARRAY_SIZE = 2147483639
      modCount = 1
      MAX_ARRAY_SIZE = 2147483639
    scratchdir = null
    jspClassLoaderLimit = 0
    jspClassLoaderExclusionList = null
    jspClassLoadersMap = null
    jspClassLoaderLimitTrackIF = false
    defaultExtProc = null
    directoryBrowsingServlet = null
    cdiContexts = class java.util.concurrent.ConcurrentHashMap@4033b5c4
      serialVersionUID = 7249069246763182397
      MAXIMUM_CAPACITY = 1073741824
      DEFAULT_CAPACITY = 16
      MAX_ARRAY_SIZE = 2147483639
      DEFAULT_CONCURRENCY_LEVEL = 16
      LOAD_FACTOR = 0.75
      TREEIFY_THRESHOLD = 8
      UNTREEIFY_THRESHOLD = 6
      MIN_TREEIFY_CAPACITY = 64
      MIN_TRANSFER_STRIDE = 16
      RESIZE_STAMP_BITS = 16
      MAX_RESIZERS = 65535
      RESIZE_STAMP_SHIFT = 16
      MOVED = -1
      TREEBIN = -2
      RESERVED = -3
      HASH_BITS = 2147483647
      NCPU = 4
      serialPersistentFields = class java.io.ObjectStreamField[3]
      table = null
      nextTable = null
      baseCount = 0
      sizeCtl = 0
      transferIndex = 0
      cellsBusy = 0
      counterCells = null
      keySet = null
      values = null
      entrySet = null
      U = class sun.misc.Unsafe@54c7316
      SIZECTL = 20
      TRANSFERINDEX = 32
      BASECOUNT = 24
      CELLSBUSY = 36
      CELLVALUE = 144
      ABASE = 16
      ASHIFT = 2
      keySet = null
      values = null
    moduleConfig = class com.ibm.ws.webcontainer.osgi.container.DeployedModule@54d22fbc
      tc = class com.ibm.websphere.ras.TraceComponent@12030962
      loader = class com.ibm.ws.classloading.internal.ThreadContextClassLoader@1f1cd81c
      webApp = class com.ibm.ws.webcontainer31.osgi.webapp.WebApp31@37db9455
      webAppConfig = class com.ibm.ws.webcontainer.osgi.webapp.WebAppConfiguration@35e1d25
      contextRootAdded = null
      properContextRoot = "/offlaFrontEnd"
      mappingContextRoot = "/offlaFrontEnd/*"
      serialVersionUID = -2104814060051592457
      $$$tc$$$ = class com.ibm.websphere.ras.TraceComponent@5baf4338
    extensionFactories = class java.util.ArrayList@444c63e7
      serialVersionUID = 8683452581122892189
      DEFAULT_CAPACITY = 10
      EMPTY_ELEMENTDATA = class java.lang.Object[0]
      DEFAULTCAPACITY_EMPTY_ELEMENTDATA = class java.lang.Object[0]
      elementData = class java.lang.Object[10]
      size = 2
      MAX_ARRAY_SIZE = 2147483639
      modCount = 2
      MAX_ARRAY_SIZE = 2147483639
    initialized = false
    lock = class com.ibm.ws.webcontainer.webapp.WebApp$1@46085866
      this$0 = class com.ibm.ws.webcontainer31.osgi.webapp.WebApp31@37db9455
    afterServletContextCreated = false
    redirectContextRoot = false
    errorExceptionTypeFirst = false
    initFilterBeforeServletInit = false
    sortedServletConfigs = class java.util.ArrayList@1b4858f6
      serialVersionUID = 8683452581122892189
      DEFAULT_CAPACITY = 10
      EMPTY_ELEMENTDATA = class java.lang.Object[0]
      DEFAULTCAPACITY_EMPTY_ELEMENTDATA = class java.lang.Object[0]
      elementData = class java.lang.Object[10]
      size = 1
      MAX_ARRAY_SIZE = 2147483639
      modCount = 1
      MAX_ARRAY_SIZE = 2147483639
    effectiveMajorVersion = 3
    effectiveMinorVersion = 1
    canAddServletContextListener = true
    withinContextInitOfProgAddListener = false
    lastProgAddListenerInitialized = "com.ibm.ws.cache.CacheServiceImpl"
    webInfLibClassloader = null
    metaInfCache = class com.ibm.ws.webcontainer.webapp.WebApp$2@5ea22bec
      this$0 = class com.ibm.ws.webcontainer31.osgi.webapp.WebApp31@37db9455
      serialVersionUID = 3801124242820219131
      head = null
      tail = null
      accessOrder = true
      serialVersionUID = 362498820763181265
      DEFAULT_INITIAL_CAPACITY = 16
      MAXIMUM_CAPACITY = 1073741824
      DEFAULT_LOAD_FACTOR = 0.75
      TREEIFY_THRESHOLD = 8
      UNTREEIFY_THRESHOLD = 6
      MIN_TREEIFY_CAPACITY = 64
      table = null
      entrySet = null
      size = 0
      modCount = 0
      threshold = 32
      loadFactor = 1.0
      keySet = null
      values = null
    useMetaInfCache = true
    SUN_CONFIGURE_LISTENER_CLASSNAME = "com.sun.faces.config.ConfigureListener"
    MYFACES_LIFECYCLE_LISTENER_CLASSNAME = "org.apache.myfaces.webapp.StartupServletContextListener"
    JSF_IMPL_ENABLED_PARAM = "com.ibm.ws.jsf.JSF_IMPL_ENABLED"
    JSF_IMPL_ENABLED_CUSTOM = "Custom"
    JSF_IMPL_ENABLED_NONE = "None"
    staticDocRoot = class com.ibm.ws.webcontainer.util.DocumentRootUtils@79563884
      logger = class com.ibm.ws.logging.internal.WsLogger@3aee88f6
      CLASS_NAME = "com.ibm.ws.webcontainer.util.DocumentRootUtils"
      useContentLength = false
      matchedFile = null
      matchedZipFile = null
      matchedEntry = null
      matchedURL = null
      edrRoot = null
      pfedrRoot = null
      ctxt = class com.ibm.ws.webcontainer31.osgi.webapp.WebApp31@37db9455
      baseDir = null
      edr = null
      pfedr = null
      metaInfRes = null
      searchpfEDR = false
      searchEDR = false
      searchMetaInfRes = true
      matchFromEDR = false
      matchFromMetaInfRes = false
      matchIsADirectory = false
      appConfig = class com.ibm.ws.webcontainer.osgi.webapp.WebAppConfiguration@35e1d25
      attributeType = "staticFile"
      STATIC_FILE = "staticFile"
      JSP = "jsp"
      PFEDR = "preFragmentExtendedDocumentRoot"
      EDR = "extendedDocumentRoot"
    jspDocRoot = class com.ibm.ws.webcontainer.util.DocumentRootUtils@7d9994a0
      logger = class com.ibm.ws.logging.internal.WsLogger@3aee88f6
      CLASS_NAME = "com.ibm.ws.webcontainer.util.DocumentRootUtils"
      useContentLength = false
      matchedFile = null
      matchedZipFile = null
      matchedEntry = null
      matchedURL = null
      edrRoot = null
      pfedrRoot = null
      ctxt = class com.ibm.ws.webcontainer31.osgi.webapp.WebApp31@37db9455
      baseDir = null
      edr = null
      pfedr = null
      metaInfRes = null
      searchpfEDR = false
      searchEDR = false
      searchMetaInfRes = true
      matchFromEDR = false
      matchFromMetaInfRes = false
      matchIsADirectory = false
      appConfig = class com.ibm.ws.webcontainer.osgi.webapp.WebAppConfiguration@35e1d25
      attributeType = "jsp"
      STATIC_FILE = "staticFile"
      JSP = "jsp"
      PFEDR = "preFragmentExtendedDocumentRoot"
      EDR = "extendedDocumentRoot"
    container = class com.ibm.ws.adaptable.module.internal.AdaptableContainerImpl@5d218e2
      root = class com.ibm.ws.adaptable.module.internal.AdaptableContainerImpl@5d218e2
      rootOverlay = class com.ibm.ws.artifact.overlay.internal.DirectoryBasedOverlayContainerImpl@68b5bcd8
      factoryHolder = class com.ibm.ws.adaptable.module.internal.AdaptableModuleFactoryImpl@66b92b13
      delegate = class com.ibm.ws.artifact.overlay.internal.DirectoryBasedOverlayContainerImpl@68b5bcd8
      notifier = class com.ibm.ws.adaptable.module.internal.NotifierImpl@f388de0
      serialVersionUID = -5621513278641113667
      $$$tc$$$ = class com.ibm.websphere.ras.TraceComponent@3770d397
    metaInfResourceFinder = class com.ibm.ws.webcontainer.util.MetaInfResourceFinder@24cffc0d
      jarResourceContainers = class java.util.ArrayList@40795a6b
      container = class com.ibm.ws.adaptable.module.internal.AdaptableContainerImpl@5d218e2
    postConstructMethods = class com.ibm.ws.webcontainer.webapp.WebApp$AnnotatedMethods@6bfd5e33
      annotationClass = class java.lang.Class@24f3ac8c
      noOpClassNames = class java.util.Collections$SynchronizedSet@426c755c
      annotatedMethodNames = class java.util.concurrent.ConcurrentHashMap@1c75ac2d
      EMPTY_METHODS = class java.lang.reflect.Method[0]
    preDestroyMethods = class com.ibm.ws.webcontainer.webapp.WebApp$AnnotatedMethods@23a7d9d0
      annotationClass = class java.lang.Class@565e4db0
      noOpClassNames = class java.util.Collections$SynchronizedSet@3f1bca5c
      annotatedMethodNames = class java.util.concurrent.ConcurrentHashMap@60408c00
      EMPTY_METHODS = class java.lang.reflect.Method[0]
    OBJ_EMPTY = class java.lang.Object[0]
    CLASS_EMPTY = class java.lang.Class[0]
    DEFAULT_JSP_EXTENSIONS = class java.util.ArrayList@122a6590
      serialVersionUID = 8683452581122892189
      DEFAULT_CAPACITY = 10
      EMPTY_ELEMENTDATA = class java.lang.Object[0]
      DEFAULTCAPACITY_EMPTY_ELEMENTDATA = class java.lang.Object[0]
      elementData = class java.lang.Object[10]
      size = 4
      MAX_ARRAY_SIZE = 2147483639
      modCount = 4
      MAX_ARRAY_SIZE = 2147483639
    DEFER_SERVLET_REQUEST_LISTENER_DESTROY_ON_ERROR = false
    DO_ACCEPT_PARTIAL = true
    DO_NOT_ACCEPT_PARTIAL = false
    DO_ACCEPT_EXCLUDED = true
    DO_NOT_ACCEPT_EXCLUDED = false
    commands = class java.util.ArrayList@48530f82
      serialVersionUID = 8683452581122892189
      DEFAULT_CAPACITY = 10
      EMPTY_ELEMENTDATA = class java.lang.Object[0]
      DEFAULTCAPACITY_EMPTY_ELEMENTDATA = class java.lang.Object[0]
      elementData = class java.lang.Object[3]
      size = 0
      MAX_ARRAY_SIZE = 2147483639
      modCount = 0
      MAX_ARRAY_SIZE = 2147483639
    requestMapper = class com.ibm.wsspi.webcontainer.util.URIMapper@55a73601
      matcher = class com.ibm.wsspi.webcontainer.util.URIMatcher@55d76f
    parent = class com.ibm.ws.webcontainer.osgi.webapp.WebGroup@14e0cfc0
      tc = class com.ibm.websphere.ras.TraceComponent@35fd9961
      logger = class com.ibm.ws.logging.internal.WsLogger@56b769c2
      CLASS_NAME = "com.ibm.ws.webcontainer.webapp.WebGroup"
      sessUrlRewritePrefix = ";jsessionid="
      qMark = "?"
      config = class com.ibm.ws.webcontainer.osgi.webapp.WebGroupConfiguration@3ffd83bd
      webApp = class com.ibm.ws.webcontainer31.osgi.webapp.WebApp31@37db9455
      commands = class java.util.ArrayList@32647480
      requestMapper = null
      parent = class com.ibm.ws.webcontainer.osgi.DynamicVirtualHost@780a514e
      name = "/offlaFrontEnd/*"
      isAlive = true
      subElements = class java.util.HashMap@73723c50
      attributes = null
      config = null
      serialVersionUID = -8271459000149267764
      $$$tc$$$ = class com.ibm.websphere.ras.TraceComponent@3585a22
    name = "offlaFrontEnd"
    isAlive = true
    subElements = null
    attributes = class java.util.Collections$SynchronizedMap@7b1c784d
      serialVersionUID = 1978198479659022715
      m = class java.util.HashMap@67f36cc0
      mutex = class java.util.Collections$SynchronizedMap@7b1c784d
      keySet = null
      entrySet = class java.util.Collections$SynchronizedSet@1c64b435
      values = null
    config = null
    serialVersionUID = -8271459000149267764
    $$$tc$$$ = class com.ibm.websphere.ras.TraceComponent@3585a22
      strings[0] = "TraceComponent[com.ibm.ws.container.AbstractContainer,class com.ibm.ws.container.AbstractContainer,[],null,null]"
  target = class org.springframework.web.servlet.DispatcherServlet@562b8841
    MULTIPART_RESOLVER_BEAN_NAME = "multipartResolver"
    LOCALE_RESOLVER_BEAN_NAME = "localeResolver"
    THEME_RESOLVER_BEAN_NAME = "themeResolver"
    HANDLER_MAPPING_BEAN_NAME = "handlerMapping"
    HANDLER_ADAPTER_BEAN_NAME = "handlerAdapter"
    HANDLER_EXCEPTION_RESOLVER_BEAN_NAME = "handlerExceptionResolver"
    REQUEST_TO_VIEW_NAME_TRANSLATOR_BEAN_NAME = "viewNameTranslator"
    VIEW_RESOLVER_BEAN_NAME = "viewResolver"
    FLASH_MAP_MANAGER_BEAN_NAME = "flashMapManager"
    WEB_APPLICATION_CONTEXT_ATTRIBUTE = "org.springframework.web.servlet.DispatcherServlet.CONTEXT"
    LOCALE_RESOLVER_ATTRIBUTE = "org.springframework.web.servlet.DispatcherServlet.LOCALE_RESOLVER"
    THEME_RESOLVER_ATTRIBUTE = "org.springframework.web.servlet.DispatcherServlet.THEME_RESOLVER"
    THEME_SOURCE_ATTRIBUTE = "org.springframework.web.servlet.DispatcherServlet.THEME_SOURCE"
    INPUT_FLASH_MAP_ATTRIBUTE = "org.springframework.web.servlet.DispatcherServlet.INPUT_FLASH_MAP"
    OUTPUT_FLASH_MAP_ATTRIBUTE = "org.springframework.web.servlet.DispatcherServlet.OUTPUT_FLASH_MAP"
    FLASH_MAP_MANAGER_ATTRIBUTE = "org.springframework.web.servlet.DispatcherServlet.FLASH_MAP_MANAGER"
    EXCEPTION_ATTRIBUTE = "org.springframework.web.servlet.DispatcherServlet.EXCEPTION"
    PAGE_NOT_FOUND_LOG_CATEGORY = "org.springframework.web.servlet.PageNotFound"
    DEFAULT_STRATEGIES_PATH = "DispatcherServlet.properties"
    pageNotFoundLogger = class org.apache.commons.logging.impl.Jdk14Logger@11cf393
      serialVersionUID = 4784713551416303804
      dummyLevel = class java.util.logging.Level@712b44b1
      logger = class com.ibm.ws.logging.internal.WsLogger@57efe823
      name = "org.springframework.web.servlet.PageNotFound"
    defaultStrategies = class java.util.Properties@345159c7
      serialVersionUID = 4112578634029874840
      defaults = null
      hexDigit = {0123456789ABCDEF} /* array length = 16*/
      table = class java.util.Hashtable$Entry[11]
      count = 8
      threshold = 8
      loadFactor = 0.75
      modCount = 8
      serialVersionUID = 1421746759512286392
      MAX_ARRAY_SIZE = 2147483639
      keySet = null
      entrySet = null
      values = null
      KEYS = 0
      VALUES = 1
      ENTRIES = 2
    detectAllHandlerMappings = true
    detectAllHandlerAdapters = true
    detectAllHandlerExceptionResolvers = true
    detectAllViewResolvers = true
    throwExceptionIfNoHandlerFound = false
    cleanupAfterInclude = true
    multipartResolver = null
    localeResolver = null
    themeResolver = null
    handlerMappings = null
    handlerAdapters = null
    handlerExceptionResolvers = null
    viewNameTranslator = null
    flashMapManager = null
    viewResolvers = null
    DEFAULT_NAMESPACE_SUFFIX = "-servlet"
    DEFAULT_CONTEXT_CLASS = class java.lang.Class@35614eec
      ANNOTATION = 8192
      ENUM = 16384
      SYNTHETIC = 4096
      cachedConstructor = null
      newInstanceCallerCache = null
      name = "org.springframework.web.context.support.XmlWebApplicationContext"
      allPermDomain = class java.security.ProtectionDomain@ae638f1
      useCaches = true
      reflectionData = class java.lang.ref.SoftReference@51584911
      classRedefinedCount = 0
      genericInfo = null
      serialVersionUID = 3206093459760846163
      serialPersistentFields = class java.io.ObjectStreamField[0]
      reflectionFactory = class sun.reflect.ReflectionFactory@4fe5eec2
      initted = true
      enumConstants = null
      enumConstantDirectory = null
      annotationData = null
      annotationType = null
      classValueMap = null
    SERVLET_CONTEXT_PREFIX = "org.springframework.web.servlet.FrameworkServlet.CONTEXT."
    INIT_PARAM_DELIMITERS = ",; 	
"
    responseGetStatusAvailable = true
    contextAttribute = null
    contextClass = class java.lang.Class@35614eec
    contextId = null
    namespace = null
    contextConfigLocation = null
    contextInitializers = class java.util.ArrayList@278de2d6
      serialVersionUID = 8683452581122892189
      DEFAULT_CAPACITY = 10
      EMPTY_ELEMENTDATA = class java.lang.Object[0]
      DEFAULTCAPACITY_EMPTY_ELEMENTDATA = class java.lang.Object[0]
      elementData = class java.lang.Object[0]
      size = 0
      MAX_ARRAY_SIZE = 2147483639
      modCount = 0
      MAX_ARRAY_SIZE = 2147483639
    contextInitializerClasses = null
    publishContext = true
    publishEvents = true
    threadContextInheritable = false
    dispatchOptionsRequest = false
    dispatchTraceRequest = false
    webApplicationContext = null
    webApplicationContextInjected = false
    refreshEventReceived = false
    logger = class org.apache.commons.logging.impl.Jdk14Logger@41eb0ddf
      serialVersionUID = 4784713551416303804
      dummyLevel = class java.util.logging.Level@712b44b1
      logger = class com.ibm.ws.logging.internal.WsLogger@3059aaf3
      name = "org.springframework.web.servlet.DispatcherServlet"
    requiredProperties = class java.util.HashSet@7fcaeb44
      serialVersionUID = -5024744406713321676
      map = class java.util.HashMap@2a5c66ad
      PRESENT = class java.lang.Object@3050a9a3
      MAX_ARRAY_SIZE = 2147483639
    environment = class org.springframework.web.context.support.StandardServletEnvironment@4063dc7f
      SERVLET_CONTEXT_PROPERTY_SOURCE_NAME = "servletContextInitParams"
      SERVLET_CONFIG_PROPERTY_SOURCE_NAME = "servletConfigInitParams"
      JNDI_PROPERTY_SOURCE_NAME = "jndiProperties"
      SYSTEM_ENVIRONMENT_PROPERTY_SOURCE_NAME = "systemEnvironment"
      SYSTEM_PROPERTIES_PROPERTY_SOURCE_NAME = "systemProperties"
      IGNORE_GETENV_PROPERTY_NAME = "spring.getenv.ignore"
      ACTIVE_PROFILES_PROPERTY_NAME = "spring.profiles.active"
      DEFAULT_PROFILES_PROPERTY_NAME = "spring.profiles.default"
      RESERVED_DEFAULT_PROFILE_NAME = "default"
      logger = class org.apache.commons.logging.impl.Jdk14Logger@40a1db54
      activeProfiles = class java.util.LinkedHashSet@32d7d65b
      defaultProfiles = class java.util.LinkedHashSet@4f829f57
      propertySources = class org.springframework.core.env.MutablePropertySources@4d04cd39
      propertyResolver = class org.springframework.core.env.PropertySourcesPropertyResolver@3b1c4b6
    METHOD_DELETE = "DELETE"
    METHOD_HEAD = "HEAD"
    METHOD_GET = "GET"
    METHOD_OPTIONS = "OPTIONS"
    METHOD_POST = "POST"
    METHOD_PUT = "PUT"
    METHOD_TRACE = "TRACE"
    HEADER_IFMODSINCE = "If-Modified-Since"
    HEADER_LASTMOD = "Last-Modified"
    LSTRING_FILE = "javax.servlet.http.LocalStrings"
    lStrings = class java.util.PropertyResourceBundle@8b00df7
      lookup = class java.util.HashMap@7a0fb9c2
      INITIAL_CACHE_SIZE = 32
      NONEXISTENT_BUNDLE = class java.util.ResourceBundle$1@39814eab
      cacheList = class java.util.concurrent.ConcurrentHashMap@5b396da7
      referenceQueue = class java.lang.ref.ReferenceQueue@40885da4
      parent = null
      locale = class java.util.Locale@66a928b2
      name = "javax.servlet.http.LocalStrings"
      expired = false
      cacheKey = class java.util.ResourceBundle$CacheKey@7bcec65
      keySet = null
      providers = null
      $assertionsDisabled = true
    LSTRING_FILE = "javax.servlet.LocalStrings"
    lStrings = class java.util.PropertyResourceBundle@4b6da5b2
    config = class com.ibm.ws.webcontainer.servlet.ServletConfig@7d6e0eda
  cacheWrappers = null
  targetLoader = class com.ibm.ws.classloading.internal.ThreadContextClassLoader@1f1cd81c
    tc = class com.ibm.websphere.ras.TraceComponent@799ded1c
      strings[0] = "TraceComponent[com.ibm.ws.classloading.internal.ThreadContextClassLoader,class com.ibm.ws.classloading.internal.ThreadContextClassLoader,[ClassLoadingService],com.ibm.ws.classloading.internal.resources.ClassLoadingServiceMessages,null]"
    bundle = class java.util.concurrent.atomic.AtomicReference@7546f66a
      serialVersionUID = -1848883965231344442
      unsafe = class sun.misc.Unsafe@54c7316
      valueOffset = 12
      value = class org.eclipse.osgi.internal.framework.EquinoxBundle@6aee0b09
    key = "WebModule:offlaFrontEnd#offlaFrontEnd.war"
    refCount = class java.util.concurrent.atomic.AtomicInteger@144e5156
      serialVersionUID = 6214790243416807050
      unsafe = class sun.misc.Unsafe@54c7316
      valueOffset = 12
      value = 2
      serialVersionUID = -8742448824652078965
    appLoader = class com.ibm.ws.classloading.internal.AppClassLoader@37f06a56
      tc = class com.ibm.websphere.ras.TraceComponent@5d46bcd4
      PARENT_FIRST_SEARCH_ORDER = class java.util.Collections$UnmodifiableRandomAccessList@61408794
      CLASS_LOADING_TRACE_PREFIX = "com.ibm.ws.class.load."
      DEFAULT_PACKAGE = "default.package"
      perPackageClassLoadingTraceComponents = class java.util.concurrent.ConcurrentHashMap@54e658cb
      config = class com.ibm.ws.classloading.internal.ClassLoaderConfigurationImpl@2a96c4e9
      privateLibraries = null
      delegateLoaders = class com.ibm.ws.classloading.internal.util.CompositeIterable@bbcdd4b
      nativeLibraryFiles = class java.util.ArrayList@6ea5978f
      transformers = class java.util.ArrayList@863aa90
      apiAccess = class com.ibm.ws.classloading.internal.GatewayClassLoader@179ce9b2
      generator = class com.ibm.ws.classloading.internal.ClassGeneratorManager@14ce96f9
      serialVersionUID = -8755588715217099101
      tc = class com.ibm.websphere.ras.TraceComponent@1f8acf87
      EMPTY_URL_ARRAY = class java.net.URL[0]
      smartClassPath = class com.ibm.ws.classloading.internal.ContainerClassLoader$SmartClassPathImpl@3b2ebef0
      nativeLibraryContainers = class java.util.ArrayList@2e0cb42f
      redefiner = class com.ibm.ws.classloading.internal.util.ClassRedefiner@4e158649
      mapCreationQueue = class java.util.concurrent.Executors$FinalizableDelegatedExecutorService@1d0e6012
      serialVersionUID = 1420723314841411509
      serialVersionUID = -7411549862368381758
      $$$tc$$$ = class com.ibm.websphere.ras.TraceComponent@13121342
      serialVersionUID = -4868702105808481416
      $$$tc$$$ = class com.ibm.websphere.ras.TraceComponent@643672da
      serialVersionUID = 2596921220292114344
      $$$tc$$$ = class com.ibm.websphere.ras.TraceComponent@5296c12d
      initialized = true
      pdcache = class java.util.HashMap@187ffffd
      debug = null
      parent = class com.ibm.ws.classloading.internal.GatewayClassLoader@179ce9b2
      parallelLockMap = null
      package2certs = class java.util.Hashtable@7a3a1575
      nocerts = class java.security.cert.Certificate[0]
      classes = class java.util.Vector@145ae4d0
      defaultDomain = class java.security.ProtectionDomain@b7fb04a
      domains = class java.util.HashSet@6c1826cf
      packages = class java.util.HashMap@46231784
      scl = class sun.misc.Launcher$AppClassLoader@14dad5dc
      sclSet = true
      loadedLibraryNames = class java.util.Vector@39c53e9d
      systemNativeLibraries = class java.util.Vector@3952f641
      nativeLibraries = class java.util.Vector@59c07f4
      nativeLibraryContext = class java.util.Stack@307f104c
      usr_paths = class java.lang.String[5]
      sys_paths = class java.lang.String[1]
      assertionLock = class com.ibm.ws.classloading.internal.AppClassLoader@37f06a56
      defaultAssertionStatus = false
      packageAssertionStatus = null
      classAssertionStatus = null
    serialVersionUID = 7093379526360135425
    followOnClassLoaders = class java.util.ArrayList@32a83658
      serialVersionUID = 8683452581122892189
      DEFAULT_CAPACITY = 10
      EMPTY_ELEMENTDATA = class java.lang.Object[0]
      DEFAULTCAPACITY_EMPTY_ELEMENTDATA = class java.lang.Object[0]
      elementData = class java.lang.Object[10]
      size = 1
      MAX_ARRAY_SIZE = 2147483639
      modCount = 1
      MAX_ARRAY_SIZE = 2147483639
    serialVersionUID = -5107316606107305512
    $$$tc$$$ = class com.ibm.websphere.ras.TraceComponent@69f2bd2e
      strings[0] = "TraceComponent[com.ibm.ws.classloading.internal.UnifiedClassLoader,class com.ibm.ws.classloading.internal.UnifiedClassLoader,[ClassLoadingService],com.ibm.ws.classloading.internal.resources.ClassLoadingServiceMessages,null]"
    serialVersionUID = -4868702105808481416
    $$$tc$$$ = class com.ibm.websphere.ras.TraceComponent@643672da
      strings[0] = "TraceComponent[com.ibm.ws.classloading.internal.LibertyLoader,class com.ibm.ws.classloading.internal.LibertyLoader,[ClassLoadingService],com.ibm.ws.classloading.internal.resources.ClassLoadingServiceMessages,null]"
    serialVersionUID = 2596921220292114344
    $$$tc$$$ = class com.ibm.websphere.ras.TraceComponent@5296c12d
      strings[0] = "TraceComponent[com.ibm.ws.classloading.LibertyClassLoader,class com.ibm.ws.classloading.LibertyClassLoader,[ClassLoadingService],com.ibm.ws.classloading.internal.resources.ClassLoadingServiceMessages,null]"
    initialized = true
    pdcache = class java.util.HashMap@3a70321a
      serialVersionUID = 362498820763181265
      DEFAULT_INITIAL_CAPACITY = 16
      MAXIMUM_CAPACITY = 1073741824
      DEFAULT_LOAD_FACTOR = 0.75
      TREEIFY_THRESHOLD = 8
      UNTREEIFY_THRESHOLD = 6
      MIN_TREEIFY_CAPACITY = 64
      table = null
      entrySet = null
      size = 0
      modCount = 0
      threshold = 16
      loadFactor = 0.75
      keySet = null
      values = null
    debug = null
    parent = class com.ibm.ws.classloading.internal.GatewayClassLoader@72378008
      config = class com.ibm.ws.classloading.internal.GatewayConfigurationImpl@2eeedac9
      wiringMonitor = class com.ibm.ws.classloading.internal.GatewayClassLoader$1@b8fc849
      bundle = class org.eclipse.osgi.internal.framework.EquinoxBundle@6aee0b09
      wiring = class org.eclipse.osgi.container.ModuleWiring@b5b24b3
      bundleLoader = class org.eclipse.osgi.internal.loader.EquinoxClassLoader@33c50fd3
      resourceProviders = class com.ibm.ws.classloading.internal.CompositeResourceProvider@6ba5a3f0
      serialVersionUID = -4256474098847905153
      $$$tc$$$ = class com.ibm.websphere.ras.TraceComponent@5fc07ecf
      parent = class sun.misc.Launcher$AppClassLoader@14dad5dc
      parallelLockMap = null
      package2certs = class java.util.Hashtable@1e1de34d
      nocerts = class java.security.cert.Certificate[0]
      classes = class java.util.Vector@4c312281
      defaultDomain = class java.security.ProtectionDomain@57910743
      domains = class java.util.HashSet@116d9462
      packages = class java.util.HashMap@609b1a89
      scl = class sun.misc.Launcher$AppClassLoader@14dad5dc
      sclSet = true
      loadedLibraryNames = class java.util.Vector@39c53e9d
      systemNativeLibraries = class java.util.Vector@3952f641
      nativeLibraries = class java.util.Vector@257b0931
      nativeLibraryContext = class java.util.Stack@307f104c
      usr_paths = class java.lang.String[5]
      sys_paths = class java.lang.String[1]
      assertionLock = class com.ibm.ws.classloading.internal.GatewayClassLoader@72378008
      defaultAssertionStatus = false
      packageAssertionStatus = null
      classAssertionStatus = null
    parallelLockMap = null
    package2certs = class java.util.Hashtable@4919d9fa
      table = class java.util.Hashtable$Entry[11]
      count = 0
      threshold = 8
      loadFactor = 0.75
      modCount = 0
      serialVersionUID = 1421746759512286392
      MAX_ARRAY_SIZE = 2147483639
      keySet = null
      entrySet = null
      values = null
      KEYS = 0
      VALUES = 1
      ENTRIES = 2
    nocerts = class java.security.cert.Certificate[0]
    classes = class java.util.Vector@7da9309a
      elementData = class java.lang.Object[10]
      elementCount = 0
      capacityIncrement = 0
      serialVersionUID = -2767605614048989439
      MAX_ARRAY_SIZE = 2147483639
      modCount = 0
      MAX_ARRAY_SIZE = 2147483639
    defaultDomain = class java.security.ProtectionDomain@31d6383c
      codesource = class java.security.CodeSource@767d668
      classloader = class com.ibm.ws.classloading.internal.ThreadContextClassLoader@1f1cd81c
      principals = interface java.security.Principal[0]
      permissions = null
      hasAllPerm = false
      staticPermissions = false
      key = class java.security.ProtectionDomain$Key@7ac02cbe
      debug = null
    domains = class java.util.HashSet@a8d3cfe
      serialVersionUID = -5024744406713321676
      map = class java.util.HashMap@65a56c94
      PRESENT = class java.lang.Object@3050a9a3
      MAX_ARRAY_SIZE = 2147483639
    packages = class java.util.HashMap@ddcf25c
      serialVersionUID = 362498820763181265
      DEFAULT_INITIAL_CAPACITY = 16
      MAXIMUM_CAPACITY = 1073741824
      DEFAULT_LOAD_FACTOR = 0.75
      TREEIFY_THRESHOLD = 8
      UNTREEIFY_THRESHOLD = 6
      MIN_TREEIFY_CAPACITY = 64
      table = null
      entrySet = null
      size = 0
      modCount = 0
      threshold = 0
      loadFactor = 0.75
      keySet = null
      values = null
    scl = class sun.misc.Launcher$AppClassLoader@14dad5dc
      ucp = class sun.misc.URLClassPath@180146a4
      $assertionsDisabled = true
      ucp = class sun.misc.URLClassPath@180146a4
      acc = class java.security.AccessControlContext@5291473b
      closeables = class java.util.WeakHashMap@4bcc993c
      initialized = true
      pdcache = class java.util.HashMap@26578f74
      debug = null
      parent = class sun.misc.Launcher$ExtClassLoader@83f0041
      parallelLockMap = class java.util.concurrent.ConcurrentHashMap@34f1c97c
      package2certs = class java.util.concurrent.ConcurrentHashMap@6c81f846
      nocerts = class java.security.cert.Certificate[0]
      classes = class java.util.Vector@432b9993
      defaultDomain = class java.security.ProtectionDomain@591d92ad
      domains = class java.util.Collections$SynchronizedSet@631d0adb
      packages = class java.util.HashMap@bd9d36
      scl = class sun.misc.Launcher$AppClassLoader@14dad5dc
      sclSet = true
      loadedLibraryNames = class java.util.Vector@39c53e9d
      systemNativeLibraries = class java.util.Vector@3952f641
      nativeLibraries = class java.util.Vector@1f457bb3
      nativeLibraryContext = class java.util.Stack@307f104c
      usr_paths = class java.lang.String[5]
      sys_paths = class java.lang.String[1]
      assertionLock = class java.lang.Object@2a780a0c
      defaultAssertionStatus = false
      packageAssertionStatus = null
      classAssertionStatus = null
    sclSet = true
    loadedLibraryNames = class java.util.Vector@39c53e9d
      elementData = class java.lang.Object[10]
      elementCount = 5
      capacityIncrement = 0
      serialVersionUID = -2767605614048989439
      MAX_ARRAY_SIZE = 2147483639
      modCount = 5
      MAX_ARRAY_SIZE = 2147483639
    systemNativeLibraries = class java.util.Vector@3952f641
      elementData = class java.lang.Object[10]
      elementCount = 5
      capacityIncrement = 0
      serialVersionUID = -2767605614048989439
      MAX_ARRAY_SIZE = 2147483639
      modCount = 5
      MAX_ARRAY_SIZE = 2147483639
    nativeLibraries = class java.util.Vector@5adb4759
      elementData = class java.lang.Object[10]
      elementCount = 0
      capacityIncrement = 0
      serialVersionUID = -2767605614048989439
      MAX_ARRAY_SIZE = 2147483639
      modCount = 0
      MAX_ARRAY_SIZE = 2147483639
    nativeLibraryContext = class java.util.Stack@307f104c
      serialVersionUID = 1224463164541339165
      elementData = class java.lang.Object[10]
      elementCount = 0
      capacityIncrement = 0
      serialVersionUID = -2767605614048989439
      MAX_ARRAY_SIZE = 2147483639
      modCount = 10
      MAX_ARRAY_SIZE = 2147483639
    usr_paths = class java.lang.String[5]
      usr_paths[0] = "/usr/java/packages/lib/amd64"
      usr_paths[1] = "/usr/lib64"
      usr_paths[2] = "/lib64"
      usr_paths[3] = "/lib"
      usr_paths[4] = "/usr/lib"
    sys_paths = class java.lang.String[1]
      sys_paths[0] = "/usr/lib/jvm/java-1.8.0-openjdk-1.8.0.60-14.b27.fc23.x86_64/jre/lib/amd64"
    assertionLock = class com.ibm.ws.classloading.internal.ThreadContextClassLoader@1f1cd81c
    defaultAssertionStatus = false
    packageAssertionStatus = null
    classAssertionStatus = null
  evtSource = class com.ibm.ws.webcontainer.webapp.WebAppEventSource@13822500
    _invocationListeners = class com.ibm.ws.webcontainer.util.EventListeners@4644185a
      EMPTY_LISTENERS = interface java.util.EventListener[0]
      logger = class com.ibm.ws.logging.internal.WsLogger@3aee88f6
      CLASS_NAME = "com.ibm.ws.webcontainer.util.EventListeners"
      listeners = interface java.util.EventListener[0]
    _servletListeners = class com.ibm.ws.webcontainer.util.EventListeners@1145e73b
      EMPTY_LISTENERS = interface java.util.EventListener[0]
      logger = class com.ibm.ws.logging.internal.WsLogger@3aee88f6
      CLASS_NAME = "com.ibm.ws.webcontainer.util.EventListeners"
      listeners = interface java.util.EventListener[0]
    _errorListeners = class com.ibm.ws.webcontainer.util.EventListeners@188123a4
      EMPTY_LISTENERS = interface java.util.EventListener[0]
      logger = class com.ibm.ws.logging.internal.WsLogger@3aee88f6
      CLASS_NAME = "com.ibm.ws.webcontainer.util.EventListeners"
      listeners = interface java.util.EventListener[0]
    _applicationListeners = class com.ibm.ws.webcontainer.util.EventListeners@1a572058
      EMPTY_LISTENERS = interface java.util.EventListener[0]
      logger = class com.ibm.ws.logging.internal.WsLogger@3aee88f6
      CLASS_NAME = "com.ibm.ws.webcontainer.util.EventListeners"
      listeners = interface java.util.EventListener[0]
    _filterInvocationListeners = class com.ibm.ws.webcontainer.util.EventListeners@7cb77d80
      EMPTY_LISTENERS = interface java.util.EventListener[0]
      logger = class com.ibm.ws.logging.internal.WsLogger@3aee88f6
      CLASS_NAME = "com.ibm.ws.webcontainer.util.EventListeners"
      listeners = interface java.util.EventListener[0]
    _filterListeners = class com.ibm.ws.webcontainer.util.EventListeners@42f52112
      EMPTY_LISTENERS = interface java.util.EventListener[0]
      logger = class com.ibm.ws.logging.internal.WsLogger@3aee88f6
      CLASS_NAME = "com.ibm.ws.webcontainer.util.EventListeners"
      listeners = interface java.util.EventListener[0]
    _filterErrorListeners = class com.ibm.ws.webcontainer.util.EventListeners@5378a6eb
      EMPTY_LISTENERS = interface java.util.EventListener[0]
      logger = class com.ibm.ws.logging.internal.WsLogger@3aee88f6
      CLASS_NAME = "com.ibm.ws.webcontainer.util.EventListeners"
      listeners = interface java.util.EventListener[0]
  event = class com.ibm.websphere.servlet.event.ServletEvent@2b25d5c2
    serialVersionUID = 3906650803920713522
    _servletName = "offla"
    _servletClassName = "org.springframework.web.servlet.DispatcherServlet"
    $$$tc$$$ = class com.ibm.websphere.ras.TraceComponent@7a1e4da8
      strings[0] = "TraceComponent[com.ibm.websphere.servlet.event.ServletEvent,class com.ibm.websphere.servlet.event.ServletEvent,[],null,null]"
    serialVersionUID = 3546927969739289392
    _context = class com.ibm.ws.webcontainer31.facade.ServletContextFacade31@49f708c2
      context = class com.ibm.ws.webcontainer31.osgi.webapp.WebApp31@37db9455
    _servletNames = class com.ibm.ws.webcontainer.util.EmptyEnumeration@5aadfaa5
      serialVersionUID = 3546642126931963953
      _instance = class com.ibm.ws.webcontainer.util.EmptyEnumeration@5aadfaa5
    $$$tc$$$ = class com.ibm.websphere.ras.TraceComponent@314179ee
      strings[0] = "TraceComponent[com.ibm.websphere.servlet.event.ApplicationEvent,class com.ibm.websphere.servlet.event.ApplicationEvent,[],null,null]"
    serialVersionUID = 5516075349620653480
    source = class com.ibm.ws.webcontainer.osgi.servlet.ServletWrapper@1bf9da24
  unavailableMessage = null
  unavailableUntil = -1
  isSTM = false
  internalServlet = false
  webAppInvocationCollaborators = null
  platformHelper = class com.ibm.ws.webcontainer.PlatformHelper@26b016a2
  webAppNameSpaceCollab = class com.ibm.ws.webcontainer.osgi.collaborator.WebAppNameSpaceCollaboratorImpl@2cd3ebb5
    cmdai = class com.ibm.ws.threadContext.ComponentMetaDataAccessorImpl@441afa7b
      tc = class com.ibm.websphere.ras.TraceComponent@114ae53a
      cmdai = class com.ibm.ws.threadContext.ComponentMetaDataAccessorImpl@441afa7b
      threadContext = class com.ibm.ws.threadContext.ThreadContextImpl@760306e0
      defaultCMD = null
  txCollab = class com.ibm.ws.transaction.services.WebAppTransactionCollaboratorImpl@2efb710a
    tc = class com.ibm.websphere.ras.TraceComponent@39979fa6
      strings[0] = "TraceComponent[com.ibm.ws.transaction.services.WebAppTransactionCollaboratorImpl,class com.ibm.ws.transaction.services.WebAppTransactionCollaboratorImpl,[transaction],com.ibm.ws.transaction.services.TransactionMessages,null]"
    ltCurrentRef = class com.ibm.wsspi.kernel.service.utils.AtomicServiceReference@2c12f619
      referenceName = "ltCurrent"
      tuple = class java.util.concurrent.atomic.AtomicReference@216d4ae4
      serialVersionUID = -5840472578638799324
      $$$tc$$$ = class com.ibm.websphere.ras.TraceComponent@718f899e
    tranMgrRef = class com.ibm.wsspi.kernel.service.utils.AtomicServiceReference@1a8325c
      referenceName = "tranMgr"
      tuple = class java.util.concurrent.atomic.AtomicReference@746d2fb9
      serialVersionUID = -5840472578638799324
      $$$tc$$$ = class com.ibm.websphere.ras.TraceComponent@718f899e
    userTranRef = class com.ibm.wsspi.kernel.service.utils.AtomicServiceReference@5cf12b86
      referenceName = "userTran"
      tuple = class java.util.concurrent.atomic.AtomicReference@4f201e44
      serialVersionUID = -5840472578638799324
      $$$tc$$$ = class com.ibm.websphere.ras.TraceComponent@718f899e
    uowCallbackRef = class com.ibm.wsspi.kernel.service.utils.AtomicServiceReference@49c64c88
      referenceName = "uowCallback"
      tuple = class java.util.concurrent.atomic.AtomicReference@646a2282
      serialVersionUID = -5840472578638799324
      $$$tc$$$ = class com.ibm.websphere.ras.TraceComponent@718f899e
    serialVersionUID = -8319003162899973281
  connCollab = class com.ibm.ws.webcontainer.collaborator.ConnectionCollaborator@2b753ad2
  suppressServletExceptionLogging = false
  throwExceptionEnum = class java.util.RegularEnumSet@d563c18
    serialVersionUID = 3411599620347842686
    elements = 256
    elementType = class java.lang.Class@4094be83
      ANNOTATION = 8192
      ENUM = 16384
      SYNTHETIC = 4096
      cachedConstructor = null
      newInstanceCallerCache = null
      name = "com.ibm.wsspi.webcontainer.collaborator.CollaboratorInvocationEnum"
      allPermDomain = class java.security.ProtectionDomain@ae638f1
      useCaches = true
      reflectionData = class java.lang.ref.SoftReference@ee1e4ff
      classRedefinedCount = 0
      genericInfo = null
      serialVersionUID = 3206093459760846163
      serialPersistentFields = class java.io.ObjectStreamField[0]
      reflectionFactory = class sun.reflect.ReflectionFactory@4fe5eec2
      initted = true
      enumConstants = class com.ibm.wsspi.webcontainer.collaborator.CollaboratorInvocationEnum[9]
      enumConstantDirectory = null
      annotationData = null
      annotationType = null
      classValueMap = null
    universe = class com.ibm.wsspi.webcontainer.collaborator.CollaboratorInvocationEnum[9]
      universe[0] = class com.ibm.wsspi.webcontainer.collaborator.CollaboratorInvocationEnum@21114151
      universe[1] = class com.ibm.wsspi.webcontainer.collaborator.CollaboratorInvocationEnum@11bab876
      universe[2] = class com.ibm.wsspi.webcontainer.collaborator.CollaboratorInvocationEnum@315177b4
      universe[3] = class com.ibm.wsspi.webcontainer.collaborator.CollaboratorInvocationEnum@f5ce460
      universe[4] = class com.ibm.wsspi.webcontainer.collaborator.CollaboratorInvocationEnum@24ec2713
      universe[5] = class com.ibm.wsspi.webcontainer.collaborator.CollaboratorInvocationEnum@605152f0
      universe[6] = class com.ibm.wsspi.webcontainer.collaborator.CollaboratorInvocationEnum@5a077599
      universe[7] = class com.ibm.wsspi.webcontainer.collaborator.CollaboratorInvocationEnum@3210e55d
      universe[8] = class com.ibm.wsspi.webcontainer.collaborator.CollaboratorInvocationEnum@778188b3
    ZERO_LENGTH_ENUM_ARRAY = class java.lang.Enum[0]
    MAX_ARRAY_SIZE = 2147483639
  discernUnavailableServlet = false
  reInitServletonInitUnavailableException = true
  destroyServletonServiceUnavailableException = false
  servlet23 = true
  PARAMS_HEAD_TRACE = class java.lang.Class[2]
    PARAMS_HEAD_TRACE[0] = class java.lang.Class@21ba9e96
      ANNOTATION = 8192
      ENUM = 16384
      SYNTHETIC = 4096
      cachedConstructor = null
      newInstanceCallerCache = null
      name = null
      allPermDomain = class java.security.ProtectionDomain@ae638f1
      useCaches = true
      reflectionData = null
      classRedefinedCount = 0
      genericInfo = null
      serialVersionUID = 3206093459760846163
      serialPersistentFields = class java.io.ObjectStreamField[0]
      reflectionFactory = class sun.reflect.ReflectionFactory@4fe5eec2
      initted = true
      enumConstants = null
      enumConstantDirectory = null
      annotationData = null
      annotationType = null
      classValueMap = null
    PARAMS_HEAD_TRACE[1] = class java.lang.Class@9c14748
      ANNOTATION = 8192
      ENUM = 16384
      SYNTHETIC = 4096
      cachedConstructor = null
      newInstanceCallerCache = null
      name = null
      allPermDomain = class java.security.ProtectionDomain@ae638f1
      useCaches = true
      reflectionData = class java.lang.ref.SoftReference@7a218225
      classRedefinedCount = 0
      genericInfo = null
      serialVersionUID = 3206093459760846163
      serialPersistentFields = class java.io.ObjectStreamField[0]
      reflectionFactory = class sun.reflect.ReflectionFactory@4fe5eec2
      initted = true
      enumConstants = null
      enumConstantDirectory = null
      annotationData = null
      annotationType = null
      classValueMap = null
  defaultHeadMethodInUse = false
  defaultTraceMethodInUse = false
  checkedForDefaultMethods = null
  defaultTraceRequestBehavior = false
  defaultHeadRequestBehavior = false
  useOriginalRequestState = false
  warningStatusSet = false
  LSTRING_FILE = "javax.servlet.LocalStrings"
  lStrings = class java.util.PropertyResourceBundle@4b6da5b2
    lookup = class java.util.HashMap@12612965
      serialVersionUID = 362498820763181265
      DEFAULT_INITIAL_CAPACITY = 16
      MAXIMUM_CAPACITY = 1073741824
      DEFAULT_LOAD_FACTOR = 0.75
      TREEIFY_THRESHOLD = 8
      UNTREEIFY_THRESHOLD = 6
      MIN_TREEIFY_CAPACITY = 64
      table = class java.util.HashMap$Node[8]
      entrySet = null
      size = 4
      modCount = 4
      threshold = 6
      loadFactor = 0.75
      keySet = null
      values = null
    INITIAL_CACHE_SIZE = 32
    NONEXISTENT_BUNDLE = class java.util.ResourceBundle$1@39814eab
      INITIAL_CACHE_SIZE = 32
      NONEXISTENT_BUNDLE = class java.util.ResourceBundle$1@39814eab
      cacheList = class java.util.concurrent.ConcurrentHashMap@5b396da7
      referenceQueue = class java.lang.ref.ReferenceQueue@40885da4
      parent = null
      locale = null
      name = null
      expired = false
      cacheKey = class java.util.ResourceBundle$CacheKey@794891c2
      keySet = null
      providers = null
      $assertionsDisabled = true
    cacheList = class java.util.concurrent.ConcurrentHashMap@5b396da7
      serialVersionUID = 7249069246763182397
      MAXIMUM_CAPACITY = 1073741824
      DEFAULT_CAPACITY = 16
      MAX_ARRAY_SIZE = 2147483639
      DEFAULT_CONCURRENCY_LEVEL = 16
      LOAD_FACTOR = 0.75
      TREEIFY_THRESHOLD = 8
      UNTREEIFY_THRESHOLD = 6
      MIN_TREEIFY_CAPACITY = 64
      MIN_TRANSFER_STRIDE = 16
      RESIZE_STAMP_BITS = 16
      MAX_RESIZERS = 65535
      RESIZE_STAMP_SHIFT = 16
      MOVED = -1
      TREEBIN = -2
      RESERVED = -3
      HASH_BITS = 2147483647
      NCPU = 4
      serialPersistentFields = class java.io.ObjectStreamField[3]
      table = class java.util.concurrent.ConcurrentHashMap$Node[256]
      nextTable = null
      baseCount = 120
      sizeCtl = 192
      transferIndex = 0
      cellsBusy = 0
      counterCells = null
      keySet = null
      values = null
      entrySet = null
      U = class sun.misc.Unsafe@54c7316
      SIZECTL = 20
      TRANSFERINDEX = 32
      BASECOUNT = 24
      CELLSBUSY = 36
      CELLVALUE = 144
      ABASE = 16
      ASHIFT = 2
      keySet = null
      values = null
    referenceQueue = class java.lang.ref.ReferenceQueue@40885da4
      NULL = class java.lang.ref.ReferenceQueue$Null@136ed4d5
      ENQUEUED = class java.lang.ref.ReferenceQueue$Null@6502124a
      lock = class java.lang.ref.ReferenceQueue$Lock@2b84a0d5
      head = null
      queueLength = 0
      $assertionsDisabled = true
    parent = null
    locale = class java.util.Locale@66a928b2
      LOCALECACHE = class java.util.Locale$Cache@64af24ff
      ENGLISH = class java.util.Locale@380e629b
      FRENCH = class java.util.Locale@39c9af79
      GERMAN = class java.util.Locale@593ad57c
      ITALIAN = class java.util.Locale@44af9a78
      JAPANESE = class java.util.Locale@f7e22cc
      KOREAN = class java.util.Locale@7b38f63d
      CHINESE = class java.util.Locale@74a64d13
      SIMPLIFIED_CHINESE = class java.util.Locale@4c6275a5
      TRADITIONAL_CHINESE = class java.util.Locale@32f456a7
      FRANCE = class java.util.Locale@e41d7da
      GERMANY = class java.util.Locale@4849ddd4
      ITALY = class java.util.Locale@17d94625
      JAPAN = class java.util.Locale@7886b17
      KOREA = class java.util.Locale@7f7933b
      CHINA = class java.util.Locale@4c6275a5
      PRC = class java.util.Locale@4c6275a5
      TAIWAN = class java.util.Locale@32f456a7
      UK = class java.util.Locale@156596c
      US = class java.util.Locale@69102b49
      CANADA = class java.util.Locale@5c63cf0d
      CANADA_FRENCH = class java.util.Locale@18f7c745
      ROOT = class java.util.Locale@66a928b2
      PRIVATE_USE_EXTENSION = x
      UNICODE_LOCALE_EXTENSION = u
      serialVersionUID = 9149081749638150636
      DISPLAY_LANGUAGE = 0
      DISPLAY_COUNTRY = 1
      DISPLAY_VARIANT = 2
      DISPLAY_SCRIPT = 3
      baseLocale = class sun.util.locale.BaseLocale@23a2e12b
      localeExtensions = null
      hashCodeValue = 0
      defaultLocale = class java.util.Locale@69102b49
      defaultDisplayLocale = null
      defaultFormatLocale = class java.util.Locale@69102b49
      languageTag = null
      serialPersistentFields = class java.io.ObjectStreamField[6]
      isoLanguages = null
      isoCountries = null
      $assertionsDisabled = true
    name = "javax.servlet.LocalStrings"
    expired = false
    cacheKey = class java.util.ResourceBundle$CacheKey@55eed6da
      name = "javax.servlet.LocalStrings"
      locale = class java.util.Locale@66a928b2
      loaderRef = class java.util.ResourceBundle$LoaderReference@44d7da47
      format = "java.properties"
      loadTime = 0
      expirationTime = -2
      cause = null
      hashCodeCache = -1935655894
    keySet = null
    providers = null
    $assertionsDisabled = true
  config = null

