------Start of DE processing------ = [12/6/15 15:36:53:140 IST]
Exception = java.sql.SQLNonTransientException
Source = com.ibm.ws.jdbc.DataSourceService
probeid = 587
Stack Dump = java.sql.SQLNonTransientException: DSRA4000E: A valid JDBC driver implementation class was not found for the jdbcDriver dataSource[jdbc/postgresql-cloud]/jdbcDriver[default-0] using the library postgresql-library. []
	at com.ibm.ws.jdbc.internal.JDBCDriverService.classNotFound(JDBCDriverService.java:196)
	at com.ibm.ws.jdbc.internal.JDBCDriverService.create(JDBCDriverService.java:292)
	at com.ibm.ws.jdbc.internal.JDBCDriverService.createAnyDataSource(JDBCDriverService.java:346)
	at com.ibm.ws.jdbc.DataSourceService.init(DataSourceService.java:452)
	at com.ibm.ws.jca.cm.AbstractConnectionFactoryService.createResource(AbstractConnectionFactoryService.java:136)
	at com.ibm.ws.resource.internal.ResourceFactoryTrackerData$1.getService(ResourceFactoryTrackerData.java:108)
	at org.eclipse.osgi.internal.serviceregistry.ServiceFactoryUse$1.run(ServiceFactoryUse.java:212)
	at java.security.AccessController.doPrivileged(Native Method)
	at org.eclipse.osgi.internal.serviceregistry.ServiceFactoryUse.factoryGetService(ServiceFactoryUse.java:210)
	at org.eclipse.osgi.internal.serviceregistry.ServiceFactoryUse.getService(ServiceFactoryUse.java:111)
	at org.eclipse.osgi.internal.serviceregistry.ServiceConsumer$2.getService(ServiceConsumer.java:45)
	at org.eclipse.osgi.internal.serviceregistry.ServiceRegistrationImpl.getService(ServiceRegistrationImpl.java:496)
	at org.eclipse.osgi.internal.serviceregistry.ServiceRegistry.getService(ServiceRegistry.java:461)
	at org.eclipse.osgi.internal.framework.BundleContextImpl.getService(BundleContextImpl.java:619)
	at com.ibm.ws.jndi.internal.WSContext.resolveObject(WSContext.java:128)
	at com.ibm.ws.jndi.internal.WSContext.lookup(WSContext.java:296)
	at com.ibm.ws.jndi.WSContextBase.lookup(WSContextBase.java:58)
	at org.apache.aries.jndi.DelegateContext.lookup(DelegateContext.java:161)
	at javax.naming.InitialContext.lookup(InitialContext.java:417)
	at com.ibm.ws.jpa.container.osgi.internal.OSGiJPAPUnitInfo.lookupDataSource(OSGiJPAPUnitInfo.java:318)
	at com.ibm.ws.jpa.management.JPAPUnitInfo.getJPADataSource(JPAPUnitInfo.java:442)
	at com.ibm.ws.jpa.management.JPAPUnitInfo.getJtaDataSource(JPAPUnitInfo.java:495)
	at com.ibm.ws.jpa.management.JPAPUnitInfo.initialize(JPAPUnitInfo.java:895)
	at com.ibm.ws.jpa.management.JPAPxmlInfo.extractPersistenceUnits(JPAPxmlInfo.java:234)
	at com.ibm.ws.jpa.management.JPAScopeInfo.processPersistenceUnit(JPAScopeInfo.java:109)
	at com.ibm.ws.jpa.management.JPAApplInfo.addPersistenceUnits(JPAApplInfo.java:139)
	at com.ibm.ws.jpa.container.osgi.internal.JPAComponentImpl.processLibraryJarPersistenceXml(JPAComponentImpl.java:363)
	at com.ibm.ws.jpa.container.osgi.internal.JPAComponentImpl.processWebModulePersistenceXml(JPAComponentImpl.java:421)
	at com.ibm.ws.jpa.container.osgi.internal.JPAComponentImpl.applicationStarting(JPAComponentImpl.java:249)
	at com.ibm.ws.container.service.state.internal.ApplicationStateManager.fireStarting(ApplicationStateManager.java:29)
	at com.ibm.ws.container.service.state.internal.StateChangeServiceImpl.fireApplicationStarting(StateChangeServiceImpl.java:51)
	at com.ibm.ws.app.manager.module.internal.DeployedAppInfoBase.preDeployApp(DeployedAppInfoBase.java:791)
	at com.ibm.ws.app.manager.module.internal.DeployedAppInfoBase.deployApp(DeployedAppInfoBase.java:818)
	at com.ibm.ws.app.manager.war.internal.WARApplicationHandlerImpl.install(WARApplicationHandlerImpl.java:80)
	at com.ibm.ws.app.manager.internal.statemachine.StartAction.execute(StartAction.java:139)
	at com.ibm.ws.app.manager.internal.statemachine.ApplicationStateMachineImpl.enterState(ApplicationStateMachineImpl.java:1168)
	at com.ibm.ws.app.manager.internal.statemachine.ApplicationStateMachineImpl.run(ApplicationStateMachineImpl.java:781)
	at java.util.concurrent.ThreadPoolExecutor.runWorker(ThreadPoolExecutor.java:1142)
	at java.util.concurrent.ThreadPoolExecutor$Worker.run(ThreadPoolExecutor.java:617)
	at java.lang.Thread.run(Thread.java:745)
Caused by: java.lang.ClassNotFoundException: org.postgresql.xa.PGXADataSource
	at com.ibm.ws.classloading.internal.AppClassLoader.findClassCommonLibraryClassLoaders(AppClassLoader.java:433)
	at com.ibm.ws.classloading.internal.AppClassLoader.findClass(AppClassLoader.java:267)
	at java.lang.ClassLoader.loadClass(ClassLoader.java:424)
	at com.ibm.ws.classloading.internal.AppClassLoader.findOrDelegateLoadClass(AppClassLoader.java:411)
	at com.ibm.ws.classloading.internal.AppClassLoader.loadClass(AppClassLoader.java:383)
	at java.lang.ClassLoader.loadClass(ClassLoader.java:357)
	at com.ibm.ws.jdbc.internal.JDBCDriverService$1.run(JDBCDriverService.java:231)
	at com.ibm.ws.jdbc.internal.JDBCDriverService$1.run(JDBCDriverService.java:224)
	at java.security.AccessController.doPrivileged(Native Method)
	at com.ibm.ws.jdbc.internal.JDBCDriverService.create(JDBCDriverService.java:223)
	... 38 more

Dump of callerThis
Object type = com.ibm.ws.jdbc.DataSourceService
  tc = class com.ibm.websphere.ras.TraceComponent@4ab4c553
    strings[0] = "TraceComponent[com.ibm.ws.jdbc.DataSourceService,class com.ibm.ws.jdbc.DataSourceService,[RRA],com.ibm.ws.rsadapter.resources.IBMDataStoreAdapterNLS,null]"
  dsraTc = class com.ibm.websphere.ras.TraceComponent@61dc6306
    strings[0] = "TraceComponent[com.ibm.ws.jdbc.DataSourceService,class com.ibm.ws.jdbc.DataSourceService,[RRA],com.ibm.ws.jdbc.internal.resources.DSRAMessages,null]"
  JNDI_NAME = "jndiName"
  CONNECTION_MANAGER = "connectionManager"
  DATASOURCE = "dataSource"
  FACTORY_PID = "com.ibm.ws.jdbc.dataSource"
  JDBC_DRIVER = "driver"
  SUPPORT_EXTENSIONS = "supportExtensions"
  TARGET_CONNECTION_MANAGER = "connectionManager.target"
  TARGET_CONTAINER_AUTH_DATA = "containerAuthData.target"
  TARGET_JDBC_DRIVER = "driver.target"
  TARGET_RECOVERY_AUTH_DATA = "recoveryAuthData.target"
  UNIQUE_JNDI_NAME = "jndiName.unique"
  DECLARING_APPLICATION = "declaringApplication"
  WPROPS_TO_SKIP = class java.util.HashSet@275bb08a
    serialVersionUID = -5024744406713321676
    map = class java.util.HashMap@33292de2
      serialVersionUID = 362498820763181265
      DEFAULT_INITIAL_CAPACITY = 16
      MAXIMUM_CAPACITY = 1073741824
      DEFAULT_LOAD_FACTOR = 0.75
      TREEIFY_THRESHOLD = 8
      UNTREEIFY_THRESHOLD = 6
      MIN_TREEIFY_CAPACITY = 64
      table = class java.util.HashMap$Node[16]
      entrySet = null
      size = 9
      modCount = 9
      threshold = 12
      loadFactor = 0.75
      keySet = null
      values = null
    PRESENT = class java.lang.Object@61debb1f
    MAX_ARRAY_SIZE = 2147483639
  componentContext = class org.apache.felix.scr.impl.manager.ComponentContextImpl@386eee8c
    m_componentManager = class org.apache.felix.scr.impl.manager.SingleComponentManager@501ab459
      m_useCount = class java.util.concurrent.atomic.AtomicInteger@725f6b7f
      m_componentContext = class org.apache.felix.scr.impl.manager.ComponentContextImpl@386eee8c
      m_componentHolder = class org.apache.felix.scr.impl.config.ConfigurableComponentHolder@b6a5c17
      m_factoryProperties = null
      m_properties = class java.util.Hashtable@4abe1968
      m_serviceProperties = null
      m_configurationProperties = class com.ibm.ws.config.admin.ConfigurationDictionary@2eef5d86
      m_changeCount = 0
      m_targetedPID = class org.apache.felix.scr.impl.TargetedPID@2a8bfe20
      m_circularReferences = class java.lang.ThreadLocal@23866c9d
      REASONS = class java.lang.String[7]
      m_factoryInstance = false
      m_componentId = 300
      m_componentMetadata = class org.apache.felix.scr.impl.metadata.ComponentMetadata@5b8df6b1
      m_componentMethods = class org.apache.felix.scr.impl.helper.ComponentMethods@4b7f8bd9
      m_dependencyManagers = class java.util.ArrayList@19c8015e
      m_dependencyManagersInitialized = true
      m_dependenciesCollected = true
      m_trackingCount = class java.util.concurrent.atomic.AtomicInteger@24ca2247
      m_activator = class org.apache.felix.scr.impl.BundleComponentActivator@10467011
      m_stateLock = class java.util.concurrent.locks.ReentrantLock@27501083
      m_enabledLatchRef = class java.util.concurrent.atomic.AtomicReference@7ecb27c6
      m_enabled = true
      m_internalEnabled = true
      m_disposed = false
      m_floor = 4
      m_ceiling = 4
      m_missingLock = class java.util.concurrent.locks.ReentrantLock@be6ea42
      m_missingCondition = class java.util.concurrent.locks.AbstractQueuedSynchronizer$ConditionObject@2803c5d7
      m_missing = class java.util.TreeSet@f700c5c
      m_activated = true
      m_activationLock = class java.util.concurrent.locks.ReentrantReadWriteLock@28a2ef63
      taskCounter = class java.util.concurrent.atomic.AtomicLong@14aaa4cf
      registrationManager = class org.apache.felix.scr.impl.manager.AbstractComponentManager$3@2231e6f0
    edgeInfos = class org.apache.felix.scr.impl.manager.EdgeInfo[7]
      edgeInfos[0] = class org.apache.felix.scr.impl.manager.EdgeInfo@d2d2bca
      edgeInfos[1] = class org.apache.felix.scr.impl.manager.EdgeInfo@465ff13a
      edgeInfos[2] = class org.apache.felix.scr.impl.manager.EdgeInfo@3fc3f785
      edgeInfos[3] = class org.apache.felix.scr.impl.manager.EdgeInfo@587b2af0
      edgeInfos[4] = class org.apache.felix.scr.impl.manager.EdgeInfo@3cec294e
      edgeInfos[5] = class org.apache.felix.scr.impl.manager.EdgeInfo@583c9c8
      edgeInfos[6] = class org.apache.felix.scr.impl.manager.EdgeInfo@255c6922
    m_componentInstance = class org.apache.felix.scr.impl.manager.ComponentContextImpl$ComponentInstanceImpl@73646c65
      m_componentContext = class org.apache.felix.scr.impl.manager.ComponentContextImpl@386eee8c
    m_usingBundle = null
    m_implementationObject = class com.ibm.ws.jdbc.DataSourceService@28b10f2d
    m_implementationAccessible = true
    accessibleLatch = class java.util.concurrent.CountDownLatch@28920b57
      sync = class java.util.concurrent.CountDownLatch$Sync@5307657d
  connectorSvc = class com.ibm.ejs.j2c.ConnectorServiceImpl@5ff55024
    tc = class com.ibm.websphere.ras.TraceComponent@24b5d452
      strings[0] = "TraceComponent[com.ibm.ejs.j2c.ConnectorServiceImpl,class com.ibm.ejs.j2c.ConnectorServiceImpl,[WAS.j2c],com.ibm.ws.jca.cm.internal.resources.J2CAMessages,null]"
    authDataServiceRef = class com.ibm.wsspi.kernel.service.utils.AtomicServiceReference@43cd1a75
      referenceName = "authDataService"
      tuple = class java.util.concurrent.atomic.AtomicReference@582ea901
      serialVersionUID = -5840472578638799324
      $$$tc$$$ = class com.ibm.websphere.ras.TraceComponent@5f998bea
    deferrableSchedXSvcRef = class com.ibm.wsspi.kernel.service.utils.AtomicServiceReference@7a951b1b
      referenceName = "deferrableScheduledExecutor"
      tuple = class java.util.concurrent.atomic.AtomicReference@32d459fb
      serialVersionUID = -5840472578638799324
      $$$tc$$$ = class com.ibm.websphere.ras.TraceComponent@5f998bea
    execSvcRef = class com.ibm.wsspi.kernel.service.utils.AtomicServiceReference@297f96
      referenceName = "executor"
      tuple = class java.util.concurrent.atomic.AtomicReference@4873baa2
      serialVersionUID = -5840472578638799324
      $$$tc$$$ = class com.ibm.websphere.ras.TraceComponent@5f998bea
    nonDeferrableSchedXSvcRef = class com.ibm.wsspi.kernel.service.utils.AtomicServiceReference@14bb3acf
      referenceName = "nonDeferrableScheduledExecutor"
      tuple = class java.util.concurrent.atomic.AtomicReference@39d48fb
      serialVersionUID = -5840472578638799324
      $$$tc$$$ = class com.ibm.websphere.ras.TraceComponent@5f998bea
    rrsXAResFactorySvcRef = class com.ibm.wsspi.kernel.service.utils.AtomicServiceReference@3f8e849f
      referenceName = "rRSXAResourceFactory"
      tuple = class java.util.concurrent.atomic.AtomicReference@25a18292
      serialVersionUID = -5840472578638799324
      $$$tc$$$ = class com.ibm.websphere.ras.TraceComponent@5f998bea
    transactionManager = class com.ibm.ws.transaction.services.TransactionManagerService@6d911db6
      tc = class com.ibm.websphere.ras.TraceComponent@4d304a83
      isClient = false
      xaFlowCallbacksInitialised = true
      serialVersionUID = -8805687940666442241
    variableRegistrySvcRef = class com.ibm.wsspi.kernel.service.utils.AtomicServiceReference@260f1a5d
      referenceName = "variableRegistry"
      tuple = class java.util.concurrent.atomic.AtomicReference@73df5e8d
      serialVersionUID = -5840472578638799324
      $$$tc$$$ = class com.ibm.websphere.ras.TraceComponent@5f998bea
    tc = class com.ibm.websphere.ras.TraceComponent@19481109
      strings[0] = "TraceComponent[com.ibm.ws.jca.cm.ConnectorService,class com.ibm.ws.jca.cm.ConnectorService,[WAS.j2c],com.ibm.ws.jca.cm.internal.resources.J2CAMessages,null]"
    NLS = class com.ibm.ejs.ras.TraceNLS@204eea97
      resolver = class com.ibm.ws.logging.internal.TraceNLSResolver@4732e713
      finder = null
      ivBundleName = "com.ibm.ws.jca.cm.internal.resources.J2CAMessages"
      caller = class java.lang.Class@6b2f2111
  dsConfigRef = class java.util.concurrent.atomic.AtomicReference@35993bad
    serialVersionUID = -1848883965231344442
    unsafe = class sun.misc.Unsafe@5f036633
    valueOffset = 12
    value = null
  destroyWasDeferred = false
  embDerbyRefCount = class java.util.concurrent.ConcurrentLinkedQueue@4fbc0274
    serialVersionUID = 196745693267521676
    head = class java.util.concurrent.ConcurrentLinkedQueue$Node@2d2fca60
      item = null
      next = null
      UNSAFE = class sun.misc.Unsafe@5f036633
      itemOffset = 12
      nextOffset = 16
    tail = class java.util.concurrent.ConcurrentLinkedQueue$Node@2d2fca60
    UNSAFE = class sun.misc.Unsafe@5f036633
      theUnsafe = class sun.misc.Unsafe@5f036633
      INVALID_FIELD_OFFSET = -1
      ARRAY_BOOLEAN_BASE_OFFSET = 16
      ARRAY_BYTE_BASE_OFFSET = 16
      ARRAY_SHORT_BASE_OFFSET = 16
      ARRAY_CHAR_BASE_OFFSET = 16
      ARRAY_INT_BASE_OFFSET = 16
      ARRAY_LONG_BASE_OFFSET = 16
      ARRAY_FLOAT_BASE_OFFSET = 16
      ARRAY_DOUBLE_BASE_OFFSET = 16
      ARRAY_OBJECT_BASE_OFFSET = 16
      ARRAY_BOOLEAN_INDEX_SCALE = 1
      ARRAY_BYTE_INDEX_SCALE = 1
      ARRAY_SHORT_INDEX_SCALE = 2
      ARRAY_CHAR_INDEX_SCALE = 2
      ARRAY_INT_INDEX_SCALE = 4
      ARRAY_LONG_INDEX_SCALE = 8
      ARRAY_FLOAT_INDEX_SCALE = 4
      ARRAY_DOUBLE_INDEX_SCALE = 8
      ARRAY_OBJECT_INDEX_SCALE = 4
      ADDRESS_SIZE = 8
    headOffset = 12
    tailOffset = 16
    MAX_ARRAY_SIZE = 2147483639
  id = "dataSource[jdbc/postgresql-cloud]"
  isDerbyEmbedded = false
  jdbcDriverSvc = class com.ibm.ws.jdbc.internal.JDBCDriverService@698f81
    tc = class com.ibm.websphere.ras.TraceComponent@4fbc28b5
      strings[0] = "TraceComponent[com.ibm.ws.jdbc.internal.JDBCDriverService,class com.ibm.ws.jdbc.internal.JDBCDriverService,[RRA],com.ibm.ws.rsadapter.resources.IBMDataStoreAdapterNLS,null]"
    FACTORY_PID = "com.ibm.ws.jdbc.jdbcDriver"
    ID = "id"
    LIBRARY_REF = "libraryRef"
    JDBC_DRIVER = "jdbcDriver"
    TARGET_LIBRARY = "sharedLib.target"
    PROPS_FOR_XA_ONLY = class java.util.Arrays$ArrayList@372454fc
      serialVersionUID = -2764017481108945198
      a = class java.lang.String[1]
      modCount = 0
      MAX_ARRAY_SIZE = 2147483639
    classloader = class com.ibm.ws.classloading.internal.AppClassLoader@640bf4b2
      tc = class com.ibm.websphere.ras.TraceComponent@46d63b9f
      PARENT_FIRST_SEARCH_ORDER = class java.util.Collections$UnmodifiableRandomAccessList@5d147685
      CLASS_LOADING_TRACE_PREFIX = "com.ibm.ws.class.load."
      DEFAULT_PACKAGE = "default.package"
      perPackageClassLoadingTraceComponents = class java.util.concurrent.ConcurrentHashMap@3427274c
      config = class com.ibm.ws.classloading.internal.ClassLoaderConfigurationImpl@196ce668
      privateLibraries = null
      delegateLoaders = class com.ibm.ws.classloading.internal.util.CompositeIterable@1e2cfb52
      nativeLibraryFiles = class java.util.ArrayList@60f2064c
      transformers = class java.util.ArrayList@6de25059
      apiAccess = class com.ibm.ws.classloading.internal.GatewayClassLoader@30eb4349
      generator = class com.ibm.ws.classloading.internal.ClassGeneratorManager@13c3a42b
      serialVersionUID = -8755588715217099101
      tc = class com.ibm.websphere.ras.TraceComponent@4bc41b0
      EMPTY_URL_ARRAY = class java.net.URL[0]
      smartClassPath = class com.ibm.ws.classloading.internal.ContainerClassLoader$SmartClassPathImpl@1a7c9009
      nativeLibraryContainers = class java.util.ArrayList@65637b87
      redefiner = class com.ibm.ws.classloading.internal.util.ClassRedefiner@6b8f79fc
      mapCreationQueue = class java.util.concurrent.Executors$FinalizableDelegatedExecutorService@6013988c
      serialVersionUID = 1420723314841411509
      serialVersionUID = -7411549862368381758
      $$$tc$$$ = class com.ibm.websphere.ras.TraceComponent@3078d6c2
      serialVersionUID = -4868702105808481416
      $$$tc$$$ = class com.ibm.websphere.ras.TraceComponent@3adbacfc
      serialVersionUID = 2596921220292114344
      $$$tc$$$ = class com.ibm.websphere.ras.TraceComponent@5a504f48
      initialized = true
      pdcache = class java.util.HashMap@cabab42
      debug = null
      parent = class com.ibm.ws.classloading.internal.GatewayClassLoader@30eb4349
      parallelLockMap = null
      package2certs = class java.util.Hashtable@1f2b71d0
      nocerts = class java.security.cert.Certificate[0]
      classes = class java.util.Vector@7d63cf7b
      defaultDomain = class java.security.ProtectionDomain@9463bcb
      domains = class java.util.HashSet@5866601a
      packages = class java.util.HashMap@1c073f37
      scl = class sun.misc.Launcher$AppClassLoader@14dad5dc
      sclSet = true
      loadedLibraryNames = class java.util.Vector@7f7c23db
      systemNativeLibraries = class java.util.Vector@475cc79c
      nativeLibraries = class java.util.Vector@2c5119dd
      nativeLibraryContext = class java.util.Stack@90a65e7
      usr_paths = class java.lang.String[5]
      sys_paths = class java.lang.String[1]
      assertionLock = class com.ibm.ws.classloading.internal.AppClassLoader@640bf4b2
      defaultAssertionStatus = false
      packageAssertionStatus = null
      classAssertionStatus = null
    connectorSvc = class com.ibm.ejs.j2c.ConnectorServiceImpl@5ff55024
    embDerbyRefCount = class java.util.concurrent.ConcurrentLinkedQueue@207d24fe
      serialVersionUID = 196745693267521676
      head = class java.util.concurrent.ConcurrentLinkedQueue$Node@2dac1c06
      tail = class java.util.concurrent.ConcurrentLinkedQueue$Node@2dac1c06
      UNSAFE = class sun.misc.Unsafe@5f036633
      headOffset = 12
      tailOffset = 16
      MAX_ARRAY_SIZE = 2147483639
    introspectedClasses = class java.util.HashSet@ef0adbd
      serialVersionUID = -5024744406713321676
      map = class java.util.HashMap@370e5a8c
      PRESENT = class java.lang.Object@61debb1f
      MAX_ARRAY_SIZE = 2147483639
    isDerbyEmbedded = class java.util.concurrent.atomic.AtomicBoolean@1be69b2b
      serialVersionUID = 4654671469794556979
      unsafe = class sun.misc.Unsafe@5f036633
      valueOffset = 12
      value = 0
    lock = class java.util.concurrent.locks.ReentrantReadWriteLock@20f34281
      serialVersionUID = -6992448646407690164
      readerLock = class java.util.concurrent.locks.ReentrantReadWriteLock$ReadLock@f8b730b
      writerLock = class java.util.concurrent.locks.ReentrantReadWriteLock$WriteLock@26aa2a70
      sync = class java.util.concurrent.locks.ReentrantReadWriteLock$NonfairSync@262fb084
      UNSAFE = class sun.misc.Unsafe@5f036633
      TID_OFFSET = 40
    name = "dataSource[jdbc/postgresql-cloud]/jdbcDriver[default-0]"
    properties = class org.apache.felix.scr.impl.helper.ReadOnlyDictionary@69e0c8b5
      m_delegate = class java.util.Hashtable@1f862d3e
    sharedLib = class com.ibm.ws.library.internal.SharedLibraryImpl@62f61d71
      tc = class com.ibm.websphere.ras.TraceComponent@2c4d7654
      EMPTY_LIBRARY_LISTENERS = interface com.ibm.wsspi.library.LibraryChangeListener[0]
      deleted = false
      libraryListenersTracker = class org.osgi.util.tracker.ServiceTracker@709d1a29
      libraryReg = class org.eclipse.osgi.internal.serviceregistry.ServiceRegistrationImpl@306fe11
      ctx = class org.eclipse.osgi.internal.framework.BundleContextImpl@52a0819e
      classLoadingService = class com.ibm.ws.classloading.internal.ClassLoadingServiceImpl@18d9a5ca
      configAdmin = class com.ibm.ws.config.admin.internal.ConfigurationAdminImpl@697310d
      resolvedBasePath = "/home/eyal/Programs/wlp/usr/servers/defaultServer/"
      generationLock = class com.ibm.ws.library.internal.SharedLibraryImpl$1@5e614f7b
      currentGeneration = class com.ibm.ws.library.internal.SharedLibraryImpl$LibraryGeneration@46355acc
      nextGeneration = class com.ibm.ws.library.internal.SharedLibraryImpl$LibraryGeneration@46355acc
      artifactContainerFactory = class com.ibm.ws.library.internal.SharedLibraryFactory$1@13975035
      packageExporter = class com.ibm.ws.library.internal.LibraryPackageExporter@2c371413
      processedFileSets = true
      counter = 0
      serialVersionUID = -1732643978477757119
    changed = false
    obs = class java.util.Vector@773b59a0
      elementData = class java.lang.Object[10]
      elementCount = 1
      capacityIncrement = 0
      serialVersionUID = -2767605614048989439
      MAX_ARRAY_SIZE = 2147483639
      modCount = 1
      MAX_ARRAY_SIZE = 2147483639
  jdbcRuntime = class com.ibm.ws.jdbc.osgi.v41.JDBCRuntimeVersion41@75e88bd8
  properties = class org.apache.felix.scr.impl.helper.ReadOnlyDictionary@950829b
    m_delegate = class java.util.Hashtable@4abe1968
      table = class java.util.Hashtable$Entry[47]
      count = 29
      threshold = 35
      loadFactor = 0.75
      modCount = 31
      serialVersionUID = 1421746759512286392
      MAX_ARRAY_SIZE = 2147483639
      keySet = null
      entrySet = class java.util.Collections$SynchronizedSet@5a852f6d
      values = null
      KEYS = 0
      VALUES = 1
      ENTRIES = 2
  tc = class com.ibm.websphere.ras.TraceComponent@5d8a39c5
    strings[0] = "TraceComponent[com.ibm.ws.jca.cm.AbstractConnectionFactoryService,class com.ibm.ws.jca.cm.AbstractConnectionFactoryService,[WAS.j2c],com.ibm.ws.jca.cm.internal.resources.J2CAMessages,null]"
  ID = "id"
  JNDI_NAME = "jndiName"
  DEFAULT_NESTED_PATTERN = class java.util.regex.Pattern@6a8918bb
    UNIX_LINES = 1
    CASE_INSENSITIVE = 2
    COMMENTS = 4
    MULTILINE = 8
    LITERAL = 16
    DOTALL = 32
    UNICODE_CASE = 64
    CANON_EQ = 128
    UNICODE_CHARACTER_CLASS = 256
    serialVersionUID = 5073258162644648461
    pattern = ".*(\[default-\d*\])$"
    flags = 0
    compiled = true
    normalizedPattern = ".*(\[default-\d*\])$"
    root = class java.util.regex.Pattern$Start@1b541880
      minLength = 10
      next = class java.util.regex.Pattern$Curly@9e18552
    matchRoot = class java.util.regex.Pattern$Curly@9e18552
      atom = class java.util.regex.Pattern$Dot@2fe33ed4
      type = 0
      cmin = 0
      cmax = 2147483647
      next = class java.util.regex.Pattern$GroupHead@58ed68f2
    buffer = null
    namedGroups = null
    groupNodes = null
    temp = null
    capturingGroupCount = 2
    localCount = 1
    cursor = 20
    patternLength = 0
    hasSupplementary = false
    MAX_REPS = 2147483647
    GREEDY = 0
    LAZY = 1
    POSSESSIVE = 2
    INDEPENDENT = 3
    lookbehindEnd = class java.util.regex.Pattern$4@5eacccab
      next = null
    accept = class java.util.regex.Pattern$Node@22fb7bec
      next = null
    lastAccept = class java.util.regex.Pattern$LastNode@1950e72b
      next = class java.util.regex.Pattern$Node@22fb7bec
    $assertionsDisabled = true
  DEFAULT_PATTERN = class java.util.regex.Pattern@5b8ee879
    UNIX_LINES = 1
    CASE_INSENSITIVE = 2
    COMMENTS = 4
    MULTILINE = 8
    LITERAL = 16
    DOTALL = 32
    UNICODE_CASE = 64
    CANON_EQ = 128
    UNICODE_CHARACTER_CLASS = 256
    serialVersionUID = 5073258162644648461
    pattern = "(default-\d*)$"
    flags = 0
    compiled = true
    normalizedPattern = "(default-\d*)$"
    root = class java.util.regex.Pattern$Start@35d94d15
      minLength = 8
      next = class java.util.regex.Pattern$GroupHead@6f62d5c6
    matchRoot = class java.util.regex.Pattern$GroupHead@6f62d5c6
      localIndex = 0
      next = class java.util.regex.Pattern$Slice@5df75518
    buffer = null
    namedGroups = null
    groupNodes = null
    temp = null
    capturingGroupCount = 2
    localCount = 1
    cursor = 14
    patternLength = 0
    hasSupplementary = false
    MAX_REPS = 2147483647
    GREEDY = 0
    LAZY = 1
    POSSESSIVE = 2
    INDEPENDENT = 3
    lookbehindEnd = class java.util.regex.Pattern$4@5eacccab
    accept = class java.util.regex.Pattern$Node@22fb7bec
    lastAccept = class java.util.regex.Pattern$LastNode@1950e72b
    $assertionsDisabled = true
  appsToRecycle = class java.util.Collections$SetFromMap@5647edc9
    m = class java.util.concurrent.ConcurrentHashMap@1d97f4cd
      serialVersionUID = 7249069246763182397
      MAXIMUM_CAPACITY = 1073741824
      DEFAULT_CAPACITY = 16
      MAX_ARRAY_SIZE = 2147483639
      DEFAULT_CONCURRENCY_LEVEL = 16
      LOAD_FACTOR = 0.75
      TREEIFY_THRESHOLD = 8
      UNTREEIFY_THRESHOLD = 6
      MIN_TREEIFY_CAPACITY = 64
      MIN_TRANSFER_STRIDE = 16
      RESIZE_STAMP_BITS = 16
      MAX_RESIZERS = 65535
      RESIZE_STAMP_SHIFT = 16
      MOVED = -1
      TREEBIN = -2
      RESERVED = -3
      HASH_BITS = 2147483647
      NCPU = 4
      serialPersistentFields = class java.io.ObjectStreamField[3]
      table = null
      nextTable = null
      baseCount = 0
      sizeCtl = 0
      transferIndex = 0
      cellsBusy = 0
      counterCells = null
      keySet = class java.util.concurrent.ConcurrentHashMap$KeySetView@96610ff
      values = null
      entrySet = null
      U = class sun.misc.Unsafe@5f036633
      SIZECTL = 20
      TRANSFERINDEX = 32
      BASECOUNT = 24
      CELLSBUSY = 36
      CELLVALUE = 144
      ABASE = 16
      ASHIFT = 2
      keySet = null
      values = null
    s = class java.util.concurrent.ConcurrentHashMap$KeySetView@96610ff
      serialVersionUID = 7249069246763182397
      value = null
      serialVersionUID = 7249069246763182397
      map = class java.util.concurrent.ConcurrentHashMap@1d97f4cd
      oomeMsg = "Required array size too large"
    serialVersionUID = 2454657854757543876
    MAX_ARRAY_SIZE = 2147483639
  conMgrSvc = class com.ibm.ejs.j2c.ConnectionManagerServiceImpl@7446f2d0
    tc = class com.ibm.websphere.ras.TraceComponent@7cb0dc72
      strings[0] = "TraceComponent[com.ibm.ejs.j2c.ConnectionManagerServiceImpl,class com.ibm.ejs.j2c.ConnectionManagerServiceImpl,[WAS.j2c],com.ibm.ws.jca.cm.internal.resources.J2CAMessages,null]"
    cfKeyToCM = class java.util.concurrent.ConcurrentHashMap@3576d8e1
      serialVersionUID = 7249069246763182397
      MAXIMUM_CAPACITY = 1073741824
      DEFAULT_CAPACITY = 16
      MAX_ARRAY_SIZE = 2147483639
      DEFAULT_CONCURRENCY_LEVEL = 16
      LOAD_FACTOR = 0.75
      TREEIFY_THRESHOLD = 8
      UNTREEIFY_THRESHOLD = 6
      MIN_TREEIFY_CAPACITY = 64
      MIN_TRANSFER_STRIDE = 16
      RESIZE_STAMP_BITS = 16
      MAX_RESIZERS = 65535
      RESIZE_STAMP_SHIFT = 16
      MOVED = -1
      TREEBIN = -2
      RESERVED = -3
      HASH_BITS = 2147483647
      NCPU = 4
      serialPersistentFields = class java.io.ObjectStreamField[3]
      table = null
      nextTable = null
      baseCount = 0
      sizeCtl = 0
      transferIndex = 0
      cellsBusy = 0
      counterCells = null
      keySet = null
      values = null
      entrySet = null
      U = class sun.misc.Unsafe@5f036633
      SIZECTL = 20
      TRANSFERINDEX = 32
      BASECOUNT = 24
      CELLSBUSY = 36
      CELLVALUE = 144
      ABASE = 16
      ASHIFT = 2
      keySet = null
      values = null
    lock = class java.util.concurrent.locks.ReentrantReadWriteLock@1ef86928
      serialVersionUID = -6992448646407690164
      readerLock = class java.util.concurrent.locks.ReentrantReadWriteLock$ReadLock@76a285b
      writerLock = class java.util.concurrent.locks.ReentrantReadWriteLock$WriteLock@42f5c800
      sync = class java.util.concurrent.locks.ReentrantReadWriteLock$NonfairSync@35aa1e5d
      UNSAFE = class sun.misc.Unsafe@5f036633
      TID_OFFSET = 40
    name = "dataSource[jdbc/postgresql-cloud]/connectionManager"
    pm = null
    pmMBean = null
    properties = null
    bndCtx = null
    CONNECTION_MANAGER = "connectionManager"
    FACTORY_PID = "com.ibm.ws.jca.connectionManager"
    ID = "id"
    MAX_CONNECTIONS_PER_THREAD = "maxConnectionsPerThread"
    MAX_IDLE_TIME = "maxIdleTime"
    MAX_POOL_SIZE = "maxPoolSize"
    MIN_POOL_SIZE = "minPoolSize"
    NUM_CONNECTIONS_PER_THREAD_LOCAL = "numConnectionsPerThreadLocal"
    CONNECTION_MANAGER_PROPS = class java.util.Collections$UnmodifiableRandomAccessList@7129bec4
      serialVersionUID = -2542308836966382001
      serialVersionUID = -283967356065247728
      list = class java.util.Arrays$ArrayList@625c5b2a
      serialVersionUID = 1820017752578914078
      c = class java.util.Arrays$ArrayList@625c5b2a
    changed = false
    obs = class java.util.Vector@729bc1d0
      elementData = class java.lang.Object[10]
      elementCount = 1
      capacityIncrement = 0
      serialVersionUID = -2767605614048989439
      MAX_ARRAY_SIZE = 2147483639
      modCount = 1
      MAX_ARRAY_SIZE = 2147483639
  containerAuthDataRef = null
  isInitialized = class java.util.concurrent.atomic.AtomicBoolean@56286023
    serialVersionUID = 4654671469794556979
    unsafe = class sun.misc.Unsafe@5f036633
    valueOffset = 12
    value = 0
  isServerDefined = true
  lock = class java.util.concurrent.locks.ReentrantReadWriteLock@7a4997bf
    serialVersionUID = -6992448646407690164
    readerLock = class java.util.concurrent.locks.ReentrantReadWriteLock$ReadLock@305d4797
      serialVersionUID = -5992448646407690164
      sync = class java.util.concurrent.locks.ReentrantReadWriteLock$NonfairSync@2087c5d0
    writerLock = class java.util.concurrent.locks.ReentrantReadWriteLock$WriteLock@c3e00c6
      serialVersionUID = -4992448646407690164
      sync = class java.util.concurrent.locks.ReentrantReadWriteLock$NonfairSync@2087c5d0
    sync = class java.util.concurrent.locks.ReentrantReadWriteLock$NonfairSync@2087c5d0
      serialVersionUID = -8159625535654395037
      serialVersionUID = 6317671515068378041
      SHARED_SHIFT = 16
      SHARED_UNIT = 65536
      MAX_COUNT = 65535
      EXCLUSIVE_MASK = 65535
      readHolds = class java.util.concurrent.locks.ReentrantReadWriteLock$Sync$ThreadLocalHoldCounter@4bdff6ea
      cachedHoldCounter = null
      firstReader = null
      firstReaderHoldCount = 1
      serialVersionUID = 7373984972572414691
      head = null
      tail = null
      state = 1
      spinForTimeoutThreshold = 1000
      unsafe = class sun.misc.Unsafe@5f036633
      stateOffset = 16
      headOffset = 20
      tailOffset = 24
      waitStatusOffset = 12
      nextOffset = 20
      serialVersionUID = 3737899427754241961
      exclusiveOwnerThread = class java.lang.Thread@1f796ba9
    UNSAFE = class sun.misc.Unsafe@5f036633
    TID_OFFSET = 40
  recoveryAuthDataRef = null

