------Start of DE processing------ = [12/9/15 14:32:50:325 IST]
Exception = org.postgresql.util.PSQLException
Source = com.ibm.ws.rsadapter.spi.InternalGenericDataStoreHelper.getPooledCon
probeid = 1298
Stack Dump = org.postgresql.util.PSQLException: The server requested password-based authentication, but no password was provided.
	at org.postgresql.core.v3.ConnectionFactoryImpl.doAuthentication(ConnectionFactoryImpl.java:473)
	at org.postgresql.core.v3.ConnectionFactoryImpl.openConnectionImpl(ConnectionFactoryImpl.java:203)
	at org.postgresql.core.ConnectionFactory.openConnection(ConnectionFactory.java:65)
	at org.postgresql.jdbc2.AbstractJdbc2Connection.<init>(AbstractJdbc2Connection.java:149)
	at org.postgresql.jdbc3.AbstractJdbc3Connection.<init>(AbstractJdbc3Connection.java:35)
	at org.postgresql.jdbc3g.AbstractJdbc3gConnection.<init>(AbstractJdbc3gConnection.java:22)
	at org.postgresql.jdbc4.AbstractJdbc4Connection.<init>(AbstractJdbc4Connection.java:47)
	at org.postgresql.jdbc4.Jdbc4Connection.<init>(Jdbc4Connection.java:30)
	at org.postgresql.Driver.makeConnection(Driver.java:414)
	at org.postgresql.Driver.connect(Driver.java:282)
	at java.sql.DriverManager.getConnection(DriverManager.java:664)
	at java.sql.DriverManager.getConnection(DriverManager.java:247)
	at org.postgresql.ds.common.BaseDataSource.getConnection(BaseDataSource.java:88)
	at org.postgresql.xa.jdbc3.AbstractJdbc3XADataSource.getXAConnection(AbstractJdbc3XADataSource.java:54)
	at org.postgresql.xa.jdbc3.AbstractJdbc3XADataSource.getXAConnection(AbstractJdbc3XADataSource.java:39)
	at com.ibm.ws.rsadapter.spi.InternalGenericDataStoreHelper$1.run(InternalGenericDataStoreHelper.java:1198)
	at java.security.AccessController.doPrivileged(Native Method)
	at com.ibm.ws.rsadapter.spi.InternalGenericDataStoreHelper.getPooledConnection(InternalGenericDataStoreHelper.java:1214)
	at com.ibm.ws.rsadapter.spi.WSRdbDataSource.getPooledConnection(WSRdbDataSource.java:332)
	at com.ibm.ws.rsadapter.spi.WSManagedConnectionFactoryImpl.getConnection(WSManagedConnectionFactoryImpl.java:1216)
	at com.ibm.ws.rsadapter.spi.WSManagedConnectionFactoryImpl.createManagedConnection(WSManagedConnectionFactoryImpl.java:966)
	at com.ibm.ws.rsadapter.spi.WSManagedConnectionFactoryImpl.createManagedConnection(WSManagedConnectionFactoryImpl.java:651)
	at com.ibm.ws.jca.cm.AbstractConnectionFactoryService.getXAResource(AbstractConnectionFactoryService.java:367)
	at com.ibm.tx.jta.impl.XARecoveryData.getXARminst(XARecoveryData.java:378)
	at com.ibm.tx.jta.impl.XARecoveryData.recover(XARecoveryData.java:509)
	at com.ibm.tx.jta.impl.PartnerLogTable.recover(PartnerLogTable.java:402)
	at com.ibm.tx.jta.impl.RecoveryManager.resync(RecoveryManager.java:1486)
	at com.ibm.tx.jta.impl.RecoveryManager.performResync(RecoveryManager.java:2191)
	at com.ibm.tx.jta.impl.RecoveryManager.run(RecoveryManager.java:2150)
	at java.lang.Thread.run(Thread.java:745)

Dump of callerThis
null
