------Start of DE processing------ = [12/6/15 15:43:43:851 IST]
Exception = java.sql.SQLNonTransientException
Source = com.ibm.ws.jdbc.DataSourceService
probeid = 587
Stack Dump = java.sql.SQLNonTransientException: DSRA4000E: A valid JDBC driver implementation class was not found for the jdbcDriver dataSource[jdbc/postgresql-cloud]/jdbcDriver[default-0] using the library postgresql-library. []
	at com.ibm.ws.jdbc.internal.JDBCDriverService.classNotFound(JDBCDriverService.java:196)
	at com.ibm.ws.jdbc.internal.JDBCDriverService.create(JDBCDriverService.java:292)
	at com.ibm.ws.jdbc.internal.JDBCDriverService.createAnyDataSource(JDBCDriverService.java:346)
	at com.ibm.ws.jdbc.DataSourceService.init(DataSourceService.java:452)
	at com.ibm.ws.jca.cm.AbstractConnectionFactoryService.createResource(AbstractConnectionFactoryService.java:136)
	at com.ibm.ws.resource.internal.ResourceFactoryTrackerData$1.getService(ResourceFactoryTrackerData.java:108)
	at org.eclipse.osgi.internal.serviceregistry.ServiceFactoryUse$1.run(ServiceFactoryUse.java:212)
	at java.security.AccessController.doPrivileged(Native Method)
	at org.eclipse.osgi.internal.serviceregistry.ServiceFactoryUse.factoryGetService(ServiceFactoryUse.java:210)
	at org.eclipse.osgi.internal.serviceregistry.ServiceFactoryUse.getService(ServiceFactoryUse.java:111)
	at org.eclipse.osgi.internal.serviceregistry.ServiceConsumer$2.getService(ServiceConsumer.java:45)
	at org.eclipse.osgi.internal.serviceregistry.ServiceRegistrationImpl.getService(ServiceRegistrationImpl.java:496)
	at org.eclipse.osgi.internal.serviceregistry.ServiceRegistry.getService(ServiceRegistry.java:461)
	at org.eclipse.osgi.internal.framework.BundleContextImpl.getService(BundleContextImpl.java:619)
	at com.ibm.ws.jndi.internal.WSContext.resolveObject(WSContext.java:128)
	at com.ibm.ws.jndi.internal.WSContext.lookup(WSContext.java:296)
	at com.ibm.ws.jndi.WSContextBase.lookup(WSContextBase.java:58)
	at org.apache.aries.jndi.DelegateContext.lookup(DelegateContext.java:161)
	at javax.naming.InitialContext.lookup(InitialContext.java:417)
	at com.ibm.ws.jpa.container.osgi.internal.OSGiJPAPUnitInfo.lookupDataSource(OSGiJPAPUnitInfo.java:318)
	at com.ibm.ws.jpa.management.JPAPUnitInfo.getJPADataSource(JPAPUnitInfo.java:442)
	at com.ibm.ws.jpa.management.JPAPUnitInfo.getJtaDataSource(JPAPUnitInfo.java:495)
	at com.ibm.ws.jpa.management.JPAPUnitInfo.initialize(JPAPUnitInfo.java:895)
	at com.ibm.ws.jpa.management.JPAPxmlInfo.extractPersistenceUnits(JPAPxmlInfo.java:234)
	at com.ibm.ws.jpa.management.JPAScopeInfo.processPersistenceUnit(JPAScopeInfo.java:109)
	at com.ibm.ws.jpa.management.JPAApplInfo.addPersistenceUnits(JPAApplInfo.java:139)
	at com.ibm.ws.jpa.container.osgi.internal.JPAComponentImpl.processLibraryJarPersistenceXml(JPAComponentImpl.java:363)
	at com.ibm.ws.jpa.container.osgi.internal.JPAComponentImpl.processWebModulePersistenceXml(JPAComponentImpl.java:421)
	at com.ibm.ws.jpa.container.osgi.internal.JPAComponentImpl.applicationStarting(JPAComponentImpl.java:249)
	at com.ibm.ws.container.service.state.internal.ApplicationStateManager.fireStarting(ApplicationStateManager.java:29)
	at com.ibm.ws.container.service.state.internal.StateChangeServiceImpl.fireApplicationStarting(StateChangeServiceImpl.java:51)
	at com.ibm.ws.app.manager.module.internal.DeployedAppInfoBase.preDeployApp(DeployedAppInfoBase.java:791)
	at com.ibm.ws.app.manager.module.internal.DeployedAppInfoBase.deployApp(DeployedAppInfoBase.java:818)
	at com.ibm.ws.app.manager.war.internal.WARApplicationHandlerImpl.install(WARApplicationHandlerImpl.java:80)
	at com.ibm.ws.app.manager.internal.statemachine.StartAction.execute(StartAction.java:139)
	at com.ibm.ws.app.manager.internal.statemachine.ApplicationStateMachineImpl.enterState(ApplicationStateMachineImpl.java:1168)
	at com.ibm.ws.app.manager.internal.statemachine.ApplicationStateMachineImpl.run(ApplicationStateMachineImpl.java:781)
	at java.util.concurrent.ThreadPoolExecutor.runWorker(ThreadPoolExecutor.java:1142)
	at java.util.concurrent.ThreadPoolExecutor$Worker.run(ThreadPoolExecutor.java:617)
	at java.lang.Thread.run(Thread.java:745)
Caused by: java.lang.ClassNotFoundException: org.postgresql.xa.PGXADataSource
	at com.ibm.ws.classloading.internal.AppClassLoader.findClassCommonLibraryClassLoaders(AppClassLoader.java:433)
	at com.ibm.ws.classloading.internal.AppClassLoader.findClass(AppClassLoader.java:267)
	at java.lang.ClassLoader.loadClass(ClassLoader.java:424)
	at com.ibm.ws.classloading.internal.AppClassLoader.findOrDelegateLoadClass(AppClassLoader.java:411)
	at com.ibm.ws.classloading.internal.AppClassLoader.loadClass(AppClassLoader.java:383)
	at java.lang.ClassLoader.loadClass(ClassLoader.java:357)
	at com.ibm.ws.jdbc.internal.JDBCDriverService$1.run(JDBCDriverService.java:231)
	at com.ibm.ws.jdbc.internal.JDBCDriverService$1.run(JDBCDriverService.java:224)
	at java.security.AccessController.doPrivileged(Native Method)
	at com.ibm.ws.jdbc.internal.JDBCDriverService.create(JDBCDriverService.java:223)
	... 38 more

Dump of callerThis
Object type = com.ibm.ws.jdbc.DataSourceService
  tc = class com.ibm.websphere.ras.TraceComponent@777e2c2a
    strings[0] = "TraceComponent[com.ibm.ws.jdbc.DataSourceService,class com.ibm.ws.jdbc.DataSourceService,[RRA],com.ibm.ws.rsadapter.resources.IBMDataStoreAdapterNLS,null]"
  dsraTc = class com.ibm.websphere.ras.TraceComponent@30bb8e82
    strings[0] = "TraceComponent[com.ibm.ws.jdbc.DataSourceService,class com.ibm.ws.jdbc.DataSourceService,[RRA],com.ibm.ws.jdbc.internal.resources.DSRAMessages,null]"
  JNDI_NAME = "jndiName"
  CONNECTION_MANAGER = "connectionManager"
  DATASOURCE = "dataSource"
  FACTORY_PID = "com.ibm.ws.jdbc.dataSource"
  JDBC_DRIVER = "driver"
  SUPPORT_EXTENSIONS = "supportExtensions"
  TARGET_CONNECTION_MANAGER = "connectionManager.target"
  TARGET_CONTAINER_AUTH_DATA = "containerAuthData.target"
  TARGET_JDBC_DRIVER = "driver.target"
  TARGET_RECOVERY_AUTH_DATA = "recoveryAuthData.target"
  UNIQUE_JNDI_NAME = "jndiName.unique"
  DECLARING_APPLICATION = "declaringApplication"
  WPROPS_TO_SKIP = class java.util.HashSet@63013eee
    serialVersionUID = -5024744406713321676
    map = class java.util.HashMap@299208fd
      serialVersionUID = 362498820763181265
      DEFAULT_INITIAL_CAPACITY = 16
      MAXIMUM_CAPACITY = 1073741824
      DEFAULT_LOAD_FACTOR = 0.75
      TREEIFY_THRESHOLD = 8
      UNTREEIFY_THRESHOLD = 6
      MIN_TREEIFY_CAPACITY = 64
      table = class java.util.HashMap$Node[16]
      entrySet = null
      size = 9
      modCount = 9
      threshold = 12
      loadFactor = 0.75
      keySet = null
      values = null
    PRESENT = class java.lang.Object@4316cf29
    MAX_ARRAY_SIZE = 2147483639
  componentContext = class org.apache.felix.scr.impl.manager.ComponentContextImpl@2a5eb0fb
    m_componentManager = class org.apache.felix.scr.impl.manager.SingleComponentManager@18f9bc14
      m_useCount = class java.util.concurrent.atomic.AtomicInteger@749bacf5
      m_componentContext = class org.apache.felix.scr.impl.manager.ComponentContextImpl@2a5eb0fb
      m_componentHolder = class org.apache.felix.scr.impl.config.ConfigurableComponentHolder@1fff33b4
      m_factoryProperties = null
      m_properties = class java.util.Hashtable@4d1f2a66
      m_serviceProperties = null
      m_configurationProperties = class com.ibm.ws.config.admin.ConfigurationDictionary@353a9139
      m_changeCount = 0
      m_targetedPID = class org.apache.felix.scr.impl.TargetedPID@12b6fc67
      m_circularReferences = class java.lang.ThreadLocal@3b6306c0
      REASONS = class java.lang.String[7]
      m_factoryInstance = false
      m_componentId = 300
      m_componentMetadata = class org.apache.felix.scr.impl.metadata.ComponentMetadata@19459762
      m_componentMethods = class org.apache.felix.scr.impl.helper.ComponentMethods@3a33d78c
      m_dependencyManagers = class java.util.ArrayList@58b20be9
      m_dependencyManagersInitialized = true
      m_dependenciesCollected = true
      m_trackingCount = class java.util.concurrent.atomic.AtomicInteger@4c990611
      m_activator = class org.apache.felix.scr.impl.BundleComponentActivator@79d26667
      m_stateLock = class java.util.concurrent.locks.ReentrantLock@5d795166
      m_enabledLatchRef = class java.util.concurrent.atomic.AtomicReference@155cf463
      m_enabled = true
      m_internalEnabled = true
      m_disposed = false
      m_floor = 4
      m_ceiling = 4
      m_missingLock = class java.util.concurrent.locks.ReentrantLock@11f1c157
      m_missingCondition = class java.util.concurrent.locks.AbstractQueuedSynchronizer$ConditionObject@7bfa6c50
      m_missing = class java.util.TreeSet@6c9ff028
      m_activated = true
      m_activationLock = class java.util.concurrent.locks.ReentrantReadWriteLock@1e12fe34
      taskCounter = class java.util.concurrent.atomic.AtomicLong@1f66fd8
      registrationManager = class org.apache.felix.scr.impl.manager.AbstractComponentManager$3@29c60b5a
    edgeInfos = class org.apache.felix.scr.impl.manager.EdgeInfo[7]
      edgeInfos[0] = class org.apache.felix.scr.impl.manager.EdgeInfo@6b1f6ae5
      edgeInfos[1] = class org.apache.felix.scr.impl.manager.EdgeInfo@7f729400
      edgeInfos[2] = class org.apache.felix.scr.impl.manager.EdgeInfo@19de9432
      edgeInfos[3] = class org.apache.felix.scr.impl.manager.EdgeInfo@545b7899
      edgeInfos[4] = class org.apache.felix.scr.impl.manager.EdgeInfo@448378b5
      edgeInfos[5] = class org.apache.felix.scr.impl.manager.EdgeInfo@2fba26b1
      edgeInfos[6] = class org.apache.felix.scr.impl.manager.EdgeInfo@42a85870
    m_componentInstance = class org.apache.felix.scr.impl.manager.ComponentContextImpl$ComponentInstanceImpl@7f577df5
      m_componentContext = class org.apache.felix.scr.impl.manager.ComponentContextImpl@2a5eb0fb
    m_usingBundle = null
    m_implementationObject = class com.ibm.ws.jdbc.DataSourceService@2759319e
    m_implementationAccessible = true
    accessibleLatch = class java.util.concurrent.CountDownLatch@ff057a8
      sync = class java.util.concurrent.CountDownLatch$Sync@6993db6b
  connectorSvc = class com.ibm.ejs.j2c.ConnectorServiceImpl@4e772a3a
    tc = class com.ibm.websphere.ras.TraceComponent@72fdae2a
      strings[0] = "TraceComponent[com.ibm.ejs.j2c.ConnectorServiceImpl,class com.ibm.ejs.j2c.ConnectorServiceImpl,[WAS.j2c],com.ibm.ws.jca.cm.internal.resources.J2CAMessages,null]"
    authDataServiceRef = class com.ibm.wsspi.kernel.service.utils.AtomicServiceReference@1907a9b8
      referenceName = "authDataService"
      tuple = class java.util.concurrent.atomic.AtomicReference@6c50d385
      serialVersionUID = -5840472578638799324
      $$$tc$$$ = class com.ibm.websphere.ras.TraceComponent@33b779a1
    deferrableSchedXSvcRef = class com.ibm.wsspi.kernel.service.utils.AtomicServiceReference@6a114b80
      referenceName = "deferrableScheduledExecutor"
      tuple = class java.util.concurrent.atomic.AtomicReference@50a1b197
      serialVersionUID = -5840472578638799324
      $$$tc$$$ = class com.ibm.websphere.ras.TraceComponent@33b779a1
    execSvcRef = class com.ibm.wsspi.kernel.service.utils.AtomicServiceReference@16e52780
      referenceName = "executor"
      tuple = class java.util.concurrent.atomic.AtomicReference@b711069
      serialVersionUID = -5840472578638799324
      $$$tc$$$ = class com.ibm.websphere.ras.TraceComponent@33b779a1
    nonDeferrableSchedXSvcRef = class com.ibm.wsspi.kernel.service.utils.AtomicServiceReference@229d6320
      referenceName = "nonDeferrableScheduledExecutor"
      tuple = class java.util.concurrent.atomic.AtomicReference@4db87f0c
      serialVersionUID = -5840472578638799324
      $$$tc$$$ = class com.ibm.websphere.ras.TraceComponent@33b779a1
    rrsXAResFactorySvcRef = class com.ibm.wsspi.kernel.service.utils.AtomicServiceReference@6f354a2
      referenceName = "rRSXAResourceFactory"
      tuple = class java.util.concurrent.atomic.AtomicReference@449e3ec3
      serialVersionUID = -5840472578638799324
      $$$tc$$$ = class com.ibm.websphere.ras.TraceComponent@33b779a1
    transactionManager = class com.ibm.ws.transaction.services.TransactionManagerService@665e42b7
      tc = class com.ibm.websphere.ras.TraceComponent@63690ef3
      isClient = false
      xaFlowCallbacksInitialised = true
      serialVersionUID = -8805687940666442241
    variableRegistrySvcRef = class com.ibm.wsspi.kernel.service.utils.AtomicServiceReference@5938b0db
      referenceName = "variableRegistry"
      tuple = class java.util.concurrent.atomic.AtomicReference@2e10d997
      serialVersionUID = -5840472578638799324
      $$$tc$$$ = class com.ibm.websphere.ras.TraceComponent@33b779a1
    tc = class com.ibm.websphere.ras.TraceComponent@16f12266
      strings[0] = "TraceComponent[com.ibm.ws.jca.cm.ConnectorService,class com.ibm.ws.jca.cm.ConnectorService,[WAS.j2c],com.ibm.ws.jca.cm.internal.resources.J2CAMessages,null]"
    NLS = class com.ibm.ejs.ras.TraceNLS@cbf4c47
      resolver = class com.ibm.ws.logging.internal.TraceNLSResolver@3324c292
      finder = null
      ivBundleName = "com.ibm.ws.jca.cm.internal.resources.J2CAMessages"
      caller = class java.lang.Class@10f54cbf
  dsConfigRef = class java.util.concurrent.atomic.AtomicReference@7000977
    serialVersionUID = -1848883965231344442
    unsafe = class sun.misc.Unsafe@5a3c535e
    valueOffset = 12
    value = null
  destroyWasDeferred = false
  embDerbyRefCount = class java.util.concurrent.ConcurrentLinkedQueue@6d9cb137
    serialVersionUID = 196745693267521676
    head = class java.util.concurrent.ConcurrentLinkedQueue$Node@3cbd0e2b
      item = null
      next = null
      UNSAFE = class sun.misc.Unsafe@5a3c535e
      itemOffset = 12
      nextOffset = 16
    tail = class java.util.concurrent.ConcurrentLinkedQueue$Node@3cbd0e2b
    UNSAFE = class sun.misc.Unsafe@5a3c535e
    headOffset = 12
    tailOffset = 16
    MAX_ARRAY_SIZE = 2147483639
  id = "dataSource[jdbc/postgresql-cloud]"
  isDerbyEmbedded = false
  jdbcDriverSvc = class com.ibm.ws.jdbc.internal.JDBCDriverService@329a0d17
    tc = class com.ibm.websphere.ras.TraceComponent@7840ca65
      strings[0] = "TraceComponent[com.ibm.ws.jdbc.internal.JDBCDriverService,class com.ibm.ws.jdbc.internal.JDBCDriverService,[RRA],com.ibm.ws.rsadapter.resources.IBMDataStoreAdapterNLS,null]"
    FACTORY_PID = "com.ibm.ws.jdbc.jdbcDriver"
    ID = "id"
    LIBRARY_REF = "libraryRef"
    JDBC_DRIVER = "jdbcDriver"
    TARGET_LIBRARY = "sharedLib.target"
    PROPS_FOR_XA_ONLY = class java.util.Arrays$ArrayList@1860ec9d
      serialVersionUID = -2764017481108945198
      a = class java.lang.String[1]
      modCount = 0
      MAX_ARRAY_SIZE = 2147483639
    classloader = class com.ibm.ws.classloading.internal.AppClassLoader@4c23922
      tc = class com.ibm.websphere.ras.TraceComponent@4084d4d
      PARENT_FIRST_SEARCH_ORDER = class java.util.Collections$UnmodifiableRandomAccessList@35108878
      CLASS_LOADING_TRACE_PREFIX = "com.ibm.ws.class.load."
      DEFAULT_PACKAGE = "default.package"
      perPackageClassLoadingTraceComponents = class java.util.concurrent.ConcurrentHashMap@4d655a03
      config = class com.ibm.ws.classloading.internal.ClassLoaderConfigurationImpl@73977617
      privateLibraries = null
      delegateLoaders = class com.ibm.ws.classloading.internal.util.CompositeIterable@5d843317
      nativeLibraryFiles = class java.util.ArrayList@6ce62397
      transformers = class java.util.ArrayList@b34d94a
      apiAccess = class com.ibm.ws.classloading.internal.GatewayClassLoader@6474f6a8
      generator = class com.ibm.ws.classloading.internal.ClassGeneratorManager@43db31f5
      serialVersionUID = -8755588715217099101
      tc = class com.ibm.websphere.ras.TraceComponent@6a391438
      EMPTY_URL_ARRAY = class java.net.URL[0]
      smartClassPath = class com.ibm.ws.classloading.internal.ContainerClassLoader$SmartClassPathImpl@621cc8e9
      nativeLibraryContainers = class java.util.ArrayList@4f4fa369
      redefiner = class com.ibm.ws.classloading.internal.util.ClassRedefiner@550167ec
      mapCreationQueue = class java.util.concurrent.Executors$FinalizableDelegatedExecutorService@37280870
      serialVersionUID = 1420723314841411509
      serialVersionUID = -7411549862368381758
      $$$tc$$$ = class com.ibm.websphere.ras.TraceComponent@72c05618
      serialVersionUID = -4868702105808481416
      $$$tc$$$ = class com.ibm.websphere.ras.TraceComponent@4a773c32
      serialVersionUID = 2596921220292114344
      $$$tc$$$ = class com.ibm.websphere.ras.TraceComponent@7c206ac7
      initialized = true
      pdcache = class java.util.HashMap@286dbdcf
      debug = null
      parent = class com.ibm.ws.classloading.internal.GatewayClassLoader@6474f6a8
      parallelLockMap = null
      package2certs = class java.util.Hashtable@2538550b
      nocerts = class java.security.cert.Certificate[0]
      classes = class java.util.Vector@2fc3dc50
      defaultDomain = class java.security.ProtectionDomain@7ac99bec
      domains = class java.util.HashSet@3f0fc2bf
      packages = class java.util.HashMap@58f84858
      scl = class sun.misc.Launcher$AppClassLoader@14dad5dc
      sclSet = true
      loadedLibraryNames = class java.util.Vector@69e82e4b
      systemNativeLibraries = class java.util.Vector@5f48de61
      nativeLibraries = class java.util.Vector@1e93f50d
      nativeLibraryContext = class java.util.Stack@433d40f
      usr_paths = class java.lang.String[5]
      sys_paths = class java.lang.String[1]
      assertionLock = class com.ibm.ws.classloading.internal.AppClassLoader@4c23922
      defaultAssertionStatus = false
      packageAssertionStatus = null
      classAssertionStatus = null
    connectorSvc = class com.ibm.ejs.j2c.ConnectorServiceImpl@4e772a3a
    embDerbyRefCount = class java.util.concurrent.ConcurrentLinkedQueue@3e681db1
      serialVersionUID = 196745693267521676
      head = class java.util.concurrent.ConcurrentLinkedQueue$Node@d6ed253
      tail = class java.util.concurrent.ConcurrentLinkedQueue$Node@d6ed253
      UNSAFE = class sun.misc.Unsafe@5a3c535e
      headOffset = 12
      tailOffset = 16
      MAX_ARRAY_SIZE = 2147483639
    introspectedClasses = class java.util.HashSet@48c3b34f
      serialVersionUID = -5024744406713321676
      map = class java.util.HashMap@35110441
      PRESENT = class java.lang.Object@4316cf29
      MAX_ARRAY_SIZE = 2147483639
    isDerbyEmbedded = class java.util.concurrent.atomic.AtomicBoolean@57d8bace
      serialVersionUID = 4654671469794556979
      unsafe = class sun.misc.Unsafe@5a3c535e
      valueOffset = 12
      value = 0
    lock = class java.util.concurrent.locks.ReentrantReadWriteLock@42c6923e
      serialVersionUID = -6992448646407690164
      readerLock = class java.util.concurrent.locks.ReentrantReadWriteLock$ReadLock@38563a1a
      writerLock = class java.util.concurrent.locks.ReentrantReadWriteLock$WriteLock@2ee7ac66
      sync = class java.util.concurrent.locks.ReentrantReadWriteLock$NonfairSync@4e0c810d
      UNSAFE = class sun.misc.Unsafe@5a3c535e
      TID_OFFSET = 40
    name = "dataSource[jdbc/postgresql-cloud]/jdbcDriver[default-0]"
    properties = class org.apache.felix.scr.impl.helper.ReadOnlyDictionary@3c3d8a42
      m_delegate = class java.util.Hashtable@6c3b7da7
    sharedLib = class com.ibm.ws.library.internal.SharedLibraryImpl@69311f41
      tc = class com.ibm.websphere.ras.TraceComponent@63d9edd9
      EMPTY_LIBRARY_LISTENERS = interface com.ibm.wsspi.library.LibraryChangeListener[0]
      deleted = false
      libraryListenersTracker = class org.osgi.util.tracker.ServiceTracker@4479698c
      libraryReg = class org.eclipse.osgi.internal.serviceregistry.ServiceRegistrationImpl@3b74605e
      ctx = class org.eclipse.osgi.internal.framework.BundleContextImpl@352ebbc9
      classLoadingService = class com.ibm.ws.classloading.internal.ClassLoadingServiceImpl@1ce4cf32
      configAdmin = class com.ibm.ws.config.admin.internal.ConfigurationAdminImpl@77f21dfa
      resolvedBasePath = "/home/eyal/Programs/wlp/usr/servers/defaultServer/"
      generationLock = class com.ibm.ws.library.internal.SharedLibraryImpl$1@2689722e
      currentGeneration = class com.ibm.ws.library.internal.SharedLibraryImpl$LibraryGeneration@29335a7a
      nextGeneration = class com.ibm.ws.library.internal.SharedLibraryImpl$LibraryGeneration@29335a7a
      artifactContainerFactory = class com.ibm.ws.library.internal.SharedLibraryFactory$1@13149d31
      packageExporter = class com.ibm.ws.library.internal.LibraryPackageExporter@74ee5f64
      processedFileSets = true
      counter = 0
      serialVersionUID = -1732643978477757119
    changed = false
    obs = class java.util.Vector@d8cfc4a
      elementData = class java.lang.Object[10]
      elementCount = 1
      capacityIncrement = 0
      serialVersionUID = -2767605614048989439
      MAX_ARRAY_SIZE = 2147483639
      modCount = 1
      MAX_ARRAY_SIZE = 2147483639
  jdbcRuntime = class com.ibm.ws.jdbc.osgi.v41.JDBCRuntimeVersion41@454bc784
  properties = class org.apache.felix.scr.impl.helper.ReadOnlyDictionary@420735eb
    m_delegate = class java.util.Hashtable@4d1f2a66
      table = class java.util.Hashtable$Entry[47]
      count = 29
      threshold = 35
      loadFactor = 0.75
      modCount = 31
      serialVersionUID = 1421746759512286392
      MAX_ARRAY_SIZE = 2147483639
      keySet = null
      entrySet = class java.util.Collections$SynchronizedSet@41318f27
      values = null
      KEYS = 0
      VALUES = 1
      ENTRIES = 2
  tc = class com.ibm.websphere.ras.TraceComponent@11be6170
    strings[0] = "TraceComponent[com.ibm.ws.jca.cm.AbstractConnectionFactoryService,class com.ibm.ws.jca.cm.AbstractConnectionFactoryService,[WAS.j2c],com.ibm.ws.jca.cm.internal.resources.J2CAMessages,null]"
  ID = "id"
  JNDI_NAME = "jndiName"
  DEFAULT_NESTED_PATTERN = class java.util.regex.Pattern@280a7f64
    UNIX_LINES = 1
    CASE_INSENSITIVE = 2
    COMMENTS = 4
    MULTILINE = 8
    LITERAL = 16
    DOTALL = 32
    UNICODE_CASE = 64
    CANON_EQ = 128
    UNICODE_CHARACTER_CLASS = 256
    serialVersionUID = 5073258162644648461
    pattern = ".*(\[default-\d*\])$"
    flags = 0
    compiled = true
    normalizedPattern = ".*(\[default-\d*\])$"
    root = class java.util.regex.Pattern$Start@5d331823
      minLength = 10
      next = class java.util.regex.Pattern$Curly@3c19cfd3
    matchRoot = class java.util.regex.Pattern$Curly@3c19cfd3
      atom = class java.util.regex.Pattern$Dot@3213b63e
      type = 0
      cmin = 0
      cmax = 2147483647
      next = class java.util.regex.Pattern$GroupHead@7cf9166e
    buffer = null
    namedGroups = null
    groupNodes = null
    temp = null
    capturingGroupCount = 2
    localCount = 1
    cursor = 20
    patternLength = 0
    hasSupplementary = false
    MAX_REPS = 2147483647
    GREEDY = 0
    LAZY = 1
    POSSESSIVE = 2
    INDEPENDENT = 3
    lookbehindEnd = class java.util.regex.Pattern$4@4825c776
    accept = class java.util.regex.Pattern$Node@5f8b8bcb
    lastAccept = class java.util.regex.Pattern$LastNode@70c28bd8
    $assertionsDisabled = true
  DEFAULT_PATTERN = class java.util.regex.Pattern@3366fa06
    UNIX_LINES = 1
    CASE_INSENSITIVE = 2
    COMMENTS = 4
    MULTILINE = 8
    LITERAL = 16
    DOTALL = 32
    UNICODE_CASE = 64
    CANON_EQ = 128
    UNICODE_CHARACTER_CLASS = 256
    serialVersionUID = 5073258162644648461
    pattern = "(default-\d*)$"
    flags = 0
    compiled = true
    normalizedPattern = "(default-\d*)$"
    root = class java.util.regex.Pattern$Start@5fce051f
      minLength = 8
      next = class java.util.regex.Pattern$GroupHead@639dba17
    matchRoot = class java.util.regex.Pattern$GroupHead@639dba17
      localIndex = 0
      next = class java.util.regex.Pattern$Slice@4741dc0c
    buffer = null
    namedGroups = null
    groupNodes = null
    temp = null
    capturingGroupCount = 2
    localCount = 1
    cursor = 14
    patternLength = 0
    hasSupplementary = false
    MAX_REPS = 2147483647
    GREEDY = 0
    LAZY = 1
    POSSESSIVE = 2
    INDEPENDENT = 3
    lookbehindEnd = class java.util.regex.Pattern$4@4825c776
      next = null
    accept = class java.util.regex.Pattern$Node@5f8b8bcb
      next = null
    lastAccept = class java.util.regex.Pattern$LastNode@70c28bd8
      next = class java.util.regex.Pattern$Node@5f8b8bcb
    $assertionsDisabled = true
  appsToRecycle = class java.util.Collections$SetFromMap@48b529ec
    m = class java.util.concurrent.ConcurrentHashMap@630e7926
      serialVersionUID = 7249069246763182397
      MAXIMUM_CAPACITY = 1073741824
      DEFAULT_CAPACITY = 16
      MAX_ARRAY_SIZE = 2147483639
      DEFAULT_CONCURRENCY_LEVEL = 16
      LOAD_FACTOR = 0.75
      TREEIFY_THRESHOLD = 8
      UNTREEIFY_THRESHOLD = 6
      MIN_TREEIFY_CAPACITY = 64
      MIN_TRANSFER_STRIDE = 16
      RESIZE_STAMP_BITS = 16
      MAX_RESIZERS = 65535
      RESIZE_STAMP_SHIFT = 16
      MOVED = -1
      TREEBIN = -2
      RESERVED = -3
      HASH_BITS = 2147483647
      NCPU = 4
      serialPersistentFields = class java.io.ObjectStreamField[3]
      table = null
      nextTable = null
      baseCount = 0
      sizeCtl = 0
      transferIndex = 0
      cellsBusy = 0
      counterCells = null
      keySet = class java.util.concurrent.ConcurrentHashMap$KeySetView@6f2fee42
      values = null
      entrySet = null
      U = class sun.misc.Unsafe@5a3c535e
      SIZECTL = 20
      TRANSFERINDEX = 32
      BASECOUNT = 24
      CELLSBUSY = 36
      CELLVALUE = 144
      ABASE = 16
      ASHIFT = 2
      keySet = null
      values = null
    s = class java.util.concurrent.ConcurrentHashMap$KeySetView@6f2fee42
      serialVersionUID = 7249069246763182397
      value = null
      serialVersionUID = 7249069246763182397
      map = class java.util.concurrent.ConcurrentHashMap@630e7926
      oomeMsg = "Required array size too large"
    serialVersionUID = 2454657854757543876
    MAX_ARRAY_SIZE = 2147483639
  conMgrSvc = class com.ibm.ejs.j2c.ConnectionManagerServiceImpl@53382fe6
    tc = class com.ibm.websphere.ras.TraceComponent@7d768b98
      strings[0] = "TraceComponent[com.ibm.ejs.j2c.ConnectionManagerServiceImpl,class com.ibm.ejs.j2c.ConnectionManagerServiceImpl,[WAS.j2c],com.ibm.ws.jca.cm.internal.resources.J2CAMessages,null]"
    cfKeyToCM = class java.util.concurrent.ConcurrentHashMap@5073aad
      serialVersionUID = 7249069246763182397
      MAXIMUM_CAPACITY = 1073741824
      DEFAULT_CAPACITY = 16
      MAX_ARRAY_SIZE = 2147483639
      DEFAULT_CONCURRENCY_LEVEL = 16
      LOAD_FACTOR = 0.75
      TREEIFY_THRESHOLD = 8
      UNTREEIFY_THRESHOLD = 6
      MIN_TREEIFY_CAPACITY = 64
      MIN_TRANSFER_STRIDE = 16
      RESIZE_STAMP_BITS = 16
      MAX_RESIZERS = 65535
      RESIZE_STAMP_SHIFT = 16
      MOVED = -1
      TREEBIN = -2
      RESERVED = -3
      HASH_BITS = 2147483647
      NCPU = 4
      serialPersistentFields = class java.io.ObjectStreamField[3]
      table = null
      nextTable = null
      baseCount = 0
      sizeCtl = 0
      transferIndex = 0
      cellsBusy = 0
      counterCells = null
      keySet = null
      values = null
      entrySet = null
      U = class sun.misc.Unsafe@5a3c535e
      SIZECTL = 20
      TRANSFERINDEX = 32
      BASECOUNT = 24
      CELLSBUSY = 36
      CELLVALUE = 144
      ABASE = 16
      ASHIFT = 2
      keySet = null
      values = null
    lock = class java.util.concurrent.locks.ReentrantReadWriteLock@45ca16d6
      serialVersionUID = -6992448646407690164
      readerLock = class java.util.concurrent.locks.ReentrantReadWriteLock$ReadLock@76c1c990
      writerLock = class java.util.concurrent.locks.ReentrantReadWriteLock$WriteLock@dc66151
      sync = class java.util.concurrent.locks.ReentrantReadWriteLock$NonfairSync@448d5604
      UNSAFE = class sun.misc.Unsafe@5a3c535e
      TID_OFFSET = 40
    name = "dataSource[jdbc/postgresql-cloud]/connectionManager"
    pm = null
    pmMBean = null
    properties = null
    bndCtx = null
    CONNECTION_MANAGER = "connectionManager"
    FACTORY_PID = "com.ibm.ws.jca.connectionManager"
    ID = "id"
    MAX_CONNECTIONS_PER_THREAD = "maxConnectionsPerThread"
    MAX_IDLE_TIME = "maxIdleTime"
    MAX_POOL_SIZE = "maxPoolSize"
    MIN_POOL_SIZE = "minPoolSize"
    NUM_CONNECTIONS_PER_THREAD_LOCAL = "numConnectionsPerThreadLocal"
    CONNECTION_MANAGER_PROPS = class java.util.Collections$UnmodifiableRandomAccessList@1960ee73
      serialVersionUID = -2542308836966382001
      serialVersionUID = -283967356065247728
      list = class java.util.Arrays$ArrayList@6931a517
      serialVersionUID = 1820017752578914078
      c = class java.util.Arrays$ArrayList@6931a517
    changed = false
    obs = class java.util.Vector@258e7da0
      elementData = class java.lang.Object[10]
      elementCount = 1
      capacityIncrement = 0
      serialVersionUID = -2767605614048989439
      MAX_ARRAY_SIZE = 2147483639
      modCount = 1
      MAX_ARRAY_SIZE = 2147483639
  containerAuthDataRef = null
  isInitialized = class java.util.concurrent.atomic.AtomicBoolean@28329bba
    serialVersionUID = 4654671469794556979
    unsafe = class sun.misc.Unsafe@5a3c535e
      theUnsafe = class sun.misc.Unsafe@5a3c535e
      INVALID_FIELD_OFFSET = -1
      ARRAY_BOOLEAN_BASE_OFFSET = 16
      ARRAY_BYTE_BASE_OFFSET = 16
      ARRAY_SHORT_BASE_OFFSET = 16
      ARRAY_CHAR_BASE_OFFSET = 16
      ARRAY_INT_BASE_OFFSET = 16
      ARRAY_LONG_BASE_OFFSET = 16
      ARRAY_FLOAT_BASE_OFFSET = 16
      ARRAY_DOUBLE_BASE_OFFSET = 16
      ARRAY_OBJECT_BASE_OFFSET = 16
      ARRAY_BOOLEAN_INDEX_SCALE = 1
      ARRAY_BYTE_INDEX_SCALE = 1
      ARRAY_SHORT_INDEX_SCALE = 2
      ARRAY_CHAR_INDEX_SCALE = 2
      ARRAY_INT_INDEX_SCALE = 4
      ARRAY_LONG_INDEX_SCALE = 8
      ARRAY_FLOAT_INDEX_SCALE = 4
      ARRAY_DOUBLE_INDEX_SCALE = 8
      ARRAY_OBJECT_INDEX_SCALE = 4
      ADDRESS_SIZE = 8
    valueOffset = 12
    value = 0
  isServerDefined = true
  lock = class java.util.concurrent.locks.ReentrantReadWriteLock@2c00e270
    serialVersionUID = -6992448646407690164
    readerLock = class java.util.concurrent.locks.ReentrantReadWriteLock$ReadLock@74341528
      serialVersionUID = -5992448646407690164
      sync = class java.util.concurrent.locks.ReentrantReadWriteLock$NonfairSync@3842dfb6
    writerLock = class java.util.concurrent.locks.ReentrantReadWriteLock$WriteLock@4d582eb3
      serialVersionUID = -4992448646407690164
      sync = class java.util.concurrent.locks.ReentrantReadWriteLock$NonfairSync@3842dfb6
    sync = class java.util.concurrent.locks.ReentrantReadWriteLock$NonfairSync@3842dfb6
      serialVersionUID = -8159625535654395037
      serialVersionUID = 6317671515068378041
      SHARED_SHIFT = 16
      SHARED_UNIT = 65536
      MAX_COUNT = 65535
      EXCLUSIVE_MASK = 65535
      readHolds = class java.util.concurrent.locks.ReentrantReadWriteLock$Sync$ThreadLocalHoldCounter@1d82df6b
      cachedHoldCounter = null
      firstReader = null
      firstReaderHoldCount = 1
      serialVersionUID = 7373984972572414691
      head = null
      tail = null
      state = 1
      spinForTimeoutThreshold = 1000
      unsafe = class sun.misc.Unsafe@5a3c535e
      stateOffset = 16
      headOffset = 20
      tailOffset = 24
      waitStatusOffset = 12
      nextOffset = 20
      serialVersionUID = 3737899427754241961
      exclusiveOwnerThread = class java.lang.Thread@1b91b6c0
    UNSAFE = class sun.misc.Unsafe@5a3c535e
    TID_OFFSET = 40
  recoveryAuthDataRef = null

