------Start of DE processing------ = [12/8/15 11:16:36:308 IST]
Exception = javax.resource.ResourceException
Source = com.ibm.ejs.j2c.ConnectionManager.initializeForUOW
probeid = 730
Stack Dump = javax.resource.ResourceException: addSync: caught Exception
	at com.ibm.ejs.j2c.XATransactionWrapper.addSync(XATransactionWrapper.java:205)
	at com.ibm.ejs.j2c.ConnectionManager.initializeForUOW(ConnectionManager.java:1570)
	at com.ibm.ejs.j2c.ConnectionManager.involveMCInTran(ConnectionManager.java:1280)
	at com.ibm.ejs.j2c.ConnectionManager.allocateConnection(ConnectionManager.java:712)
	at com.ibm.ws.rsadapter.jdbc.WSJdbcDataSource.getConnection(WSJdbcDataSource.java:354)
	at com.ibm.ws.rsadapter.jdbc.WSJdbcDataSource.getConnection(WSJdbcDataSource.java:440)
	at org.eclipse.persistence.sessions.JNDIConnector.connect(JNDIConnector.java:144)
	at org.eclipse.persistence.sessions.DatasourceLogin.connectToDatasource(DatasourceLogin.java:162)
	at org.eclipse.persistence.internal.sessions.DatabaseSessionImpl.setOrDetectDatasource(DatabaseSessionImpl.java:212)
	at org.eclipse.persistence.internal.sessions.DatabaseSessionImpl.loginAndDetectDatasource(DatabaseSessionImpl.java:764)
	at org.eclipse.persistence.internal.jpa.EntityManagerFactoryProvider.login(EntityManagerFactoryProvider.java:253)
	at org.eclipse.persistence.internal.jpa.EntityManagerSetupImpl.deploy(EntityManagerSetupImpl.java:733)
	at org.eclipse.persistence.internal.jpa.EntityManagerFactoryDelegate.getAbstractSession(EntityManagerFactoryDelegate.java:205)
	at org.eclipse.persistence.internal.jpa.EntityManagerFactoryDelegate.createEntityManagerImpl(EntityManagerFactoryDelegate.java:305)
	at org.eclipse.persistence.internal.jpa.EntityManagerFactoryImpl.createEntityManagerImpl(EntityManagerFactoryImpl.java:337)
	at org.eclipse.persistence.internal.jpa.EntityManagerFactoryImpl.createEntityManager(EntityManagerFactoryImpl.java:318)
	at com.ibm.ws.jpa.container.v21.internal.JPA21Runtime.createEntityManagerInstance(JPA21Runtime.java:104)
	at com.ibm.ws.jpa.management.JPAEMPool.getEntityManager(JPAEMPool.java:177)
	at com.ibm.ws.jpa.management.JPATxEntityManager.getEMInvocationInfo(JPATxEntityManager.java:256)
	at com.ibm.ws.jpa.management.JPATxEntityManager.getEMInvocationInfo(JPATxEntityManager.java:166)
	at com.ibm.ws.jpa.management.JPAEntityManager.find(JPAEntityManager.java:236)
	at com.offla.services.Appfr1Bean.getAppfr1ById(Appfr1Bean.java:33)
	at com.offla.services.Appfr1Bean.isPersonInDB(Appfr1Bean.java:22)
	at com.offla.services.EJSLocal0SLAppfr1Bean_8d03ba1d.isPersonInDB(EJSLocal0SLAppfr1Bean_8d03ba1d.java)
	at com.offla.ws.IsPersonOnDB.isPersonOnDataBase(IsPersonOnDB.java:43)
	at com.offla.ws.EJSLocalNSLIsPersonOnDB_1c315ab8.isPersonOnDataBase(EJSLocalNSLIsPersonOnDB_1c315ab8.java)
	at sun.reflect.NativeMethodAccessorImpl.invoke0(Native Method)
	at sun.reflect.NativeMethodAccessorImpl.invoke(NativeMethodAccessorImpl.java:62)
	at sun.reflect.DelegatingMethodAccessorImpl.invoke(DelegatingMethodAccessorImpl.java:43)
	at java.lang.reflect.Method.invoke(Method.java:497)
	at com.ibm.ws.jaxrs20.ejb.JaxRsFactoryBeanEJBCustomizer.serviceInvoke(JaxRsFactoryBeanEJBCustomizer.java:349)
	at com.ibm.ws.jaxrs20.server.LibertyJaxRsServerFactoryBean.performInvocation(LibertyJaxRsServerFactoryBean.java:593)
	at com.ibm.ws.jaxrs20.server.LibertyJaxRsInvoker.performInvocation(LibertyJaxRsInvoker.java:114)
	at org.apache.cxf.service.invoker.AbstractInvoker.invoke(AbstractInvoker.java:97)
	at com.ibm.ws.jaxrs20.server.LibertyJaxRsInvoker.invoke(LibertyJaxRsInvoker.java:195)
	at org.apache.cxf.jaxrs.JAXRSInvoker.invoke(JAXRSInvoker.java:200)
	at com.ibm.ws.jaxrs20.server.LibertyJaxRsInvoker.invoke(LibertyJaxRsInvoker.java:366)
	at org.apache.cxf.jaxrs.JAXRSInvoker.invoke(JAXRSInvoker.java:99)
	at org.apache.cxf.interceptor.ServiceInvokerInterceptor$1.run(ServiceInvokerInterceptor.java:61)
	at org.apache.cxf.interceptor.ServiceInvokerInterceptor.handleMessage(ServiceInvokerInterceptor.java:99)
	at org.apache.cxf.phase.PhaseInterceptorChain.doIntercept(PhaseInterceptorChain.java:307)
	at org.apache.cxf.transport.ChainInitiationObserver.onMessage(ChainInitiationObserver.java:124)
	at org.apache.cxf.transport.http.AbstractHTTPDestination.invoke(AbstractHTTPDestination.java:259)
	at com.ibm.ws.jaxrs20.endpoint.AbstractJaxRsWebEndpoint.invoke(AbstractJaxRsWebEndpoint.java:134)
	at com.ibm.websphere.jaxrs.server.IBMRestServlet.handleRequest(IBMRestServlet.java:149)
	at com.ibm.websphere.jaxrs.server.IBMRestServlet.doGet(IBMRestServlet.java:115)
	at javax.servlet.http.HttpServlet.service(HttpServlet.java:687)
	at com.ibm.websphere.jaxrs.server.IBMRestServlet.service(IBMRestServlet.java:99)
	at com.ibm.ws.webcontainer.servlet.ServletWrapper.service(ServletWrapper.java:1287)
	at com.ibm.ws.webcontainer.servlet.ServletWrapper.handleRequest(ServletWrapper.java:778)
	at com.ibm.ws.webcontainer.servlet.ServletWrapper.handleRequest(ServletWrapper.java:475)
	at com.ibm.ws.webcontainer.filter.WebAppFilterManager.invokeFilters(WebAppFilterManager.java:1158)
	at com.ibm.ws.webcontainer.webapp.WebApp.handleRequest(WebApp.java:4867)
	at com.ibm.ws.webcontainer31.osgi.webapp.WebApp31.handleRequest(WebApp31.java:523)
	at com.ibm.ws.webcontainer.osgi.DynamicVirtualHost$2.handleRequest(DynamicVirtualHost.java:297)
	at com.ibm.ws.webcontainer.WebContainer.handleRequest(WebContainer.java:997)
	at com.ibm.ws.webcontainer.osgi.DynamicVirtualHost$2.run(DynamicVirtualHost.java:262)
	at com.ibm.ws.http.dispatcher.internal.channel.HttpDispatcherLink$TaskWrapper.run(HttpDispatcherLink.java:955)
	at com.ibm.ws.http.dispatcher.internal.channel.HttpDispatcherLink.ready(HttpDispatcherLink.java:341)
	at com.ibm.ws.http.channel.internal.inbound.HttpInboundLink.handleDiscrimination(HttpInboundLink.java:470)
	at com.ibm.ws.http.channel.internal.inbound.HttpInboundLink.handleNewRequest(HttpInboundLink.java:404)
	at com.ibm.ws.http.channel.internal.inbound.HttpInboundLink.processRequest(HttpInboundLink.java:284)
	at com.ibm.ws.http.channel.internal.inbound.HttpInboundLink.ready(HttpInboundLink.java:255)
	at com.ibm.ws.tcpchannel.internal.NewConnectionInitialReadCallback.sendToDiscriminators(NewConnectionInitialReadCallback.java:174)
	at com.ibm.ws.tcpchannel.internal.NewConnectionInitialReadCallback.complete(NewConnectionInitialReadCallback.java:83)
	at com.ibm.ws.tcpchannel.internal.WorkQueueManager.requestComplete(WorkQueueManager.java:504)
	at com.ibm.ws.tcpchannel.internal.WorkQueueManager.attemptIO(WorkQueueManager.java:574)
	at com.ibm.ws.tcpchannel.internal.WorkQueueManager.workerRun(WorkQueueManager.java:929)
	at com.ibm.ws.tcpchannel.internal.WorkQueueManager$Worker.run(WorkQueueManager.java:1018)
	at java.util.concurrent.ThreadPoolExecutor.runWorker(ThreadPoolExecutor.java:1142)
	at java.util.concurrent.ThreadPoolExecutor$Worker.run(ThreadPoolExecutor.java:617)
	at java.lang.Thread.run(Thread.java:745)
Caused by: javax.transaction.RollbackException: Transaction rolled back
	at com.ibm.tx.jta.impl.TransactionImpl.registerSynchronization(TransactionImpl.java:2544)
	at com.ibm.tx.jta.embeddable.impl.EmbeddableTranManagerSet.registerSynchronization(EmbeddableTranManagerSet.java:247)
	at com.ibm.tx.jta.embeddable.impl.EmbeddableTranManagerSet.registerSynchronization(EmbeddableTranManagerSet.java:234)
	at com.ibm.ws.transaction.services.TransactionManagerService.registerSynchronization(TransactionManagerService.java:410)
	at com.ibm.ejs.j2c.XATransactionWrapper.addSync(XATransactionWrapper.java:195)
	... 71 more

Dump of callerThis
Object type = com.ibm.ejs.j2c.ConnectionManager
  serialVersionUID = -3078170792213348926
  tc = class com.ibm.websphere.ras.TraceComponent@450777e9
    strings[0] = "TraceComponent[com.ibm.ejs.j2c.ConnectionManager,class com.ibm.ejs.j2c.ConnectionManager,[WAS.j2c],com.ibm.ws.j2c.resources.J2CAMessages,null]"
  cmiHashMap = class java.util.concurrent.ConcurrentHashMap@213a4b0f
    serialVersionUID = 7249069246763182397
    MAXIMUM_CAPACITY = 1073741824
    DEFAULT_CAPACITY = 16
    MAX_ARRAY_SIZE = 2147483639
    DEFAULT_CONCURRENCY_LEVEL = 16
    LOAD_FACTOR = 0.75
    TREEIFY_THRESHOLD = 8
    UNTREEIFY_THRESHOLD = 6
    MIN_TREEIFY_CAPACITY = 64
    MIN_TRANSFER_STRIDE = 16
    RESIZE_STAMP_BITS = 16
    MAX_RESIZERS = 65535
    RESIZE_STAMP_SHIFT = 16
    MOVED = -1
    TREEBIN = -2
    RESERVED = -3
    HASH_BITS = 2147483647
    NCPU = 4
    serialPersistentFields = class java.io.ObjectStreamField[3]
      serialPersistentFields[0] = class java.io.ObjectStreamField@52e99af4
      serialPersistentFields[1] = class java.io.ObjectStreamField@6237a85
      serialPersistentFields[2] = class java.io.ObjectStreamField@19f9d56c
    table = null
    nextTable = null
    baseCount = 0
    sizeCtl = 0
    transferIndex = 0
    cellsBusy = 0
    counterCells = null
    keySet = null
    values = null
    entrySet = null
    U = class sun.misc.Unsafe@7255cfd5
      theUnsafe = class sun.misc.Unsafe@7255cfd5
      INVALID_FIELD_OFFSET = -1
      ARRAY_BOOLEAN_BASE_OFFSET = 16
      ARRAY_BYTE_BASE_OFFSET = 16
      ARRAY_SHORT_BASE_OFFSET = 16
      ARRAY_CHAR_BASE_OFFSET = 16
      ARRAY_INT_BASE_OFFSET = 16
      ARRAY_LONG_BASE_OFFSET = 16
      ARRAY_FLOAT_BASE_OFFSET = 16
      ARRAY_DOUBLE_BASE_OFFSET = 16
      ARRAY_OBJECT_BASE_OFFSET = 16
      ARRAY_BOOLEAN_INDEX_SCALE = 1
      ARRAY_BYTE_INDEX_SCALE = 1
      ARRAY_SHORT_INDEX_SCALE = 2
      ARRAY_CHAR_INDEX_SCALE = 2
      ARRAY_INT_INDEX_SCALE = 4
      ARRAY_LONG_INDEX_SCALE = 8
      ARRAY_FLOAT_INDEX_SCALE = 4
      ARRAY_DOUBLE_INDEX_SCALE = 8
      ARRAY_OBJECT_INDEX_SCALE = 4
      ADDRESS_SIZE = 8
    SIZECTL = 20
    TRANSFERINDEX = 32
    BASECOUNT = 24
    CELLSBUSY = 36
    CELLVALUE = 144
    ABASE = 16
    ASHIFT = 2
    keySet = null
    values = null
  connectionFactorySvc = class com.ibm.ws.jdbc.DataSourceService@583aa816
    tc = class com.ibm.websphere.ras.TraceComponent@3bbc07e0
      strings[0] = "TraceComponent[com.ibm.ws.jdbc.DataSourceService,class com.ibm.ws.jdbc.DataSourceService,[RRA],com.ibm.ws.rsadapter.resources.IBMDataStoreAdapterNLS,null]"
    dsraTc = class com.ibm.websphere.ras.TraceComponent@7bb2072d
      strings[0] = "TraceComponent[com.ibm.ws.jdbc.DataSourceService,class com.ibm.ws.jdbc.DataSourceService,[RRA],com.ibm.ws.jdbc.internal.resources.DSRAMessages,null]"
    JNDI_NAME = "jndiName"
    CONNECTION_MANAGER = "connectionManager"
    DATASOURCE = "dataSource"
    FACTORY_PID = "com.ibm.ws.jdbc.dataSource"
    JDBC_DRIVER = "driver"
    SUPPORT_EXTENSIONS = "supportExtensions"
    TARGET_CONNECTION_MANAGER = "connectionManager.target"
    TARGET_CONTAINER_AUTH_DATA = "containerAuthData.target"
    TARGET_JDBC_DRIVER = "driver.target"
    TARGET_RECOVERY_AUTH_DATA = "recoveryAuthData.target"
    UNIQUE_JNDI_NAME = "jndiName.unique"
    DECLARING_APPLICATION = "declaringApplication"
    WPROPS_TO_SKIP = class java.util.HashSet@93a36aa
      serialVersionUID = -5024744406713321676
      map = class java.util.HashMap@263c17c3
      PRESENT = class java.lang.Object@b791dac
      MAX_ARRAY_SIZE = 2147483639
    componentContext = class org.apache.felix.scr.impl.manager.ComponentContextImpl@53931ef
      m_componentManager = class org.apache.felix.scr.impl.manager.SingleComponentManager@559ca0a8
      edgeInfos = class org.apache.felix.scr.impl.manager.EdgeInfo[7]
      m_componentInstance = class org.apache.felix.scr.impl.manager.ComponentContextImpl$ComponentInstanceImpl@7ffe2b3d
      m_usingBundle = null
      m_implementationObject = class com.ibm.ws.jdbc.DataSourceService@583aa816
      m_implementationAccessible = true
      accessibleLatch = class java.util.concurrent.CountDownLatch@2ac23558
    connectorSvc = class com.ibm.ejs.j2c.ConnectorServiceImpl@47286ff0
      tc = class com.ibm.websphere.ras.TraceComponent@3fcd1c8c
      authDataServiceRef = class com.ibm.wsspi.kernel.service.utils.AtomicServiceReference@1a6b4948
      deferrableSchedXSvcRef = class com.ibm.wsspi.kernel.service.utils.AtomicServiceReference@53f30dd6
      execSvcRef = class com.ibm.wsspi.kernel.service.utils.AtomicServiceReference@5d5a7356
      nonDeferrableSchedXSvcRef = class com.ibm.wsspi.kernel.service.utils.AtomicServiceReference@6609f550
      rrsXAResFactorySvcRef = class com.ibm.wsspi.kernel.service.utils.AtomicServiceReference@2668c1d0
      transactionManager = class com.ibm.ws.transaction.services.TransactionManagerService@6dbef576
      variableRegistrySvcRef = class com.ibm.wsspi.kernel.service.utils.AtomicServiceReference@6370eb54
      tc = class com.ibm.websphere.ras.TraceComponent@1c077772
      NLS = class com.ibm.ejs.ras.TraceNLS@4a7a211f
    dsConfigRef = class java.util.concurrent.atomic.AtomicReference@1c80987a
      serialVersionUID = -1848883965231344442
      unsafe = class sun.misc.Unsafe@7255cfd5
      valueOffset = 12
      value = class com.ibm.ws.rsadapter.DSConfig@59c00d1
    destroyWasDeferred = false
    embDerbyRefCount = class java.util.concurrent.ConcurrentLinkedQueue@185323f5
      serialVersionUID = 196745693267521676
      head = class java.util.concurrent.ConcurrentLinkedQueue$Node@795a964e
      tail = class java.util.concurrent.ConcurrentLinkedQueue$Node@795a964e
      UNSAFE = class sun.misc.Unsafe@7255cfd5
      headOffset = 12
      tailOffset = 16
      MAX_ARRAY_SIZE = 2147483639
    id = "dataSource[jdbc/postgresql-cloud]"
    isDerbyEmbedded = false
    jdbcDriverSvc = class com.ibm.ws.jdbc.internal.JDBCDriverService@7cb26020
      tc = class com.ibm.websphere.ras.TraceComponent@72a4e159
      FACTORY_PID = "com.ibm.ws.jdbc.jdbcDriver"
      ID = "id"
      LIBRARY_REF = "libraryRef"
      JDBC_DRIVER = "jdbcDriver"
      TARGET_LIBRARY = "sharedLib.target"
      PROPS_FOR_XA_ONLY = class java.util.Arrays$ArrayList@6aa939d7
      classloader = class com.ibm.ws.classloading.internal.AppClassLoader@5c882c81
      connectorSvc = class com.ibm.ejs.j2c.ConnectorServiceImpl@47286ff0
      embDerbyRefCount = class java.util.concurrent.ConcurrentLinkedQueue@30eb700
      introspectedClasses = class java.util.HashSet@6cefa92d
      isDerbyEmbedded = class java.util.concurrent.atomic.AtomicBoolean@154859cd
      lock = class java.util.concurrent.locks.ReentrantReadWriteLock@360cbd32
      name = "dataSource[jdbc/postgresql-cloud]/jdbcDriver[default-0]"
      properties = class org.apache.felix.scr.impl.helper.ReadOnlyDictionary@40ccba44
      sharedLib = class com.ibm.ws.library.internal.SharedLibraryImpl@51fbd5b1
      changed = false
      obs = class java.util.Vector@62a7872
    jdbcRuntime = class com.ibm.ws.jdbc.osgi.v41.JDBCRuntimeVersion41@7f259e90
    properties = class org.apache.felix.scr.impl.helper.ReadOnlyDictionary@677e9a46
      m_delegate = class java.util.Hashtable@2afc0fc1
    tc = class com.ibm.websphere.ras.TraceComponent@6324973b
      strings[0] = "TraceComponent[com.ibm.ws.jca.cm.AbstractConnectionFactoryService,class com.ibm.ws.jca.cm.AbstractConnectionFactoryService,[WAS.j2c],com.ibm.ws.jca.cm.internal.resources.J2CAMessages,null]"
    ID = "id"
    JNDI_NAME = "jndiName"
    DEFAULT_NESTED_PATTERN = class java.util.regex.Pattern@663351d7
      UNIX_LINES = 1
      CASE_INSENSITIVE = 2
      COMMENTS = 4
      MULTILINE = 8
      LITERAL = 16
      DOTALL = 32
      UNICODE_CASE = 64
      CANON_EQ = 128
      UNICODE_CHARACTER_CLASS = 256
      serialVersionUID = 5073258162644648461
      pattern = ".*(\[default-\d*\])$"
      flags = 0
      compiled = true
      normalizedPattern = ".*(\[default-\d*\])$"
      root = class java.util.regex.Pattern$Start@1af4eb7a
      matchRoot = class java.util.regex.Pattern$Curly@6750e6fc
      buffer = null
      namedGroups = null
      groupNodes = null
      temp = null
      capturingGroupCount = 2
      localCount = 1
      cursor = 20
      patternLength = 0
      hasSupplementary = false
      MAX_REPS = 2147483647
      GREEDY = 0
      LAZY = 1
      POSSESSIVE = 2
      INDEPENDENT = 3
      lookbehindEnd = class java.util.regex.Pattern$4@5acfecbf
      accept = class java.util.regex.Pattern$Node@2fc02dcc
      lastAccept = class java.util.regex.Pattern$LastNode@12d2bc75
      $assertionsDisabled = true
    DEFAULT_PATTERN = class java.util.regex.Pattern@9ef8e51
      UNIX_LINES = 1
      CASE_INSENSITIVE = 2
      COMMENTS = 4
      MULTILINE = 8
      LITERAL = 16
      DOTALL = 32
      UNICODE_CASE = 64
      CANON_EQ = 128
      UNICODE_CHARACTER_CLASS = 256
      serialVersionUID = 5073258162644648461
      pattern = "(default-\d*)$"
      flags = 0
      compiled = true
      normalizedPattern = "(default-\d*)$"
      root = class java.util.regex.Pattern$Start@2f1084ed
      matchRoot = class java.util.regex.Pattern$GroupHead@127d8cfe
      buffer = null
      namedGroups = null
      groupNodes = null
      temp = null
      capturingGroupCount = 2
      localCount = 1
      cursor = 14
      patternLength = 0
      hasSupplementary = false
      MAX_REPS = 2147483647
      GREEDY = 0
      LAZY = 1
      POSSESSIVE = 2
      INDEPENDENT = 3
      lookbehindEnd = class java.util.regex.Pattern$4@5acfecbf
      accept = class java.util.regex.Pattern$Node@2fc02dcc
      lastAccept = class java.util.regex.Pattern$LastNode@12d2bc75
      $assertionsDisabled = true
    appsToRecycle = class java.util.Collections$SetFromMap@5a6d40e2
      m = class java.util.concurrent.ConcurrentHashMap@7e6cbc04
      s = class java.util.concurrent.ConcurrentHashMap$KeySetView@229bff7b
      serialVersionUID = 2454657854757543876
      MAX_ARRAY_SIZE = 2147483639
    conMgrSvc = class com.ibm.ejs.j2c.ConnectionManagerServiceImpl@49524d43
      tc = class com.ibm.websphere.ras.TraceComponent@29120f7f
      cfKeyToCM = class java.util.concurrent.ConcurrentHashMap@10ee1c5b
      lock = class java.util.concurrent.locks.ReentrantReadWriteLock@6df3491a
      name = "dataSource[jdbc/postgresql-cloud]/connectionManager"
      pm = class com.ibm.ejs.j2c.PoolManager@2bb7d968
      pmMBean = class com.ibm.ejs.j2c.PoolManagerMBeanImpl@686035cf
      properties = null
      bndCtx = class org.eclipse.osgi.internal.framework.BundleContextImpl@4f34c4d4
      CONNECTION_MANAGER = "connectionManager"
      FACTORY_PID = "com.ibm.ws.jca.connectionManager"
      ID = "id"
      MAX_CONNECTIONS_PER_THREAD = "maxConnectionsPerThread"
      MAX_IDLE_TIME = "maxIdleTime"
      MAX_POOL_SIZE = "maxPoolSize"
      MIN_POOL_SIZE = "minPoolSize"
      NUM_CONNECTIONS_PER_THREAD_LOCAL = "numConnectionsPerThreadLocal"
      CONNECTION_MANAGER_PROPS = class java.util.Collections$UnmodifiableRandomAccessList@88cf05c
      changed = false
      obs = class java.util.Vector@7f40c3ce
    containerAuthDataRef = null
    isInitialized = class java.util.concurrent.atomic.AtomicBoolean@35130057
      serialVersionUID = 4654671469794556979
      unsafe = class sun.misc.Unsafe@7255cfd5
      valueOffset = 12
      value = 1
    isServerDefined = true
    lock = class java.util.concurrent.locks.ReentrantReadWriteLock@40fb9da2
      serialVersionUID = -6992448646407690164
      readerLock = class java.util.concurrent.locks.ReentrantReadWriteLock$ReadLock@30f34aad
      writerLock = class java.util.concurrent.locks.ReentrantReadWriteLock$WriteLock@54bd3dac
      sync = class java.util.concurrent.locks.ReentrantReadWriteLock$NonfairSync@4f548cfd
      UNSAFE = class sun.misc.Unsafe@7255cfd5
      TID_OFFSET = 40
    recoveryAuthDataRef = null
  numberOfCMinstancesEverCreated = class java.util.concurrent.atomic.AtomicLong@64946f62
    serialVersionUID = 1927816293512124184
    unsafe = class sun.misc.Unsafe@7255cfd5
    valueOffset = 16
    VM_SUPPORTS_LONG_CAS = true
    value = 0
    serialVersionUID = -8742448824652078965
  cfDetailsKey = "dataSource[jdbc/postgresql-cloud]00100-1"
  cmConfig = class com.ibm.ejs.j2c.CMConfigDataImpl@51995e49
    serialVersionUID = 2034951388889375702
    res_sharing_scope = true
    res_isolation_level = 0
    res_resolution_control = 999
    res_auth = 1
    cf_name = "undefined"
    jndiName = "jdbc/postgresql-cloud"
    cfDetailsKey = "dataSource[jdbc/postgresql-cloud]00100-1"
    _CfKey = "dataSource[jdbc/postgresql-cloud]"
    loginConfigurationName = null
    loginConfigProperties = null
    loginConfigPropsKeyString = null
    _commitPriority = 0
    _branchCoupling = -1
    _ConfigDumpId = "jdbc/postgresql-cloud"
    _resRefName = null
    _containerAlias = null
    TC = class com.ibm.websphere.ras.TraceComponent@86bee10
      strings[0] = "TraceComponent[com.ibm.ejs.j2c.CMConfigDataImpl,class com.ibm.ejs.j2c.CMConfigDataImpl,[WAS.j2c],com.ibm.ws.j2c.resources.J2CAMessages,null]"
    serialPersistentFields = class java.io.ObjectStreamField[13]
      serialPersistentFields[0] = class java.io.ObjectStreamField@405286c3
      serialPersistentFields[1] = class java.io.ObjectStreamField@636759ba
      serialPersistentFields[2] = class java.io.ObjectStreamField@74071b60
      serialPersistentFields[3] = class java.io.ObjectStreamField@76293e0
      serialPersistentFields[4] = class java.io.ObjectStreamField@53527951
      serialPersistentFields[5] = class java.io.ObjectStreamField@a214008
      serialPersistentFields[6] = class java.io.ObjectStreamField@46318637
      serialPersistentFields[7] = class java.io.ObjectStreamField@555ff082
      serialPersistentFields[8] = class java.io.ObjectStreamField@15879389
      serialPersistentFields[9] = class java.io.ObjectStreamField@15a6b031
      serialPersistentFields[10] = class java.io.ObjectStreamField@5fec8c8c
      serialPersistentFields[11] = class java.io.ObjectStreamField@759dbc13
      serialPersistentFields[12] = class java.io.ObjectStreamField@5caf62f2
  shareable = true
  primaryRecoveryToken = 1
  securityHelper = class com.ibm.ejs.j2c.DefaultSecurityHelper@26cf01b3
    serialVersionUID = -4731664268509657999
    tc = class com.ibm.websphere.ras.TraceComponent@cf3cc1c
      strings[0] = "TraceComponent[com.ibm.ejs.j2c.DefaultSecurityHelper,class com.ibm.ejs.j2c.DefaultSecurityHelper,[WAS.j2c],com.ibm.ws.j2c.resources.J2CAMessages,null]"
  websphereMCF = true
  commitPriority = 0
  localTranSupportSet = false
  _getADP = null
  containerManagedAuth = false
  handleToThreadMap = null
  handleToCMDMap = null
  started = true
  connThreadInfoEnabled = false
  alternateCM = null
  alternatePM = null
  alternateMCF = null
  alternateRecoveryToken = 0
  primaryPM = class com.ibm.ejs.j2c.PoolManager@2bb7d968
    tc = class com.ibm.websphere.ras.TraceComponent@34124d77
      strings[0] = "TraceComponent[com.ibm.ejs.j2c.PoolManager,class com.ibm.ejs.j2c.PoolManager,[WAS.j2c],com.ibm.ws.j2c.resources.J2CAMessages,null]"
    alertResourceBundleName = "com.ibm.ws.j2c.resources.J2CAMessages"
    alertLogger = null
    ERROR_CONNECTION_POOL_IS_PAUSED = 2147117569
    nl = "
"
    alertAgent = null
    connectorSvc = class com.ibm.ejs.j2c.ConnectorServiceImpl@47286ff0
    gConfigProps = class com.ibm.ejs.j2c.J2CGlobalConfigProperties@51b4cb33
    _surgeTaskTimer = null
    _stuckTaskTimer = null
    reaperThreadStarted = false
    taskTimerLockObject = {} /* array length = 0*/
    _testConnectionTaskTimer = null
    waitSkip = 0
    displayInfiniteWaitMessage = false
    isAlternateResourceEnabled = false
    isAlternateResourceConfigured = false
    alternateResourceJNDIName = null
    failureNotificationActionCode = 0
    isFailureNotificationEnabled = false
    failureThreshold = 5
    alternateConnectionFactory = null
    alternateresourcelock = {} /* array length = 0*/
    isPartialResourceAdapterFailoverSupportEnabled = false
    resourceAvailabilityTestRetryInterval = 10
    tlsArrayLists = class java.util.concurrent.ConcurrentHashMap@5766ff5d
      serialVersionUID = 7249069246763182397
      MAXIMUM_CAPACITY = 1073741824
      DEFAULT_CAPACITY = 16
      MAX_ARRAY_SIZE = 2147483639
      DEFAULT_CONCURRENCY_LEVEL = 16
      LOAD_FACTOR = 0.75
      TREEIFY_THRESHOLD = 8
      UNTREEIFY_THRESHOLD = 6
      MIN_TREEIFY_CAPACITY = 64
      MIN_TRANSFER_STRIDE = 16
      RESIZE_STAMP_BITS = 16
      MAX_RESIZERS = 65535
      RESIZE_STAMP_SHIFT = 16
      MOVED = -1
      TREEBIN = -2
      RESERVED = -3
      HASH_BITS = 2147483647
      NCPU = 4
      serialPersistentFields = class java.io.ObjectStreamField[3]
      table = null
      nextTable = null
      baseCount = 0
      sizeCtl = 0
      transferIndex = 0
      cellsBusy = 0
      counterCells = null
      keySet = null
      values = null
      entrySet = null
      U = class sun.misc.Unsafe@7255cfd5
      SIZECTL = 20
      TRANSFERINDEX = 32
      BASECOUNT = 24
      CELLSBUSY = 36
      CELLVALUE = 144
      ABASE = 16
      ASHIFT = 2
      keySet = null
      values = null
    sharedPool = class com.ibm.ejs.j2c.SharedPool[200]
      sharedPool[0] = class com.ibm.ejs.j2c.SharedPool@5990c316
      sharedPool[1] = class com.ibm.ejs.j2c.SharedPool@6cf88336
      sharedPool[2] = class com.ibm.ejs.j2c.SharedPool@2652fc35
      sharedPool[3] = class com.ibm.ejs.j2c.SharedPool@681453e1
      sharedPool[4] = class com.ibm.ejs.j2c.SharedPool@3743b586
      sharedPool[5] = class com.ibm.ejs.j2c.SharedPool@1f0a616b
      sharedPool[6] = class com.ibm.ejs.j2c.SharedPool@2e8895eb
      sharedPool[7] = class com.ibm.ejs.j2c.SharedPool@64495080
      sharedPool[8] = class com.ibm.ejs.j2c.SharedPool@4e8c260a
      sharedPool[9] = class com.ibm.ejs.j2c.SharedPool@2410789
      sharedPool[10] = class com.ibm.ejs.j2c.SharedPool@688cede7
      sharedPool[11] = class com.ibm.ejs.j2c.SharedPool@46ef6d26
      sharedPool[12] = class com.ibm.ejs.j2c.SharedPool@69fcaf87
      sharedPool[13] = class com.ibm.ejs.j2c.SharedPool@638b807e
      sharedPool[14] = class com.ibm.ejs.j2c.SharedPool@6ce7aa3d
      sharedPool[15] = class com.ibm.ejs.j2c.SharedPool@515c7cda
      sharedPool[16] = class com.ibm.ejs.j2c.SharedPool@5dd061e1
      sharedPool[17] = class com.ibm.ejs.j2c.SharedPool@62e79255
      sharedPool[18] = class com.ibm.ejs.j2c.SharedPool@33007a76
      sharedPool[19] = class com.ibm.ejs.j2c.SharedPool@1087a60
      sharedPool[20] = class com.ibm.ejs.j2c.SharedPool@5f09ccc9
      sharedPool[21] = class com.ibm.ejs.j2c.SharedPool@1a29847
      sharedPool[22] = class com.ibm.ejs.j2c.SharedPool@31c181cf
      sharedPool[23] = class com.ibm.ejs.j2c.SharedPool@735836ed
      sharedPool[24] = class com.ibm.ejs.j2c.SharedPool@62a6c3cb
      sharedPool[25] = class com.ibm.ejs.j2c.SharedPool@77d30f78
      sharedPool[26] = class com.ibm.ejs.j2c.SharedPool@4aa137b4
      sharedPool[27] = class com.ibm.ejs.j2c.SharedPool@787c9f53
      sharedPool[28] = class com.ibm.ejs.j2c.SharedPool@2c90a30c
      sharedPool[29] = class com.ibm.ejs.j2c.SharedPool@43d7d129
      sharedPool[30] = class com.ibm.ejs.j2c.SharedPool@85270
      sharedPool[31] = class com.ibm.ejs.j2c.SharedPool@1c92c325
      sharedPool[32] = class com.ibm.ejs.j2c.SharedPool@35339b78
      sharedPool[33] = class com.ibm.ejs.j2c.SharedPool@48904a6e
      sharedPool[34] = class com.ibm.ejs.j2c.SharedPool@ac90ade
      sharedPool[35] = class com.ibm.ejs.j2c.SharedPool@487b49
      sharedPool[36] = class com.ibm.ejs.j2c.SharedPool@2989d863
      sharedPool[37] = class com.ibm.ejs.j2c.SharedPool@63803406
      sharedPool[38] = class com.ibm.ejs.j2c.SharedPool@21dd5d52
      sharedPool[39] = class com.ibm.ejs.j2c.SharedPool@628ce813
      sharedPool[40] = class com.ibm.ejs.j2c.SharedPool@5216ee1
      sharedPool[41] = class com.ibm.ejs.j2c.SharedPool@67635a47
      sharedPool[42] = class com.ibm.ejs.j2c.SharedPool@2c1fbc34
      sharedPool[43] = class com.ibm.ejs.j2c.SharedPool@29d615d4
      sharedPool[44] = class com.ibm.ejs.j2c.SharedPool@270e3069
      sharedPool[45] = class com.ibm.ejs.j2c.SharedPool@5a42e7ad
      sharedPool[46] = class com.ibm.ejs.j2c.SharedPool@bed1ecd
      sharedPool[47] = class com.ibm.ejs.j2c.SharedPool@128cc2d1
      sharedPool[48] = class com.ibm.ejs.j2c.SharedPool@44572591
      sharedPool[49] = class com.ibm.ejs.j2c.SharedPool@9e5cd39
      sharedPool[50] = class com.ibm.ejs.j2c.SharedPool@6a1da1be
      sharedPool[51] = class com.ibm.ejs.j2c.SharedPool@1e736c66
      sharedPool[52] = class com.ibm.ejs.j2c.SharedPool@6375b994
      sharedPool[53] = class com.ibm.ejs.j2c.SharedPool@44de3cc6
      sharedPool[54] = class com.ibm.ejs.j2c.SharedPool@43c975b2
      sharedPool[55] = class com.ibm.ejs.j2c.SharedPool@465c31f1
      sharedPool[56] = class com.ibm.ejs.j2c.SharedPool@82b89b7
      sharedPool[57] = class com.ibm.ejs.j2c.SharedPool@3da6bc78
      sharedPool[58] = class com.ibm.ejs.j2c.SharedPool@35ca2a9b
      sharedPool[59] = class com.ibm.ejs.j2c.SharedPool@123e566a
      sharedPool[60] = class com.ibm.ejs.j2c.SharedPool@460c13ab
      sharedPool[61] = class com.ibm.ejs.j2c.SharedPool@4ec1326e
      sharedPool[62] = class com.ibm.ejs.j2c.SharedPool@2abb57df
      sharedPool[63] = class com.ibm.ejs.j2c.SharedPool@4a56c9e4
      sharedPool[64] = class com.ibm.ejs.j2c.SharedPool@6c610a4e
      sharedPool[65] = class com.ibm.ejs.j2c.SharedPool@2b7417ee
      sharedPool[66] = class com.ibm.ejs.j2c.SharedPool@5b01b8f0
      sharedPool[67] = class com.ibm.ejs.j2c.SharedPool@2764439d
      sharedPool[68] = class com.ibm.ejs.j2c.SharedPool@43330e45
      sharedPool[69] = class com.ibm.ejs.j2c.SharedPool@4873aaaa
      sharedPool[70] = class com.ibm.ejs.j2c.SharedPool@1ee34d6c
      sharedPool[71] = class com.ibm.ejs.j2c.SharedPool@1b9e8d86
      sharedPool[72] = class com.ibm.ejs.j2c.SharedPool@4004f996
      sharedPool[73] = class com.ibm.ejs.j2c.SharedPool@15772dc6
      sharedPool[74] = class com.ibm.ejs.j2c.SharedPool@117b8a29
      sharedPool[75] = class com.ibm.ejs.j2c.SharedPool@7ee6d73d
      sharedPool[76] = class com.ibm.ejs.j2c.SharedPool@1949493e
      sharedPool[77] = class com.ibm.ejs.j2c.SharedPool@35fc5ecc
      sharedPool[78] = class com.ibm.ejs.j2c.SharedPool@789bb098
      sharedPool[79] = class com.ibm.ejs.j2c.SharedPool@300cdf89
      sharedPool[80] = class com.ibm.ejs.j2c.SharedPool@63df700f
      sharedPool[81] = class com.ibm.ejs.j2c.SharedPool@34024886
      sharedPool[82] = class com.ibm.ejs.j2c.SharedPool@11b831ee
      sharedPool[83] = class com.ibm.ejs.j2c.SharedPool@479e54c7
      sharedPool[84] = class com.ibm.ejs.j2c.SharedPool@5f591b33
      sharedPool[85] = class com.ibm.ejs.j2c.SharedPool@79b92e26
      sharedPool[86] = class com.ibm.ejs.j2c.SharedPool@295e47be
      sharedPool[87] = class com.ibm.ejs.j2c.SharedPool@1c53163e
      sharedPool[88] = class com.ibm.ejs.j2c.SharedPool@b441604
      sharedPool[89] = class com.ibm.ejs.j2c.SharedPool@3bbcd154
      sharedPool[90] = class com.ibm.ejs.j2c.SharedPool@6004122a
      sharedPool[91] = class com.ibm.ejs.j2c.SharedPool@64621af2
      sharedPool[92] = class com.ibm.ejs.j2c.SharedPool@4f3dc44c
      sharedPool[93] = class com.ibm.ejs.j2c.SharedPool@12568a8e
      sharedPool[94] = class com.ibm.ejs.j2c.SharedPool@52835fac
      sharedPool[95] = class com.ibm.ejs.j2c.SharedPool@26c26a84
      sharedPool[96] = class com.ibm.ejs.j2c.SharedPool@77cc5b4
      sharedPool[97] = class com.ibm.ejs.j2c.SharedPool@21d83d2f
      sharedPool[98] = class com.ibm.ejs.j2c.SharedPool@69ee6887
      sharedPool[99] = class com.ibm.ejs.j2c.SharedPool@5ccda974
      sharedPool[100] = class com.ibm.ejs.j2c.SharedPool@3d7d963c
      sharedPool[101] = class com.ibm.ejs.j2c.SharedPool@5d2cf5f9
      sharedPool[102] = class com.ibm.ejs.j2c.SharedPool@471c148b
      sharedPool[103] = class com.ibm.ejs.j2c.SharedPool@76ab9315
      sharedPool[104] = class com.ibm.ejs.j2c.SharedPool@2736278a
      sharedPool[105] = class com.ibm.ejs.j2c.SharedPool@1d0f9da8
      sharedPool[106] = class com.ibm.ejs.j2c.SharedPool@3a107ace
      sharedPool[107] = class com.ibm.ejs.j2c.SharedPool@100975a2
      sharedPool[108] = class com.ibm.ejs.j2c.SharedPool@6950a5e
      sharedPool[109] = class com.ibm.ejs.j2c.SharedPool@679625f9
      sharedPool[110] = class com.ibm.ejs.j2c.SharedPool@5ee9e5cf
      sharedPool[111] = class com.ibm.ejs.j2c.SharedPool@5163fd5
      sharedPool[112] = class com.ibm.ejs.j2c.SharedPool@2bff12d3
      sharedPool[113] = class com.ibm.ejs.j2c.SharedPool@7d9053b8
      sharedPool[114] = class com.ibm.ejs.j2c.SharedPool@6cc60658
      sharedPool[115] = class com.ibm.ejs.j2c.SharedPool@581a6482
      sharedPool[116] = class com.ibm.ejs.j2c.SharedPool@b209cd8
      sharedPool[117] = class com.ibm.ejs.j2c.SharedPool@74d21397
      sharedPool[118] = class com.ibm.ejs.j2c.SharedPool@28fa2f93
      sharedPool[119] = class com.ibm.ejs.j2c.SharedPool@23cf707a
      sharedPool[120] = class com.ibm.ejs.j2c.SharedPool@2c86fe87
      sharedPool[121] = class com.ibm.ejs.j2c.SharedPool@482c1e2b
      sharedPool[122] = class com.ibm.ejs.j2c.SharedPool@31d3360a
      sharedPool[123] = class com.ibm.ejs.j2c.SharedPool@6947ccea
      sharedPool[124] = class com.ibm.ejs.j2c.SharedPool@722e7583
      sharedPool[125] = class com.ibm.ejs.j2c.SharedPool@5a5be0ab
      sharedPool[126] = class com.ibm.ejs.j2c.SharedPool@7210fe8c
      sharedPool[127] = class com.ibm.ejs.j2c.SharedPool@25675cb8
      sharedPool[128] = class com.ibm.ejs.j2c.SharedPool@24e4a7fa
      sharedPool[129] = class com.ibm.ejs.j2c.SharedPool@21bf5575
      sharedPool[130] = class com.ibm.ejs.j2c.SharedPool@542e3b50
      sharedPool[131] = class com.ibm.ejs.j2c.SharedPool@4b333ff1
      sharedPool[132] = class com.ibm.ejs.j2c.SharedPool@4a699a1a
      sharedPool[133] = class com.ibm.ejs.j2c.SharedPool@11266adf
      sharedPool[134] = class com.ibm.ejs.j2c.SharedPool@34773710
      sharedPool[135] = class com.ibm.ejs.j2c.SharedPool@66694ad8
      sharedPool[136] = class com.ibm.ejs.j2c.SharedPool@6056a545
      sharedPool[137] = class com.ibm.ejs.j2c.SharedPool@42844b02
      sharedPool[138] = class com.ibm.ejs.j2c.SharedPool@4fc62bf5
      sharedPool[139] = class com.ibm.ejs.j2c.SharedPool@6355975f
      sharedPool[140] = class com.ibm.ejs.j2c.SharedPool@36fc7afd
      sharedPool[141] = class com.ibm.ejs.j2c.SharedPool@56c0fb7b
      sharedPool[142] = class com.ibm.ejs.j2c.SharedPool@2827fbd5
      sharedPool[143] = class com.ibm.ejs.j2c.SharedPool@67876ee1
      sharedPool[144] = class com.ibm.ejs.j2c.SharedPool@3279cb7e
      sharedPool[145] = class com.ibm.ejs.j2c.SharedPool@63b3f569
      sharedPool[146] = class com.ibm.ejs.j2c.SharedPool@74dd4399
      sharedPool[147] = class com.ibm.ejs.j2c.SharedPool@28f1db85
      sharedPool[148] = class com.ibm.ejs.j2c.SharedPool@542fd7de
      sharedPool[149] = class com.ibm.ejs.j2c.SharedPool@284b788f
      sharedPool[150] = class com.ibm.ejs.j2c.SharedPool@36143794
      sharedPool[151] = class com.ibm.ejs.j2c.SharedPool@101fff20
      sharedPool[152] = class com.ibm.ejs.j2c.SharedPool@3aa45bda
      sharedPool[153] = class com.ibm.ejs.j2c.SharedPool@4958c301
      sharedPool[154] = class com.ibm.ejs.j2c.SharedPool@5ee7e529
      sharedPool[155] = class com.ibm.ejs.j2c.SharedPool@316ee72a
      sharedPool[156] = class com.ibm.ejs.j2c.SharedPool@298c0056
      sharedPool[157] = class com.ibm.ejs.j2c.SharedPool@26c38ead
      sharedPool[158] = class com.ibm.ejs.j2c.SharedPool@47ece9f1
      sharedPool[159] = class com.ibm.ejs.j2c.SharedPool@17d1191
      sharedPool[160] = class com.ibm.ejs.j2c.SharedPool@48ba2f58
      sharedPool[161] = class com.ibm.ejs.j2c.SharedPool@72367604
      sharedPool[162] = class com.ibm.ejs.j2c.SharedPool@5235bad2
      sharedPool[163] = class com.ibm.ejs.j2c.SharedPool@3b2dc89c
      sharedPool[164] = class com.ibm.ejs.j2c.SharedPool@2274e04e
      sharedPool[165] = class com.ibm.ejs.j2c.SharedPool@63332452
      sharedPool[166] = class com.ibm.ejs.j2c.SharedPool@1cafe1cc
      sharedPool[167] = class com.ibm.ejs.j2c.SharedPool@4993a3ed
      sharedPool[168] = class com.ibm.ejs.j2c.SharedPool@4ce04c01
      sharedPool[169] = class com.ibm.ejs.j2c.SharedPool@360be07b
      sharedPool[170] = class com.ibm.ejs.j2c.SharedPool@55c9d6f7
      sharedPool[171] = class com.ibm.ejs.j2c.SharedPool@1918b68
      sharedPool[172] = class com.ibm.ejs.j2c.SharedPool@4f5f4f1f
      sharedPool[173] = class com.ibm.ejs.j2c.SharedPool@26be76b7
      sharedPool[174] = class com.ibm.ejs.j2c.SharedPool@3d5b72f9
      sharedPool[175] = class com.ibm.ejs.j2c.SharedPool@301c74f1
      sharedPool[176] = class com.ibm.ejs.j2c.SharedPool@58ef25a
      sharedPool[177] = class com.ibm.ejs.j2c.SharedPool@50d03792
      sharedPool[178] = class com.ibm.ejs.j2c.SharedPool@36fa4bcb
      sharedPool[179] = class com.ibm.ejs.j2c.SharedPool@65121a19
      sharedPool[180] = class com.ibm.ejs.j2c.SharedPool@177c38c3
      sharedPool[181] = class com.ibm.ejs.j2c.SharedPool@46c1e119
      sharedPool[182] = class com.ibm.ejs.j2c.SharedPool@22015e19
      sharedPool[183] = class com.ibm.ejs.j2c.SharedPool@57b64a92
      sharedPool[184] = class com.ibm.ejs.j2c.SharedPool@217ada87
      sharedPool[185] = class com.ibm.ejs.j2c.SharedPool@68fa3e98
      sharedPool[186] = class com.ibm.ejs.j2c.SharedPool@40235408
      sharedPool[187] = class com.ibm.ejs.j2c.SharedPool@25246444
      sharedPool[188] = class com.ibm.ejs.j2c.SharedPool@527d3c85
      sharedPool[189] = class com.ibm.ejs.j2c.SharedPool@6bcac6ac
      sharedPool[190] = class com.ibm.ejs.j2c.SharedPool@31134cc9
      sharedPool[191] = class com.ibm.ejs.j2c.SharedPool@379318eb
      sharedPool[192] = class com.ibm.ejs.j2c.SharedPool@cb19388
      sharedPool[193] = class com.ibm.ejs.j2c.SharedPool@31f3db14
      sharedPool[194] = class com.ibm.ejs.j2c.SharedPool@1aadace7
      sharedPool[195] = class com.ibm.ejs.j2c.SharedPool@3556bb19
      sharedPool[196] = class com.ibm.ejs.j2c.SharedPool@357b53e8
      sharedPool[197] = class com.ibm.ejs.j2c.SharedPool@1aff1528
      sharedPool[198] = class com.ibm.ejs.j2c.SharedPool@6d424804
      sharedPool[199] = class com.ibm.ejs.j2c.SharedPool@6dccb8c6
    freePool = class [Lcom.ibm.ejs.j2c.FreePool;[100]
      freePool[0] = class com.ibm.ejs.j2c.FreePool[1]
      freePool[1] = class com.ibm.ejs.j2c.FreePool[1]
      freePool[2] = class com.ibm.ejs.j2c.FreePool[1]
      freePool[3] = class com.ibm.ejs.j2c.FreePool[1]
      freePool[4] = class com.ibm.ejs.j2c.FreePool[1]
      freePool[5] = class com.ibm.ejs.j2c.FreePool[1]
      freePool[6] = class com.ibm.ejs.j2c.FreePool[1]
      freePool[7] = class com.ibm.ejs.j2c.FreePool[1]
      freePool[8] = class com.ibm.ejs.j2c.FreePool[1]
      freePool[9] = class com.ibm.ejs.j2c.FreePool[1]
      freePool[10] = class com.ibm.ejs.j2c.FreePool[1]
      freePool[11] = class com.ibm.ejs.j2c.FreePool[1]
      freePool[12] = class com.ibm.ejs.j2c.FreePool[1]
      freePool[13] = class com.ibm.ejs.j2c.FreePool[1]
      freePool[14] = class com.ibm.ejs.j2c.FreePool[1]
      freePool[15] = class com.ibm.ejs.j2c.FreePool[1]
      freePool[16] = class com.ibm.ejs.j2c.FreePool[1]
      freePool[17] = class com.ibm.ejs.j2c.FreePool[1]
      freePool[18] = class com.ibm.ejs.j2c.FreePool[1]
      freePool[19] = class com.ibm.ejs.j2c.FreePool[1]
      freePool[20] = class com.ibm.ejs.j2c.FreePool[1]
      freePool[21] = class com.ibm.ejs.j2c.FreePool[1]
      freePool[22] = class com.ibm.ejs.j2c.FreePool[1]
      freePool[23] = class com.ibm.ejs.j2c.FreePool[1]
      freePool[24] = class com.ibm.ejs.j2c.FreePool[1]
      freePool[25] = class com.ibm.ejs.j2c.FreePool[1]
      freePool[26] = class com.ibm.ejs.j2c.FreePool[1]
      freePool[27] = class com.ibm.ejs.j2c.FreePool[1]
      freePool[28] = class com.ibm.ejs.j2c.FreePool[1]
      freePool[29] = class com.ibm.ejs.j2c.FreePool[1]
      freePool[30] = class com.ibm.ejs.j2c.FreePool[1]
      freePool[31] = class com.ibm.ejs.j2c.FreePool[1]
      freePool[32] = class com.ibm.ejs.j2c.FreePool[1]
      freePool[33] = class com.ibm.ejs.j2c.FreePool[1]
      freePool[34] = class com.ibm.ejs.j2c.FreePool[1]
      freePool[35] = class com.ibm.ejs.j2c.FreePool[1]
      freePool[36] = class com.ibm.ejs.j2c.FreePool[1]
      freePool[37] = class com.ibm.ejs.j2c.FreePool[1]
      freePool[38] = class com.ibm.ejs.j2c.FreePool[1]
      freePool[39] = class com.ibm.ejs.j2c.FreePool[1]
      freePool[40] = class com.ibm.ejs.j2c.FreePool[1]
      freePool[41] = class com.ibm.ejs.j2c.FreePool[1]
      freePool[42] = class com.ibm.ejs.j2c.FreePool[1]
      freePool[43] = class com.ibm.ejs.j2c.FreePool[1]
      freePool[44] = class com.ibm.ejs.j2c.FreePool[1]
      freePool[45] = class com.ibm.ejs.j2c.FreePool[1]
      freePool[46] = class com.ibm.ejs.j2c.FreePool[1]
      freePool[47] = class com.ibm.ejs.j2c.FreePool[1]
      freePool[48] = class com.ibm.ejs.j2c.FreePool[1]
      freePool[49] = class com.ibm.ejs.j2c.FreePool[1]
      freePool[50] = class com.ibm.ejs.j2c.FreePool[1]
      freePool[51] = class com.ibm.ejs.j2c.FreePool[1]
      freePool[52] = class com.ibm.ejs.j2c.FreePool[1]
      freePool[53] = class com.ibm.ejs.j2c.FreePool[1]
      freePool[54] = class com.ibm.ejs.j2c.FreePool[1]
      freePool[55] = class com.ibm.ejs.j2c.FreePool[1]
      freePool[56] = class com.ibm.ejs.j2c.FreePool[1]
      freePool[57] = class com.ibm.ejs.j2c.FreePool[1]
      freePool[58] = class com.ibm.ejs.j2c.FreePool[1]
      freePool[59] = class com.ibm.ejs.j2c.FreePool[1]
      freePool[60] = class com.ibm.ejs.j2c.FreePool[1]
      freePool[61] = class com.ibm.ejs.j2c.FreePool[1]
      freePool[62] = class com.ibm.ejs.j2c.FreePool[1]
      freePool[63] = class com.ibm.ejs.j2c.FreePool[1]
      freePool[64] = class com.ibm.ejs.j2c.FreePool[1]
      freePool[65] = class com.ibm.ejs.j2c.FreePool[1]
      freePool[66] = class com.ibm.ejs.j2c.FreePool[1]
      freePool[67] = class com.ibm.ejs.j2c.FreePool[1]
      freePool[68] = class com.ibm.ejs.j2c.FreePool[1]
      freePool[69] = class com.ibm.ejs.j2c.FreePool[1]
      freePool[70] = class com.ibm.ejs.j2c.FreePool[1]
      freePool[71] = class com.ibm.ejs.j2c.FreePool[1]
      freePool[72] = class com.ibm.ejs.j2c.FreePool[1]
      freePool[73] = class com.ibm.ejs.j2c.FreePool[1]
      freePool[74] = class com.ibm.ejs.j2c.FreePool[1]
      freePool[75] = class com.ibm.ejs.j2c.FreePool[1]
      freePool[76] = class com.ibm.ejs.j2c.FreePool[1]
      freePool[77] = class com.ibm.ejs.j2c.FreePool[1]
      freePool[78] = class com.ibm.ejs.j2c.FreePool[1]
      freePool[79] = class com.ibm.ejs.j2c.FreePool[1]
      freePool[80] = class com.ibm.ejs.j2c.FreePool[1]
      freePool[81] = class com.ibm.ejs.j2c.FreePool[1]
      freePool[82] = class com.ibm.ejs.j2c.FreePool[1]
      freePool[83] = class com.ibm.ejs.j2c.FreePool[1]
      freePool[84] = class com.ibm.ejs.j2c.FreePool[1]
      freePool[85] = class com.ibm.ejs.j2c.FreePool[1]
      freePool[86] = class com.ibm.ejs.j2c.FreePool[1]
      freePool[87] = class com.ibm.ejs.j2c.FreePool[1]
      freePool[88] = class com.ibm.ejs.j2c.FreePool[1]
      freePool[89] = class com.ibm.ejs.j2c.FreePool[1]
      freePool[90] = class com.ibm.ejs.j2c.FreePool[1]
      freePool[91] = class com.ibm.ejs.j2c.FreePool[1]
      freePool[92] = class com.ibm.ejs.j2c.FreePool[1]
      freePool[93] = class com.ibm.ejs.j2c.FreePool[1]
      freePool[94] = class com.ibm.ejs.j2c.FreePool[1]
      freePool[95] = class com.ibm.ejs.j2c.FreePool[1]
      freePool[96] = class com.ibm.ejs.j2c.FreePool[1]
      freePool[97] = class com.ibm.ejs.j2c.FreePool[1]
      freePool[98] = class com.ibm.ejs.j2c.FreePool[1]
      freePool[99] = class com.ibm.ejs.j2c.FreePool[1]
    mcWrapperPool = class com.ibm.ejs.j2c.MCWrapperPool@70d4523c
      tc = class com.ibm.websphere.ras.TraceComponent@8cb2d77
      pm = class com.ibm.ejs.j2c.PoolManager@2bb7d968
      initialSize = 50
      pool = class java.util.ArrayList@3a45b43b
      gConfigProps = class com.ibm.ejs.j2c.J2CGlobalConfigProperties@51b4cb33
    mcWrapperWaiterList = class com.ibm.ejs.j2c.MCWrapperList@1028d76c
      serialVersionUID = -4093886924342827512
      serialVersionUID = 8683452581122892189
      DEFAULT_CAPACITY = 10
      EMPTY_ELEMENTDATA = class java.lang.Object[0]
      DEFAULTCAPACITY_EMPTY_ELEMENTDATA = class java.lang.Object[0]
      elementData = class java.lang.Object[50]
      size = 0
      MAX_ARRAY_SIZE = 2147483639
      modCount = 0
      MAX_ARRAY_SIZE = 2147483639
    mcToMCWMap = class java.util.HashMap@1e7ac626
      serialVersionUID = 362498820763181265
      DEFAULT_INITIAL_CAPACITY = 16
      MAXIMUM_CAPACITY = 1073741824
      DEFAULT_LOAD_FACTOR = 0.75
      TREEIFY_THRESHOLD = 8
      UNTREEIFY_THRESHOLD = 6
      MIN_TREEIFY_CAPACITY = 64
      table = class java.util.HashMap$Node[64]
      entrySet = null
      size = 1
      modCount = 1
      threshold = 48
      loadFactor = 0.75
      keySet = null
      values = null
    rwl = class java.util.concurrent.locks.ReentrantReadWriteLock@6ea12a98
      serialVersionUID = -6992448646407690164
      readerLock = class java.util.concurrent.locks.ReentrantReadWriteLock$ReadLock@3c36d0c2
      writerLock = class java.util.concurrent.locks.ReentrantReadWriteLock$WriteLock@6af3e39f
      sync = class java.util.concurrent.locks.ReentrantReadWriteLock$NonfairSync@7e9fd6db
      UNSAFE = class sun.misc.Unsafe@7255cfd5
      TID_OFFSET = 40
    mcToMCWMapRead = class java.util.concurrent.locks.ReentrantReadWriteLock$ReadLock@3c36d0c2
      serialVersionUID = -5992448646407690164
      sync = class java.util.concurrent.locks.ReentrantReadWriteLock$NonfairSync@7e9fd6db
    mcToMCWMapWrite = class java.util.concurrent.locks.ReentrantReadWriteLock$WriteLock@6af3e39f
      serialVersionUID = -4992448646407690164
      sync = class java.util.concurrent.locks.ReentrantReadWriteLock$NonfairSync@7e9fd6db
    _bucketNumber = 0
    maxBucketNumber = 1073741823
    perfEnhancementEnabledNotSet = true
    perfEnhancementEnabled = false
    pmCounterLock = {} /* array length = 0*/
    destroyMCWrapperListLock = {} /* array length = 0*/
    totalConnectionCount = class java.util.concurrent.atomic.AtomicInteger@22f04311
      serialVersionUID = 6214790243416807050
      unsafe = class sun.misc.Unsafe@7255cfd5
      valueOffset = 12
      value = 1
      serialVersionUID = -8742448824652078965
    poolManagerBalancePoolLock = {} /* array length = 0*/
    waiterFreePoolLock = {} /* array length = 0*/
    waiterCount = 0
    allowConnectionRequests = true
    connectionPoolShutDown = false
    poolManagerTestConnectionLock = {} /* array length = 0*/
    _managedConnectionFactory = class com.ibm.ws.rsadapter.spi.WSManagedConnectionFactoryImpl@4562483d
    stuckConnections = false
    collectorCount = 0
    collectorSurgeCount = 0
    mcWrappersToDestroy = class java.util.ArrayList@4fd82093
      serialVersionUID = 8683452581122892189
      DEFAULT_CAPACITY = 10
      EMPTY_ELEMENTDATA = class java.lang.Object[0]
      DEFAULTCAPACITY_EMPTY_ELEMENTDATA = class java.lang.Object[0]
      elementData = class java.lang.Object[50]
      size = 0
      MAX_ARRAY_SIZE = 2147483639
      modCount = 0
      MAX_ARRAY_SIZE = 2147483639
    mcWrapperDoesExistInFreePool = true
    synchronizedAllReady = false
    dontNotifyWaiter = true
    dontDecrementTotalCounter = false
    unusedTimeoutEnabled = false
    connectionTimeout = 30
    maxConnections = 50
    minConnections = 10
    purgePolicy = class com.ibm.ws.jca.adapter.PurgePolicy@3a42cdec
    reapTime = 180
    unusedTimeout = 1800
    agedTimeout = 0
    agedTimeoutMillis = 0
    surgeTime = 0
    surgeConnections = -1
    surgeCounter = 0
    surgeEnabled = false
    stuckTimerTime = 0
    stuckTime = 0
    stuckThreshold = 0
    stopPoolRequests = false
    holdTimeLimit = 10
    maxFreePoolBuckets = 1
    maxSharedBuckets = 200
    maxFreePoolHashSize = 100
    testConnection = false
    testConnectionInterval = 0
    testConnectionTimes = 0
    maxNumberOfMCsAllowableInThread = 0
    throwExceptionOnMCThreadCheck = false
    waitersStartedTime = 0
    waitersEndedTime = 0
    parkedMCWrapper = null
    createParkedConnection = false
    parkedConnectionLockObject = {} /* array length = 0*/
    nonOptimisticGetFreeConnection = 0
    optimisticGetFreeConnection = 0
    stuckConnectionSupport = false
    alertIsforEnteringStuck = true
    totalPoolConnectionRequests = 0
    am = null
    amLockObject = {} /* array length = 0*/
    pmQuiesced = false
    activeRequest = class java.util.concurrent.atomic.AtomicInteger@1a8af97e
      serialVersionUID = 6214790243416807050
      unsafe = class sun.misc.Unsafe@7255cfd5
      valueOffset = 12
      value = 0
      serialVersionUID = -8742448824652078965
    updateToPoolInProgressLockObject = {} /* array length = 0*/
    updateToPoolInProgress = false
    updateToPoolInProgressSleepTime = 250
    activeTLSRequest = class java.util.concurrent.atomic.AtomicInteger@4d7e69b2
      serialVersionUID = 6214790243416807050
      unsafe = class sun.misc.Unsafe@7255cfd5
      valueOffset = 12
      value = 0
      serialVersionUID = -8742448824652078965
    updateToTLSPoolInProgressLockObject = {} /* array length = 0*/
    updateToTLSPoolInProgress = class java.util.concurrent.atomic.AtomicBoolean@43ac0436
      serialVersionUID = 4654671469794556979
      unsafe = class sun.misc.Unsafe@7255cfd5
      valueOffset = 12
      value = 0
    updateToTLSPoolInProgressSleepTime = 250
    getConnectionActiveRequestAlternate = class java.util.concurrent.atomic.AtomicInteger@6f2d8c02
      serialVersionUID = 6214790243416807050
      unsafe = class sun.misc.Unsafe@7255cfd5
      valueOffset = 12
      value = 0
      serialVersionUID = -8742448824652078965
    getConnectionInProgressLockObject = {} /* array length = 0*/
    switchPoolsInProgress = false
    getConnectionInProgressSleepTime = 250
    writer = class com.ibm.ejs.cm.logger.TraceWriter@40803075
      destination = class com.ibm.ejs.ras.TraceComponent@3d3dc72
      tc = class com.ibm.websphere.ras.TraceComponent@13c7c7ad
      buf = class java.lang.StringBuffer@141d4d59
      writeBuffer = null
      WRITE_BUFFER_SIZE = 1024
      lock = class java.lang.StringBuffer@141d4d59
    traceWriter = class com.ibm.ejs.cm.logger.TraceWriter@40803075
    printWriter = class java.io.PrintWriter@1e1c734f
      out = class com.ibm.ejs.cm.logger.TraceWriter@40803075
      autoFlush = false
      trouble = false
      formatter = null
      psOut = null
      lineSeparator = "
"
      writeBuffer = null
      WRITE_BUFFER_SIZE = 1024
      lock = class com.ibm.ejs.cm.logger.TraceWriter@40803075
    tscdList = class java.util.Vector@22a1d990
      elementData = class java.lang.Object[10]
      elementCount = 0
      capacityIncrement = 0
      serialVersionUID = -2767605614048989439
      MAX_ARRAY_SIZE = 2147483639
      modCount = 0
      MAX_ARRAY_SIZE = 2147483639
    logSerialReuseMessage = true
    _quiesce = false
    _quiesceTime = null
    nonDeferredReaperAlarm = false
    efficiencyStatsEnabled = false
    poolPercentEffRateWindowMinutes = 5
    poolPercentEffRateHistorySize = 10
    poolLowEffAlertEnabled = false
    poolLowEffAlertWindowMinutes = 5
    poolLowEffAlertThreshold = 50
    connLowEffAlertEnabled = false
    connLowEfficiencyThreshold = 50
    connLowEffAlertCSCEnabled = false
    poolRequestStatsEnabled = false
    poolRequestStatsWindowMinutes = 5
    poolRequestStatsHistorySize = 10
    claimVictimRateAlertEnabled = false
    claimVictimRateAlertWindowMinutes = 5
    claimVictimRateAlertThreshold = 10
    connWaitTOAlertEnabled = false
    connWaitTOAlertWindowMinutes = 5
    connWaitTOAlertThreshold = 10
    connErrorAlertEnabled = false
    connErrorAlertWindowMinutes = 5
    connErrorAlertMaxThreshold = 2
    LTCStatsEnabled = false
    LTCCallStackCaptureEnabled = false
    LTCNestingAlertEnabled = false
    LTCNestingDepthThreshold = 3
    LTCConnPerThreadLimitAlertEnabled = false
    LTCThreadMaxConnLimitThreshold = 2
    LTCSerialReuseViolationAlertEnabled = false
    poolLoadStatsEnabled = false
    poolLoadRateWindowMinutes = 5
    poolAveLoadRateHistorySize = 10
    poolLoadRateAlertEnabled = false
    poolLoadRateAlertWindowMinutes = 5
    poolMaxLoadRateThreshold = 10
    orphanConnMonitorAlertEnabled = false
    orphanConnHoldTimeLimitSeconds = 10
    surgeModeAlertEnabled = false
    hungConnModeAlertEnabled = false
    pretestBlockModeAlertEnabled = false
    callStackCaptureEnabled = false
    efficiencyGroupLock = {} /* array length = 0*/
    efficiencyGroupEnabled = false
    poolTotalUseTime = 0
    poolTotalHoldTime = 0
    poolPercentEffRateWindowMillis = 300000
    poolPercentEffWindowStartTime = 0
    poolLowEffAlertWindowMillis = 0
    poolLowEffAlertTotalUseTime = 0
    poolLowEffAlertTotalHoldTime = 0
    poolLowEffAlertWindowStartTime = 0
    requestGroupLock = {} /* array length = 0*/
    requestGroupEnabled = false
    poolRequestStatsWindowMillis = 300000
    poolRequestStatsWindowStartTime = 0
    poolRequestStatsMap = null
    pool_sop_gets = 0
    pool_snop_gets = 0
    pool_sop_gets_notfound = 0
    pool_snop_gets_notfound = 0
    pool_fop_gets = 0
    pool_fnop_gets = 0
    pool_fop_get_notfound = 0
    pool_fnop_get_notfound = 0
    pool_freePoolQueuedRequests = 0
    pool_freePoolCreateManagedConnection = 0
    pool_numberOfClaimedVictims = 0
    pool_numberOfClaimedVictims_CRIMM = 0
    pool_numberOfClaimedVictims_SubjectMM = 0
    pool_numberOfClaimedVictims_CRISubjectMM = 0
    pool_numberOfClaimedVictims_MatchOnlyMM = 0
    pool_waitSkip = 0
    totalConnectionRequests = 0
    STAT_SOP_GETS = 1
    STAT_SNOP_GETS = 2
    STAT_SOP_GETS_NOTFOUND = 3
    STAT_SNOP_GETS_NOTFOUND = 4
    STAT_FOP_GETS = 5
    STAT_FNOP_GETS = 6
    STAT_FOP_GET_NOTFOUND = 7
    STAT_FNOP_GET_NOTFOUND = 8
    STAT_FREE_POOL_QUEUED_REQUESTS = 9
    STAT_FREE_POOL_CREATE_MANAGED_CONNECTION = 10
    STAT_NUMBER_OF_CLAIMED_VICTIMS_CRI_MM = 11
    STAT_NUMBER_OF_CLAIMED_VICTIMS_SUBJECT_MM = 12
    STAT_NUMBER_OF_CLAIMED_VICTIMS_CRI_SUBJECT_MM = 13
    STAT_NUMBER_OF_CLAIMED_VICTIMS_MM_MM = 14
    STAT_CONN_REQUEST = 15
    STAT_WAIT_SKIP = 16
    STAT_CONNECTION_CREATES = 17
    STAT_OPT_GET_FREE_CON = 18
    STAT_NONOPT_GET_FREE_CON = 19
    claimVictimRateAlertWindowMillis = 0
    claimVictimRateAlertWindowStartTime = 0
    claimedVictimPercent = 0.0
    alert_numberOfClaimedVictims = 0
    alert_numberOfClaimedVictims_CRIMM = 0
    alert_numberOfClaimedVictims_SubjectMM = 0
    alert_numberOfClaimedVictims_CRISubjectMM = 0
    alert_totalConnectionRequests = 0
    connWaitTOAlertLock = {} /* array length = 0*/
    connWaitTOAlertWindowMillis = 0
    connWaitTOAlertWindowStartTime = 0
    connWaitTOCount = 0
    connErrorAlertLock = {} /* array length = 0*/
    connErrorAlertWindowMillis = 0
    connErrorAlertWindowStartTime = 0
    connErrorCount = 0
    LTCGroupLock = {} /* array length = 0*/
    LTCGrooupEnabled = false
    threadToLTCStatsMap = null
    currentLTC = null
    loadGroupLock = {} /* array length = 0*/
    loadGroupEnabled = false
    poolLoadLastEventTime = 0
    poolLoadRateWindowMillis = 300000
    poolLoadStatsMap = null
    poolLoadWindowStartTime = 0
    poolLoadWeightedSum = 0
    poolLoadRateAlertWindowMillis = 0
    poolLoadRateAlertWindowStartTime = 0
    poolLoadRateAlertWeightedSum = 0
    poolAlertAveLoad = 0.0
    ltcStatElement = null
    threadToLTCElement = null
    orphanConnGroupLock = {} /* array length = 0*/
    enableInuseConnectionDestroy = true
    localConnection_ = null
    maxCapacity = 0
    isThreadLocalConnectionEnabled = false
    resourceFailBackEnabled = true
    resourceFailOverHold = false
    disableResourceFailBack = false
    disableResourceFailOver = false
    prepopulate = true
    prePopulateAlarmTimer = null
    prePopulateAlarmThreadLockObject = {} /* array length = 0*/
    prePopulateAlarmTimerListener = null
    cmStartPrepopulate = true
    populateAlternateResource = false
    populateAlternateResourceRunning = false
    startFailBack = false
    disableDatasourceFailoverAlarm = false
    isAlteranteResourcePoolManager = false
    getConnectionMap = class java.util.concurrent.ConcurrentHashMap@3f823d88
      serialVersionUID = 7249069246763182397
      MAXIMUM_CAPACITY = 1073741824
      DEFAULT_CAPACITY = 16
      MAX_ARRAY_SIZE = 2147483639
      DEFAULT_CONCURRENCY_LEVEL = 16
      LOAD_FACTOR = 0.75
      TREEIFY_THRESHOLD = 8
      UNTREEIFY_THRESHOLD = 6
      MIN_TREEIFY_CAPACITY = 64
      MIN_TRANSFER_STRIDE = 16
      RESIZE_STAMP_BITS = 16
      MAX_RESIZERS = 65535
      RESIZE_STAMP_SHIFT = 16
      MOVED = -1
      TREEBIN = -2
      RESERVED = -3
      HASH_BITS = 2147483647
      NCPU = 4
      serialPersistentFields = class java.io.ObjectStreamField[3]
      table = null
      nextTable = null
      baseCount = 0
      sizeCtl = 0
      transferIndex = 0
      cellsBusy = 0
      counterCells = null
      keySet = null
      values = null
      entrySet = null
      U = class sun.misc.Unsafe@7255cfd5
      SIZECTL = 20
      TRANSFERINDEX = 32
      BASECOUNT = 24
      CELLSBUSY = 36
      CELLVALUE = 144
      ABASE = 16
      ASHIFT = 2
      keySet = null
      values = null
    alarmThreadCounter = class java.util.concurrent.atomic.AtomicInteger@3c4cfbe6
      serialVersionUID = 6214790243416807050
      unsafe = class sun.misc.Unsafe@7255cfd5
      valueOffset = 12
      value = 0
      serialVersionUID = -8742448824652078965
    dscfFailoveramLockObject = {} /* array length = 0*/
    dscfFailoveralarmThreadStarted = false
    normalMode = 100
    currentMode = 100
    modeLockObject = {} /* array length = 0*/
    primaryAlive = 1
    failOverMode = 102
    failBackMode = 103
    alternateAlive = 2
    nothingAlive = 3
    restoreNormalMode = 4
    resourceExceptionCounterLockObject = {} /* array length = 0*/
    connErrorResourceExceptionCounter = 0
    getConnectionResourceExceptionCounter = 0
    dscfFailoveram = null
    dscfFailoveramListener = null
    dscfFailoveramListenerLockObject = {} /* array length = 0*/
    alternatePM = null
    prepopulateTimerTime = 60000
  primaryMCF = class com.ibm.ws.rsadapter.spi.WSManagedConnectionFactoryImpl@4562483d
    strings[0] = "_______________________________________________________________________"
    strings[1] = ""
    strings[2] = "    First Failure Data Capture information for"
    strings[3] = "          com.ibm.ws.rsadapter.spi.WSManagedConnectionFactoryImpl@4562483d"
    strings[4] = "_______________________________________________________________________"
    strings[5] = ""
    strings[6] = "com.ibm.ws.rsadapter.DSConfig@59c00d1"
    strings[7] = "[beginTranForResultSetScrollingAPIs, true, beginTranForVendorAPIs, true, commitOrRollbackOnCleanup, null, connectionSharing, 0, isolationLevel, -1, jndiName, jdbc/postgresql-cloud, queryTimeout, null, resultSetUnusableWhenNoMoreResults, false, statementCacheSize, 10, supplementalJDBCTrace, null, syncQueryTimeoutWithTransactionTimeout, false, transactional, true]"
    strings[8] = "[com.ibm.ws.classloading.internal.AppClassLoader@5c882c81, true, ExceptionChecking, false, interface javax.sql.XADataSource]"
    strings[9] = "{dataSourceClass=org.postgresql.xa.PGXADataSource, portNumber=10929, databaseName=offla01, serverName=aws-us-east-1-portal.5.dblayer.com}"
    strings[10] = "Resource Adapter:"
    strings[11] = "  null
"
    strings[12] = "Database Type:"
    strings[13] = "  null
"
    strings[14] = "Description:"
    strings[15] = "  null
"
    strings[16] = "Log Writer:"
    strings[17] = "  null
"
    strings[18] = "Transaction Branches are set to be Loosely Coupled: "
    strings[19] = "  false
"
    strings[20] = "Counter of fatal connection errors on ManagedConnections created by this MCF:"
    strings[21] = "  0
"
    strings[22] = "Validate existing connections on cleanup after a fatal connection error is detected?"
    strings[23] = "  true
"
    strings[24] = "ResetConnectionByBackendDatabase: "
    strings[25] = "  false
"
    strings[26] = "Backend id checking is: "
    strings[27] = "  true
"
    strings[28] = "JMSOnePhaseOptimization: "
    strings[29] = "  false
"
    strings[30] = "Reauthentication: "
    strings[31] = "  false
"
    strings[32] = "newDBConnectionValidationEnabled: "
    strings[33] = "  false
"
    strings[34] = "connectionRetriesDuringDBFailover: "
    strings[35] = "  100
"
    strings[36] = "connRetryDurationDuringDBFailover: "
    strings[37] = "  3000
"
    strings[38] = "Failover count: "
    strings[39] = "  0
"
    strings[40] = "OracleImplicitConnectionPooling enabled: "
    strings[41] = "  false
"
    strings[42] = ""
    strings[43] = "_______________________________________________________________________"
    strings[44] = ""
    strings[45] = "    First Failure Data Capture information for"
    strings[46] = "          com.ibm.ws.rsadapter.spi.WSRdbDataSource@6954a9c"
    strings[47] = "_______________________________________________________________________"
    strings[48] = ""
    strings[49] = "DataSource Implementation Class Name:"
    strings[50] = "  org.postgresql.xa.PGXADataSource
"
    strings[51] = "DataSource Name:"
    strings[52] = "  null
"
    strings[53] = "DataStoreHelper:"
    strings[54] = "  com.ibm.websphere.rsadapter.GenericDataStoreHelper@67c43cbe
"
    strings[55] = "DataSource properties:"
    strings[56] = "  {dataSourceClass=org.postgresql.xa.PGXADataSource, portNumber=10929, databaseName=offla01, serverName=aws-us-east-1-portal.5.dblayer.com}
"
    strings[57] = "TWO PHASE ENABLED
"
    strings[58] = "Underlying DataSource Object: org.postgresql.xa.PGXADataSource@b590db0"
    strings[59] = "  org.postgresql.xa.PGXADataSource@b590db0
"
    strings[60] = "Counter of unique, modified DataSource configurations: 0
"
    strings[61] = "Failover servers list: "
    strings[62] = "  [Ljava.lang.Object;@2e5c7e54
"
  primaryGConfigProps = class com.ibm.ejs.j2c.J2CGlobalConfigProperties@51b4cb33
    tc = class com.ibm.websphere.ras.TraceComponent@6efb0c63
      strings[0] = "TraceComponent[com.ibm.ejs.j2c.J2CGlobalConfigProperties,class com.ibm.ejs.j2c.J2CGlobalConfigProperties,[WAS.j2c],com.ibm.ws.j2c.resources.J2CAMessages,null]"
    serialVersionUID = 3666445884103132373
    jndiName = "jdbc/postgresql-cloud"
    XpathId = "dataSource[jdbc/postgresql-cloud]/connectionManager"
    cfName = "jdbc/postgresql-cloud"
    manageCachedHandles = false
    rrsTransactional = false
    threadSecurity = false
    THREADIDENTITY_NOTALLOWED = "NOTALLOWED"
    THREADIDENTITY_REQUIRED = "REQUIRED"
    THREADIDENTITY_ALLOWED = "ALLOWED"
    threadIdentitySupport = "NOTALLOWED"
    logMissingTranContext = false
    selfXARecoverable = false
    validatingMCFSupported = true
    sendClaimedVictomToGetConnection = false
    loadBalancing = false
    raSupportsReauthentication = false
    pmiReqMetric_isReadyToEnable = false
    transactionResourceRegistration = null
    checkManagedConnectionInstanceof = false
    checkManagedConnectionInstanceofLock = {} /* array length = 0*/
    checkManagedConnectionInstanceofInitialized = true
    embeddedRa = false
    embeddedRaInitialized = false
    connectionSynchronizationProvider = false
    connectionSynchronizationProviderInitialized = false
    connectionPoolingEnabled = true
    connectionPoolingEnabledInitialized = false
    instanceOfDissociatableManagedConnection = true
    instanceOfDissociatableManagedConnectionInitialized = true
    interactionMetricsEnabled = false
    interactionMetricsEnabledInitialized = false
    commitPriority = 0
    transactionSupport = class javax.resource.spi.TransactionSupport$TransactionSupportLevel@256f5b93
      NoTransaction = class javax.resource.spi.TransactionSupport$TransactionSupportLevel@4bfe0abe
      LocalTransaction = class javax.resource.spi.TransactionSupport$TransactionSupportLevel@18b58685
      XATransaction = class javax.resource.spi.TransactionSupport$TransactionSupportLevel@256f5b93
      $VALUES = class javax.resource.spi.TransactionSupport$TransactionSupportLevel[3]
      name = "XATransaction"
      ordinal = 2
    dynamicEnlistmentSupported = true
    smartHandleSupport = true
    cciLocalTranSupported = true
    started = false
    connectionTimeout = 30
    maxConnections = 50
    minConnections = 10
    purgePolicy = class com.ibm.ws.jca.adapter.PurgePolicy@3a42cdec
      EntirePool = class com.ibm.ws.jca.adapter.PurgePolicy@3a42cdec
      FailingConnectionOnly = class com.ibm.ws.jca.adapter.PurgePolicy@454bcf7
      ValidateAllConnections = class com.ibm.ws.jca.adapter.PurgePolicy@12c510b5
      $VALUES = class com.ibm.ws.jca.adapter.PurgePolicy[3]
      name = "EntirePool"
      ordinal = 0
    reapTime = 180
    unusedTimeout = 1800
    agedTimeout = 0
    agedTimeoutMillis = 0
    surgeTime = 0
    surgeConnections = -1
    surgeCounter = 0
    surgeEnabled = false
    stuckTimerTime = 0
    stuckTime = 0
    stuckThreshold = 0
    stopPoolRequests = false
    maxFreePoolBuckets = 1
    maxSharedBuckets = 200
    maxFreePoolHashSize = 100
    testConnection = false
    testConnectionInterval = 0
    holdTimeLimit = 10
    numConnectionsPerThreadLocal = 0
    populateAlternateResource = false
    disableResourceFailOver = false
    disableResourceFailBack = false
    xComponentUseViolationDetectionEnabled = false
    xComponentUseViolationCount = 0
    multiThreadUseViolationDetectionEnabled = false
    multiThreadUseViolationCount = 0
    efficiencyStatsEnabled = false
    poolPercentEffRateWindowMinutes = 5
    poolPercentEffRateHistorySize = 10
    poolLowEffAlertEnabled = false
    poolLowEffAlertWindowMinutes = 5
    poolLowEffAlertThreshold = 50
    connLowEffAlertEnabled = false
    connLowEfficiencyThreshold = 50
    connLowEffAlertCSCEnabled = false
    poolRequestStatsEnabled = false
    poolRequestStatsWindowMinutes = 5
    poolRequestStatsHistorySize = 10
    claimVictimRateAlertEnabled = false
    claimVictimRateAlertWindowMinutes = 5
    poolClaimVictimRateThreshold = 10
    connWaitTOAlertEnabled = false
    connWaitTOAlertWindowMinutes = 5
    poolConnWaitTOThreshold = 20
    connErrorAlertEnabled = false
    connErrorAlertWindowMinutes = 5
    connErrorAlertMaxThreshold = 2
    LTCStatsEnabled = false
    LTCCallStackCaptureEnabled = false
    LTCSerialReuseViolationAlertEnabled = false
    LTCConnPerThreadLimitAlertEnabled = false
    LTCThreadMaxConnLimitThreshold = 2
    LTCNestingAlertEnabled = false
    LTCNestingDepthThreshold = 3
    poolLoadStatsEnabled = false
    poolLoadRateWindowMinutes = 5
    poolAveLoadRateHistorySize = 10
    poolLoadRateAlertEnabled = false
    poolLoadRateAlertWindowMinutes = 5
    poolLoadRateAlertMaxThreshold = 10
    orphanConnMonitorAlertEnabled = false
    orphanConnHoldTimeLimitSeconds = 10
    surgeModeAlertEnabled = false
    hungConnModeAlertEnabled = false
    pretestBlockModeAlertEnabled = false
    callStackCaptureEnabled = false
    connThreadInfoEnabled = false
    changeSupport = class java.beans.PropertyChangeSupport@6219a672
      map = class java.beans.PropertyChangeSupport$PropertyChangeListenerMap@41b24549
      source = class com.ibm.ejs.j2c.J2CGlobalConfigProperties@51b4cb33
      serialPersistentFields = class java.io.ObjectStreamField[3]
      serialVersionUID = 6401253773779951803
    vChangeSupport = class java.beans.VetoableChangeSupport@7561e3ea
      map = class java.beans.VetoableChangeSupport$VetoableChangeListenerMap@25e7eff5
      source = class com.ibm.ejs.j2c.J2CGlobalConfigProperties@51b4cb33
      serialPersistentFields = class java.io.ObjectStreamField[3]
      serialVersionUID = -5090210921595982017
    diagnosticAlertHelper = null
    reqMetricID = 0
    raMetaDataProps = null
    dsMetaDataProps = null
    _pm = null
    callResourceAdapterStatMethods = false
    numberOfInuseConnections = 0
    numberOfInuseConnectionsLockObject = {} /* array length = 0*/
    numberOfFreeConnections = 0
    numberOfFreeConnectionsLockObject = {} /* array length = 0*/
    maxNumberOfMCsAllowableInThread = 0
    throwExceptionOnMCThreadCheck = false
    appName = null
    modName = null
    compName = null
    threadToViolatingHandleMap = class java.util.HashMap@5b41ef77
      serialVersionUID = 362498820763181265
      DEFAULT_INITIAL_CAPACITY = 16
      MAXIMUM_CAPACITY = 1073741824
      DEFAULT_LOAD_FACTOR = 0.75
      TREEIFY_THRESHOLD = 8
      UNTREEIFY_THRESHOLD = 6
      MIN_TREEIFY_CAPACITY = 64
      table = null
      entrySet = null
      size = 0
      modCount = 0
      threshold = 0
      loadFactor = 0.75
      keySet = null
      values = null
  errorOnGetConnection = 1
  errorOnInUseConnection = 2

