------Start of DE processing------ = [12/8/15 12:25:08:950 IST]
Exception = java.lang.reflect.InvocationTargetException
Source = com.ibm.ws.jaxrs20.ejb.JaxRsFactoryBeanEJBCustomizer
probeid = 350
Stack Dump = java.lang.reflect.InvocationTargetException
	at sun.reflect.NativeMethodAccessorImpl.invoke0(Native Method)
	at sun.reflect.NativeMethodAccessorImpl.invoke(NativeMethodAccessorImpl.java:62)
	at sun.reflect.DelegatingMethodAccessorImpl.invoke(DelegatingMethodAccessorImpl.java:43)
	at java.lang.reflect.Method.invoke(Method.java:497)
	at com.ibm.ws.jaxrs20.ejb.JaxRsFactoryBeanEJBCustomizer.serviceInvoke(JaxRsFactoryBeanEJBCustomizer.java:349)
	at com.ibm.ws.jaxrs20.server.LibertyJaxRsServerFactoryBean.performInvocation(LibertyJaxRsServerFactoryBean.java:593)
	at com.ibm.ws.jaxrs20.server.LibertyJaxRsInvoker.performInvocation(LibertyJaxRsInvoker.java:114)
	at org.apache.cxf.service.invoker.AbstractInvoker.invoke(AbstractInvoker.java:97)
	at com.ibm.ws.jaxrs20.server.LibertyJaxRsInvoker.invoke(LibertyJaxRsInvoker.java:195)
	at org.apache.cxf.jaxrs.JAXRSInvoker.invoke(JAXRSInvoker.java:200)
	at com.ibm.ws.jaxrs20.server.LibertyJaxRsInvoker.invoke(LibertyJaxRsInvoker.java:366)
	at org.apache.cxf.jaxrs.JAXRSInvoker.invoke(JAXRSInvoker.java:99)
	at org.apache.cxf.interceptor.ServiceInvokerInterceptor$1.run(ServiceInvokerInterceptor.java:61)
	at org.apache.cxf.interceptor.ServiceInvokerInterceptor.handleMessage(ServiceInvokerInterceptor.java:99)
	at org.apache.cxf.phase.PhaseInterceptorChain.doIntercept(PhaseInterceptorChain.java:307)
	at org.apache.cxf.transport.ChainInitiationObserver.onMessage(ChainInitiationObserver.java:124)
	at org.apache.cxf.transport.http.AbstractHTTPDestination.invoke(AbstractHTTPDestination.java:259)
	at com.ibm.ws.jaxrs20.endpoint.AbstractJaxRsWebEndpoint.invoke(AbstractJaxRsWebEndpoint.java:134)
	at com.ibm.websphere.jaxrs.server.IBMRestServlet.handleRequest(IBMRestServlet.java:149)
	at com.ibm.websphere.jaxrs.server.IBMRestServlet.doGet(IBMRestServlet.java:115)
	at javax.servlet.http.HttpServlet.service(HttpServlet.java:687)
	at com.ibm.websphere.jaxrs.server.IBMRestServlet.service(IBMRestServlet.java:99)
	at com.ibm.ws.webcontainer.servlet.ServletWrapper.service(ServletWrapper.java:1287)
	at com.ibm.ws.webcontainer.servlet.ServletWrapper.handleRequest(ServletWrapper.java:778)
	at com.ibm.ws.webcontainer.servlet.ServletWrapper.handleRequest(ServletWrapper.java:475)
	at com.ibm.ws.webcontainer.filter.WebAppFilterManager.invokeFilters(WebAppFilterManager.java:1158)
	at com.ibm.ws.webcontainer.webapp.WebApp.handleRequest(WebApp.java:4867)
	at com.ibm.ws.webcontainer31.osgi.webapp.WebApp31.handleRequest(WebApp31.java:523)
	at com.ibm.ws.webcontainer.osgi.DynamicVirtualHost$2.handleRequest(DynamicVirtualHost.java:297)
	at com.ibm.ws.webcontainer.WebContainer.handleRequest(WebContainer.java:997)
	at com.ibm.ws.webcontainer.osgi.DynamicVirtualHost$2.run(DynamicVirtualHost.java:262)
	at com.ibm.ws.http.dispatcher.internal.channel.HttpDispatcherLink$TaskWrapper.run(HttpDispatcherLink.java:955)
	at com.ibm.ws.http.dispatcher.internal.channel.HttpDispatcherLink.ready(HttpDispatcherLink.java:341)
	at com.ibm.ws.http.channel.internal.inbound.HttpInboundLink.handleDiscrimination(HttpInboundLink.java:470)
	at com.ibm.ws.http.channel.internal.inbound.HttpInboundLink.handleNewRequest(HttpInboundLink.java:404)
	at com.ibm.ws.http.channel.internal.inbound.HttpInboundLink.processRequest(HttpInboundLink.java:284)
	at com.ibm.ws.http.channel.internal.inbound.HttpInboundLink.ready(HttpInboundLink.java:255)
	at com.ibm.ws.tcpchannel.internal.NewConnectionInitialReadCallback.sendToDiscriminators(NewConnectionInitialReadCallback.java:174)
	at com.ibm.ws.tcpchannel.internal.NewConnectionInitialReadCallback.complete(NewConnectionInitialReadCallback.java:83)
	at com.ibm.ws.tcpchannel.internal.WorkQueueManager.requestComplete(WorkQueueManager.java:504)
	at com.ibm.ws.tcpchannel.internal.WorkQueueManager.attemptIO(WorkQueueManager.java:574)
	at com.ibm.ws.tcpchannel.internal.WorkQueueManager.workerRun(WorkQueueManager.java:929)
	at com.ibm.ws.tcpchannel.internal.WorkQueueManager$Worker.run(WorkQueueManager.java:1018)
	at java.util.concurrent.ThreadPoolExecutor.runWorker(ThreadPoolExecutor.java:1142)
	at java.util.concurrent.ThreadPoolExecutor$Worker.run(ThreadPoolExecutor.java:617)
	at java.lang.Thread.run(Thread.java:745)
Caused by: javax.ejb.EJBTransactionRolledbackException: Transaction rolled back; nested exception is: javax.transaction.TransactionRolledbackException: Transaction is ended due to timeout
	at com.ibm.ejs.container.BusinessExceptionMappingStrategy.mapCSIException(BusinessExceptionMappingStrategy.java:124)
	at com.ibm.ejs.container.BusinessExceptionMappingStrategy.mapException(BusinessExceptionMappingStrategy.java:281)
	at com.ibm.ejs.container.BusinessExceptionMappingStrategy.setUncheckedException(BusinessExceptionMappingStrategy.java:520)
	at com.ibm.ejs.container.EJSDeployedSupport.setUncheckedException(EJSDeployedSupport.java:423)
	at com.ibm.ejs.container.EJSContainer.preinvokeHandleException(EJSContainer.java:2858)
	at com.ibm.ejs.container.EJSContainer.EjbPreInvoke(EJSContainer.java:2626)
	at com.offla.services.EJSLocal0SLAppfr1Bean_8d03ba1d.isPersonInDB(EJSLocal0SLAppfr1Bean_8d03ba1d.java)
	at com.offla.ws.IsPersonOnDB.isPersonOnDataBase(IsPersonOnDB.java:43)
	at com.offla.ws.EJSLocalNSLIsPersonOnDB_1c315ab8.isPersonOnDataBase(EJSLocalNSLIsPersonOnDB_1c315ab8.java)
	... 46 more
Caused by: javax.transaction.TransactionRolledbackException: Transaction is ended due to timeout
	at com.ibm.tx.jta.embeddable.impl.EmbeddableTranManagerImpl.completeTxTimeout(EmbeddableTranManagerImpl.java:118)
	at com.ibm.tx.jta.embeddable.impl.EmbeddableTranManagerSet.completeTxTimeout(EmbeddableTranManagerSet.java:92)
	at com.ibm.ejs.csi.TransactionControlImpl.completeTxTimeout(TransactionControlImpl.java:1201)
	at com.ibm.ejs.csi.TransactionControlImpl.preInvoke(TransactionControlImpl.java:197)
	at com.ibm.ejs.container.EJSContainer.preInvokeActivate(EJSContainer.java:3176)
	at com.ibm.ejs.container.EJSContainer.EjbPreInvoke(EJSContainer.java:2576)
	... 49 more

Dump of callerThis
Object type = com.ibm.ws.jaxrs20.ejb.JaxRsFactoryBeanEJBCustomizer
  tc = class com.ibm.websphere.ras.TraceComponent@3fb8769f
    strings[0] = "TraceComponent[com.ibm.ws.jaxrs20.ejb.JaxRsFactoryBeanEJBCustomizer,class com.ibm.ws.jaxrs20.ejb.JaxRsFactoryBeanEJBCustomizer,[JaxRs20EJB],com.ibm.ws.jaxrs20.ejb.internal.resources.JaxRsEJBMessages,null]"
  cxfPRHolder = class com.ibm.ws.jaxrs20.metadata.CXFJaxRsProviderResourceHolder@32220366
    resourceClasses = class java.util.ArrayList@4cc740e8
      serialVersionUID = 8683452581122892189
      DEFAULT_CAPACITY = 10
      EMPTY_ELEMENTDATA = class java.lang.Object[0]
      DEFAULTCAPACITY_EMPTY_ELEMENTDATA = class java.lang.Object[0]
      elementData = class java.lang.Object[10]
      size = 4
      MAX_ARRAY_SIZE = 2147483639
      modCount = 4
      MAX_ARRAY_SIZE = 2147483639
    providers = class java.util.ArrayList@6edc5325
      serialVersionUID = 8683452581122892189
      DEFAULT_CAPACITY = 10
      EMPTY_ELEMENTDATA = class java.lang.Object[0]
      DEFAULTCAPACITY_EMPTY_ELEMENTDATA = class java.lang.Object[0]
      elementData = class java.lang.Object[10]
      size = 4
      MAX_ARRAY_SIZE = 2147483639
      modCount = 4
      MAX_ARRAY_SIZE = 2147483639
    resouceProviderMap = class java.util.HashMap@48450985
      serialVersionUID = 362498820763181265
      DEFAULT_INITIAL_CAPACITY = 16
      MAXIMUM_CAPACITY = 1073741824
      DEFAULT_LOAD_FACTOR = 0.75
      TREEIFY_THRESHOLD = 8
      UNTREEIFY_THRESHOLD = 6
      MIN_TREEIFY_CAPACITY = 64
      table = class java.util.HashMap$Node[16]
      entrySet = class java.util.HashMap$EntrySet@25e01ab6
      size = 4
      modCount = 4
      threshold = 12
      loadFactor = 0.75
      keySet = null
      values = null
    abstractResourceMap = class java.util.HashMap@30b7ff30
      serialVersionUID = 362498820763181265
      DEFAULT_INITIAL_CAPACITY = 16
      MAXIMUM_CAPACITY = 1073741824
      DEFAULT_LOAD_FACTOR = 0.75
      TREEIFY_THRESHOLD = 8
      UNTREEIFY_THRESHOLD = 6
      MIN_TREEIFY_CAPACITY = 64
      table = null
      entrySet = null
      size = 0
      modCount = 0
      threshold = 0
      loadFactor = 0.75
      keySet = null
      values = null
    serialVersionUID = 2714569335892004126
    $$$tc$$$ = class com.ibm.websphere.ras.TraceComponent@4b106639
      strings[0] = "TraceComponent[com.ibm.ws.jaxrs20.metadata.CXFJaxRsProviderResourceHolder,class com.ibm.ws.jaxrs20.metadata.CXFJaxRsProviderResourceHolder,[],null,null]"
  exceptionMappers = class java.util.HashSet@79bbe083
    serialVersionUID = -5024744406713321676
    map = class java.util.HashMap@468139ce
      serialVersionUID = 362498820763181265
      DEFAULT_INITIAL_CAPACITY = 16
      MAXIMUM_CAPACITY = 1073741824
      DEFAULT_LOAD_FACTOR = 0.75
      TREEIFY_THRESHOLD = 8
      UNTREEIFY_THRESHOLD = 6
      MIN_TREEIFY_CAPACITY = 64
      table = null
      entrySet = null
      size = 0
      modCount = 0
      threshold = 0
      loadFactor = 0.75
      keySet = null
      values = null
    PRESENT = class java.lang.Object@38323598
    MAX_ARRAY_SIZE = 2147483639
  SERVER_PROVIDER_CLASS_NAMES = class java.util.HashSet@79202558
    serialVersionUID = -5024744406713321676
    map = class java.util.HashMap@4ac81f40
      serialVersionUID = 362498820763181265
      DEFAULT_INITIAL_CAPACITY = 16
      MAXIMUM_CAPACITY = 1073741824
      DEFAULT_LOAD_FACTOR = 0.75
      TREEIFY_THRESHOLD = 8
      UNTREEIFY_THRESHOLD = 6
      MIN_TREEIFY_CAPACITY = 64
      table = class java.util.HashMap$Node[16]
      entrySet = null
      size = 11
      modCount = 11
      threshold = 12
      loadFactor = 0.75
      keySet = null
      values = null
    PRESENT = class java.lang.Object@38323598
    MAX_ARRAY_SIZE = 2147483639
  serialVersionUID = 6716183167089884617
  $$$tc$$$ = class com.ibm.websphere.ras.TraceComponent@3b4ad120
    strings[0] = "TraceComponent[com.ibm.ws.jaxrs20.ejb.JaxRsFactoryBeanEJBCustomizer,class com.ibm.ws.jaxrs20.ejb.JaxRsFactoryBeanEJBCustomizer,[JaxRs20EJB],com.ibm.ws.jaxrs20.ejb.internal.resources.JaxRsEJBMessages,null]"

Dump of objectArray[0]
Object type = com.offla.ws.IsPersonOnDB
  service = null

Dump of objectArray[1]
Object type = java.lang.reflect.Method
  clazz = class java.lang.Class@23c6455d
    ANNOTATION = 8192
    ENUM = 16384
    SYNTHETIC = 4096
    cachedConstructor = null
    newInstanceCallerCache = null
    name = "com.offla.ws.IsPersonOnDB"
    allPermDomain = class java.security.ProtectionDomain@42e74bcb
    useCaches = true
    reflectionData = class java.lang.ref.SoftReference@3cfc06c8
      clock = 9350053
      timestamp = 9350053
      referent = class java.lang.Class$ReflectionData@a30fa81
      queue = class java.lang.ref.ReferenceQueue$Null@79bc80ac
      next = null
      discovered = null
      lock = class java.lang.ref.Reference$Lock@1edefee1
      pending = null
    classRedefinedCount = 1
    genericInfo = null
    serialVersionUID = 3206093459760846163
    serialPersistentFields = class java.io.ObjectStreamField[0]
    reflectionFactory = class sun.reflect.ReflectionFactory@55f91322
    initted = true
    enumConstants = null
    enumConstantDirectory = null
    annotationData = class java.lang.Class$AnnotationData@130e0921
      annotations = class java.util.LinkedHashMap@4f25040e
      declaredAnnotations = class java.util.LinkedHashMap@4f25040e
      redefinedCount = 1
    annotationType = null
    classValueMap = null
  slot = 0
  name = "isPersonOnDataBase"
  returnType = class java.lang.Class@1c655221
    ANNOTATION = 8192
    ENUM = 16384
    SYNTHETIC = 4096
    cachedConstructor = null
    newInstanceCallerCache = null
    name = "java.lang.String"
    allPermDomain = class java.security.ProtectionDomain@42e74bcb
      codesource = null
      classloader = null
      principals = interface java.security.Principal[0]
      permissions = class java.security.Permissions@27bb0c1a
      hasAllPerm = true
      staticPermissions = true
      key = class java.security.ProtectionDomain$Key@3418fcef
      debug = null
    useCaches = true
    reflectionData = class java.lang.ref.SoftReference@7c1f6c66
      clock = 9350053
      timestamp = 9350053
      referent = class java.lang.Class$ReflectionData@4c07ad94
      queue = class java.lang.ref.ReferenceQueue$Null@79bc80ac
      next = null
      discovered = null
      lock = class java.lang.ref.Reference$Lock@1edefee1
      pending = null
    classRedefinedCount = 0
    genericInfo = null
    serialVersionUID = 3206093459760846163
    serialPersistentFields = class java.io.ObjectStreamField[0]
    reflectionFactory = class sun.reflect.ReflectionFactory@55f91322
    initted = true
    enumConstants = null
    enumConstantDirectory = null
    annotationData = class java.lang.Class$AnnotationData@16ee0b54
      annotations = class java.util.Collections$EmptyMap@416ea267
      declaredAnnotations = class java.util.Collections$EmptyMap@416ea267
      redefinedCount = 0
    annotationType = null
    classValueMap = null
  parameterTypes = class java.lang.Class[3]
    parameterTypes[0] = class java.lang.Class@1c655221
    parameterTypes[1] = class java.lang.Class@1c655221
    parameterTypes[2] = class java.lang.Class@1c655221
  exceptionTypes = class java.lang.Class[0]
  modifiers = 1
  signature = null
  genericInfo = null
  annotations = {0,3,0,20,0,0,0,21,0,1,0,22,115,0,23,0,24,0,1,0,22,91,0,1,115,0,25} /* array length = 27*/
  parameterAnnotations = {3,0,1,0,27,0,1,0,22,115,0,28,0,1,0,27,0,1,0,22,115,0,29,0,1,0,27,0,1,0,22,115,0,30} /* array length = 34*/
  annotationDefault = null
  methodAccessor = class sun.reflect.DelegatingMethodAccessorImpl@34dad8a0
    delegate = class sun.reflect.NativeMethodAccessorImpl@4d006ac0
      method = class java.lang.reflect.Method@44ed43ba
      parent = class sun.reflect.DelegatingMethodAccessorImpl@34dad8a0
      numInvocations = 2
  root = class java.lang.reflect.Method@61017352
    clazz = class java.lang.Class@23c6455d
    slot = 0
    name = "isPersonOnDataBase"
    returnType = class java.lang.Class@1c655221
    parameterTypes = class java.lang.Class[3]
    exceptionTypes = class java.lang.Class[0]
    modifiers = 1
    signature = null
    genericInfo = null
    annotations = {0,3,0,20,0,0,0,21,0,1,0,22,115,0,23,0,24,0,1,0,22,91,0,1,115,0,25} /* array length = 27*/
    parameterAnnotations = {3,0,1,0,27,0,1,0,22,115,0,28,0,1,0,27,0,1,0,22,115,0,29,0,1,0,27,0,1,0,22,115,0,30} /* array length = 34*/
    annotationDefault = null
    methodAccessor = class sun.reflect.DelegatingMethodAccessorImpl@34dad8a0
    root = null
    hasRealParameterData = false
    parameters = null
    declaredAnnotations = class java.util.LinkedHashMap@4fdf1c5b
    ACCESS_PERMISSION = class java.lang.reflect.ReflectPermission@1e62b8d2
    override = false
    reflectionFactory = class sun.reflect.ReflectionFactory@55f91322
    securityCheckCache = null
  hasRealParameterData = false
  parameters = null
  declaredAnnotations = class java.util.LinkedHashMap@4fdf1c5b
    serialVersionUID = 3801124242820219131
    head = class java.util.LinkedHashMap$Entry@2164e016
      before = null
      after = class java.util.LinkedHashMap$Entry@5804784a
      hash = 1763420927
      key = class java.lang.Class@691bc3e4
      value = class com.sun.proxy.$Proxy38@7594f3f5
      next = null
    tail = class java.util.LinkedHashMap$Entry@2a4b68c0
      before = class java.util.LinkedHashMap$Entry@5804784a
      after = null
      hash = 528969464
      key = class java.lang.Class@1f87717f
      value = class com.sun.proxy.$Proxy35@3ba0256a
      next = null
    accessOrder = false
    serialVersionUID = 362498820763181265
    DEFAULT_INITIAL_CAPACITY = 16
    MAXIMUM_CAPACITY = 1073741824
    DEFAULT_LOAD_FACTOR = 0.75
    TREEIFY_THRESHOLD = 8
    UNTREEIFY_THRESHOLD = 6
    MIN_TREEIFY_CAPACITY = 64
    table = class java.util.HashMap$Node[16]
      table[0] = null
      table[1] = null
      table[2] = null
      table[3] = null
      table[4] = null
      table[5] = null
      table[6] = null
      table[7] = null
      table[8] = class java.util.LinkedHashMap$Entry@2a4b68c0
      table[9] = class java.util.LinkedHashMap$Entry@5804784a
      table[10] = null
      table[11] = null
      table[12] = null
      table[13] = null
      table[14] = null
      table[15] = class java.util.LinkedHashMap$Entry@2164e016
    entrySet = null
    size = 3
    modCount = 3
    threshold = 12
    loadFactor = 0.75
    keySet = null
    values = class java.util.LinkedHashMap$LinkedValues@4b6257ea
      this$0 = class java.util.LinkedHashMap@4fdf1c5b
      MAX_ARRAY_SIZE = 2147483639
  ACCESS_PERMISSION = class java.lang.reflect.ReflectPermission@1e62b8d2
    serialVersionUID = 7412737110241507485
    serialVersionUID = 6279438298436773498
    wildcard = false
    path = "suppressAccessChecks"
    exitVM = false
    serialVersionUID = -5636570222231596674
    name = "suppressAccessChecks"
  override = false
  reflectionFactory = class sun.reflect.ReflectionFactory@55f91322
    initted = true
    reflectionFactoryAccessPerm = class java.lang.RuntimePermission@4a8ac1ad
      serialVersionUID = 7399184964622342223
      serialVersionUID = 6279438298436773498
      wildcard = false
      path = "reflectionFactoryAccess"
      exitVM = false
      serialVersionUID = -5636570222231596674
      name = "reflectionFactoryAccess"
    soleInstance = class sun.reflect.ReflectionFactory@55f91322
    langReflectAccess = class java.lang.reflect.ReflectAccess@492e456
    noInflation = false
    inflationThreshold = 15
  securityCheckCache = null

Dump of objectArray[2]
Object type = [Ljava.lang.Object;
  Object type[0] = "303653372"
  Object type[1] = "15031961"
  Object type[2] = "0"

Dump of objectArray[3]
Object type = java.lang.Boolean
  TRUE = true
  FALSE = false
  TYPE = class java.lang.Class@d2cc05a
    ANNOTATION = 8192
    ENUM = 16384
    SYNTHETIC = 4096
    cachedConstructor = null
    newInstanceCallerCache = null
    name = "boolean"
    allPermDomain = class java.security.ProtectionDomain@42e74bcb
      codesource = null
      classloader = null
      principals = interface java.security.Principal[0]
      permissions = class java.security.Permissions@27bb0c1a
      hasAllPerm = true
      staticPermissions = true
      key = class java.security.ProtectionDomain$Key@3418fcef
      debug = null
    useCaches = true
    reflectionData = null
    classRedefinedCount = 0
    genericInfo = null
    serialVersionUID = 3206093459760846163
    serialPersistentFields = class java.io.ObjectStreamField[0]
    reflectionFactory = class sun.reflect.ReflectionFactory@55f91322
      initted = true
      reflectionFactoryAccessPerm = class java.lang.RuntimePermission@4a8ac1ad
      soleInstance = class sun.reflect.ReflectionFactory@55f91322
      langReflectAccess = class java.lang.reflect.ReflectAccess@492e456
      noInflation = false
      inflationThreshold = 15
    initted = true
    enumConstants = null
    enumConstantDirectory = null
    annotationData = null
    annotationType = null
    classValueMap = null
  value = false
  serialVersionUID = -3665804199014368530

Dump of objectArray[4]
Object type = java.util.HashMap
  serialVersionUID = 362498820763181265
  DEFAULT_INITIAL_CAPACITY = 16
  MAXIMUM_CAPACITY = 1073741824
  DEFAULT_LOAD_FACTOR = 0.75
  TREEIFY_THRESHOLD = 8
  UNTREEIFY_THRESHOLD = 6
  MIN_TREEIFY_CAPACITY = 64
  table = class java.util.HashMap$Node[16]
    table[0] = null
    table[1] = null
    table[2] = class java.util.HashMap$Node@ae29a8f
      hash = -927863838
      key = "com.offla.ws.HolaWS"
      value = class com.ibm.ws.jaxrs20.ejb.EJBInfo@1628987b
      next = null
    table[3] = null
    table[4] = null
    table[5] = class java.util.HashMap$Node@54a60ba0
      hash = 274784133
      key = "com.offla.ws.NotificationSenderWSTestReceptor"
      value = class com.ibm.ws.jaxrs20.ejb.EJBInfo@1a470f45
      next = class java.util.HashMap$Node@747d939a
    table[6] = null
    table[7] = null
    table[8] = null
    table[9] = class java.util.HashMap$Node@3b8aabdc
      hash = 425987529
      key = "com.offla.services.Appfr1Bean"
      value = class com.ibm.ws.jaxrs20.ejb.EJBInfo@152e274b
      next = null
    table[10] = null
    table[11] = null
    table[12] = null
    table[13] = class java.util.HashMap$Node@60f02846
      hash = -527998067
      key = "com.offla.ws.GoogleTokensWS"
      value = class com.ibm.ws.jaxrs20.ejb.EJBInfo@2cce2483
      next = class java.util.HashMap$Node@ed12b78
    table[14] = class java.util.HashMap$Node@7ed8f035
      hash = -1213113714
      key = "com.offla.services.CellarixTxnBean"
      value = class com.ibm.ws.jaxrs20.ejb.EJBInfo@7258e18a
      next = null
    table[15] = null
  entrySet = class java.util.HashMap$EntrySet@258fc5de
    this$0 = class java.util.HashMap@340d42f9
    MAX_ARRAY_SIZE = 2147483639
  size = 8
  modCount = 8
  threshold = 12
  loadFactor = 0.75
  keySet = null
  values = null

