------Start of DE processing------ = [12/6/15 16:26:07:014 IST]
Exception = org.springframework.beans.factory.BeanDefinitionStoreException
Source = com.ibm.ws.webcontainer.servlet.ServletWrapper.init
probeid = 181
Stack Dump = org.springframework.beans.factory.BeanDefinitionStoreException: Failed to parse configuration class [com.offla.controller.OfflaHelloWorld]; nested exception is java.io.FileNotFoundException: class path resource [com/offla.controller/application.properties] cannot be opened because it does not exist
	at org.springframework.context.annotation.ConfigurationClassParser.parse(ConfigurationClassParser.java:172)
	at org.springframework.context.annotation.ConfigurationClassPostProcessor.processConfigBeanDefinitions(ConfigurationClassPostProcessor.java:306)
	at org.springframework.context.annotation.ConfigurationClassPostProcessor.postProcessBeanDefinitionRegistry(ConfigurationClassPostProcessor.java:239)
	at org.springframework.context.support.PostProcessorRegistrationDelegate.invokeBeanDefinitionRegistryPostProcessors(PostProcessorRegistrationDelegate.java:254)
	at org.springframework.context.support.PostProcessorRegistrationDelegate.invokeBeanFactoryPostProcessors(PostProcessorRegistrationDelegate.java:94)
	at org.springframework.context.support.AbstractApplicationContext.invokeBeanFactoryPostProcessors(AbstractApplicationContext.java:606)
	at org.springframework.context.support.AbstractApplicationContext.refresh(AbstractApplicationContext.java:462)
	at org.springframework.web.servlet.FrameworkServlet.configureAndRefreshWebApplicationContext(FrameworkServlet.java:663)
	at org.springframework.web.servlet.FrameworkServlet.createWebApplicationContext(FrameworkServlet.java:629)
	at org.springframework.web.servlet.FrameworkServlet.createWebApplicationContext(FrameworkServlet.java:677)
	at org.springframework.web.servlet.FrameworkServlet.initWebApplicationContext(FrameworkServlet.java:548)
	at org.springframework.web.servlet.FrameworkServlet.initServletBean(FrameworkServlet.java:489)
	at org.springframework.web.servlet.HttpServletBean.init(HttpServletBean.java:136)
	at javax.servlet.GenericServlet.init(GenericServlet.java:244)
	at com.ibm.ws.webcontainer.servlet.ServletWrapper.init(ServletWrapper.java:332)
	at com.ibm.ws.webcontainer.servlet.ServletWrapper.loadOnStartupCheck(ServletWrapper.java:1423)
	at com.ibm.ws.webcontainer.webapp.WebApp.doLoadOnStartupActions(WebApp.java:1180)
	at com.ibm.ws.webcontainer.webapp.WebApp.commonInitializationFinally(WebApp.java:1148)
	at com.ibm.ws.webcontainer.webapp.WebApp.initialize(WebApp.java:1054)
	at com.ibm.ws.webcontainer.webapp.WebApp.initialize(WebApp.java:6448)
	at com.ibm.ws.webcontainer.osgi.DynamicVirtualHost.startWebApp(DynamicVirtualHost.java:446)
	at com.ibm.ws.webcontainer.osgi.DynamicVirtualHost.createRunnableHandler(DynamicVirtualHost.java:248)
	at com.ibm.ws.webcontainer.osgi.DynamicVirtualHost.createRunnableHandler(DynamicVirtualHost.java:313)
	at com.ibm.ws.http.internal.VirtualHostImpl.discriminate(VirtualHostImpl.java:251)
	at com.ibm.ws.http.dispatcher.internal.channel.HttpDispatcherLink.ready(HttpDispatcherLink.java:306)
	at com.ibm.ws.http.channel.internal.inbound.HttpInboundLink.handleDiscrimination(HttpInboundLink.java:470)
	at com.ibm.ws.http.channel.internal.inbound.HttpInboundLink.handleNewRequest(HttpInboundLink.java:404)
	at com.ibm.ws.http.channel.internal.inbound.HttpInboundLink.processRequest(HttpInboundLink.java:284)
	at com.ibm.ws.http.channel.internal.inbound.HttpInboundLink.ready(HttpInboundLink.java:255)
	at com.ibm.ws.tcpchannel.internal.NewConnectionInitialReadCallback.sendToDiscriminators(NewConnectionInitialReadCallback.java:174)
	at com.ibm.ws.tcpchannel.internal.NewConnectionInitialReadCallback.complete(NewConnectionInitialReadCallback.java:83)
	at com.ibm.ws.tcpchannel.internal.WorkQueueManager.requestComplete(WorkQueueManager.java:504)
	at com.ibm.ws.tcpchannel.internal.WorkQueueManager.attemptIO(WorkQueueManager.java:574)
	at com.ibm.ws.tcpchannel.internal.WorkQueueManager.workerRun(WorkQueueManager.java:929)
	at com.ibm.ws.tcpchannel.internal.WorkQueueManager$Worker.run(WorkQueueManager.java:1018)
	at java.util.concurrent.ThreadPoolExecutor.runWorker(ThreadPoolExecutor.java:1142)
	at java.util.concurrent.ThreadPoolExecutor$Worker.run(ThreadPoolExecutor.java:617)
	at java.lang.Thread.run(Thread.java:745)
Caused by: java.io.FileNotFoundException: class path resource [com/offla.controller/application.properties] cannot be opened because it does not exist
	at org.springframework.core.io.ClassPathResource.getInputStream(ClassPathResource.java:172)
	at org.springframework.core.io.support.EncodedResource.getInputStream(EncodedResource.java:143)
	at org.springframework.core.io.support.PropertiesLoaderUtils.fillProperties(PropertiesLoaderUtils.java:98)
	at org.springframework.core.io.support.PropertiesLoaderUtils.fillProperties(PropertiesLoaderUtils.java:72)
	at org.springframework.core.io.support.PropertiesLoaderUtils.loadProperties(PropertiesLoaderUtils.java:58)
	at org.springframework.core.io.support.ResourcePropertySource.<init>(ResourcePropertySource.java:83)
	at org.springframework.context.annotation.ConfigurationClassParser.processPropertySource(ConfigurationClassParser.java:335)
	at org.springframework.context.annotation.ConfigurationClassParser.doProcessConfigurationClass(ConfigurationClassParser.java:251)
	at org.springframework.context.annotation.ConfigurationClassParser.processConfigurationClass(ConfigurationClassParser.java:228)
	at org.springframework.context.annotation.ConfigurationClassParser.parse(ConfigurationClassParser.java:186)
	at org.springframework.context.annotation.ConfigurationClassParser.parse(ConfigurationClassParser.java:165)
	... 37 more

Dump of callerThis
Object type = com.ibm.ws.webcontainer.osgi.servlet.ServletWrapper
  serialVersionUID = 1
  _mo = class com.ibm.ws.managedobject.internal.ManagedObjectImpl@3636ad99
    serialVersionUID = 2312695316196219051
    object = "<sensitive org.springframework.web.servlet.DispatcherServlet@69935de2>"
    $$$tc$$$ = class com.ibm.websphere.ras.TraceComponent@6e70fbe1
      strings[0] = "TraceComponent[com.ibm.ws.managedobject.internal.ManagedObjectImpl,class com.ibm.ws.managedobject.internal.ManagedObjectImpl,[],null,null]"
  serialVersionUID = -4479626085298397598
  notifyInvocationListeners = false
  UNINITIALIZED_STATE = -1
  AVAILABLE_STATE = 0
  UNAVAILABLE_STATE = 1
  UNAVAILABLE_PERMANENTLY_STATE = 2
  collabHelper = class com.ibm.ws.webcontainer.osgi.collaborator.CollaboratorHelperImpl@1554e727
    webAppInvCollabs = class java.util.Collections$UnmodifiableSet@61084b60
      serialVersionUID = -9215047833775013803
      serialVersionUID = 1820017752578914078
      c = class java.util.concurrent.CopyOnWriteArraySet@3646e29a
    securityDomainForApp = null
    logger = class com.ibm.ws.logging.internal.WsLogger@4ad138e
      tc = class com.ibm.websphere.ras.TraceComponent@70466f79
      ivCachedResourceBundleName = null
      ivCachedResourceBundle = null
      ivComponent = null
      ivOrganization = null
      ivProduct = null
      ivMinimumLocalizationLevelIntValue = 625
      ivTC = class com.ibm.websphere.ras.TraceComponent@4a782b1f
      loggerRegistrationComponent = class java.lang.ThreadLocal@216c7b9b
      emptyHandlers = class java.util.logging.Handler[0]
      offValue = 2147483647
      SYSTEM_LOGGER_RB_NAME = "sun.util.logging.resources.logging"
      SYSTEM_BUNDLE = class java.util.logging.Logger$LoggerBundle@15aa40d3
      NO_RESOURCE_BUNDLE = class java.util.logging.Logger$LoggerBundle@c47de0c
      manager = class com.ibm.ws.kernel.boot.logging.WsLogManager@4eb5ccbc
      name = "com.ibm.ws.webcontainer.collaborator"
      handlers = class java.util.concurrent.CopyOnWriteArrayList@75e858ff
      loggerBundle = class java.util.logging.Logger$LoggerBundle@37781928
      useParentHandlers = true
      filter = null
      anonymous = false
      catalog = class com.ibm.ws.webcontainer.resources.Messages_en@3abdeb3c
      catalogName = "com.ibm.ws.webcontainer.resources.Messages"
      catalogLocale = class java.util.Locale@32c6fbc7
      treeLock = class java.lang.Object@5678a7c2
      parent = class com.ibm.ws.logging.internal.WsLogger@2eb63b18
      kids = null
      levelObject = class java.util.logging.Level@4ccaf582
      levelValue = 800
      callersClassLoaderRef = class java.lang.ref.WeakReference@ba57924
      isSystemLogger = false
      GLOBAL_LOGGER_NAME = "global"
      global = class java.util.logging.Logger@5e8eda2a
      $assertionsDisabled = true
    staticDefaultSecurityCollaborator = class com.ibm.ws.webcontainer.collaborator.WebAppSecurityCollaborator@8dba9b9
    logger = class com.ibm.ws.logging.internal.WsLogger@2594bf4e
      tc = class com.ibm.websphere.ras.TraceComponent@70466f79
      ivCachedResourceBundleName = null
      ivCachedResourceBundle = null
      ivComponent = null
      ivOrganization = null
      ivProduct = null
      ivMinimumLocalizationLevelIntValue = 625
      ivTC = class com.ibm.websphere.ras.TraceComponent@3062c34c
      loggerRegistrationComponent = class java.lang.ThreadLocal@216c7b9b
      emptyHandlers = class java.util.logging.Handler[0]
      offValue = 2147483647
      SYSTEM_LOGGER_RB_NAME = "sun.util.logging.resources.logging"
      SYSTEM_BUNDLE = class java.util.logging.Logger$LoggerBundle@15aa40d3
      NO_RESOURCE_BUNDLE = class java.util.logging.Logger$LoggerBundle@c47de0c
      manager = class com.ibm.ws.kernel.boot.logging.WsLogManager@4eb5ccbc
      name = "com.ibm.wsspi.webcontainer.collaborator"
      handlers = class java.util.concurrent.CopyOnWriteArrayList@572d32b0
      loggerBundle = class java.util.logging.Logger$LoggerBundle@5e504b29
      useParentHandlers = true
      filter = null
      anonymous = false
      catalog = class com.ibm.ws.webcontainer.resources.Messages_en@3abdeb3c
      catalogName = "com.ibm.ws.webcontainer.resources.Messages"
      catalogLocale = class java.util.Locale@32c6fbc7
      treeLock = class java.lang.Object@5678a7c2
      parent = class java.util.logging.Logger@6b5884c1
      kids = null
      levelObject = class java.util.logging.Level@4ccaf582
      levelValue = 800
      callersClassLoaderRef = class java.lang.ref.WeakReference@311b4575
      isSystemLogger = false
      GLOBAL_LOGGER_NAME = "global"
      global = class java.util.logging.Logger@5e8eda2a
      $assertionsDisabled = true
    CLASS_NAME = "com.ibm.wsspi.webcontainer.collaborator.CollaboratorHelper"
    webApp = class com.ibm.ws.webcontainer31.osgi.webapp.WebApp31@44e13db8
    securityCollaborator = class com.ibm.ws.webcontainer.security.WebAppSecurityCollaboratorImpl@4949f911
      tc = class com.ibm.websphere.ras.TraceComponent@484d03c0
      KEY_ID = "id"
      KEY_SERVICE_ID = "service.id"
      KEY_COMPONENT_NAME = "component.name"
      KEY_SECURITY_SERVICE = "securityService"
      KEY_TAI_SERVICE = "taiService"
      KEY_INTERCEPTOR_SERVICE = "interceptorService"
      KEY_OAUTH_SERVICE = "oauthService"
      KEY_OIDC_SERVER = "oidcServer"
      KEY_OIDC_CLIENT = "oidcClient"
      KEY_OPENID_CLIENT_SERVICE = "openidClientService"
      KEY_JACC_SERVICE = "jaccService"
      JASPI_SERVICE_COMPONENT_NAME = "com.ibm.ws.security.jaspi"
      KEY_WEB_AUTHENTICATOR = "webAuthenticator"
      KEY_UNPROTECTED_RESOURCE_SERVICE = "unprotectedResourceService"
      webAuthenticatorRef = class com.ibm.wsspi.kernel.service.utils.ConcurrentServiceReferenceMap@579de786
      unprotectedResourceServiceRef = class com.ibm.wsspi.kernel.service.utils.ConcurrentServiceReferenceMap@3fab180a
      taiServiceRef = class com.ibm.wsspi.kernel.service.utils.AtomicServiceReference@32103bcf
      interceptorServiceRef = class com.ibm.wsspi.kernel.service.utils.ConcurrentServiceReferenceMap@69afd377
      oauthServiceRef = class com.ibm.wsspi.kernel.service.utils.AtomicServiceReference@5136a813
      oidcServerRef = class com.ibm.wsspi.kernel.service.utils.AtomicServiceReference@36ba8177
      oidcClientRef = class com.ibm.wsspi.kernel.service.utils.AtomicServiceReference@5471a2c
      openidClientRef = class com.ibm.wsspi.kernel.service.utils.AtomicServiceReference@12645598
      securityServiceRef = class com.ibm.wsspi.kernel.service.utils.AtomicServiceReference@76f601f7
      jaccServiceRef = class com.ibm.wsspi.kernel.service.utils.AtomicServiceReference@14258767
      KEY_LOCATION_ADMIN = "locationAdmin"
      locationAdminRef = class com.ibm.wsspi.kernel.service.utils.AtomicServiceReference@290e69b5
      PERMIT_REPLY = class com.ibm.ws.webcontainer.security.internal.PermitReply@19762199
      DENY_AUTHN_FAILED = class com.ibm.ws.webcontainer.security.internal.DenyReply@5f4962f9
      DENY_AUTHZ_FAILED = class com.ibm.ws.webcontainer.security.internal.DenyReply@676fd8c8
      AUTH_TYPE = "AUTH_TYPE"
      ALL_AUTHENTICATED_ROLE = "**"
      STARSTAR_ROLE = "_starstar_"
      globalConfig = class com.ibm.ws.webcontainer.security.internal.WebAppSecurityConfigImpl@3df64651
      webAppSecConfig = class com.ibm.ws.webcontainer.security.internal.WebAppSecurityConfigImpl@3df64651
      authenticateApi = class com.ibm.ws.webcontainer.security.AuthenticateApi@1524d29f
      postParameterHelper = class com.ibm.ws.webcontainer.security.PostParameterHelper@1ee3468
      collabUtils = class com.ibm.ws.security.collaborator.CollaboratorUtils@18de0505
      subjectHelper = class com.ibm.ws.security.authentication.utility.SubjectHelper@17951c81
      subjectManager = class com.ibm.ws.security.context.SubjectManager@249684c6
      httpsRedirectHandler = class com.ibm.ws.webcontainer.security.internal.HTTPSRedirectHandler@54aba948
      authenticatorProxy = class com.ibm.ws.webcontainer.security.WebAuthenticatorProxy@3c3568f5
      providerAuthenticatorProxy = class com.ibm.ws.webcontainer.security.WebProviderAuthenticatorProxy@3fb1ae6
      unauthenticatedSubjectService = class com.ibm.ws.security.authentication.internal.UnauthenticatedSubjectServiceImpl@135b1eeb
      wasch = class com.ibm.ws.webcontainer.security.WebAppSecurityCollaboratorImpl@4949f911
      isJaspiEnabled = false
      serialVersionUID = 5956753714072062021
    nameSpaceCollaborator = class com.ibm.ws.webcontainer.osgi.collaborator.WebAppNameSpaceCollaboratorImpl@df70416
    transactionCollaborator = class com.ibm.ws.transaction.services.WebAppTransactionCollaboratorImpl@7e0b78ae
    connectionCollaborator = class com.ibm.ws.webcontainer.collaborator.ConnectionCollaborator@7d899edb
    allCollabEnum = class java.util.RegularEnumSet@1c0a07e0
      serialVersionUID = 3411599620347842686
      elements = 511
      elementType = class java.lang.Class@66b2f1b8
      universe = class com.ibm.wsspi.webcontainer.collaborator.CollaboratorInvocationEnum[9]
      ZERO_LENGTH_ENUM_ARRAY = class java.lang.Enum[0]
      MAX_ARRAY_SIZE = 2147483639
    servlet_23_or_greater = true
    DEFER_SERVLET_REQUEST_LISTENER_DESTROY_ON_ERROR = false
  nServicing = class java.util.concurrent.atomic.AtomicInteger@278369ce
    serialVersionUID = 6214790243416807050
    unsafe = class sun.misc.Unsafe@711bb2ee
      theUnsafe = class sun.misc.Unsafe@711bb2ee
      INVALID_FIELD_OFFSET = -1
      ARRAY_BOOLEAN_BASE_OFFSET = 16
      ARRAY_BYTE_BASE_OFFSET = 16
      ARRAY_SHORT_BASE_OFFSET = 16
      ARRAY_CHAR_BASE_OFFSET = 16
      ARRAY_INT_BASE_OFFSET = 16
      ARRAY_LONG_BASE_OFFSET = 16
      ARRAY_FLOAT_BASE_OFFSET = 16
      ARRAY_DOUBLE_BASE_OFFSET = 16
      ARRAY_OBJECT_BASE_OFFSET = 16
      ARRAY_BOOLEAN_INDEX_SCALE = 1
      ARRAY_BYTE_INDEX_SCALE = 1
      ARRAY_SHORT_INDEX_SCALE = 2
      ARRAY_CHAR_INDEX_SCALE = 2
      ARRAY_INT_INDEX_SCALE = 4
      ARRAY_LONG_INDEX_SCALE = 8
      ARRAY_FLOAT_INDEX_SCALE = 4
      ARRAY_DOUBLE_INDEX_SCALE = 8
      ARRAY_OBJECT_INDEX_SCALE = 4
      ADDRESS_SIZE = 8
    valueOffset = 12
    value = 0
    serialVersionUID = -8742448824652078965
  lastAccessTime = 1449411966272
  state = -1
  logger = class com.ibm.ws.logging.internal.WsLogger@1f98f975
    tc = class com.ibm.websphere.ras.TraceComponent@70466f79
      strings[0] = "TraceComponent[com.ibm.ws.logging.internal.WsLogger,class com.ibm.ws.logging.internal.WsLogger,[logging],com.ibm.ws.logging.internal.resources.LoggingMessages,null]"
    ivCachedResourceBundleName = null
    ivCachedResourceBundle = null
    ivComponent = null
    ivOrganization = null
    ivProduct = null
    ivMinimumLocalizationLevelIntValue = 625
    ivTC = class com.ibm.websphere.ras.TraceComponent@12945c7a
      strings[0] = "TraceComponent[com.ibm.ws.webcontainer.servlet,class com.ibm.wsspi.webcontainer.logging.LoggerFactory$1,[com.ibm.ws.webcontainer.servlet],null,null]"
    loggerRegistrationComponent = class java.lang.ThreadLocal@216c7b9b
      threadLocalHashCode = 322530474
      nextHashCode = class java.util.concurrent.atomic.AtomicInteger@60edfeb2
      HASH_INCREMENT = 1640531527
    emptyHandlers = class java.util.logging.Handler[0]
    offValue = 2147483647
    SYSTEM_LOGGER_RB_NAME = "sun.util.logging.resources.logging"
    SYSTEM_BUNDLE = class java.util.logging.Logger$LoggerBundle@15aa40d3
      resourceBundleName = "sun.util.logging.resources.logging"
      userBundle = null
    NO_RESOURCE_BUNDLE = class java.util.logging.Logger$LoggerBundle@c47de0c
      resourceBundleName = null
      userBundle = null
    manager = class com.ibm.ws.kernel.boot.logging.WsLogManager@4eb5ccbc
      CLASS_NAME = "com.ibm.ws.kernel.boot.logging.WsLogManager"
      CONFIGURE_BY_SERVER_PROPERTY_NAME = "java.util.logging.configureByServer"
      CONFIGURE_BY_LOGGING_PROPERTIES_FILE = "java.util.logging.configureByLoggingPropertiesFile"
      configureByServer = true
      configureByLoggingProperties = false
      wsLogger = class java.lang.reflect.Constructor@66809776
      resetEnabled = true
      manager = class com.ibm.ws.kernel.boot.logging.WsLogManager@4eb5ccbc
      props = class java.util.Properties@5ed7120e
      defaultLevel = class java.util.logging.Level@4ccaf582
      listenerMap = class java.util.HashMap@48be0707
      systemContext = class java.util.logging.LogManager$SystemLoggerContext@2a671241
      userContext = class java.util.logging.LogManager$LoggerContext@110d94b
      rootLogger = class java.util.logging.LogManager$RootLogger@6731fc05
      readPrimordialConfiguration = true
      initializedGlobalHandlers = true
      deathImminent = false
      initializedCalled = true
      initializationDone = true
      contextsMap = null
      loggerRefQueue = class java.lang.ref.ReferenceQueue@5f0f49db
      MAX_ITERATIONS = 400
      controlPermission = class java.util.logging.LoggingPermission@4d68bd61
      loggingMXBean = null
      LOGGING_MXBEAN_NAME = "java.util.logging:type=Logging"
      $assertionsDisabled = true
    name = "com.ibm.ws.webcontainer.servlet"
    handlers = class java.util.concurrent.CopyOnWriteArrayList@2798784d
      serialVersionUID = 8673264195747942595
      lock = class java.util.concurrent.locks.ReentrantLock@19b8d26a
      array = class java.lang.Object[0]
      UNSAFE = class sun.misc.Unsafe@711bb2ee
      lockOffset = 12
    loggerBundle = class java.util.logging.Logger$LoggerBundle@607308b5
      resourceBundleName = "com.ibm.ws.webcontainer.resources.Messages"
      userBundle = null
    useParentHandlers = true
    filter = null
    anonymous = false
    catalog = class com.ibm.ws.webcontainer.resources.Messages_en@52f60d09
      resources = class [Ljava.lang.Object;[0]
      lookup = class java.util.HashMap@6ac385d5
      INITIAL_CACHE_SIZE = 32
      NONEXISTENT_BUNDLE = class java.util.ResourceBundle$1@64809d75
      cacheList = class java.util.concurrent.ConcurrentHashMap@6c778cb4
      referenceQueue = class java.lang.ref.ReferenceQueue@4a69bb57
      parent = class com.ibm.ws.webcontainer.resources.Messages@60df6c08
      locale = class java.util.Locale@141ff892
      name = "com.ibm.ws.webcontainer.resources.Messages"
      expired = false
      cacheKey = class java.util.ResourceBundle$CacheKey@57e52b05
      keySet = null
      providers = null
      $assertionsDisabled = true
    catalogName = "com.ibm.ws.webcontainer.resources.Messages"
    catalogLocale = class java.util.Locale@32c6fbc7
      LOCALECACHE = class java.util.Locale$Cache@6c3d6252
      ENGLISH = class java.util.Locale@141ff892
      FRENCH = class java.util.Locale@5d18baff
      GERMAN = class java.util.Locale@3cf2e363
      ITALIAN = class java.util.Locale@3b5a295d
      JAPANESE = class java.util.Locale@50ea9dcc
      KOREAN = class java.util.Locale@48bd1a6c
      CHINESE = class java.util.Locale@637f11e3
      SIMPLIFIED_CHINESE = class java.util.Locale@985dc10
      TRADITIONAL_CHINESE = class java.util.Locale@d852411
      FRANCE = class java.util.Locale@2dcb31b7
      GERMANY = class java.util.Locale@3620cde4
      ITALY = class java.util.Locale@1162f26c
      JAPAN = class java.util.Locale@35e3f9fd
      KOREA = class java.util.Locale@41d1307f
      CHINA = class java.util.Locale@985dc10
      PRC = class java.util.Locale@985dc10
      TAIWAN = class java.util.Locale@d852411
      UK = class java.util.Locale@71ae9a4c
      US = class java.util.Locale@32c6fbc7
      CANADA = class java.util.Locale@7759f787
      CANADA_FRENCH = class java.util.Locale@5d5fc480
      ROOT = class java.util.Locale@47282f8c
      PRIVATE_USE_EXTENSION = x
      UNICODE_LOCALE_EXTENSION = u
      serialVersionUID = 9149081749638150636
      DISPLAY_LANGUAGE = 0
      DISPLAY_COUNTRY = 1
      DISPLAY_VARIANT = 2
      DISPLAY_SCRIPT = 3
      baseLocale = class sun.util.locale.BaseLocale@15c5559c
      localeExtensions = null
      hashCodeValue = 96636889
      defaultLocale = class java.util.Locale@32c6fbc7
      defaultDisplayLocale = null
      defaultFormatLocale = class java.util.Locale@32c6fbc7
      languageTag = "en-US"
      serialPersistentFields = class java.io.ObjectStreamField[6]
      isoLanguages = null
      isoCountries = null
      $assertionsDisabled = true
    treeLock = class java.lang.Object@5678a7c2
    parent = class com.ibm.ws.logging.internal.WsLogger@2eb63b18
      tc = class com.ibm.websphere.ras.TraceComponent@70466f79
      ivCachedResourceBundleName = "com.ibm.ws.webcontainer.resources.Messages"
      ivCachedResourceBundle = class com.ibm.ws.webcontainer.resources.Messages_en@52f60d09
      ivComponent = null
      ivOrganization = null
      ivProduct = null
      ivMinimumLocalizationLevelIntValue = 625
      ivTC = class com.ibm.websphere.ras.TraceComponent@456f9c31
      loggerRegistrationComponent = class java.lang.ThreadLocal@216c7b9b
      emptyHandlers = class java.util.logging.Handler[0]
      offValue = 2147483647
      SYSTEM_LOGGER_RB_NAME = "sun.util.logging.resources.logging"
      SYSTEM_BUNDLE = class java.util.logging.Logger$LoggerBundle@15aa40d3
      NO_RESOURCE_BUNDLE = class java.util.logging.Logger$LoggerBundle@c47de0c
      manager = class com.ibm.ws.kernel.boot.logging.WsLogManager@4eb5ccbc
      name = "com.ibm.ws.webcontainer"
      handlers = class java.util.concurrent.CopyOnWriteArrayList@faf0ef3
      loggerBundle = class java.util.logging.Logger$LoggerBundle@561bf867
      useParentHandlers = true
      filter = null
      anonymous = false
      catalog = class com.ibm.ws.webcontainer.resources.Messages_en@52f60d09
      catalogName = "com.ibm.ws.webcontainer.resources.Messages"
      catalogLocale = class java.util.Locale@32c6fbc7
      treeLock = class java.lang.Object@5678a7c2
      parent = class java.util.logging.Logger@6b5884c1
      kids = class java.util.ArrayList@2fe03167
      levelObject = class java.util.logging.Level@4ccaf582
      levelValue = 800
      callersClassLoaderRef = class java.lang.ref.WeakReference@5962a358
      isSystemLogger = false
      GLOBAL_LOGGER_NAME = "global"
      global = class java.util.logging.Logger@5e8eda2a
      $assertionsDisabled = true
    kids = null
    levelObject = class java.util.logging.Level@4ccaf582
      defaultBundle = "sun.util.logging.resources.logging"
      name = "INFO"
      value = 800
      resourceBundleName = "sun.util.logging.resources.logging"
      localizedLevelName = "INFO"
      cachedLocale = class java.util.Locale@32c6fbc7
      OFF = class java.util.logging.Level@2c811235
      SEVERE = class java.util.logging.Level@58ccbeef
      WARNING = class java.util.logging.Level@686b9b4a
      INFO = class java.util.logging.Level@4ccaf582
      CONFIG = class java.util.logging.Level@4235d135
      FINE = class java.util.logging.Level@660163fc
      FINER = class java.util.logging.Level@5b878215
      FINEST = class java.util.logging.Level@6f82f3e4
      ALL = class java.util.logging.Level@3522b58
      serialVersionUID = -8176160795706313070
    levelValue = 800
    callersClassLoaderRef = class java.lang.ref.WeakReference@4957271f
      referent = class org.eclipse.osgi.internal.loader.EquinoxClassLoader@5c65d04a
      queue = class java.lang.ref.ReferenceQueue$Null@530885c2
      next = null
      discovered = null
      lock = class java.lang.ref.Reference$Lock@71b4d9bb
      pending = null
    isSystemLogger = false
    GLOBAL_LOGGER_NAME = "global"
    global = class java.util.logging.Logger@5e8eda2a
      emptyHandlers = class java.util.logging.Handler[0]
      offValue = 2147483647
      SYSTEM_LOGGER_RB_NAME = "sun.util.logging.resources.logging"
      SYSTEM_BUNDLE = class java.util.logging.Logger$LoggerBundle@15aa40d3
      NO_RESOURCE_BUNDLE = class java.util.logging.Logger$LoggerBundle@c47de0c
      manager = class com.ibm.ws.kernel.boot.logging.WsLogManager@4eb5ccbc
      name = "global"
      handlers = class java.util.concurrent.CopyOnWriteArrayList@f4f579
      loggerBundle = class java.util.logging.Logger$LoggerBundle@c47de0c
      useParentHandlers = true
      filter = null
      anonymous = false
      catalog = null
      catalogName = null
      catalogLocale = null
      treeLock = class java.lang.Object@5678a7c2
      parent = class java.util.logging.Logger@6b5884c1
      kids = null
      levelObject = null
      levelValue = 800
      callersClassLoaderRef = null
      isSystemLogger = true
      GLOBAL_LOGGER_NAME = "global"
      global = class java.util.logging.Logger@5e8eda2a
      $assertionsDisabled = true
    $assertionsDisabled = true
  CLASS_NAME = "com.ibm.ws.webcontainer.servlet.ServletWrapper"
  nls = class com.ibm.ejs.ras.TraceNLS@673d2d96
    resolver = class com.ibm.ws.logging.internal.TraceNLSResolver@2b54cdb3
      tc = class com.ibm.websphere.ras.TraceComponent@3f8f9dd6
      DEBUG_TRACE_NLS_PROPERTY = "com.ibm.ejs.ras.debugTraceNLSResolver"
      debugTraceNLSResolver = false
      makeNoise = false
      nullKey = "null"
      svNullBundleName = "Resource Bundle name is null, key = {0}"
      svBundleNotLoaded = "Unable to load ResourceBundle {0}"
      svNullKeyMessage = "Null key passed while using ResourceBundle {0}"
      svMalformedMessage = "No message text associated with key {0} in bundle {1}"
    finder = null
    ivBundleName = "com.ibm.ws.webcontainer.resources.Messages"
    caller = class java.lang.Class@160dda1a
      ANNOTATION = 8192
      ENUM = 16384
      SYNTHETIC = 4096
      cachedConstructor = null
      newInstanceCallerCache = null
      name = null
      allPermDomain = class java.security.ProtectionDomain@1da6be0d
      useCaches = true
      reflectionData = class java.lang.ref.SoftReference@7e75b8a0
      classRedefinedCount = 0
      genericInfo = null
      serialVersionUID = 3206093459760846163
      serialPersistentFields = class java.io.ObjectStreamField[0]
      reflectionFactory = class sun.reflect.ReflectionFactory@220cf391
      initted = true
      enumConstants = null
      enumConstantDirectory = null
      annotationData = class java.lang.Class$AnnotationData@489c4a5a
      annotationType = null
      classValueMap = null
  servletConfig = class com.ibm.ws.webcontainer.servlet.ServletConfig@55e29389
    logger = class com.ibm.ws.logging.internal.WsLogger@1f98f975
    CLASS_NAME = "com.ibm.ws.webcontainer.servlet.ServletConfig"
    nls = class com.ibm.ejs.ras.TraceNLS@31bccadd
      resolver = class com.ibm.ws.logging.internal.TraceNLSResolver@2b54cdb3
      finder = null
      ivBundleName = "com.ibm.ws.webcontainer.resources.Messages"
      caller = class java.lang.Class@52a320e5
    liberty_nls = class com.ibm.ejs.ras.TraceNLS@3c08b00c
      resolver = class com.ibm.ws.logging.internal.TraceNLSResolver@2b54cdb3
      finder = null
      ivBundleName = "com.ibm.ws.webcontainer.resources.LShimMessages"
      caller = class java.lang.Class@52a320e5
    enabled = true
    servletName = "offla"
    className = "org.springframework.web.servlet.DispatcherServlet"
    mappings = class java.util.ArrayList@c15bc4c
      serialVersionUID = 8683452581122892189
      DEFAULT_CAPACITY = 10
      EMPTY_ELEMENTDATA = class java.lang.Object[0]
      DEFAULTCAPACITY_EMPTY_ELEMENTDATA = class java.lang.Object[0]
      elementData = class java.lang.Object[10]
      size = 3
      MAX_ARRAY_SIZE = 2147483639
      modCount = 3
      MAX_ARRAY_SIZE = 2147483639
    startUpWeight = 1
    DEFAULT_STARTUP = -1
    isCachingEnabled = true
    isStatisticsEnabled = true
    isInternal = false
    metaData = class com.ibm.ws.webcontainer.osgi.metadata.WebComponentMetaDataImpl@3fd859b4
      j2eeName = class com.ibm.ws.container.service.metadata.internal.J2EENameImpl@3ed8d936
      webModuleMetaData = class com.ibm.ws.webcontainer.osgi.metadata.WebModuleMetaDataImpl@c76b5dd
      mBeanServiceReg = null
      tc = class com.ibm.websphere.ras.TraceComponent@2faa9acc
      NUM_STATIC_SLOTS = 4
      ID_UNINITIALIZED = -1
      id = 2
      metaDataInterface = class java.lang.Class@32b08eaf
      staticSlots = class java.lang.Object[4]
      dynamicSlots = null
    singleThreadModelServlet = false
    isJsp = false
    webAppConfig = class com.ibm.ws.webcontainer.osgi.webapp.WebAppConfiguration@686586b0
      webModuleMetaData = class com.ibm.ws.webcontainer.osgi.metadata.WebModuleMetaDataImpl@c76b5dd
      webComponentMetaData = class com.ibm.ws.webcontainer.osgi.metadata.WebComponentMetaDataImpl@2f35ce3e
      dVirtualHost = class com.ibm.ws.webcontainer.osgi.DynamicVirtualHost@6521df9c
      orderedLibPaths = class java.util.Collections$UnmodifiableRandomAccessList@22f94baa
      bundleHeaders = null
      cdiEnabled = false
      CLASS_NAME = "com.ibm.ws.webcontainer.webapp.WebAppConfiguration"
      logger = class com.ibm.ws.logging.internal.WsLogger@75ec4c9e
      tc = class com.ibm.websphere.ras.TraceComponent@7bc1012b
      nls = class com.ibm.ejs.ras.TraceNLS@eb58c5b
      version = 31
      contextRoot = "/offlaFrontEnd"
      sessionTimeout = 0
      moduleSessionTimeoutSet = false
      moduleSessionTrackingModeSet = false
      sessionCookieConfig = class com.ibm.ws.session.SessionCookieConfigImpl@29abef95
      hasProgrammaticCookieConfig = false
      sessionDefaultTrackingModeSet = class java.util.RegularEnumSet@28ee90a0
      sessionManagerConfig = class com.ibm.ws.session.SessionManagerConfig@716b24bf
      displayName = "offlaFrontEnd"
      description = null
      reloadInterval = 0
      distributable = false
      denyUncoveredHttpMethods = false
      reloadingEnabled = false
      serveServletsByClassnameEnabled = null
      defaultErrorPage = null
      additionalClassPath = null
      fileServingEnabled = null
      directoryBrowsingEnabled = null
      autoRequestEncoding = false
      autoResponseEncoding = false
      autoLoadFilters = false
      requestListeners = null
      requestAttributeListeners = null
      sessionListeners = null
      localeMap = null
      moduleName = "offlaFrontEnd"
      j2eeModuleName = "offlaFrontEnd.war"
      moduleId = null
      isSyncToThreadEnabled = false
      isSystemApp = false
      ardEnabled = false
      ardDispatchType = null
      listeners = class java.util.ArrayList@3e8f806c
      welcomeFileList = class java.util.ArrayList@1cfa04b2
      servletMappings = class java.util.HashMap@6a5b87ff
      lastIndexBeforeDeclaredFilters = 0
      filterMappings = class java.util.ArrayList@366c6184
      servletInfo = class java.util.HashMap@74a21bc5
      filterInfo = class java.util.HashMap@38314e77
      mimeMappings = class java.util.HashMap@e6342f1
      mimeFilters = null
      isMimeFilteringEnabled = false
      theWebGroup = null
      jspAttributes = class java.util.HashMap@5bd672f8
      fileServingAttributes = class java.util.HashMap@3f4e3674
      invokerAttributes = class java.util.HashMap@d3e951c
      contextParams = class java.util.HashMap@19de3a80
      virtualHost = "default_host"
      exceptionErrorPages = class java.util.HashMap@7177caf1
      codeErrorPages = class java.util.HashMap@3f44bf3d
      tagLibList = null
      precompileJsps = false
      webApp = class com.ibm.ws.webcontainer31.osgi.webapp.WebApp31@44e13db8
      virtualHostList = class java.util.Collections$EmptyList@46ab5bbc
      appStartupWeight = 0
      moduleStartupWeight = 0
      metaDataComplete = false
      classesToScan = class java.util.ArrayList@2e4963d3
      uriFilterMappingInfos = null
      servletFilterMappingInfos = null
      dynamicServletRegistrationMap = null
      applicationName = "offlaFrontEnd"
      libBinPathList = class java.util.ArrayList@612614a9
      webXmlDefinedListeners = class java.util.HashSet@7b81e2e7
      allRefs = class java.util.EnumMap@67eb3090
      allRefBindings = class java.util.EnumMap@2598045
      envEntryValues = class java.util.HashMap@530b5ffb
      resourceRefConfigList = null
      disallowAllFileServingProp = null
      disallowServeServletsByClassnameProp = null
      disableStaticMappingCache = false
      jspCachedLocations = class java.util.HashMap@276909a7
      _id = "WebAppGeneratedId2"
      _attributes = null
      serialVersionUID = 7511545662945734886
      $$$tc$$$ = class com.ibm.websphere.ras.TraceComponent@5c2079f0
    servletWrapper = class com.ibm.ws.webcontainer.osgi.servlet.ServletWrapper@2f361b6a
    servletClass = null
    servlet = null
    addedToLoadOnStartup = true
    previousWeight = null
    multipartConfig = null
    multipartConfigBaseLocation = null
    runAsRole = null
    servletSecurityElement = null
    declareRolesAnnotation = null
    logger = class com.ibm.ws.logging.internal.WsLogger@1f98f975
    CLASS_NAME = "com.ibm.ws.webcontainer.servlet.TargetConfig"
    initParams = null
    fileName = null
    displayName = null
    name = "offla"
    description = null
    smallIcon = null
    largeIcon = null
    context = class com.ibm.ws.webcontainer31.facade.ServletContextFacade31@30c2fac2
      context = class com.ibm.ws.webcontainer31.osgi.webapp.WebApp31@44e13db8
    className = null
    asyncSupported = false
    _id = "ServletGeneratedId1"
    _attributes = null
    serialVersionUID = 7511545662945734886
    $$$tc$$$ = class com.ibm.websphere.ras.TraceComponent@5c2079f0
      strings[0] = "TraceComponent[com.ibm.ws.container.BaseConfiguration,class com.ibm.ws.container.BaseConfiguration,[],null,null]"
  context = class com.ibm.ws.webcontainer31.osgi.webapp.WebApp31@44e13db8
    tc = class com.ibm.websphere.ras.TraceComponent@1fec80f6
      strings[0] = "TraceComponent[com.ibm.ws.webcontainer31.osgi.webapp.WebApp31,class com.ibm.ws.webcontainer31.osgi.webapp.WebApp31,[webcontainer],com.ibm.ws.webcontainer31.resources.Messages,null]"
    CLASS_NAME = "com.ibm.ws.webcontainer31.osgi.webapp.WebApp31"
    servlet31NLS = class com.ibm.ejs.ras.TraceNLS@5e0fb6fe
      resolver = class com.ibm.ws.logging.internal.TraceNLSResolver@2b54cdb3
      finder = null
      ivBundleName = "com.ibm.ws.webcontainer31.resources.Messages"
      caller = class java.lang.Class@5a0e3e53
    validListenerClasses = class java.lang.Class[7]
      validListenerClasses[0] = class java.lang.Class@66f6b5fb
      validListenerClasses[1] = class java.lang.Class@1220ee80
      validListenerClasses[2] = class java.lang.Class@30a35246
      validListenerClasses[3] = class java.lang.Class@4620c776
      validListenerClasses[4] = class java.lang.Class@152afb24
      validListenerClasses[5] = class java.lang.Class@eb43ef
      validListenerClasses[6] = class java.lang.Class@4d477642
    wsocServHandler = null
    tc = class com.ibm.websphere.ras.TraceComponent@5ea2d085
      strings[0] = "TraceComponent[com.ibm.ws.webcontainer.osgi.webapp.WebApp,class com.ibm.ws.webcontainer.osgi.webapp.WebApp,[webcontainer],com.ibm.ws.webcontainer.resources.LShimMessages,null]"
    CLASS_NAME = "com.ibm.ws.webcontainer.osgi.webapp.WebApp"
    metaDataService = class com.ibm.ws.container.service.metadata.internal.MetaDataServiceImpl@17ea02be
      applicationMetaDataManager = class com.ibm.ws.container.service.metadata.internal.ApplicationMetaDataManager@633c17ce
      moduleMetaDataManager = class com.ibm.ws.container.service.metadata.internal.ModuleMetaDataManager@4ba1394e
      componentMetaDataManager = class com.ibm.ws.container.service.metadata.internal.ComponentMetaDataManager@22cf825b
      methodMetaDataManager = class com.ibm.ws.container.service.metadata.internal.MethodMetaDataManager@62e6bd4
      appModuleNameToModuleContainer = class java.util.concurrent.ConcurrentHashMap@52f9eb8
      jeeNameToComponentMetaData = class java.util.concurrent.ConcurrentHashMap@4706bc1a
      deferredMetaDataFactories = class com.ibm.wsspi.kernel.service.utils.ConcurrentServiceReferenceSet@190533fb
      deferredMetaDataInitializers = class com.ibm.wsspi.kernel.service.utils.ConcurrentServiceReferenceMap@6c809bc4
      serialVersionUID = -8170959944924351750
      $$$tc$$$ = class com.ibm.websphere.ras.TraceComponent@453d510b
    namespacePopulated = false
    referenceContext = class com.ibm.ws.injectionengine.osgi.internal.OSGiReferenceContextImpl@1bd71e71
      scopeData = class com.ibm.ws.injectionengine.osgi.internal.OSGiInjectionScopeData@4d16b4ef
      serialVersionUID = 521511923892134915
      $$$tc$$$ = class com.ibm.websphere.ras.TraceComponent@580f0d5e
      CLASS_NAME = "com.ibm.ws.injectionengine.ReferenceContextImpl"
      tc = class com.ibm.ejs.ras.TraceComponent@116acea1
      ivInjectionEngine = class com.ibm.ws.injectionengine.osgi.internal.OSGiInjectionEngineImpl@4f09136e
      ivProviders = class java.util.ArrayList@793fef76
      ivComponentJavaContext = null
      ivComponentNameSpace = null
      ivJavaColonCompEnvMap = class java.util.LinkedHashMap@3ae02b9e
      ivEjbContext10 = class java.util.Properties@1df620c7
      ivResourceRefConfigList = null
      isAlreadyProcessed = true
      ivProcessFailure = null
      ivInjectionTargetMap = class java.util.HashMap@1a63d274
      ivDeclaredInjectionTargets = class java.util.HashMap@1ca1ca11
      ivProcessedInjectionClasses = class java.util.HashSet@2726bec0
      ivProcessedInjectionBindings = class java.util.ArrayList@b7a42fb
      ivAnyProcessDynamic = false
      ivCheckAppConfig = false
    j2eeNameFactory = class com.ibm.ws.container.service.metadata.internal.J2EENameFactoryImpl@34f1eefb
      serialVersionUID = 3486344295038028821
      $$$tc$$$ = class com.ibm.websphere.ras.TraceComponent@5a3cd1ca
    moduleLoader = class com.ibm.ws.classloading.internal.AppClassLoader@62dc856e
    webAppConfig = class com.ibm.ws.webcontainer.osgi.webapp.WebAppConfiguration@686586b0
    extensionProcessingDisabled = false
    internalServletMetaData = interface com.ibm.wsspi.webcontainer.metadata.WebComponentMetaData[2]
      internalServletMetaData[0] = null
      internalServletMetaData[1] = null
    loginProcessor = null
    logoutProcessor = null
    collabHelper = class com.ibm.ws.webcontainer.osgi.collaborator.CollaboratorHelperImpl@1554e727
    envObject = class com.ibm.ws.util.WSThreadLocal@7f5d8389
      tc = class com.ibm.ejs.ras.TraceComponent@4bfbd545
      count = 6
      index = 3
      SUSPECTED_MISUSAGE_THRESHOLD = 200
      threadLocalHashCode = -1590325593
      nextHashCode = class java.util.concurrent.atomic.AtomicInteger@60edfeb2
      HASH_INCREMENT = 1640531527
    orderedLibPaths = class java.util.Collections$UnmodifiableRandomAccessList@22f94baa
      serialVersionUID = -2542308836966382001
      serialVersionUID = -283967356065247728
      list = class java.util.ArrayList@52d9554
      serialVersionUID = 1820017752578914078
      c = class java.util.ArrayList@52d9554
    perm = class com.ibm.websphere.security.WebSphereRuntimePermission@10e29c9b
      serialVersionUID = -3306242789188168337
      $$$tc$$$ = class com.ibm.websphere.ras.TraceComponent@3d4737d4
      serialVersionUID = 6279438298436773498
      wildcard = false
      path = "accessServletContext"
      exitVM = false
      serialVersionUID = -5636570222231596674
      name = "accessServletContext"
    WELCOME_FILE_LIST = "com.ibm.ws.webcontainer.config.WelcomeFileList"
    DIR_BROWSING_MAPPING = "__dirBrowsing__1449411921689"
    FILTER_PROXY_MAPPING = "/__filterProxy__1449411921689"
    logger = class com.ibm.ws.logging.internal.WsLogger@75ec4c9e
      tc = class com.ibm.websphere.ras.TraceComponent@70466f79
      ivCachedResourceBundleName = "com.ibm.ws.webcontainer.resources.Messages"
      ivCachedResourceBundle = class com.ibm.ws.webcontainer.resources.Messages_en@52f60d09
      ivComponent = null
      ivOrganization = null
      ivProduct = null
      ivMinimumLocalizationLevelIntValue = 625
      ivTC = class com.ibm.websphere.ras.TraceComponent@4ce644e5
      loggerRegistrationComponent = class java.lang.ThreadLocal@216c7b9b
      emptyHandlers = class java.util.logging.Handler[0]
      offValue = 2147483647
      SYSTEM_LOGGER_RB_NAME = "sun.util.logging.resources.logging"
      SYSTEM_BUNDLE = class java.util.logging.Logger$LoggerBundle@15aa40d3
      NO_RESOURCE_BUNDLE = class java.util.logging.Logger$LoggerBundle@c47de0c
      manager = class com.ibm.ws.kernel.boot.logging.WsLogManager@4eb5ccbc
      name = "com.ibm.ws.webcontainer.webapp"
      handlers = class java.util.concurrent.CopyOnWriteArrayList@7643be3b
      loggerBundle = class java.util.logging.Logger$LoggerBundle@40b093aa
      useParentHandlers = true
      filter = null
      anonymous = false
      catalog = class com.ibm.ws.webcontainer.resources.Messages_en@52f60d09
      catalogName = "com.ibm.ws.webcontainer.resources.Messages"
      catalogLocale = class java.util.Locale@32c6fbc7
      treeLock = class java.lang.Object@5678a7c2
      parent = class com.ibm.ws.logging.internal.WsLogger@2eb63b18
      kids = null
      levelObject = class java.util.logging.Level@4ccaf582
      levelValue = 800
      callersClassLoaderRef = class java.lang.ref.WeakReference@456907ca
      isSystemLogger = false
      GLOBAL_LOGGER_NAME = "global"
      global = class java.util.logging.Logger@5e8eda2a
      $assertionsDisabled = true
    CLASS_NAME = "com.ibm.ws.webcontainer.webapp.WebApp"
    loader = class com.ibm.ws.classloading.internal.ThreadContextClassLoader@14119524
    facade = class com.ibm.ws.webcontainer31.facade.ServletContextFacade31@30c2fac2
    features = class java.util.ArrayList@663ed861
      serialVersionUID = 8683452581122892189
      DEFAULT_CAPACITY = 10
      EMPTY_ELEMENTDATA = class java.lang.Object[0]
      DEFAULTCAPACITY_EMPTY_ELEMENTDATA = class java.lang.Object[0]
      elementData = class java.lang.Object[0]
      size = 0
      MAX_ARRAY_SIZE = 2147483639
      modCount = 0
      MAX_ARRAY_SIZE = 2147483639
    applicationName = "offlaFrontEnd"
    config = class com.ibm.ws.webcontainer.osgi.webapp.WebAppConfiguration@686586b0
    securityEnabledForApp = null
    webExtensionProcessor = class com.ibm.ws.webcontainer.osgi.extension.WebExtensionProcessor@ef26b17
      webApp = class com.ibm.ws.webcontainer31.osgi.webapp.WebApp31@44e13db8
      extensionContext = class com.ibm.ws.webcontainer31.osgi.webapp.WebApp31@44e13db8
    production = true
    isServlet23 = true
    contextPath = "/offlaFrontEnd"
    internalServletList = class [Ljava.lang.String;[2]
      internalServletList[0] = class java.lang.String[2]
      internalServletList[1] = class java.lang.String[2]
    BY_NAME_ONLY = "/_1449411922573_/"
    filterManager = null
    documentRoot = null
    SERVLET_API_VERSION = "Servlet 2.5"
    disableServletAuditLogging = 0
    serverInfo = "IBM WebSphere Liberty/8.5.5.7"
    sessionCtx = class com.ibm.ws.webcontainer31.session.impl.HttpSessionContext31Impl@1def1d6a
      methodClassName = "HttpSessionContextImpl"
      _smc = class com.ibm.ws.session.SessionManagerConfig@716b24bf
      sessionStoreService = null
      _sap = class com.ibm.ws.session.SessionApplicationParameters@1da1083f
      _coreHttpSessionManager = class com.ibm.ws.session.SessionManager@33a76e09
      _coreHttpAppSessionManager = null
      _sam = class com.ibm.ws.webcontainer.session.impl.SessionAffinityManagerImpl@48522cbe
      isSIPApplication = false
      sessionAttributeListener = false
      sessionListener = false
      mHttpSessionAttributeListeners = class java.util.ArrayList@60b4b7d7
      mHttpSessionListeners = class java.util.ArrayList@7541bb0e
      mHttpSessionIdListeners = class java.util.ArrayList@7d1e5489
      mHttpSessionAttributeListenersJ2eeNames = class java.util.ArrayList@24f0b048
      mHttpSessionListenersJ2eeNames = class java.util.ArrayList@61bfa10e
      mHttpSessionIdListenersJ2eeNames = class java.util.ArrayList@19deeffc
      mLocalHost = null
      _refCount = 1
      currentThreadSacHashtable = null
      methodClassName = "SessionContext"
      ANONYMOUS_USER = "anonymous"
      wasHttpSessionObserver = class com.ibm.ws.session.WasHttpSessionObserver@16eb4a52
      wasHttpSessionAttributeObserver = null
      _invalidator = class com.ibm.ws.session.SessionInvalidatorWithThreadPool@37b8da37
      _storer = class com.ibm.ws.session.EOSSessionStorer@2b13aa1f
      wasHttpAppSessionObserver = null
      mHttpAppSessionListeners = null
      cmvcInfo = "CMVC Version 1.9 6/24/07 11:12:24"
      _loggedVersion = true
      CREATE_CORE_SESSION_MANAGER = 0
      GET_REQUESTED_SESSION_ID = 1
      GET_IHTTP_SESSION = 2
      SESSION_PRE_INVOKE = 3
      SESSION_POST_INVOKE = 4
      STOP = 5
      STOP_LISTENERS = 6
      IS_VALID = 7
      ENCODE_URL = 8
      SHOULD_ENCODE_URL = 9
      IS_PROTOCOL_SWITCH = 10
      GET_LOCAL_HOST = 11
      ADD_HTTP_SESSION_ATTRIBUTE_LISTENER = 12
      ADD_HTTP_SESSION_LISTENER = 13
      GET_SESSION_AFFINITY_CONTEXT = 14
      CHECK_SECURITY = 15
      INVALIDATE = 16
      CHECK_SESSSIONID_IS_RIGHT_LENGTH = 17
      LOCK_SESSION = 18
      UNLOCK_SESSION = 19
      ADD_HTTP_SESSION_ID_LISTENER = 20
      methodNames = class java.lang.String[21]
    eventSource = class com.ibm.ws.webcontainer.webapp.WebAppEventSource@311852f4
    nls = class com.ibm.ejs.ras.TraceNLS@d822366
      resolver = class com.ibm.ws.logging.internal.TraceNLSResolver@2b54cdb3
      finder = null
      ivBundleName = "com.ibm.ws.webcontainer.resources.Messages"
      caller = class java.lang.Class@74223920
    liberty_nls = class com.ibm.ejs.ras.TraceNLS@10b55b12
      resolver = class com.ibm.ws.logging.internal.TraceNLSResolver@2b54cdb3
      finder = null
      ivBundleName = "com.ibm.ws.webcontainer.resources.LShimMessages"
      caller = class java.lang.Class@74223920
    error_nls = class com.ibm.ejs.ras.TraceNLS@1b8e618a
      resolver = class com.ibm.ws.logging.internal.TraceNLSResolver@2b54cdb3
      finder = null
      ivBundleName = "com.ibm.ws.webcontainer.resources.ErrorPage"
      caller = class java.lang.Class@74223920
    sessionListeners = class java.util.ArrayList@7e6f2bdc
      serialVersionUID = 8683452581122892189
      DEFAULT_CAPACITY = 10
      EMPTY_ELEMENTDATA = class java.lang.Object[0]
      DEFAULTCAPACITY_EMPTY_ELEMENTDATA = class java.lang.Object[0]
      elementData = class java.lang.Object[0]
      size = 0
      MAX_ARRAY_SIZE = 2147483639
      modCount = 1
      MAX_ARRAY_SIZE = 2147483639
    sessionIdListeners = class java.util.ArrayList@62eabe64
      serialVersionUID = 8683452581122892189
      DEFAULT_CAPACITY = 10
      EMPTY_ELEMENTDATA = class java.lang.Object[0]
      DEFAULTCAPACITY_EMPTY_ELEMENTDATA = class java.lang.Object[0]
      elementData = class java.lang.Object[0]
      size = 0
      MAX_ARRAY_SIZE = 2147483639
      modCount = 0
      MAX_ARRAY_SIZE = 2147483639
    sessionAttrListeners = class java.util.ArrayList@58bd04e0
      serialVersionUID = 8683452581122892189
      DEFAULT_CAPACITY = 10
      EMPTY_ELEMENTDATA = class java.lang.Object[0]
      DEFAULTCAPACITY_EMPTY_ELEMENTDATA = class java.lang.Object[0]
      elementData = class java.lang.Object[0]
      size = 0
      MAX_ARRAY_SIZE = 2147483639
      modCount = 1
      MAX_ARRAY_SIZE = 2147483639
    addedSessionListeners = class java.util.ArrayList@3057ac4c
      serialVersionUID = 8683452581122892189
      DEFAULT_CAPACITY = 10
      EMPTY_ELEMENTDATA = class java.lang.Object[0]
      DEFAULTCAPACITY_EMPTY_ELEMENTDATA = class java.lang.Object[0]
      elementData = class java.lang.Object[0]
      size = 0
      MAX_ARRAY_SIZE = 2147483639
      modCount = 0
      MAX_ARRAY_SIZE = 2147483639
    addedSessionAttrListeners = class java.util.ArrayList@37e14051
      serialVersionUID = 8683452581122892189
      DEFAULT_CAPACITY = 10
      EMPTY_ELEMENTDATA = class java.lang.Object[0]
      DEFAULTCAPACITY_EMPTY_ELEMENTDATA = class java.lang.Object[0]
      elementData = class java.lang.Object[0]
      size = 0
      MAX_ARRAY_SIZE = 2147483639
      modCount = 0
      MAX_ARRAY_SIZE = 2147483639
    servletContextListeners = class java.util.ArrayList@4fc157
      serialVersionUID = 8683452581122892189
      DEFAULT_CAPACITY = 10
      EMPTY_ELEMENTDATA = class java.lang.Object[0]
      DEFAULTCAPACITY_EMPTY_ELEMENTDATA = class java.lang.Object[0]
      elementData = class java.lang.Object[10]
      size = 3
      MAX_ARRAY_SIZE = 2147483639
      modCount = 4
      MAX_ARRAY_SIZE = 2147483639
    servletContextLAttrListeners = class java.util.ArrayList@30e54fba
      serialVersionUID = 8683452581122892189
      DEFAULT_CAPACITY = 10
      EMPTY_ELEMENTDATA = class java.lang.Object[0]
      DEFAULTCAPACITY_EMPTY_ELEMENTDATA = class java.lang.Object[0]
      elementData = class java.lang.Object[0]
      size = 0
      MAX_ARRAY_SIZE = 2147483639
      modCount = 1
      MAX_ARRAY_SIZE = 2147483639
    servletRequestListeners = class java.util.ArrayList@3ddda026
      serialVersionUID = 8683452581122892189
      DEFAULT_CAPACITY = 10
      EMPTY_ELEMENTDATA = class java.lang.Object[0]
      DEFAULTCAPACITY_EMPTY_ELEMENTDATA = class java.lang.Object[0]
      elementData = class java.lang.Object[0]
      size = 0
      MAX_ARRAY_SIZE = 2147483639
      modCount = 1
      MAX_ARRAY_SIZE = 2147483639
    servletRequestLAttrListeners = class java.util.ArrayList@39c04
      serialVersionUID = 8683452581122892189
      DEFAULT_CAPACITY = 10
      EMPTY_ELEMENTDATA = class java.lang.Object[0]
      DEFAULTCAPACITY_EMPTY_ELEMENTDATA = class java.lang.Object[0]
      elementData = class java.lang.Object[0]
      size = 0
      MAX_ARRAY_SIZE = 2147483639
      modCount = 1
      MAX_ARRAY_SIZE = 2147483639
    prependSlashToResource = false
    destroyed = false
    webAppNameSpaceCollab = class com.ibm.ws.webcontainer.osgi.collaborator.WebAppNameSpaceCollaboratorImpl@df70416
    txCollab = class com.ibm.ws.transaction.services.WebAppTransactionCollaboratorImpl@7e0b78ae
    sessionActivationListeners = class java.util.ArrayList@7eb8b02a
      serialVersionUID = 8683452581122892189
      DEFAULT_CAPACITY = 10
      EMPTY_ELEMENTDATA = class java.lang.Object[0]
      DEFAULTCAPACITY_EMPTY_ELEMENTDATA = class java.lang.Object[0]
      elementData = class java.lang.Object[0]
      size = 0
      MAX_ARRAY_SIZE = 2147483639
      modCount = 1
      MAX_ARRAY_SIZE = 2147483639
    sessionBindingListeners = class java.util.ArrayList@64bab8d8
      serialVersionUID = 8683452581122892189
      DEFAULT_CAPACITY = 10
      EMPTY_ELEMENTDATA = class java.lang.Object[0]
      DEFAULTCAPACITY_EMPTY_ELEMENTDATA = class java.lang.Object[0]
      elementData = class java.lang.Object[0]
      size = 0
      MAX_ARRAY_SIZE = 2147483639
      modCount = 1
      MAX_ARRAY_SIZE = 2147483639
    scratchdir = null
    jspClassLoaderLimit = 0
    jspClassLoaderExclusionList = null
    jspClassLoadersMap = null
    jspClassLoaderLimitTrackIF = false
    defaultExtProc = null
    directoryBrowsingServlet = null
    cdiContexts = class java.util.concurrent.ConcurrentHashMap@3436e8f9
      serialVersionUID = 7249069246763182397
      MAXIMUM_CAPACITY = 1073741824
      DEFAULT_CAPACITY = 16
      MAX_ARRAY_SIZE = 2147483639
      DEFAULT_CONCURRENCY_LEVEL = 16
      LOAD_FACTOR = 0.75
      TREEIFY_THRESHOLD = 8
      UNTREEIFY_THRESHOLD = 6
      MIN_TREEIFY_CAPACITY = 64
      MIN_TRANSFER_STRIDE = 16
      RESIZE_STAMP_BITS = 16
      MAX_RESIZERS = 65535
      RESIZE_STAMP_SHIFT = 16
      MOVED = -1
      TREEBIN = -2
      RESERVED = -3
      HASH_BITS = 2147483647
      NCPU = 4
      serialPersistentFields = class java.io.ObjectStreamField[3]
      table = null
      nextTable = null
      baseCount = 0
      sizeCtl = 0
      transferIndex = 0
      cellsBusy = 0
      counterCells = null
      keySet = null
      values = null
      entrySet = null
      U = class sun.misc.Unsafe@711bb2ee
      SIZECTL = 20
      TRANSFERINDEX = 32
      BASECOUNT = 24
      CELLSBUSY = 36
      CELLVALUE = 144
      ABASE = 16
      ASHIFT = 2
      keySet = null
      values = null
    moduleConfig = class com.ibm.ws.webcontainer.osgi.container.DeployedModule@2849a1c7
      tc = class com.ibm.websphere.ras.TraceComponent@42958e1d
      loader = class com.ibm.ws.classloading.internal.ThreadContextClassLoader@14119524
      webApp = class com.ibm.ws.webcontainer31.osgi.webapp.WebApp31@44e13db8
      webAppConfig = class com.ibm.ws.webcontainer.osgi.webapp.WebAppConfiguration@686586b0
      contextRootAdded = null
      properContextRoot = "/offlaFrontEnd"
      mappingContextRoot = "/offlaFrontEnd/*"
      serialVersionUID = -2104814060051592457
      $$$tc$$$ = class com.ibm.websphere.ras.TraceComponent@5543d024
    extensionFactories = class java.util.ArrayList@13cb7d04
      serialVersionUID = 8683452581122892189
      DEFAULT_CAPACITY = 10
      EMPTY_ELEMENTDATA = class java.lang.Object[0]
      DEFAULTCAPACITY_EMPTY_ELEMENTDATA = class java.lang.Object[0]
      elementData = class java.lang.Object[10]
      size = 2
      MAX_ARRAY_SIZE = 2147483639
      modCount = 2
      MAX_ARRAY_SIZE = 2147483639
    initialized = false
    lock = class com.ibm.ws.webcontainer.webapp.WebApp$1@22866bdd
      this$0 = class com.ibm.ws.webcontainer31.osgi.webapp.WebApp31@44e13db8
    afterServletContextCreated = false
    redirectContextRoot = false
    errorExceptionTypeFirst = false
    initFilterBeforeServletInit = false
    sortedServletConfigs = class java.util.ArrayList@21f42e54
      serialVersionUID = 8683452581122892189
      DEFAULT_CAPACITY = 10
      EMPTY_ELEMENTDATA = class java.lang.Object[0]
      DEFAULTCAPACITY_EMPTY_ELEMENTDATA = class java.lang.Object[0]
      elementData = class java.lang.Object[10]
      size = 1
      MAX_ARRAY_SIZE = 2147483639
      modCount = 1
      MAX_ARRAY_SIZE = 2147483639
    effectiveMajorVersion = 3
    effectiveMinorVersion = 1
    canAddServletContextListener = true
    withinContextInitOfProgAddListener = false
    lastProgAddListenerInitialized = "com.ibm.ws.cache.CacheServiceImpl"
    webInfLibClassloader = null
    metaInfCache = class com.ibm.ws.webcontainer.webapp.WebApp$2@44d6e434
      this$0 = class com.ibm.ws.webcontainer31.osgi.webapp.WebApp31@44e13db8
      serialVersionUID = 3801124242820219131
      head = null
      tail = null
      accessOrder = true
      serialVersionUID = 362498820763181265
      DEFAULT_INITIAL_CAPACITY = 16
      MAXIMUM_CAPACITY = 1073741824
      DEFAULT_LOAD_FACTOR = 0.75
      TREEIFY_THRESHOLD = 8
      UNTREEIFY_THRESHOLD = 6
      MIN_TREEIFY_CAPACITY = 64
      table = null
      entrySet = null
      size = 0
      modCount = 0
      threshold = 32
      loadFactor = 1.0
      keySet = null
      values = null
    useMetaInfCache = true
    SUN_CONFIGURE_LISTENER_CLASSNAME = "com.sun.faces.config.ConfigureListener"
    MYFACES_LIFECYCLE_LISTENER_CLASSNAME = "org.apache.myfaces.webapp.StartupServletContextListener"
    JSF_IMPL_ENABLED_PARAM = "com.ibm.ws.jsf.JSF_IMPL_ENABLED"
    JSF_IMPL_ENABLED_CUSTOM = "Custom"
    JSF_IMPL_ENABLED_NONE = "None"
    staticDocRoot = class com.ibm.ws.webcontainer.util.DocumentRootUtils@c3d82f7
      logger = class com.ibm.ws.logging.internal.WsLogger@67b79a60
      CLASS_NAME = "com.ibm.ws.webcontainer.util.DocumentRootUtils"
      useContentLength = false
      matchedFile = null
      matchedZipFile = null
      matchedEntry = null
      matchedURL = null
      edrRoot = null
      pfedrRoot = null
      ctxt = class com.ibm.ws.webcontainer31.osgi.webapp.WebApp31@44e13db8
      baseDir = null
      edr = null
      pfedr = null
      metaInfRes = null
      searchpfEDR = false
      searchEDR = false
      searchMetaInfRes = true
      matchFromEDR = false
      matchFromMetaInfRes = false
      matchIsADirectory = false
      appConfig = class com.ibm.ws.webcontainer.osgi.webapp.WebAppConfiguration@686586b0
      attributeType = "staticFile"
      STATIC_FILE = "staticFile"
      JSP = "jsp"
      PFEDR = "preFragmentExtendedDocumentRoot"
      EDR = "extendedDocumentRoot"
    jspDocRoot = class com.ibm.ws.webcontainer.util.DocumentRootUtils@1d74d82e
      logger = class com.ibm.ws.logging.internal.WsLogger@67b79a60
      CLASS_NAME = "com.ibm.ws.webcontainer.util.DocumentRootUtils"
      useContentLength = false
      matchedFile = null
      matchedZipFile = null
      matchedEntry = null
      matchedURL = null
      edrRoot = null
      pfedrRoot = null
      ctxt = class com.ibm.ws.webcontainer31.osgi.webapp.WebApp31@44e13db8
      baseDir = null
      edr = null
      pfedr = null
      metaInfRes = null
      searchpfEDR = false
      searchEDR = false
      searchMetaInfRes = true
      matchFromEDR = false
      matchFromMetaInfRes = false
      matchIsADirectory = false
      appConfig = class com.ibm.ws.webcontainer.osgi.webapp.WebAppConfiguration@686586b0
      attributeType = "jsp"
      STATIC_FILE = "staticFile"
      JSP = "jsp"
      PFEDR = "preFragmentExtendedDocumentRoot"
      EDR = "extendedDocumentRoot"
    container = class com.ibm.ws.adaptable.module.internal.AdaptableContainerImpl@57803f14
      root = class com.ibm.ws.adaptable.module.internal.AdaptableContainerImpl@57803f14
      rootOverlay = class com.ibm.ws.artifact.overlay.internal.DirectoryBasedOverlayContainerImpl@37967a1d
      factoryHolder = class com.ibm.ws.adaptable.module.internal.AdaptableModuleFactoryImpl@52773610
      delegate = class com.ibm.ws.artifact.overlay.internal.DirectoryBasedOverlayContainerImpl@37967a1d
      notifier = class com.ibm.ws.adaptable.module.internal.NotifierImpl@2836d53
      serialVersionUID = -5621513278641113667
      $$$tc$$$ = class com.ibm.websphere.ras.TraceComponent@1b152cd
    metaInfResourceFinder = class com.ibm.ws.webcontainer.util.MetaInfResourceFinder@1df2c35a
      jarResourceContainers = class java.util.ArrayList@1ded7330
      container = class com.ibm.ws.adaptable.module.internal.AdaptableContainerImpl@57803f14
    postConstructMethods = class com.ibm.ws.webcontainer.webapp.WebApp$AnnotatedMethods@6e766394
      annotationClass = class java.lang.Class@cbcfd46
      noOpClassNames = class java.util.Collections$SynchronizedSet@67e73149
      annotatedMethodNames = class java.util.concurrent.ConcurrentHashMap@76cc9d01
      EMPTY_METHODS = class java.lang.reflect.Method[0]
    preDestroyMethods = class com.ibm.ws.webcontainer.webapp.WebApp$AnnotatedMethods@ebc6e97
      annotationClass = class java.lang.Class@3e06c815
      noOpClassNames = class java.util.Collections$SynchronizedSet@6dd0d555
      annotatedMethodNames = class java.util.concurrent.ConcurrentHashMap@7e7f34d6
      EMPTY_METHODS = class java.lang.reflect.Method[0]
    OBJ_EMPTY = class java.lang.Object[0]
    CLASS_EMPTY = class java.lang.Class[0]
    DEFAULT_JSP_EXTENSIONS = class java.util.ArrayList@353272c6
      serialVersionUID = 8683452581122892189
      DEFAULT_CAPACITY = 10
      EMPTY_ELEMENTDATA = class java.lang.Object[0]
      DEFAULTCAPACITY_EMPTY_ELEMENTDATA = class java.lang.Object[0]
      elementData = class java.lang.Object[10]
      size = 4
      MAX_ARRAY_SIZE = 2147483639
      modCount = 4
      MAX_ARRAY_SIZE = 2147483639
    DEFER_SERVLET_REQUEST_LISTENER_DESTROY_ON_ERROR = false
    DO_ACCEPT_PARTIAL = true
    DO_NOT_ACCEPT_PARTIAL = false
    DO_ACCEPT_EXCLUDED = true
    DO_NOT_ACCEPT_EXCLUDED = false
    commands = class java.util.ArrayList@63e621a4
      serialVersionUID = 8683452581122892189
      DEFAULT_CAPACITY = 10
      EMPTY_ELEMENTDATA = class java.lang.Object[0]
      DEFAULTCAPACITY_EMPTY_ELEMENTDATA = class java.lang.Object[0]
      elementData = class java.lang.Object[3]
      size = 0
      MAX_ARRAY_SIZE = 2147483639
      modCount = 0
      MAX_ARRAY_SIZE = 2147483639
    requestMapper = class com.ibm.wsspi.webcontainer.util.URIMapper@ec33399
      matcher = class com.ibm.wsspi.webcontainer.util.URIMatcher@5c10d765
    parent = class com.ibm.ws.webcontainer.osgi.webapp.WebGroup@28c1c4c5
      tc = class com.ibm.websphere.ras.TraceComponent@55dae829
      logger = class com.ibm.ws.logging.internal.WsLogger@75ec4c9e
      CLASS_NAME = "com.ibm.ws.webcontainer.webapp.WebGroup"
      sessUrlRewritePrefix = ";jsessionid="
      qMark = "?"
      config = class com.ibm.ws.webcontainer.osgi.webapp.WebGroupConfiguration@34ef8edb
      webApp = class com.ibm.ws.webcontainer31.osgi.webapp.WebApp31@44e13db8
      commands = class java.util.ArrayList@42296985
      requestMapper = null
      parent = class com.ibm.ws.webcontainer.osgi.DynamicVirtualHost@6521df9c
      name = "/offlaFrontEnd/*"
      isAlive = true
      subElements = class java.util.HashMap@24451d46
      attributes = null
      config = null
      serialVersionUID = -8271459000149267764
      $$$tc$$$ = class com.ibm.websphere.ras.TraceComponent@40c3773a
    name = "offlaFrontEnd"
    isAlive = true
    subElements = null
    attributes = class java.util.Collections$SynchronizedMap@486257cd
      serialVersionUID = 1978198479659022715
      m = class java.util.HashMap@2ecde611
      mutex = class java.util.Collections$SynchronizedMap@486257cd
      keySet = null
      entrySet = class java.util.Collections$SynchronizedSet@271cfb6f
      values = null
    config = null
    serialVersionUID = -8271459000149267764
    $$$tc$$$ = class com.ibm.websphere.ras.TraceComponent@40c3773a
      strings[0] = "TraceComponent[com.ibm.ws.container.AbstractContainer,class com.ibm.ws.container.AbstractContainer,[],null,null]"
  target = class org.springframework.web.servlet.DispatcherServlet@69935de2
    MULTIPART_RESOLVER_BEAN_NAME = "multipartResolver"
    LOCALE_RESOLVER_BEAN_NAME = "localeResolver"
    THEME_RESOLVER_BEAN_NAME = "themeResolver"
    HANDLER_MAPPING_BEAN_NAME = "handlerMapping"
    HANDLER_ADAPTER_BEAN_NAME = "handlerAdapter"
    HANDLER_EXCEPTION_RESOLVER_BEAN_NAME = "handlerExceptionResolver"
    REQUEST_TO_VIEW_NAME_TRANSLATOR_BEAN_NAME = "viewNameTranslator"
    VIEW_RESOLVER_BEAN_NAME = "viewResolver"
    FLASH_MAP_MANAGER_BEAN_NAME = "flashMapManager"
    WEB_APPLICATION_CONTEXT_ATTRIBUTE = "org.springframework.web.servlet.DispatcherServlet.CONTEXT"
    LOCALE_RESOLVER_ATTRIBUTE = "org.springframework.web.servlet.DispatcherServlet.LOCALE_RESOLVER"
    THEME_RESOLVER_ATTRIBUTE = "org.springframework.web.servlet.DispatcherServlet.THEME_RESOLVER"
    THEME_SOURCE_ATTRIBUTE = "org.springframework.web.servlet.DispatcherServlet.THEME_SOURCE"
    INPUT_FLASH_MAP_ATTRIBUTE = "org.springframework.web.servlet.DispatcherServlet.INPUT_FLASH_MAP"
    OUTPUT_FLASH_MAP_ATTRIBUTE = "org.springframework.web.servlet.DispatcherServlet.OUTPUT_FLASH_MAP"
    FLASH_MAP_MANAGER_ATTRIBUTE = "org.springframework.web.servlet.DispatcherServlet.FLASH_MAP_MANAGER"
    EXCEPTION_ATTRIBUTE = "org.springframework.web.servlet.DispatcherServlet.EXCEPTION"
    PAGE_NOT_FOUND_LOG_CATEGORY = "org.springframework.web.servlet.PageNotFound"
    DEFAULT_STRATEGIES_PATH = "DispatcherServlet.properties"
    pageNotFoundLogger = class org.apache.commons.logging.impl.Jdk14Logger@15f12808
      serialVersionUID = 4784713551416303804
      dummyLevel = class java.util.logging.Level@660163fc
      logger = class com.ibm.ws.logging.internal.WsLogger@35ef9b04
      name = "org.springframework.web.servlet.PageNotFound"
    defaultStrategies = class java.util.Properties@30cc1b34
      serialVersionUID = 4112578634029874840
      defaults = null
      hexDigit = {0123456789ABCDEF} /* array length = 16*/
      table = class java.util.Hashtable$Entry[11]
      count = 8
      threshold = 8
      loadFactor = 0.75
      modCount = 8
      serialVersionUID = 1421746759512286392
      MAX_ARRAY_SIZE = 2147483639
      keySet = null
      entrySet = null
      values = null
      KEYS = 0
      VALUES = 1
      ENTRIES = 2
    detectAllHandlerMappings = true
    detectAllHandlerAdapters = true
    detectAllHandlerExceptionResolvers = true
    detectAllViewResolvers = true
    throwExceptionIfNoHandlerFound = false
    cleanupAfterInclude = true
    multipartResolver = null
    localeResolver = null
    themeResolver = null
    handlerMappings = null
    handlerAdapters = null
    handlerExceptionResolvers = null
    viewNameTranslator = null
    flashMapManager = null
    viewResolvers = null
    DEFAULT_NAMESPACE_SUFFIX = "-servlet"
    DEFAULT_CONTEXT_CLASS = class java.lang.Class@783ac028
      ANNOTATION = 8192
      ENUM = 16384
      SYNTHETIC = 4096
      cachedConstructor = null
      newInstanceCallerCache = null
      name = "org.springframework.web.context.support.XmlWebApplicationContext"
      allPermDomain = class java.security.ProtectionDomain@1da6be0d
      useCaches = true
      reflectionData = class java.lang.ref.SoftReference@2f9e7425
      classRedefinedCount = 0
      genericInfo = null
      serialVersionUID = 3206093459760846163
      serialPersistentFields = class java.io.ObjectStreamField[0]
      reflectionFactory = class sun.reflect.ReflectionFactory@220cf391
      initted = true
      enumConstants = null
      enumConstantDirectory = null
      annotationData = null
      annotationType = null
      classValueMap = null
    SERVLET_CONTEXT_PREFIX = "org.springframework.web.servlet.FrameworkServlet.CONTEXT."
    INIT_PARAM_DELIMITERS = ",; 	
"
    responseGetStatusAvailable = true
    contextAttribute = null
    contextClass = class java.lang.Class@783ac028
    contextId = null
    namespace = null
    contextConfigLocation = null
    contextInitializers = class java.util.ArrayList@7266331d
      serialVersionUID = 8683452581122892189
      DEFAULT_CAPACITY = 10
      EMPTY_ELEMENTDATA = class java.lang.Object[0]
      DEFAULTCAPACITY_EMPTY_ELEMENTDATA = class java.lang.Object[0]
      elementData = class java.lang.Object[0]
      size = 0
      MAX_ARRAY_SIZE = 2147483639
      modCount = 0
      MAX_ARRAY_SIZE = 2147483639
    contextInitializerClasses = null
    publishContext = true
    publishEvents = true
    threadContextInheritable = false
    dispatchOptionsRequest = false
    dispatchTraceRequest = false
    webApplicationContext = null
    webApplicationContextInjected = false
    refreshEventReceived = false
    logger = class org.apache.commons.logging.impl.Jdk14Logger@6ecbf431
      serialVersionUID = 4784713551416303804
      dummyLevel = class java.util.logging.Level@660163fc
      logger = class com.ibm.ws.logging.internal.WsLogger@245705f6
      name = "org.springframework.web.servlet.DispatcherServlet"
    requiredProperties = class java.util.HashSet@3e8e4767
      serialVersionUID = -5024744406713321676
      map = class java.util.HashMap@6aaac6a8
      PRESENT = class java.lang.Object@6f766ece
      MAX_ARRAY_SIZE = 2147483639
    environment = class org.springframework.web.context.support.StandardServletEnvironment@101beb1e
      SERVLET_CONTEXT_PROPERTY_SOURCE_NAME = "servletContextInitParams"
      SERVLET_CONFIG_PROPERTY_SOURCE_NAME = "servletConfigInitParams"
      JNDI_PROPERTY_SOURCE_NAME = "jndiProperties"
      SYSTEM_ENVIRONMENT_PROPERTY_SOURCE_NAME = "systemEnvironment"
      SYSTEM_PROPERTIES_PROPERTY_SOURCE_NAME = "systemProperties"
      IGNORE_GETENV_PROPERTY_NAME = "spring.getenv.ignore"
      ACTIVE_PROFILES_PROPERTY_NAME = "spring.profiles.active"
      DEFAULT_PROFILES_PROPERTY_NAME = "spring.profiles.default"
      RESERVED_DEFAULT_PROFILE_NAME = "default"
      logger = class org.apache.commons.logging.impl.Jdk14Logger@e4e1109
      activeProfiles = class java.util.LinkedHashSet@2ed92ab
      defaultProfiles = class java.util.LinkedHashSet@48017a7b
      propertySources = class org.springframework.core.env.MutablePropertySources@6aa33439
      propertyResolver = class org.springframework.core.env.PropertySourcesPropertyResolver@141ba63d
    METHOD_DELETE = "DELETE"
    METHOD_HEAD = "HEAD"
    METHOD_GET = "GET"
    METHOD_OPTIONS = "OPTIONS"
    METHOD_POST = "POST"
    METHOD_PUT = "PUT"
    METHOD_TRACE = "TRACE"
    HEADER_IFMODSINCE = "If-Modified-Since"
    HEADER_LASTMOD = "Last-Modified"
    LSTRING_FILE = "javax.servlet.http.LocalStrings"
    lStrings = class java.util.PropertyResourceBundle@5326ccdb
      lookup = class java.util.HashMap@1ef42a60
      INITIAL_CACHE_SIZE = 32
      NONEXISTENT_BUNDLE = class java.util.ResourceBundle$1@64809d75
      cacheList = class java.util.concurrent.ConcurrentHashMap@6c778cb4
      referenceQueue = class java.lang.ref.ReferenceQueue@4a69bb57
      parent = null
      locale = class java.util.Locale@47282f8c
      name = "javax.servlet.http.LocalStrings"
      expired = false
      cacheKey = class java.util.ResourceBundle$CacheKey@415ae7
      keySet = null
      providers = null
      $assertionsDisabled = true
    LSTRING_FILE = "javax.servlet.LocalStrings"
    lStrings = class java.util.PropertyResourceBundle@5214932e
    config = class com.ibm.ws.webcontainer.servlet.ServletConfig@55e29389
  cacheWrappers = null
  targetLoader = class com.ibm.ws.classloading.internal.ThreadContextClassLoader@14119524
    tc = class com.ibm.websphere.ras.TraceComponent@43d37d1e
      strings[0] = "TraceComponent[com.ibm.ws.classloading.internal.ThreadContextClassLoader,class com.ibm.ws.classloading.internal.ThreadContextClassLoader,[ClassLoadingService],com.ibm.ws.classloading.internal.resources.ClassLoadingServiceMessages,null]"
    bundle = class java.util.concurrent.atomic.AtomicReference@3ff032a7
      serialVersionUID = -1848883965231344442
      unsafe = class sun.misc.Unsafe@711bb2ee
      valueOffset = 12
      value = class org.eclipse.osgi.internal.framework.EquinoxBundle@564db85d
    key = "WebModule:offlaFrontEnd#offlaFrontEnd.war"
    refCount = class java.util.concurrent.atomic.AtomicInteger@3f9e94d8
      serialVersionUID = 6214790243416807050
      unsafe = class sun.misc.Unsafe@711bb2ee
      valueOffset = 12
      value = 2
      serialVersionUID = -8742448824652078965
    appLoader = class com.ibm.ws.classloading.internal.AppClassLoader@62dc856e
      tc = class com.ibm.websphere.ras.TraceComponent@46352c3c
      PARENT_FIRST_SEARCH_ORDER = class java.util.Collections$UnmodifiableRandomAccessList@9d99de2
      CLASS_LOADING_TRACE_PREFIX = "com.ibm.ws.class.load."
      DEFAULT_PACKAGE = "default.package"
      perPackageClassLoadingTraceComponents = class java.util.concurrent.ConcurrentHashMap@45ed97e2
      config = class com.ibm.ws.classloading.internal.ClassLoaderConfigurationImpl@4511c20
      privateLibraries = null
      delegateLoaders = class com.ibm.ws.classloading.internal.util.CompositeIterable@44564846
      nativeLibraryFiles = class java.util.ArrayList@125fba3
      transformers = class java.util.ArrayList@28de2ee2
      apiAccess = class com.ibm.ws.classloading.internal.GatewayClassLoader@115db630
      generator = class com.ibm.ws.classloading.internal.ClassGeneratorManager@246297c5
      serialVersionUID = -8755588715217099101
      tc = class com.ibm.websphere.ras.TraceComponent@676e1dde
      EMPTY_URL_ARRAY = class java.net.URL[0]
      smartClassPath = class com.ibm.ws.classloading.internal.ContainerClassLoader$SmartClassPathImpl@7c56fe67
      nativeLibraryContainers = class java.util.ArrayList@25a66631
      redefiner = class com.ibm.ws.classloading.internal.util.ClassRedefiner@15ca01ff
      mapCreationQueue = class java.util.concurrent.Executors$FinalizableDelegatedExecutorService@4064bf66
      serialVersionUID = 1420723314841411509
      serialVersionUID = -7411549862368381758
      $$$tc$$$ = class com.ibm.websphere.ras.TraceComponent@260fed8e
      serialVersionUID = -4868702105808481416
      $$$tc$$$ = class com.ibm.websphere.ras.TraceComponent@28564591
      serialVersionUID = 2596921220292114344
      $$$tc$$$ = class com.ibm.websphere.ras.TraceComponent@2ed1c94a
      initialized = true
      pdcache = class java.util.HashMap@1d8bbc75
      debug = null
      parent = class com.ibm.ws.classloading.internal.GatewayClassLoader@115db630
      parallelLockMap = null
      package2certs = class java.util.Hashtable@588b83c2
      nocerts = class java.security.cert.Certificate[0]
      classes = class java.util.Vector@3df1883a
      defaultDomain = class java.security.ProtectionDomain@60803fd3
      domains = class java.util.HashSet@20a84fa2
      packages = class java.util.HashMap@24b94de6
      scl = class sun.misc.Launcher$AppClassLoader@14dad5dc
      sclSet = true
      loadedLibraryNames = class java.util.Vector@39febae6
      systemNativeLibraries = class java.util.Vector@50689c07
      nativeLibraries = class java.util.Vector@15b8b113
      nativeLibraryContext = class java.util.Stack@6e4fd029
      usr_paths = class java.lang.String[5]
      sys_paths = class java.lang.String[1]
      assertionLock = class com.ibm.ws.classloading.internal.AppClassLoader@62dc856e
      defaultAssertionStatus = false
      packageAssertionStatus = null
      classAssertionStatus = null
    serialVersionUID = 7093379526360135425
    followOnClassLoaders = class java.util.ArrayList@3919634b
      serialVersionUID = 8683452581122892189
      DEFAULT_CAPACITY = 10
      EMPTY_ELEMENTDATA = class java.lang.Object[0]
      DEFAULTCAPACITY_EMPTY_ELEMENTDATA = class java.lang.Object[0]
      elementData = class java.lang.Object[10]
      size = 1
      MAX_ARRAY_SIZE = 2147483639
      modCount = 1
      MAX_ARRAY_SIZE = 2147483639
    serialVersionUID = -5107316606107305512
    $$$tc$$$ = class com.ibm.websphere.ras.TraceComponent@22d578eb
      strings[0] = "TraceComponent[com.ibm.ws.classloading.internal.UnifiedClassLoader,class com.ibm.ws.classloading.internal.UnifiedClassLoader,[ClassLoadingService],com.ibm.ws.classloading.internal.resources.ClassLoadingServiceMessages,null]"
    serialVersionUID = -4868702105808481416
    $$$tc$$$ = class com.ibm.websphere.ras.TraceComponent@28564591
      strings[0] = "TraceComponent[com.ibm.ws.classloading.internal.LibertyLoader,class com.ibm.ws.classloading.internal.LibertyLoader,[ClassLoadingService],com.ibm.ws.classloading.internal.resources.ClassLoadingServiceMessages,null]"
    serialVersionUID = 2596921220292114344
    $$$tc$$$ = class com.ibm.websphere.ras.TraceComponent@2ed1c94a
      strings[0] = "TraceComponent[com.ibm.ws.classloading.LibertyClassLoader,class com.ibm.ws.classloading.LibertyClassLoader,[ClassLoadingService],com.ibm.ws.classloading.internal.resources.ClassLoadingServiceMessages,null]"
    initialized = true
    pdcache = class java.util.HashMap@c84275
      serialVersionUID = 362498820763181265
      DEFAULT_INITIAL_CAPACITY = 16
      MAXIMUM_CAPACITY = 1073741824
      DEFAULT_LOAD_FACTOR = 0.75
      TREEIFY_THRESHOLD = 8
      UNTREEIFY_THRESHOLD = 6
      MIN_TREEIFY_CAPACITY = 64
      table = null
      entrySet = null
      size = 0
      modCount = 0
      threshold = 16
      loadFactor = 0.75
      keySet = null
      values = null
    debug = null
    parent = class com.ibm.ws.classloading.internal.GatewayClassLoader@491e62a2
      config = class com.ibm.ws.classloading.internal.GatewayConfigurationImpl@74a76ad0
      wiringMonitor = class com.ibm.ws.classloading.internal.GatewayClassLoader$1@1610eeb9
      bundle = class org.eclipse.osgi.internal.framework.EquinoxBundle@564db85d
      wiring = class org.eclipse.osgi.container.ModuleWiring@78a847e0
      bundleLoader = class org.eclipse.osgi.internal.loader.EquinoxClassLoader@284851cf
      resourceProviders = class com.ibm.ws.classloading.internal.CompositeResourceProvider@67f65ffc
      serialVersionUID = -4256474098847905153
      $$$tc$$$ = class com.ibm.websphere.ras.TraceComponent@3c0af175
      parent = class sun.misc.Launcher$AppClassLoader@14dad5dc
      parallelLockMap = null
      package2certs = class java.util.Hashtable@7602009d
      nocerts = class java.security.cert.Certificate[0]
      classes = class java.util.Vector@4cafdefa
      defaultDomain = class java.security.ProtectionDomain@26833889
      domains = class java.util.HashSet@73df9a1a
      packages = class java.util.HashMap@15bf6a14
      scl = class sun.misc.Launcher$AppClassLoader@14dad5dc
      sclSet = true
      loadedLibraryNames = class java.util.Vector@39febae6
      systemNativeLibraries = class java.util.Vector@50689c07
      nativeLibraries = class java.util.Vector@27d52e57
      nativeLibraryContext = class java.util.Stack@6e4fd029
      usr_paths = class java.lang.String[5]
      sys_paths = class java.lang.String[1]
      assertionLock = class com.ibm.ws.classloading.internal.GatewayClassLoader@491e62a2
      defaultAssertionStatus = false
      packageAssertionStatus = null
      classAssertionStatus = null
    parallelLockMap = null
    package2certs = class java.util.Hashtable@72396a1c
      table = class java.util.Hashtable$Entry[11]
      count = 0
      threshold = 8
      loadFactor = 0.75
      modCount = 0
      serialVersionUID = 1421746759512286392
      MAX_ARRAY_SIZE = 2147483639
      keySet = null
      entrySet = null
      values = null
      KEYS = 0
      VALUES = 1
      ENTRIES = 2
    nocerts = class java.security.cert.Certificate[0]
    classes = class java.util.Vector@59a1efa
      elementData = class java.lang.Object[10]
      elementCount = 0
      capacityIncrement = 0
      serialVersionUID = -2767605614048989439
      MAX_ARRAY_SIZE = 2147483639
      modCount = 0
      MAX_ARRAY_SIZE = 2147483639
    defaultDomain = class java.security.ProtectionDomain@170fde00
      codesource = class java.security.CodeSource@f6301b3
      classloader = class com.ibm.ws.classloading.internal.ThreadContextClassLoader@14119524
      principals = interface java.security.Principal[0]
      permissions = null
      hasAllPerm = false
      staticPermissions = false
      key = class java.security.ProtectionDomain$Key@6a4b8286
      debug = null
    domains = class java.util.HashSet@5516ed7e
      serialVersionUID = -5024744406713321676
      map = class java.util.HashMap@24e2cfc7
      PRESENT = class java.lang.Object@6f766ece
      MAX_ARRAY_SIZE = 2147483639
    packages = class java.util.HashMap@6cc6144a
      serialVersionUID = 362498820763181265
      DEFAULT_INITIAL_CAPACITY = 16
      MAXIMUM_CAPACITY = 1073741824
      DEFAULT_LOAD_FACTOR = 0.75
      TREEIFY_THRESHOLD = 8
      UNTREEIFY_THRESHOLD = 6
      MIN_TREEIFY_CAPACITY = 64
      table = null
      entrySet = null
      size = 0
      modCount = 0
      threshold = 0
      loadFactor = 0.75
      keySet = null
      values = null
    scl = class sun.misc.Launcher$AppClassLoader@14dad5dc
      ucp = class sun.misc.URLClassPath@7a0d16df
      $assertionsDisabled = true
      ucp = class sun.misc.URLClassPath@7a0d16df
      acc = class java.security.AccessControlContext@391c6947
      closeables = class java.util.WeakHashMap@4a6d80a1
      initialized = true
      pdcache = class java.util.HashMap@38efd9f
      debug = null
      parent = class sun.misc.Launcher$ExtClassLoader@577012d0
      parallelLockMap = class java.util.concurrent.ConcurrentHashMap@1127a8df
      package2certs = class java.util.concurrent.ConcurrentHashMap@4b2baded
      nocerts = class java.security.cert.Certificate[0]
      classes = class java.util.Vector@6de544a1
      defaultDomain = class java.security.ProtectionDomain@19f33e87
      domains = class java.util.Collections$SynchronizedSet@35be1c36
      packages = class java.util.HashMap@23ec8ba9
      scl = class sun.misc.Launcher$AppClassLoader@14dad5dc
      sclSet = true
      loadedLibraryNames = class java.util.Vector@39febae6
      systemNativeLibraries = class java.util.Vector@50689c07
      nativeLibraries = class java.util.Vector@64eb1339
      nativeLibraryContext = class java.util.Stack@6e4fd029
      usr_paths = class java.lang.String[5]
      sys_paths = class java.lang.String[1]
      assertionLock = class java.lang.Object@64ec1e25
      defaultAssertionStatus = false
      packageAssertionStatus = null
      classAssertionStatus = null
    sclSet = true
    loadedLibraryNames = class java.util.Vector@39febae6
      elementData = class java.lang.Object[10]
      elementCount = 5
      capacityIncrement = 0
      serialVersionUID = -2767605614048989439
      MAX_ARRAY_SIZE = 2147483639
      modCount = 5
      MAX_ARRAY_SIZE = 2147483639
    systemNativeLibraries = class java.util.Vector@50689c07
      elementData = class java.lang.Object[10]
      elementCount = 5
      capacityIncrement = 0
      serialVersionUID = -2767605614048989439
      MAX_ARRAY_SIZE = 2147483639
      modCount = 5
      MAX_ARRAY_SIZE = 2147483639
    nativeLibraries = class java.util.Vector@3277f669
      elementData = class java.lang.Object[10]
      elementCount = 0
      capacityIncrement = 0
      serialVersionUID = -2767605614048989439
      MAX_ARRAY_SIZE = 2147483639
      modCount = 0
      MAX_ARRAY_SIZE = 2147483639
    nativeLibraryContext = class java.util.Stack@6e4fd029
      serialVersionUID = 1224463164541339165
      elementData = class java.lang.Object[10]
      elementCount = 0
      capacityIncrement = 0
      serialVersionUID = -2767605614048989439
      MAX_ARRAY_SIZE = 2147483639
      modCount = 10
      MAX_ARRAY_SIZE = 2147483639
    usr_paths = class java.lang.String[5]
      usr_paths[0] = "/usr/java/packages/lib/amd64"
      usr_paths[1] = "/usr/lib64"
      usr_paths[2] = "/lib64"
      usr_paths[3] = "/lib"
      usr_paths[4] = "/usr/lib"
    sys_paths = class java.lang.String[1]
      sys_paths[0] = "/usr/lib/jvm/java-1.8.0-openjdk-1.8.0.60-14.b27.fc23.x86_64/jre/lib/amd64"
    assertionLock = class com.ibm.ws.classloading.internal.ThreadContextClassLoader@14119524
    defaultAssertionStatus = false
    packageAssertionStatus = null
    classAssertionStatus = null
  evtSource = class com.ibm.ws.webcontainer.webapp.WebAppEventSource@311852f4
    _invocationListeners = class com.ibm.ws.webcontainer.util.EventListeners@3e861210
      EMPTY_LISTENERS = interface java.util.EventListener[0]
      logger = class com.ibm.ws.logging.internal.WsLogger@67b79a60
      CLASS_NAME = "com.ibm.ws.webcontainer.util.EventListeners"
      listeners = interface java.util.EventListener[0]
    _servletListeners = class com.ibm.ws.webcontainer.util.EventListeners@19b5fbe8
      EMPTY_LISTENERS = interface java.util.EventListener[0]
      logger = class com.ibm.ws.logging.internal.WsLogger@67b79a60
      CLASS_NAME = "com.ibm.ws.webcontainer.util.EventListeners"
      listeners = interface java.util.EventListener[0]
    _errorListeners = class com.ibm.ws.webcontainer.util.EventListeners@4866ee1
      EMPTY_LISTENERS = interface java.util.EventListener[0]
      logger = class com.ibm.ws.logging.internal.WsLogger@67b79a60
      CLASS_NAME = "com.ibm.ws.webcontainer.util.EventListeners"
      listeners = interface java.util.EventListener[0]
    _applicationListeners = class com.ibm.ws.webcontainer.util.EventListeners@7fbfd30a
      EMPTY_LISTENERS = interface java.util.EventListener[0]
      logger = class com.ibm.ws.logging.internal.WsLogger@67b79a60
      CLASS_NAME = "com.ibm.ws.webcontainer.util.EventListeners"
      listeners = interface java.util.EventListener[0]
    _filterInvocationListeners = class com.ibm.ws.webcontainer.util.EventListeners@7127487f
      EMPTY_LISTENERS = interface java.util.EventListener[0]
      logger = class com.ibm.ws.logging.internal.WsLogger@67b79a60
      CLASS_NAME = "com.ibm.ws.webcontainer.util.EventListeners"
      listeners = interface java.util.EventListener[0]
    _filterListeners = class com.ibm.ws.webcontainer.util.EventListeners@477b9708
      EMPTY_LISTENERS = interface java.util.EventListener[0]
      logger = class com.ibm.ws.logging.internal.WsLogger@67b79a60
      CLASS_NAME = "com.ibm.ws.webcontainer.util.EventListeners"
      listeners = interface java.util.EventListener[0]
    _filterErrorListeners = class com.ibm.ws.webcontainer.util.EventListeners@703d0860
      EMPTY_LISTENERS = interface java.util.EventListener[0]
      logger = class com.ibm.ws.logging.internal.WsLogger@67b79a60
      CLASS_NAME = "com.ibm.ws.webcontainer.util.EventListeners"
      listeners = interface java.util.EventListener[0]
  event = class com.ibm.websphere.servlet.event.ServletEvent@3fc788dc
    serialVersionUID = 3906650803920713522
    _servletName = "offla"
    _servletClassName = "org.springframework.web.servlet.DispatcherServlet"
    $$$tc$$$ = class com.ibm.websphere.ras.TraceComponent@1588af3b
      strings[0] = "TraceComponent[com.ibm.websphere.servlet.event.ServletEvent,class com.ibm.websphere.servlet.event.ServletEvent,[],null,null]"
    serialVersionUID = 3546927969739289392
    _context = class com.ibm.ws.webcontainer31.facade.ServletContextFacade31@30c2fac2
    _servletNames = class com.ibm.ws.webcontainer.util.EmptyEnumeration@7607e834
      serialVersionUID = 3546642126931963953
      _instance = class com.ibm.ws.webcontainer.util.EmptyEnumeration@7607e834
    $$$tc$$$ = class com.ibm.websphere.ras.TraceComponent@1cb2cb4
      strings[0] = "TraceComponent[com.ibm.websphere.servlet.event.ApplicationEvent,class com.ibm.websphere.servlet.event.ApplicationEvent,[],null,null]"
    serialVersionUID = 5516075349620653480
    source = class com.ibm.ws.webcontainer.osgi.servlet.ServletWrapper@2f361b6a
  unavailableMessage = null
  unavailableUntil = -1
  isSTM = false
  internalServlet = false
  webAppInvocationCollaborators = null
  platformHelper = class com.ibm.ws.webcontainer.PlatformHelper@7e782a76
  webAppNameSpaceCollab = class com.ibm.ws.webcontainer.osgi.collaborator.WebAppNameSpaceCollaboratorImpl@df70416
    cmdai = class com.ibm.ws.threadContext.ComponentMetaDataAccessorImpl@4868250c
      tc = class com.ibm.websphere.ras.TraceComponent@143b7c00
      cmdai = class com.ibm.ws.threadContext.ComponentMetaDataAccessorImpl@4868250c
      threadContext = class com.ibm.ws.threadContext.ThreadContextImpl@52ae045c
      defaultCMD = null
  txCollab = class com.ibm.ws.transaction.services.WebAppTransactionCollaboratorImpl@7e0b78ae
    tc = class com.ibm.websphere.ras.TraceComponent@481ba77c
      strings[0] = "TraceComponent[com.ibm.ws.transaction.services.WebAppTransactionCollaboratorImpl,class com.ibm.ws.transaction.services.WebAppTransactionCollaboratorImpl,[transaction],com.ibm.ws.transaction.services.TransactionMessages,null]"
    ltCurrentRef = class com.ibm.wsspi.kernel.service.utils.AtomicServiceReference@333a1df0
      referenceName = "ltCurrent"
      tuple = class java.util.concurrent.atomic.AtomicReference@79ac6c3a
      serialVersionUID = -5840472578638799324
      $$$tc$$$ = class com.ibm.websphere.ras.TraceComponent@76c30c8
    tranMgrRef = class com.ibm.wsspi.kernel.service.utils.AtomicServiceReference@5d1fe5e
      referenceName = "tranMgr"
      tuple = class java.util.concurrent.atomic.AtomicReference@290f2568
      serialVersionUID = -5840472578638799324
      $$$tc$$$ = class com.ibm.websphere.ras.TraceComponent@76c30c8
    userTranRef = class com.ibm.wsspi.kernel.service.utils.AtomicServiceReference@c98fbad
      referenceName = "userTran"
      tuple = class java.util.concurrent.atomic.AtomicReference@3f47d2da
      serialVersionUID = -5840472578638799324
      $$$tc$$$ = class com.ibm.websphere.ras.TraceComponent@76c30c8
    uowCallbackRef = class com.ibm.wsspi.kernel.service.utils.AtomicServiceReference@42cbb4e8
      referenceName = "uowCallback"
      tuple = class java.util.concurrent.atomic.AtomicReference@400e24f3
      serialVersionUID = -5840472578638799324
      $$$tc$$$ = class com.ibm.websphere.ras.TraceComponent@76c30c8
    serialVersionUID = -8319003162899973281
  connCollab = class com.ibm.ws.webcontainer.collaborator.ConnectionCollaborator@7d899edb
  suppressServletExceptionLogging = false
  throwExceptionEnum = class java.util.RegularEnumSet@429d2086
    serialVersionUID = 3411599620347842686
    elements = 256
    elementType = class java.lang.Class@66b2f1b8
      ANNOTATION = 8192
      ENUM = 16384
      SYNTHETIC = 4096
      cachedConstructor = null
      newInstanceCallerCache = null
      name = "com.ibm.wsspi.webcontainer.collaborator.CollaboratorInvocationEnum"
      allPermDomain = class java.security.ProtectionDomain@1da6be0d
      useCaches = true
      reflectionData = class java.lang.ref.SoftReference@4a35ef06
      classRedefinedCount = 0
      genericInfo = null
      serialVersionUID = 3206093459760846163
      serialPersistentFields = class java.io.ObjectStreamField[0]
      reflectionFactory = class sun.reflect.ReflectionFactory@220cf391
      initted = true
      enumConstants = class com.ibm.wsspi.webcontainer.collaborator.CollaboratorInvocationEnum[9]
      enumConstantDirectory = null
      annotationData = null
      annotationType = null
      classValueMap = null
    universe = class com.ibm.wsspi.webcontainer.collaborator.CollaboratorInvocationEnum[9]
      universe[0] = class com.ibm.wsspi.webcontainer.collaborator.CollaboratorInvocationEnum@5e65c8
      universe[1] = class com.ibm.wsspi.webcontainer.collaborator.CollaboratorInvocationEnum@13bb743
      universe[2] = class com.ibm.wsspi.webcontainer.collaborator.CollaboratorInvocationEnum@5615cfde
      universe[3] = class com.ibm.wsspi.webcontainer.collaborator.CollaboratorInvocationEnum@44089ef6
      universe[4] = class com.ibm.wsspi.webcontainer.collaborator.CollaboratorInvocationEnum@370bd39a
      universe[5] = class com.ibm.wsspi.webcontainer.collaborator.CollaboratorInvocationEnum@6b56eb97
      universe[6] = class com.ibm.wsspi.webcontainer.collaborator.CollaboratorInvocationEnum@13c5b21c
      universe[7] = class com.ibm.wsspi.webcontainer.collaborator.CollaboratorInvocationEnum@13ba71bc
      universe[8] = class com.ibm.wsspi.webcontainer.collaborator.CollaboratorInvocationEnum@7ac4e752
    ZERO_LENGTH_ENUM_ARRAY = class java.lang.Enum[0]
    MAX_ARRAY_SIZE = 2147483639
  discernUnavailableServlet = false
  reInitServletonInitUnavailableException = true
  destroyServletonServiceUnavailableException = false
  servlet23 = true
  PARAMS_HEAD_TRACE = class java.lang.Class[2]
    PARAMS_HEAD_TRACE[0] = class java.lang.Class@6a3bbae3
      ANNOTATION = 8192
      ENUM = 16384
      SYNTHETIC = 4096
      cachedConstructor = null
      newInstanceCallerCache = null
      name = null
      allPermDomain = class java.security.ProtectionDomain@1da6be0d
      useCaches = true
      reflectionData = null
      classRedefinedCount = 0
      genericInfo = null
      serialVersionUID = 3206093459760846163
      serialPersistentFields = class java.io.ObjectStreamField[0]
      reflectionFactory = class sun.reflect.ReflectionFactory@220cf391
      initted = true
      enumConstants = null
      enumConstantDirectory = null
      annotationData = null
      annotationType = null
      classValueMap = null
    PARAMS_HEAD_TRACE[1] = class java.lang.Class@4875c069
      ANNOTATION = 8192
      ENUM = 16384
      SYNTHETIC = 4096
      cachedConstructor = null
      newInstanceCallerCache = null
      name = null
      allPermDomain = class java.security.ProtectionDomain@1da6be0d
      useCaches = true
      reflectionData = class java.lang.ref.SoftReference@66ea772a
      classRedefinedCount = 0
      genericInfo = null
      serialVersionUID = 3206093459760846163
      serialPersistentFields = class java.io.ObjectStreamField[0]
      reflectionFactory = class sun.reflect.ReflectionFactory@220cf391
      initted = true
      enumConstants = null
      enumConstantDirectory = null
      annotationData = null
      annotationType = null
      classValueMap = null
  defaultHeadMethodInUse = false
  defaultTraceMethodInUse = false
  checkedForDefaultMethods = null
  defaultTraceRequestBehavior = false
  defaultHeadRequestBehavior = false
  useOriginalRequestState = false
  warningStatusSet = false
  LSTRING_FILE = "javax.servlet.LocalStrings"
  lStrings = class java.util.PropertyResourceBundle@5214932e
    lookup = class java.util.HashMap@796bea7f
      serialVersionUID = 362498820763181265
      DEFAULT_INITIAL_CAPACITY = 16
      MAXIMUM_CAPACITY = 1073741824
      DEFAULT_LOAD_FACTOR = 0.75
      TREEIFY_THRESHOLD = 8
      UNTREEIFY_THRESHOLD = 6
      MIN_TREEIFY_CAPACITY = 64
      table = class java.util.HashMap$Node[8]
      entrySet = null
      size = 4
      modCount = 4
      threshold = 6
      loadFactor = 0.75
      keySet = null
      values = null
    INITIAL_CACHE_SIZE = 32
    NONEXISTENT_BUNDLE = class java.util.ResourceBundle$1@64809d75
      INITIAL_CACHE_SIZE = 32
      NONEXISTENT_BUNDLE = class java.util.ResourceBundle$1@64809d75
      cacheList = class java.util.concurrent.ConcurrentHashMap@6c778cb4
      referenceQueue = class java.lang.ref.ReferenceQueue@4a69bb57
      parent = null
      locale = null
      name = null
      expired = false
      cacheKey = class java.util.ResourceBundle$CacheKey@580c52be
      keySet = null
      providers = null
      $assertionsDisabled = true
    cacheList = class java.util.concurrent.ConcurrentHashMap@6c778cb4
      serialVersionUID = 7249069246763182397
      MAXIMUM_CAPACITY = 1073741824
      DEFAULT_CAPACITY = 16
      MAX_ARRAY_SIZE = 2147483639
      DEFAULT_CONCURRENCY_LEVEL = 16
      LOAD_FACTOR = 0.75
      TREEIFY_THRESHOLD = 8
      UNTREEIFY_THRESHOLD = 6
      MIN_TREEIFY_CAPACITY = 64
      MIN_TRANSFER_STRIDE = 16
      RESIZE_STAMP_BITS = 16
      MAX_RESIZERS = 65535
      RESIZE_STAMP_SHIFT = 16
      MOVED = -1
      TREEBIN = -2
      RESERVED = -3
      HASH_BITS = 2147483647
      NCPU = 4
      serialPersistentFields = class java.io.ObjectStreamField[3]
      table = class java.util.concurrent.ConcurrentHashMap$Node[256]
      nextTable = null
      baseCount = 120
      sizeCtl = 192
      transferIndex = 0
      cellsBusy = 0
      counterCells = null
      keySet = null
      values = null
      entrySet = null
      U = class sun.misc.Unsafe@711bb2ee
      SIZECTL = 20
      TRANSFERINDEX = 32
      BASECOUNT = 24
      CELLSBUSY = 36
      CELLVALUE = 144
      ABASE = 16
      ASHIFT = 2
      keySet = null
      values = null
    referenceQueue = class java.lang.ref.ReferenceQueue@4a69bb57
      NULL = class java.lang.ref.ReferenceQueue$Null@530885c2
      ENQUEUED = class java.lang.ref.ReferenceQueue$Null@2b6b16ef
      lock = class java.lang.ref.ReferenceQueue$Lock@2abbc05a
      head = null
      queueLength = 0
      $assertionsDisabled = true
    parent = null
    locale = class java.util.Locale@47282f8c
      LOCALECACHE = class java.util.Locale$Cache@6c3d6252
      ENGLISH = class java.util.Locale@141ff892
      FRENCH = class java.util.Locale@5d18baff
      GERMAN = class java.util.Locale@3cf2e363
      ITALIAN = class java.util.Locale@3b5a295d
      JAPANESE = class java.util.Locale@50ea9dcc
      KOREAN = class java.util.Locale@48bd1a6c
      CHINESE = class java.util.Locale@637f11e3
      SIMPLIFIED_CHINESE = class java.util.Locale@985dc10
      TRADITIONAL_CHINESE = class java.util.Locale@d852411
      FRANCE = class java.util.Locale@2dcb31b7
      GERMANY = class java.util.Locale@3620cde4
      ITALY = class java.util.Locale@1162f26c
      JAPAN = class java.util.Locale@35e3f9fd
      KOREA = class java.util.Locale@41d1307f
      CHINA = class java.util.Locale@985dc10
      PRC = class java.util.Locale@985dc10
      TAIWAN = class java.util.Locale@d852411
      UK = class java.util.Locale@71ae9a4c
      US = class java.util.Locale@32c6fbc7
      CANADA = class java.util.Locale@7759f787
      CANADA_FRENCH = class java.util.Locale@5d5fc480
      ROOT = class java.util.Locale@47282f8c
      PRIVATE_USE_EXTENSION = x
      UNICODE_LOCALE_EXTENSION = u
      serialVersionUID = 9149081749638150636
      DISPLAY_LANGUAGE = 0
      DISPLAY_COUNTRY = 1
      DISPLAY_VARIANT = 2
      DISPLAY_SCRIPT = 3
      baseLocale = class sun.util.locale.BaseLocale@72a8950c
      localeExtensions = null
      hashCodeValue = 0
      defaultLocale = class java.util.Locale@32c6fbc7
      defaultDisplayLocale = null
      defaultFormatLocale = class java.util.Locale@32c6fbc7
      languageTag = null
      serialPersistentFields = class java.io.ObjectStreamField[6]
      isoLanguages = null
      isoCountries = null
      $assertionsDisabled = true
    name = "javax.servlet.LocalStrings"
    expired = false
    cacheKey = class java.util.ResourceBundle$CacheKey@27a36929
      name = "javax.servlet.LocalStrings"
      locale = class java.util.Locale@47282f8c
      loaderRef = class java.util.ResourceBundle$LoaderReference@783160dd
      format = "java.properties"
      loadTime = 0
      expirationTime = -2
      cause = null
      hashCodeCache = -1635691668
    keySet = null
    providers = null
    $assertionsDisabled = true
  config = null

