------Start of DE processing------ = [12/9/15 11:44:50:828 IST]
Exception = java.sql.SQLNonTransientException
Source = com.ibm.ws.resource.internal.ResourceFactoryTrackerData$1
probeid = 109
Stack Dump = java.sql.SQLNonTransientException: DSRA4000E: A valid JDBC driver implementation class was not found for the jdbcDriver dataSource[jdbc/postgresql-cloud]/jdbcDriver[default-0] using the library postgresql-library. []
	at com.ibm.ws.jdbc.internal.JDBCDriverService.classNotFound(JDBCDriverService.java:196)
	at com.ibm.ws.jdbc.internal.JDBCDriverService.create(JDBCDriverService.java:292)
	at com.ibm.ws.jdbc.internal.JDBCDriverService.createAnyDataSource(JDBCDriverService.java:346)
	at com.ibm.ws.jdbc.DataSourceService.init(DataSourceService.java:452)
	at com.ibm.ws.jca.cm.AbstractConnectionFactoryService.createResource(AbstractConnectionFactoryService.java:136)
	at com.ibm.ws.resource.internal.ResourceFactoryTrackerData$1.getService(ResourceFactoryTrackerData.java:108)
	at org.eclipse.osgi.internal.serviceregistry.ServiceFactoryUse$1.run(ServiceFactoryUse.java:212)
	at java.security.AccessController.doPrivileged(Native Method)
	at org.eclipse.osgi.internal.serviceregistry.ServiceFactoryUse.factoryGetService(ServiceFactoryUse.java:210)
	at org.eclipse.osgi.internal.serviceregistry.ServiceFactoryUse.getService(ServiceFactoryUse.java:111)
	at org.eclipse.osgi.internal.serviceregistry.ServiceConsumer$2.getService(ServiceConsumer.java:45)
	at org.eclipse.osgi.internal.serviceregistry.ServiceRegistrationImpl.getService(ServiceRegistrationImpl.java:496)
	at org.eclipse.osgi.internal.serviceregistry.ServiceRegistry.getService(ServiceRegistry.java:461)
	at org.eclipse.osgi.internal.framework.BundleContextImpl.getService(BundleContextImpl.java:619)
	at com.ibm.ws.jndi.internal.WSContext.resolveObject(WSContext.java:128)
	at com.ibm.ws.jndi.internal.WSContext.lookup(WSContext.java:296)
	at com.ibm.ws.jndi.WSContextBase.lookup(WSContextBase.java:58)
	at org.apache.aries.jndi.DelegateContext.lookup(DelegateContext.java:161)
	at javax.naming.InitialContext.lookup(InitialContext.java:417)
	at com.ibm.ws.jpa.container.osgi.internal.OSGiJPAPUnitInfo.lookupDataSource(OSGiJPAPUnitInfo.java:318)
	at com.ibm.ws.jpa.management.JPAPUnitInfo.getJPADataSource(JPAPUnitInfo.java:442)
	at com.ibm.ws.jpa.management.JPAPUnitInfo.getJtaDataSource(JPAPUnitInfo.java:495)
	at com.ibm.ws.jpa.management.JPAPUnitInfo.initialize(JPAPUnitInfo.java:895)
	at com.ibm.ws.jpa.management.JPAPxmlInfo.extractPersistenceUnits(JPAPxmlInfo.java:234)
	at com.ibm.ws.jpa.management.JPAScopeInfo.processPersistenceUnit(JPAScopeInfo.java:109)
	at com.ibm.ws.jpa.management.JPAApplInfo.addPersistenceUnits(JPAApplInfo.java:139)
	at com.ibm.ws.jpa.container.osgi.internal.JPAComponentImpl.processLibraryJarPersistenceXml(JPAComponentImpl.java:363)
	at com.ibm.ws.jpa.container.osgi.internal.JPAComponentImpl.processWebModulePersistenceXml(JPAComponentImpl.java:421)
	at com.ibm.ws.jpa.container.osgi.internal.JPAComponentImpl.applicationStarting(JPAComponentImpl.java:249)
	at com.ibm.ws.container.service.state.internal.ApplicationStateManager.fireStarting(ApplicationStateManager.java:29)
	at com.ibm.ws.container.service.state.internal.StateChangeServiceImpl.fireApplicationStarting(StateChangeServiceImpl.java:51)
	at com.ibm.ws.app.manager.module.internal.DeployedAppInfoBase.preDeployApp(DeployedAppInfoBase.java:791)
	at com.ibm.ws.app.manager.module.internal.DeployedAppInfoBase.deployApp(DeployedAppInfoBase.java:818)
	at com.ibm.ws.app.manager.war.internal.WARApplicationHandlerImpl.install(WARApplicationHandlerImpl.java:80)
	at com.ibm.ws.app.manager.internal.statemachine.StartAction.execute(StartAction.java:139)
	at com.ibm.ws.app.manager.internal.statemachine.ApplicationStateMachineImpl.enterState(ApplicationStateMachineImpl.java:1168)
	at com.ibm.ws.app.manager.internal.statemachine.ApplicationStateMachineImpl.run(ApplicationStateMachineImpl.java:781)
	at java.util.concurrent.ThreadPoolExecutor.runWorker(ThreadPoolExecutor.java:1142)
	at java.util.concurrent.ThreadPoolExecutor$Worker.run(ThreadPoolExecutor.java:617)
	at java.lang.Thread.run(Thread.java:745)
Caused by: java.lang.ClassNotFoundException: org.postgresql.xa.PGXADataSource
	at com.ibm.ws.classloading.internal.AppClassLoader.findClassCommonLibraryClassLoaders(AppClassLoader.java:433)
	at com.ibm.ws.classloading.internal.AppClassLoader.findClass(AppClassLoader.java:267)
	at java.lang.ClassLoader.loadClass(ClassLoader.java:424)
	at com.ibm.ws.classloading.internal.AppClassLoader.findOrDelegateLoadClass(AppClassLoader.java:411)
	at com.ibm.ws.classloading.internal.AppClassLoader.loadClass(AppClassLoader.java:383)
	at java.lang.ClassLoader.loadClass(ClassLoader.java:357)
	at com.ibm.ws.jdbc.internal.JDBCDriverService$1.run(JDBCDriverService.java:231)
	at com.ibm.ws.jdbc.internal.JDBCDriverService$1.run(JDBCDriverService.java:224)
	at java.security.AccessController.doPrivileged(Native Method)
	at com.ibm.ws.jdbc.internal.JDBCDriverService.create(JDBCDriverService.java:223)
	... 38 more

Dump of callerThis
Object type = com.ibm.ws.resource.internal.ResourceFactoryTrackerData$1
  val$ref = class org.eclipse.osgi.internal.serviceregistry.ServiceReferenceImpl@1f3cbb7e
    registration = class org.eclipse.osgi.internal.serviceregistry.ServiceRegistrationImpl@3b83f0b4
      registry = class org.eclipse.osgi.internal.serviceregistry.ServiceRegistry@527029ad
      context = class org.eclipse.osgi.internal.framework.BundleContextImpl@61329b8
      bundle = class org.eclipse.osgi.internal.framework.EquinoxBundle@f25e4f2
      clazzes = class java.lang.String[4]
      service = class org.apache.felix.scr.impl.manager.SingleComponentManager@1b2d5bff
      reference = class org.eclipse.osgi.internal.serviceregistry.ServiceReferenceImpl@1f3cbb7e
      contextsUsing = class java.util.ArrayList@7dafa89f
      properties = class org.eclipse.osgi.internal.serviceregistry.ServiceProperties@547540ca
      serviceid = 380
      serviceranking = 0
      registrationLock = class java.lang.Object@1fd2c844
      state = 0
      REGISTERED = 0
      UNREGISTERING = 1
      UNREGISTERED = 2
      $assertionsDisabled = true
  this$0 = class com.ibm.ws.resource.internal.ResourceFactoryTrackerData@4b8ef967
    JNDI_SERVICENAME = "osgi.jndi.service.name"
    context = class org.eclipse.osgi.internal.framework.BundleContextImpl@61329b8
      findHookName = "org.osgi.framework.hooks.bundle.FindHook"
      valid = true
      bundle = class org.eclipse.osgi.internal.framework.EquinoxBundle@f25e4f2
      container = class org.eclipse.osgi.internal.framework.EquinoxContainer@3ec02163
      debug = class org.eclipse.osgi.internal.debug.Debug@698b17bf
      servicesInUse = class java.util.HashMap@301eaf88
      activator = null
      contextLock = class java.lang.Object@30751244
    registration = class org.eclipse.osgi.internal.serviceregistry.ServiceRegistrationImpl@5dd27f36
      registry = class org.eclipse.osgi.internal.serviceregistry.ServiceRegistry@527029ad
      context = class org.eclipse.osgi.internal.framework.BundleContextImpl@61329b8
      bundle = class org.eclipse.osgi.internal.framework.EquinoxBundle@f25e4f2
      clazzes = class java.lang.String[1]
      service = class com.ibm.ws.resource.internal.ResourceFactoryTrackerData$1@21b307a
      reference = class org.eclipse.osgi.internal.serviceregistry.ServiceReferenceImpl@1f9a7a66
      contextsUsing = class java.util.ArrayList@63e83f72
      properties = class org.eclipse.osgi.internal.serviceregistry.ServiceProperties@8d424e4
      serviceid = 381
      serviceranking = 0
      registrationLock = class java.lang.Object@131b0efe
      state = 0
      REGISTERED = 0
      UNREGISTERING = 1
      UNREGISTERED = 2
      $assertionsDisabled = true
    interfaces = class java.lang.String[1]
      interfaces[0] = "javax.sql.DataSource"
    serialVersionUID = 3255566074950677883
    $$$tc$$$ = class com.ibm.websphere.ras.TraceComponent@78f65bb7
      strings[0] = "TraceComponent[com.ibm.ws.resource.internal.ResourceFactoryTrackerData,class com.ibm.ws.resource.internal.ResourceFactoryTrackerData,[resource],com.ibm.ws.resource.internal.resources.Runtime,null]"
  serialVersionUID = -5395261454852493419
  $$$tc$$$ = class com.ibm.websphere.ras.TraceComponent@1733a584
    strings[0] = "TraceComponent[com.ibm.ws.resource.internal.ResourceFactoryTrackerData$1,class com.ibm.ws.resource.internal.ResourceFactoryTrackerData$1,[resource],com.ibm.ws.resource.internal.resources.Runtime,null]"

Dump of objectArray[0]
Object type = org.eclipse.osgi.internal.framework.EquinoxBundle
  equinoxContainer = class org.eclipse.osgi.internal.framework.EquinoxContainer@3ec02163
    NAME = "org.eclipse.osgi"
    CONFIG_FILE = "config.ini"
    secureAction = class org.eclipse.osgi.framework.util.SecureAction@476106f3
      controlContext = class java.security.AccessControlContext@2df543db
      bootClassLoader = class org.eclipse.osgi.framework.util.SecureAction$1$1@2d9046ce
    equinoxConfig = class org.eclipse.osgi.internal.framework.EquinoxConfiguration@2c68378
      INTERNAL_OS_SUNOS = "SunOS"
      INTERNAL_OS_LINUX = "Linux"
      INTERNAL_OS_MACOSX = "Mac OS"
      INTERNAL_OS_AIX = "AIX"
      INTERNAL_OS_HPUX = "HP-UX"
      INTERNAL_OS_QNX = "QNX"
      INTERNAL_OS_OS400 = "OS/400"
      INTERNAL_OS_OS390 = "OS/390"
      INTERNAL_OS_ZOS = "z/OS"
      INTERNAL_ARCH_I386 = "i386"
      INTERNAL_AMD64 = "amd64"
      VARIABLE_DELIM_STRING = "$"
      VARIABLE_DELIM_CHAR = $
      initialConfig = class java.util.HashMap@3af6e6dc
      configuration = class java.util.Properties@23ed2109
      useSystemProperties = false
      debug = class org.eclipse.osgi.internal.debug.Debug@698b17bf
      debugOptions = class org.eclipse.osgi.internal.debug.FrameworkDebugOptions@7a16dbe
      hookRegistry = class org.eclipse.osgi.internal.hookregistry.HookRegistry@23d8dc57
      aliasMapper = class org.eclipse.osgi.internal.framework.AliasMapper@2e151ef6
      allArgs = null
      frameworkArgs = null
      appArgs = null
      inDevelopmentMode = false
      devLocation = null
      devMonitor = class java.lang.Object@64ba9754
      devDefaultClasspath = null
      devProperties = null
      devLastModified = 0
      contextBootDelegation = false
      compatibilityBootDelegation = false
      LIB_EXTENSIONS = class java.util.Collections$UnmodifiableRandomAccessList@68facae0
      ECLIPSE_LIB_VARIANTS = class java.util.Collections$UnmodifiableRandomAccessList@d2589cc
      COPY_NATIVES = false
      ECLIPSE_NL_JAR_VARIANTS = class java.util.ArrayList@b41c430
      DEFINE_PACKAGE_ATTRIBUTES = true
      BUNDLE_SET_TCCL = true
      BSN_VERSION = 3
      BSN_VERSION_SINGLE = 1
      BSN_VERSION_MULTIPLE = 2
      BSN_VERSION_MANAGED = 3
      throwErrorOnFailedStart = true
      CLASS_CERTIFICATE = true
      PARALLEL_CAPABLE = false
      PROP_JVM_OS_ARCH = "os.arch"
      PROP_JVM_OS_NAME = "os.name"
      PROP_JVM_OS_VERSION = "os.version"
      PROP_JVM_SPEC_VERSION = "java.specification.version"
      PROP_JVM_SPEC_NAME = "java.specification.name"
      PROP_J2ME_MICROEDITION_CONFIGURATION = "microedition.configuration"
      PROP_J2ME_MICROEDITION_PROFILES = "microedition.profiles"
      PROP_SETPERMS_CMD = "osgi.filepermissions.command"
      PROP_DEBUG = "osgi.debug"
      PROP_DEBUG_VERBOSE = "osgi.debug.verbose"
      PROP_DEV = "osgi.dev"
      PROP_CLEAN = "osgi.clean"
      PROP_USE_SYSTEM_PROPERTIES = "osgi.framework.useSystemProperties"
      PROP_FRAMEWORK = "osgi.framework"
      ECLIPSE_FRAMEWORK_VENDOR = "Eclipse"
      PROP_OSGI_JAVA_PROFILE = "osgi.java.profile"
      PROP_OSGI_JAVA_PROFILE_NAME = "osgi.java.profile.name"
      PROP_OSGI_JAVA_PROFILE_BOOTDELEGATION = "osgi.java.profile.bootdelegation"
      PROP_OSGI_BOOTDELEGATION_IGNORE = "ignore"
      PROP_OSGI_BOOTDELEGATION_OVERRIDE = "override"
      PROP_OSGI_BOOTDELEGATION_NONE = "none"
      PROP_CONTEXT_BOOTDELEGATION = "osgi.context.bootdelegation"
      PROP_COMPATIBILITY_BOOTDELEGATION = "osgi.compatibility.bootdelegation"
      PROP_COMPATIBILITY_ERROR_FAILED_START = "osgi.compatibility.errorOnFailedStart"
      PROP_COMPATIBILITY_START_LAZY = "osgi.compatibility.eagerStart.LazyActivation"
      PROP_OSGI_OS = "osgi.os"
      PROP_OSGI_WS = "osgi.ws"
      PROP_OSGI_ARCH = "osgi.arch"
      PROP_OSGI_NL = "osgi.nl"
      PROP_OSGI_NL_USER = "osgi.nl.user"
      PROP_ROOT_LOCALE = "equinox.root.locale"
      PROP_PARENT_CLASSLOADER = "osgi.parentClassloader"
      PARENT_CLASSLOADER_FWK = "fwk"
      PROP_CONTEXTCLASSLOADER_PARENT = "osgi.contextClassLoaderParent"
      CONTEXTCLASSLOADER_PARENT_APP = "app"
      CONTEXTCLASSLOADER_PARENT_EXT = "ext"
      CONTEXTCLASSLOADER_PARENT_BOOT = "boot"
      CONTEXTCLASSLOADER_PARENT_FWK = "fwk"
      PROP_FRAMEWORK_LIBRARY_EXTENSIONS = "osgi.framework.library.extensions"
      PROP_COPY_NATIVES = "osgi.classloader.copy.natives"
      PROP_DEFINE_PACKAGES = "osgi.classloader.define.packages"
      PROP_BUNDLE_SETTCCL = "eclipse.bundle.setTCCL"
      PROP_EQUINOX_SECURITY = "eclipse.security"
      PROP_FILE_LIMIT = "osgi.bundlefile.limit"
      PROP_CLASS_CERTIFICATE_SUPPORT = "osgi.support.class.certificate"
      PROP_CLASS_LOADER_TYPE = "osgi.classloader.type"
      CLASS_LOADER_TYPE_PARALLEL = "parallel"
      PROP_FORCED_RESTART = "osgi.forcedRestart"
      PROP_IGNORE_USER_CONFIGURATION = "eclipse.ignoreUserConfiguration"
      PROPERTY_STRICT_BUNDLE_ENTRY_PATH = "osgi.strictBundleEntryPath"
      PROP_CHECK_CONFIGURATION = "osgi.checkConfiguration"
      inCheckConfigurationMode = true
      DEFAULT_STATE_SAVE_DELAY_INTERVAL = "30000"
      PROP_STATE_SAVE_DELAY_INTERVAL = "eclipse.stateSaveDelayInterval"
      PROP_MODULE_LOCK_TIMEOUT = "osgi.module.lock.timeout"
      PROP_ALLOW_RESTRICTED_PROVIDES = "osgi.equinox.allow.restricted.provides"
      PROP_LOG_HISTORY_MAX = "equinox.log.history.max"
      PROP_RESOLVER_REVISION_BATCH_SIZE = "equinox.resolver.revision.batch.size"
      populateInitConfig = class java.util.Arrays$ArrayList@3bf1e23b
      NULL_CONFIG = "org.eclipse.equinox.configuration.null.value"
    equinoxLocations = class org.eclipse.osgi.internal.location.EquinoxLocations@1a394656
      READ_ONLY_AREA_SUFFIX = ".readOnly"
      PROP_INSTALL_AREA = "osgi.install.area"
      PROP_CONFIG_AREA = "osgi.configuration.area"
      PROP_CONFIG_AREA_DEFAULT = "osgi.configuration.area.default"
      PROP_SHARED_CONFIG_AREA = "osgi.sharedConfiguration.area"
      PROP_INSTANCE_AREA = "osgi.instance.area"
      PROP_INSTANCE_AREA_DEFAULT = "osgi.instance.area.default"
      PROP_USER_AREA = "osgi.user.area"
      PROP_USER_AREA_DEFAULT = "osgi.user.area.default"
      PROP_USER_HOME = "user.home"
      PROP_USER_DIR = "user.dir"
      PROP_HOME_LOCATION_AREA = "eclipse.home.location"
      PROP_LAUNCHER = "eclipse.launcher"
      ECLIPSE = "eclipse"
      PRODUCT_SITE_MARKER = ".eclipseproduct"
      PRODUCT_SITE_ID = "id"
      PRODUCT_SITE_VERSION = "version"
      CONFIG_DIR = "configuration"
      NONE = "@none"
      NO_DEFAULT = "@noDefault"
      USER_HOME = "@user.home"
      USER_DIR = "@user.dir"
      INSTALL_HASH_PLACEHOLDER = "@install.hash"
      INSTANCE_DATA_AREA_PREFIX = ".metadata/.plugins/"
      equinoxConfig = class org.eclipse.osgi.internal.framework.EquinoxConfiguration@2c68378
      installLocation = class org.eclipse.osgi.internal.location.BasicLocation@64202d3b
      configurationLocation = class org.eclipse.osgi.internal.location.BasicLocation@752d0551
      userLocation = class org.eclipse.osgi.internal.location.BasicLocation@4930f7bc
      instanceLocation = class org.eclipse.osgi.internal.location.BasicLocation@1f68407a
      eclipseHomeLocation = class org.eclipse.osgi.internal.location.BasicLocation@7ac4ef59
    logServices = class org.eclipse.osgi.internal.log.EquinoxLogServices@1770f666
      EQUINOX_LOGGER_NAME = "org.eclipse.equinox.logger"
      PERF_LOGGER_NAME = "org.eclipse.performance.logger"
      PROP_LOG_ENABLED = "eclipse.log.enabled"
      LOG_EXT = ".log"
      logServiceManager = class org.eclipse.osgi.internal.log.LogServiceManager@4319ad36
      eclipseLogFactory = class org.eclipse.osgi.internal.log.EquinoxLogFactory@1b894e3f
      logWriter = class org.eclipse.osgi.internal.log.EquinoxLogWriter@5fd9958c
      perfWriter = class org.eclipse.osgi.internal.log.EquinoxLogWriter@73183801
      rootFrameworkLog = class org.eclipse.osgi.internal.log.EquinoxLogFactory$1@7de65b49
      frameworkLogReg = class org.eclipse.osgi.internal.serviceregistry.ServiceRegistrationImpl@2ccf0a7c
      perfLogReg = class org.eclipse.osgi.internal.serviceregistry.ServiceRegistrationImpl@3fa98f9c
    storage = class org.eclipse.osgi.storage.Storage@58692ce5
      VERSION = 3
      BUNDLE_DATA_DIR = "data"
      BUNDLE_FILE_NAME = "bundleFile"
      FRAMEWORK_INFO = "framework.info"
      ECLIPSE_SYSTEMBUNDLE = "Eclipse-SystemBundle"
      DELETE_FLAG = ".delete"
      LIB_TEMP = "libtemp"
      J2SE = "J2SE"
      JAVASE = "JavaSE"
      PROFILE_EXT = ".profile"
      NUL = " "
      secureAction = class org.eclipse.osgi.framework.util.SecureAction@127d64ff
      equinoxContainer = class org.eclipse.osgi.internal.framework.EquinoxContainer@3ec02163
      installPath = "/home/eyal/Programs/wlp/lib/"
      osgiLocation = class org.eclipse.osgi.internal.location.BasicLocation@4e5e6774
      childRoot = class java.io.File@74ab77ab
      parentRoot = null
      permissionData = class org.eclipse.osgi.storage.PermissionData@534412c5
      securityAdmin = class org.eclipse.osgi.internal.permadmin.SecurityAdmin@2ae7dece
      adaptor = class org.eclipse.osgi.internal.framework.EquinoxContainerAdaptor@17bf6921
      moduleDatabase = class org.eclipse.osgi.container.ModuleDatabase@38064252
      moduleContainer = class org.eclipse.osgi.container.ModuleContainer@5d534f5d
      saveMonitor = class java.lang.Object@4ba7adad
      lastSavedTimestamp = 1449574881443
      idLocks = class org.eclipse.osgi.internal.container.LockSet@5f221bb9
      mruList = class org.eclipse.osgi.storage.bundlefile.MRUBundleFileList@33b8971d
      extensionInstaller = class org.eclipse.osgi.storage.FrameworkExtensionInstaller@39a647ea
      cachedHeaderKeys = class java.util.Arrays$ArrayList@4f1a5fb6
      allowRestrictedProvides = true
    packageAdmin = class org.eclipse.osgi.internal.framework.legacy.PackageAdminImpl@6e02a9d3
      container = class org.eclipse.osgi.container.ModuleContainer@5d534f5d
    startLevel = class org.eclipse.osgi.internal.framework.legacy.StartLevelImpl@3e5959b3
      container = class org.eclipse.osgi.container.ModuleContainer@5d534f5d
    bootDelegation = class java.util.HashSet@2e8a5bd8
      serialVersionUID = -5024744406713321676
      map = class java.util.HashMap@607c8090
      PRESENT = class java.lang.Object@2263e762
      MAX_ARRAY_SIZE = 2147483639
    bootDelegationStems = class java.lang.String[11]
      bootDelegationStems[0] = "sun."
      bootDelegationStems[1] = "com.sun."
      bootDelegationStems[2] = "com.ibm.ws.boot.delegated."
      bootDelegationStems[3] = "org.apache.xml."
      bootDelegationStems[4] = "org.apache.xerces."
      bootDelegationStems[5] = "com.ibm.xylem."
      bootDelegationStems[6] = "com.ibm.xml."
      bootDelegationStems[7] = "com.ibm.xtq."
      bootDelegationStems[8] = "com.ibm.net.ssl."
      bootDelegationStems[9] = "com.ibm.crypto."
      bootDelegationStems[10] = "com.ibm.security."
    bootDelegateAll = false
    monitor = class java.lang.Object@44223ee8
    eventManager = class org.eclipse.osgi.framework.eventmgr.EventManager@3042731e
      DEBUG = false
      thread = class org.eclipse.osgi.framework.eventmgr.EventManager$EventThread@42305eba
      closed = false
      threadName = "Framework Event Dispatcher: Equinox Container: f0a9707a-599e-0015-1309-96dfab182a61"
      threadGroup = null
    eventPublisher = class org.eclipse.osgi.internal.framework.EquinoxEventPublisher@4c6aba55
      eventHookName = "org.osgi.framework.hooks.bundle.EventHook"
      collisionHookName = "org.osgi.framework.hooks.bundle.CollisionHook"
      BUNDLEEVENT = 1
      BUNDLEEVENTSYNC = 2
      FRAMEWORKEVENT = 4
      container = class org.eclipse.osgi.internal.framework.EquinoxContainer@3ec02163
      allBundleListeners = class java.util.HashMap@242800e6
      allSyncBundleListeners = class java.util.HashMap@21cd2017
      allFrameworkListeners = class java.util.HashMap@1599ee2f
    serviceRegistry = class org.eclipse.osgi.internal.serviceregistry.ServiceRegistry@527029ad
      SERVICEEVENT = 3
      findHookName = "org.osgi.framework.hooks.service.FindHook"
      eventHookName = "org.osgi.framework.hooks.service.EventHook"
      eventListenerHookName = "org.osgi.framework.hooks.service.EventListenerHook"
      listenerHookName = "org.osgi.framework.hooks.service.ListenerHook"
      publishedServicesByClass = class java.util.HashMap@1750de3f
      allPublishedServices = class java.util.ArrayList@307f8404
      publishedServicesByContext = class java.util.HashMap@14930313
      serviceid = 477
      serviceEventListeners = class java.util.HashMap@58eff19
      initialCapacity = 50
      initialSubCapacity = 10
      container = class org.eclipse.osgi.internal.framework.EquinoxContainer@3ec02163
      systemBundleContext = class org.eclipse.osgi.internal.framework.BundleContextImpl@4310d43
      debug = class org.eclipse.osgi.internal.debug.Debug@698b17bf
      $assertionsDisabled = true
    contextFinder = class org.eclipse.osgi.internal.framework.ContextFinder@2793a587
      cycleDetector = class java.lang.ThreadLocal@3900e6c5
      finderClassLoader = class com.ibm.ws.kernel.internal.classloader.BootstrapChildFirstJarClassloader@1b2c6ec2
      contextFinder = class org.eclipse.osgi.internal.framework.ContextFinder$Finder@3e6c81a5
      THIS = class java.lang.Class@209da20d
      parentContextClassLoader = class sun.misc.Launcher$AppClassLoader@14dad5dc
      parent = class sun.misc.Launcher$AppClassLoader@14dad5dc
      parallelLockMap = null
      package2certs = class java.util.Hashtable@11e51690
      nocerts = class java.security.cert.Certificate[0]
      classes = class java.util.Vector@15996c3c
      defaultDomain = class java.security.ProtectionDomain@2b119684
      domains = class java.util.HashSet@712a4bea
      packages = class java.util.HashMap@484292c9
      scl = class sun.misc.Launcher$AppClassLoader@14dad5dc
      sclSet = true
      loadedLibraryNames = class java.util.Vector@5428923b
      systemNativeLibraries = class java.util.Vector@28c56eeb
      nativeLibraries = class java.util.Vector@1664ff71
      nativeLibraryContext = class java.util.Stack@2f91814c
      usr_paths = class java.lang.String[5]
      sys_paths = class java.lang.String[1]
      assertionLock = class org.eclipse.osgi.internal.framework.ContextFinder@2793a587
      defaultAssertionStatus = false
      packageAssertionStatus = null
      classAssertionStatus = null
    signedContentFactory = class org.osgi.util.tracker.ServiceTracker@59cd1524
      DEBUG = false
      context = class org.eclipse.osgi.internal.framework.BundleContextImpl@4310d43
      filter = class org.eclipse.osgi.internal.framework.FilterImpl@16f8206a
      customizer = class org.osgi.util.tracker.ServiceTracker@59cd1524
      listenerFilter = "(objectClass=org.eclipse.osgi.signedcontent.SignedContentFactory)"
      trackClass = "org.eclipse.osgi.signedcontent.SignedContentFactory"
      trackReference = null
      tracked = class org.osgi.util.tracker.ServiceTracker$Tracked@655e9846
      cachedReference = null
      cachedService = null
    executor = class java.util.concurrent.ScheduledThreadPoolExecutor@ccdb58b
      continueExistingPeriodicTasksAfterShutdown = false
      executeExistingDelayedTasksAfterShutdown = true
      removeOnCancel = false
      sequencer = class java.util.concurrent.atomic.AtomicLong@58225edf
      ctl = class java.util.concurrent.atomic.AtomicInteger@45e1b190
      COUNT_BITS = 29
      CAPACITY = 536870911
      RUNNING = -536870912
      SHUTDOWN = 0
      STOP = 536870912
      TIDYING = 1073741824
      TERMINATED = 1610612736
      workQueue = class java.util.concurrent.ScheduledThreadPoolExecutor$DelayedWorkQueue@2fbd9bb9
      mainLock = class java.util.concurrent.locks.ReentrantLock@6c16379e
      workers = class java.util.HashSet@26885865
      termination = class java.util.concurrent.locks.AbstractQueuedSynchronizer$ConditionObject@6e2d1015
      largestPoolSize = 1
      completedTaskCount = 0
      threadFactory = class org.eclipse.osgi.internal.framework.EquinoxContainer@3ec02163
      handler = class java.util.concurrent.ThreadPoolExecutor$AbortPolicy@2d8e2e3a
      keepAliveTime = 0
      allowCoreThreadTimeOut = false
      corePoolSize = 1
      maximumPoolSize = 2147483647
      defaultHandler = class java.util.concurrent.ThreadPoolExecutor$AbortPolicy@2d8e2e3a
      shutdownPerm = class java.lang.RuntimePermission@707956d2
      ONLY_ONE = true
      $assertionsDisabled = true
    storageSaver = class org.eclipse.osgi.internal.framework.StorageSaver@2f34fd8f
      container = class org.eclipse.osgi.internal.framework.EquinoxContainer@3ec02163
      delay = 30000
      future = class java.util.concurrent.ScheduledThreadPoolExecutor$ScheduledFutureTask@3d549ad9
      hook = class java.lang.Thread@342c38f8
      task = class org.eclipse.osgi.internal.framework.StorageSaver$StorageSaverTask@7b6bf06a
  module = class org.eclipse.osgi.internal.framework.EquinoxBundle$EquinoxModule@54aa8a1b
    this$0 = class org.eclipse.osgi.internal.framework.EquinoxBundle@59151335
    ACTIVE_SET = class java.util.RegularEnumSet@76be35fd
      serialVersionUID = 3411599620347842686
      elements = 60
      elementType = class java.lang.Class@b065c63
      universe = class org.eclipse.osgi.container.Module$State[7]
      ZERO_LENGTH_ENUM_ARRAY = class java.lang.Enum[0]
      MAX_ARRAY_SIZE = 2147483639
    RESOLVED_SET = class java.util.RegularEnumSet@3963c761
      serialVersionUID = 3411599620347842686
      elements = 62
      elementType = class java.lang.Class@b065c63
      universe = class org.eclipse.osgi.container.Module$State[7]
      ZERO_LENGTH_ENUM_ARRAY = class java.lang.Enum[0]
      MAX_ARRAY_SIZE = 2147483639
    id = 135
    location = "feature@reference:file:/home/eyal/Programs/wlp/lib/com.ibm.ws.jpa.container_1.0.10.jar"
    revisions = class org.eclipse.osgi.container.ModuleRevisions@2326bfa5
      monitor = class java.lang.Object@54c932f1
      module = class org.eclipse.osgi.internal.framework.EquinoxBundle$EquinoxModule@54aa8a1b
      container = class org.eclipse.osgi.container.ModuleContainer@5d534f5d
      revisions = class java.util.ArrayList@5ad60c11
      uninstalled = false
      uninstalledCurrent = null
    stateChangeLock = class org.eclipse.osgi.internal.container.EquinoxReentrantLock@72bdedcf
      serialVersionUID = 1
      serialVersionUID = 7373984872572414699
      sync = class java.util.concurrent.locks.ReentrantLock$NonfairSync@291dfc8d
    stateTransitionEvents = class java.util.RegularEnumSet@75ab3fb8
      serialVersionUID = 3411599620347842686
      elements = 0
      elementType = class java.lang.Class@59f99ea
      universe = class org.eclipse.osgi.container.ModuleContainerAdaptor$ModuleEvent[10]
      ZERO_LENGTH_ENUM_ARRAY = class java.lang.Enum[0]
      MAX_ARRAY_SIZE = 2147483639
    settings = class java.util.RegularEnumSet@52d4b6a3
      serialVersionUID = 3411599620347842686
      elements = 3
      elementType = class java.lang.Class@27efef64
      universe = class org.eclipse.osgi.container.Module$Settings[2]
      ZERO_LENGTH_ENUM_ARRAY = class java.lang.Enum[0]
      MAX_ARRAY_SIZE = 2147483639
    inStartResolve = class org.eclipse.osgi.container.Module$1@4499e0cb
      this$0 = class org.eclipse.osgi.internal.framework.EquinoxBundle$EquinoxModule@54aa8a1b
      threadLocalHashCode = -1387842591
      nextHashCode = class java.util.concurrent.atomic.AtomicInteger@25774a40
      HASH_INCREMENT = 1640531527
    state = class org.eclipse.osgi.container.Module$State@5957ae02
      INSTALLED = class org.eclipse.osgi.container.Module$State@31e6ee8f
      RESOLVED = class org.eclipse.osgi.container.Module$State@12308642
      LAZY_STARTING = class org.eclipse.osgi.container.Module$State@4e389a17
      STARTING = class org.eclipse.osgi.container.Module$State@7f967bd6
      ACTIVE = class org.eclipse.osgi.container.Module$State@5957ae02
      STOPPING = class org.eclipse.osgi.container.Module$State@7902703d
      UNINSTALLED = class org.eclipse.osgi.container.Module$State@6f16ebc9
      ENUM$VALUES = class org.eclipse.osgi.container.Module$State[7]
      name = "ACTIVE"
      ordinal = 4
    startlevel = 12
    lastModified = 1449574882300
    VALID_RESOLVED_TRANSITION = class java.util.RegularEnumSet@75ad0c6f
      serialVersionUID = 3411599620347842686
      elements = 8
      elementType = class java.lang.Class@59f99ea
      universe = class org.eclipse.osgi.container.ModuleContainerAdaptor$ModuleEvent[10]
      ZERO_LENGTH_ENUM_ARRAY = class java.lang.Enum[0]
      MAX_ARRAY_SIZE = 2147483639
    VALID_STOPPED_TRANSITION = class java.util.RegularEnumSet@2bbddd7
      serialVersionUID = 3411599620347842686
      elements = 896
      elementType = class java.lang.Class@59f99ea
      universe = class org.eclipse.osgi.container.ModuleContainerAdaptor$ModuleEvent[10]
      ZERO_LENGTH_ENUM_ARRAY = class java.lang.Enum[0]
      MAX_ARRAY_SIZE = 2147483639
    $SWITCH_TABLE$org$eclipse$osgi$container$ModuleContainerAdaptor$ModuleEvent = {1,2,3,4,5,6,7,8,9,10} /* array length = 10*/
  monitor = class java.lang.Object@262ed1a0
  context = class org.eclipse.osgi.internal.framework.BundleContextImpl@556d0d4d
    findHookName = "org.osgi.framework.hooks.bundle.FindHook"
    valid = true
    bundle = class org.eclipse.osgi.internal.framework.EquinoxBundle@59151335
    container = class org.eclipse.osgi.internal.framework.EquinoxContainer@3ec02163
    debug = class org.eclipse.osgi.internal.debug.Debug@698b17bf
      ECLIPSE_OSGI = "org.eclipse.osgi"
      OPTION_DEBUG_GENERAL = "org.eclipse.osgi/debug"
      OPTION_DEBUG_BUNDLE_TIME = "org.eclipse.osgi/debug/bundleTime"
      OPTION_DEBUG_LOADER = "org.eclipse.osgi/debug/loader"
      OPTION_DEBUG_EVENTS = "org.eclipse.osgi/debug/events"
      OPTION_DEBUG_SERVICES = "org.eclipse.osgi/debug/services"
      OPTION_DEBUG_HOOKS = "org.eclipse.osgi/debug/hooks"
      OPTION_DEBUG_MANIFEST = "org.eclipse.osgi/debug/manifest"
      OPTION_DEBUG_FILTER = "org.eclipse.osgi/debug/filter"
      OPTION_DEBUG_SECURITY = "org.eclipse.osgi/debug/security"
      OPTION_DEBUG_STARTLEVEL = "org.eclipse.osgi/debug/startlevel"
      OPTION_DEBUG_PACKAGEADMIN = "org.eclipse.osgi/debug/packageadmin"
      OPTION_DEBUG_PACKAGEADMIN_TIMING = "org.eclipse.osgi/debug/packageadmin/timing"
      OPTION_MONITOR_ACTIVATION = "org.eclipse.osgi/monitor/activation"
      OPTION_MONITOR_LAZY = "org.eclipse.osgi/monitor/lazy"
      OPTION_DEBUG_MESSAGE_BUNDLES = "org.eclipse.osgi/debug/messageBundles"
      OPTION_DEBUG_LOCATION = "org.eclipse.osgi/debug/location"
      OPTION_CACHED_MANIFEST = "org.eclipse.osgi/debug/cachedmanifest"
      DEBUG_GENERAL = false
      DEBUG_BUNDLE_TIME = false
      DEBUG_LOADER = false
      DEBUG_EVENTS = false
      DEBUG_SERVICES = false
      DEBUG_HOOKS = false
      DEBUG_MANIFEST = false
      DEBUG_FILTER = false
      DEBUG_SECURITY = false
      DEBUG_STARTLEVEL = false
      DEBUG_PACKAGEADMIN = false
      DEBUG_PACKAGEADMIN_TIMING = false
      DEBUG_MESSAGE_BUNDLES = false
      MONITOR_ACTIVATION = false
      DEBUG_LOCATION = false
      DEBUG_CACHED_MANIFEST = false
      out = class com.ibm.ws.logging.internal.impl.BaseTraceService$TeePrintStream@17896b60
    servicesInUse = class java.util.HashMap@41324e34
      serialVersionUID = 362498820763181265
      DEFAULT_INITIAL_CAPACITY = 16
      MAXIMUM_CAPACITY = 1073741824
      DEFAULT_LOAD_FACTOR = 0.75
      TREEIFY_THRESHOLD = 8
      UNTREEIFY_THRESHOLD = 6
      MIN_TREEIFY_CAPACITY = 64
      table = class java.util.HashMap$Node[16]
      entrySet = null
      size = 7
      modCount = 29
      threshold = 12
      loadFactor = 0.75
      keySet = null
      values = null
    activator = null
    contextLock = class java.lang.Object@75a756b5
  signerInfos = null
  $SWITCH_TABLE$org$eclipse$osgi$container$Module$State = {1,2,3,4,5,6,7} /* array length = 7*/

Dump of objectArray[1]
Object type = org.eclipse.osgi.internal.serviceregistry.ServiceRegistrationImpl
  registry = class org.eclipse.osgi.internal.serviceregistry.ServiceRegistry@527029ad
    SERVICEEVENT = 3
    findHookName = "org.osgi.framework.hooks.service.FindHook"
    eventHookName = "org.osgi.framework.hooks.service.EventHook"
    eventListenerHookName = "org.osgi.framework.hooks.service.EventListenerHook"
    listenerHookName = "org.osgi.framework.hooks.service.ListenerHook"
    publishedServicesByClass = class java.util.HashMap@1750de3f
      serialVersionUID = 362498820763181265
      DEFAULT_INITIAL_CAPACITY = 16
      MAXIMUM_CAPACITY = 1073741824
      DEFAULT_LOAD_FACTOR = 0.75
      TREEIFY_THRESHOLD = 8
      UNTREEIFY_THRESHOLD = 6
      MIN_TREEIFY_CAPACITY = 64
      table = class java.util.HashMap$Node[512]
      entrySet = null
      size = 311
      modCount = 311
      threshold = 384
      loadFactor = 0.75
      keySet = null
      values = null
    allPublishedServices = class java.util.ArrayList@307f8404
      serialVersionUID = 8683452581122892189
      DEFAULT_CAPACITY = 10
      EMPTY_ELEMENTDATA = class java.lang.Object[0]
      DEFAULTCAPACITY_EMPTY_ELEMENTDATA = class java.lang.Object[0]
      elementData = class java.lang.Object[567]
      size = 461
      MAX_ARRAY_SIZE = 2147483639
      modCount = 647
      MAX_ARRAY_SIZE = 2147483639
    publishedServicesByContext = class java.util.HashMap@14930313
      serialVersionUID = 362498820763181265
      DEFAULT_INITIAL_CAPACITY = 16
      MAXIMUM_CAPACITY = 1073741824
      DEFAULT_LOAD_FACTOR = 0.75
      TREEIFY_THRESHOLD = 8
      UNTREEIFY_THRESHOLD = 6
      MIN_TREEIFY_CAPACITY = 64
      table = class java.util.HashMap$Node[256]
      entrySet = null
      size = 109
      modCount = 109
      threshold = 192
      loadFactor = 0.75
      keySet = null
      values = null
    serviceid = 477
    serviceEventListeners = class java.util.HashMap@58eff19
      serialVersionUID = 362498820763181265
      DEFAULT_INITIAL_CAPACITY = 16
      MAXIMUM_CAPACITY = 1073741824
      DEFAULT_LOAD_FACTOR = 0.75
      TREEIFY_THRESHOLD = 8
      UNTREEIFY_THRESHOLD = 6
      MIN_TREEIFY_CAPACITY = 64
      table = class java.util.HashMap$Node[256]
      entrySet = class java.util.HashMap$EntrySet@64cc030c
      size = 112
      modCount = 112
      threshold = 192
      loadFactor = 0.75
      keySet = null
      values = null
    initialCapacity = 50
    initialSubCapacity = 10
    container = class org.eclipse.osgi.internal.framework.EquinoxContainer@3ec02163
    systemBundleContext = class org.eclipse.osgi.internal.framework.BundleContextImpl@4310d43
      findHookName = "org.osgi.framework.hooks.bundle.FindHook"
      valid = true
      bundle = class org.eclipse.osgi.internal.framework.EquinoxBundle$SystemBundle@4223aebf
      container = class org.eclipse.osgi.internal.framework.EquinoxContainer@3ec02163
      debug = class org.eclipse.osgi.internal.debug.Debug@698b17bf
      servicesInUse = class java.util.HashMap@5500c11b
      activator = class org.eclipse.osgi.internal.framework.SystemBundleActivator@607788d7
      contextLock = class java.lang.Object@134d39ab
    debug = class org.eclipse.osgi.internal.debug.Debug@698b17bf
    $assertionsDisabled = true
  context = class org.eclipse.osgi.internal.framework.BundleContextImpl@61329b8
    findHookName = "org.osgi.framework.hooks.bundle.FindHook"
    valid = true
    bundle = class org.eclipse.osgi.internal.framework.EquinoxBundle@f25e4f2
    container = class org.eclipse.osgi.internal.framework.EquinoxContainer@3ec02163
    debug = class org.eclipse.osgi.internal.debug.Debug@698b17bf
      ECLIPSE_OSGI = "org.eclipse.osgi"
      OPTION_DEBUG_GENERAL = "org.eclipse.osgi/debug"
      OPTION_DEBUG_BUNDLE_TIME = "org.eclipse.osgi/debug/bundleTime"
      OPTION_DEBUG_LOADER = "org.eclipse.osgi/debug/loader"
      OPTION_DEBUG_EVENTS = "org.eclipse.osgi/debug/events"
      OPTION_DEBUG_SERVICES = "org.eclipse.osgi/debug/services"
      OPTION_DEBUG_HOOKS = "org.eclipse.osgi/debug/hooks"
      OPTION_DEBUG_MANIFEST = "org.eclipse.osgi/debug/manifest"
      OPTION_DEBUG_FILTER = "org.eclipse.osgi/debug/filter"
      OPTION_DEBUG_SECURITY = "org.eclipse.osgi/debug/security"
      OPTION_DEBUG_STARTLEVEL = "org.eclipse.osgi/debug/startlevel"
      OPTION_DEBUG_PACKAGEADMIN = "org.eclipse.osgi/debug/packageadmin"
      OPTION_DEBUG_PACKAGEADMIN_TIMING = "org.eclipse.osgi/debug/packageadmin/timing"
      OPTION_MONITOR_ACTIVATION = "org.eclipse.osgi/monitor/activation"
      OPTION_MONITOR_LAZY = "org.eclipse.osgi/monitor/lazy"
      OPTION_DEBUG_MESSAGE_BUNDLES = "org.eclipse.osgi/debug/messageBundles"
      OPTION_DEBUG_LOCATION = "org.eclipse.osgi/debug/location"
      OPTION_CACHED_MANIFEST = "org.eclipse.osgi/debug/cachedmanifest"
      DEBUG_GENERAL = false
      DEBUG_BUNDLE_TIME = false
      DEBUG_LOADER = false
      DEBUG_EVENTS = false
      DEBUG_SERVICES = false
      DEBUG_HOOKS = false
      DEBUG_MANIFEST = false
      DEBUG_FILTER = false
      DEBUG_SECURITY = false
      DEBUG_STARTLEVEL = false
      DEBUG_PACKAGEADMIN = false
      DEBUG_PACKAGEADMIN_TIMING = false
      DEBUG_MESSAGE_BUNDLES = false
      MONITOR_ACTIVATION = false
      DEBUG_LOCATION = false
      DEBUG_CACHED_MANIFEST = false
      out = class com.ibm.ws.logging.internal.impl.BaseTraceService$TeePrintStream@17896b60
    servicesInUse = class java.util.HashMap@301eaf88
      serialVersionUID = 362498820763181265
      DEFAULT_INITIAL_CAPACITY = 16
      MAXIMUM_CAPACITY = 1073741824
      DEFAULT_LOAD_FACTOR = 0.75
      TREEIFY_THRESHOLD = 8
      UNTREEIFY_THRESHOLD = 6
      MIN_TREEIFY_CAPACITY = 64
      table = class java.util.HashMap$Node[16]
      entrySet = null
      size = 6
      modCount = 16
      threshold = 12
      loadFactor = 0.75
      keySet = null
      values = null
    activator = null
    contextLock = class java.lang.Object@30751244
  bundle = class org.eclipse.osgi.internal.framework.EquinoxBundle@f25e4f2
    equinoxContainer = class org.eclipse.osgi.internal.framework.EquinoxContainer@3ec02163
      NAME = "org.eclipse.osgi"
      CONFIG_FILE = "config.ini"
      secureAction = class org.eclipse.osgi.framework.util.SecureAction@476106f3
      equinoxConfig = class org.eclipse.osgi.internal.framework.EquinoxConfiguration@2c68378
      equinoxLocations = class org.eclipse.osgi.internal.location.EquinoxLocations@1a394656
      logServices = class org.eclipse.osgi.internal.log.EquinoxLogServices@1770f666
      storage = class org.eclipse.osgi.storage.Storage@58692ce5
      packageAdmin = class org.eclipse.osgi.internal.framework.legacy.PackageAdminImpl@6e02a9d3
      startLevel = class org.eclipse.osgi.internal.framework.legacy.StartLevelImpl@3e5959b3
      bootDelegation = class java.util.HashSet@2e8a5bd8
      bootDelegationStems = class java.lang.String[11]
      bootDelegateAll = false
      monitor = class java.lang.Object@44223ee8
      eventManager = class org.eclipse.osgi.framework.eventmgr.EventManager@3042731e
      eventPublisher = class org.eclipse.osgi.internal.framework.EquinoxEventPublisher@4c6aba55
      serviceRegistry = class org.eclipse.osgi.internal.serviceregistry.ServiceRegistry@527029ad
      contextFinder = class org.eclipse.osgi.internal.framework.ContextFinder@2793a587
      signedContentFactory = class org.osgi.util.tracker.ServiceTracker@59cd1524
      executor = class java.util.concurrent.ScheduledThreadPoolExecutor@ccdb58b
      storageSaver = class org.eclipse.osgi.internal.framework.StorageSaver@2f34fd8f
    module = class org.eclipse.osgi.internal.framework.EquinoxBundle$EquinoxModule@3878f917
      this$0 = class org.eclipse.osgi.internal.framework.EquinoxBundle@f25e4f2
      ACTIVE_SET = class java.util.RegularEnumSet@76be35fd
      RESOLVED_SET = class java.util.RegularEnumSet@3963c761
      id = 131
      location = "feature@reference:file:/home/eyal/Programs/wlp/lib/com.ibm.ws.jdbc_1.0.10.jar"
      revisions = class org.eclipse.osgi.container.ModuleRevisions@3a42eaee
      stateChangeLock = class org.eclipse.osgi.internal.container.EquinoxReentrantLock@6ff9bdcd
      stateTransitionEvents = class java.util.RegularEnumSet@71d9fff2
      settings = class java.util.RegularEnumSet@5692efaf
      inStartResolve = class org.eclipse.osgi.container.Module$1@7baa7a09
      state = class org.eclipse.osgi.container.Module$State@5957ae02
      startlevel = 12
      lastModified = 1449574882288
      VALID_RESOLVED_TRANSITION = class java.util.RegularEnumSet@75ad0c6f
      VALID_STOPPED_TRANSITION = class java.util.RegularEnumSet@2bbddd7
      $SWITCH_TABLE$org$eclipse$osgi$container$ModuleContainerAdaptor$ModuleEvent = {1,2,3,4,5,6,7,8,9,10} /* array length = 10*/
    monitor = class java.lang.Object@414cc891
    context = class org.eclipse.osgi.internal.framework.BundleContextImpl@61329b8
    signerInfos = null
    $SWITCH_TABLE$org$eclipse$osgi$container$Module$State = {1,2,3,4,5,6,7} /* array length = 7*/
  clazzes = class java.lang.String[1]
    clazzes[0] = "javax.sql.DataSource"
  service = class com.ibm.ws.resource.internal.ResourceFactoryTrackerData$1@21b307a
    val$ref = class org.eclipse.osgi.internal.serviceregistry.ServiceReferenceImpl@1f3cbb7e
      registration = class org.eclipse.osgi.internal.serviceregistry.ServiceRegistrationImpl@3b83f0b4
    this$0 = class com.ibm.ws.resource.internal.ResourceFactoryTrackerData@4b8ef967
      JNDI_SERVICENAME = "osgi.jndi.service.name"
      context = class org.eclipse.osgi.internal.framework.BundleContextImpl@61329b8
      registration = class org.eclipse.osgi.internal.serviceregistry.ServiceRegistrationImpl@5dd27f36
      interfaces = class java.lang.String[1]
      serialVersionUID = 3255566074950677883
      $$$tc$$$ = class com.ibm.websphere.ras.TraceComponent@78f65bb7
    serialVersionUID = -5395261454852493419
    $$$tc$$$ = class com.ibm.websphere.ras.TraceComponent@1733a584
      strings[0] = "TraceComponent[com.ibm.ws.resource.internal.ResourceFactoryTrackerData$1,class com.ibm.ws.resource.internal.ResourceFactoryTrackerData$1,[resource],com.ibm.ws.resource.internal.resources.Runtime,null]"
  reference = class org.eclipse.osgi.internal.serviceregistry.ServiceReferenceImpl@1f9a7a66
    registration = class org.eclipse.osgi.internal.serviceregistry.ServiceRegistrationImpl@5dd27f36
  contextsUsing = class java.util.ArrayList@63e83f72
    serialVersionUID = 8683452581122892189
    DEFAULT_CAPACITY = 10
    EMPTY_ELEMENTDATA = class java.lang.Object[0]
    DEFAULTCAPACITY_EMPTY_ELEMENTDATA = class java.lang.Object[0]
    elementData = class java.lang.Object[10]
      elementData[0] = class org.eclipse.osgi.internal.framework.BundleContextImpl@556d0d4d
      elementData[1] = null
      elementData[2] = null
      elementData[3] = null
      elementData[4] = null
      elementData[5] = null
      elementData[6] = null
      elementData[7] = null
      elementData[8] = null
      elementData[9] = null
    size = 1
    MAX_ARRAY_SIZE = 2147483639
    modCount = 1
    MAX_ARRAY_SIZE = 2147483639
  properties = class org.eclipse.osgi.internal.serviceregistry.ServiceProperties@8d424e4
    readOnly = true
    headers = class java.lang.Object[35]
      headers[0] = "objectClass"
      headers[1] = "config.id"
      headers[2] = "service.pid"
      headers[3] = "component.id"
      headers[4] = "propertiesRef.0.serverName"
      headers[5] = "connectionManager.target"
      headers[6] = "connectionSharing"
      headers[7] = "statementCacheSize"
      headers[8] = "component.name"
      headers[9] = "jdbcDriverRef"
      headers[10] = "config.displayId"
      headers[11] = "propertiesRef.0.databaseName"
      headers[12] = "containerAuthData.target"
      headers[13] = "syncQueryTimeoutWithTransactionTimeout"
      headers[14] = "beginTranForResultSetScrollingAPIs"
      headers[15] = "com.ibm.wsspi.resource.ResourceFactory"
      headers[16] = "service.scope"
      headers[17] = "recoveryAuthData.target"
      headers[18] = "service.bundleid"
      headers[19] = "beginTranForVendorAPIs"
      headers[20] = "propertiesRef.0.portNumber"
      headers[21] = "config.overrides"
      headers[22] = "service.ranking"
      headers[23] = "service.id"
      headers[24] = "transactional"
      headers[25] = "osgi.jndi.service.name"
      headers[26] = "service.factoryPid"
      headers[27] = "resultSetUnusableWhenNoMoreResults"
      headers[28] = "jndiName.unique"
      headers[29] = "driver.target"
      headers[30] = "config.source"
      headers[31] = "propertiesRef.0.config.referenceType"
      headers[32] = "id"
      headers[33] = null
      headers[34] = null
    values = class java.lang.Object[35]
      values[0] = class java.lang.String[1]
      values[1] = "com.ibm.ws.jdbc.dataSource[jdbc/postgresql-cloud]"
      values[2] = "com.ibm.ws.jdbc.dataSource_56"
      values[3] = 298
      values[4] = "aws-us-east-1-portal.5.dblayer.com"
      values[5] = "(service.pid=${connectionManagerRef})"
      values[6] = "MatchOriginalRequest"
      values[7] = 10
      values[8] = "com.ibm.ws.jdbc.dataSource"
      values[9] = class java.lang.String[1]
      values[10] = "dataSource[jdbc/postgresql-cloud]"
      values[11] = "offla01"
      values[12] = "(service.pid=${containerAuthDataRef})"
      values[13] = false
      values[14] = true
      values[15] = "true"
      values[16] = "bundle"
      values[17] = "(service.pid=${recoveryAuthDataRef})"
      values[18] = 131
      values[19] = true
      values[20] = 10929
      values[21] = "true"
      values[22] = 0
      values[23] = 381
      values[24] = true
      values[25] = "jdbc/postgresql-cloud"
      values[26] = "com.ibm.ws.jdbc.dataSource"
      values[27] = false
      values[28] = "jdbc/postgresql-cloud"
      values[29] = "(service.pid=com.ibm.ws.jdbc.jdbcDriver_58)"
      values[30] = "file"
      values[31] = "com.ibm.ws.jdbc.dataSource.properties"
      values[32] = "jdbc/postgresql-cloud"
      values[33] = null
      values[34] = null
    size = 33
  serviceid = 381
  serviceranking = 0
  registrationLock = class java.lang.Object@131b0efe
  state = 0
  REGISTERED = 0
  UNREGISTERING = 1
  UNREGISTERED = 2
  $assertionsDisabled = true

