------Start of DE processing------ = [12/9/15 11:44:50:741 IST]
Exception = java.sql.SQLNonTransientException
Source = com.ibm.ws.jdbc.DataSourceService
probeid = 587
Stack Dump = java.sql.SQLNonTransientException: DSRA4000E: A valid JDBC driver implementation class was not found for the jdbcDriver dataSource[jdbc/postgresql-cloud]/jdbcDriver[default-0] using the library postgresql-library. []
	at com.ibm.ws.jdbc.internal.JDBCDriverService.classNotFound(JDBCDriverService.java:196)
	at com.ibm.ws.jdbc.internal.JDBCDriverService.create(JDBCDriverService.java:292)
	at com.ibm.ws.jdbc.internal.JDBCDriverService.createAnyDataSource(JDBCDriverService.java:346)
	at com.ibm.ws.jdbc.DataSourceService.init(DataSourceService.java:452)
	at com.ibm.ws.jca.cm.AbstractConnectionFactoryService.createResource(AbstractConnectionFactoryService.java:136)
	at com.ibm.ws.resource.internal.ResourceFactoryTrackerData$1.getService(ResourceFactoryTrackerData.java:108)
	at org.eclipse.osgi.internal.serviceregistry.ServiceFactoryUse$1.run(ServiceFactoryUse.java:212)
	at java.security.AccessController.doPrivileged(Native Method)
	at org.eclipse.osgi.internal.serviceregistry.ServiceFactoryUse.factoryGetService(ServiceFactoryUse.java:210)
	at org.eclipse.osgi.internal.serviceregistry.ServiceFactoryUse.getService(ServiceFactoryUse.java:111)
	at org.eclipse.osgi.internal.serviceregistry.ServiceConsumer$2.getService(ServiceConsumer.java:45)
	at org.eclipse.osgi.internal.serviceregistry.ServiceRegistrationImpl.getService(ServiceRegistrationImpl.java:496)
	at org.eclipse.osgi.internal.serviceregistry.ServiceRegistry.getService(ServiceRegistry.java:461)
	at org.eclipse.osgi.internal.framework.BundleContextImpl.getService(BundleContextImpl.java:619)
	at com.ibm.ws.jndi.internal.WSContext.resolveObject(WSContext.java:128)
	at com.ibm.ws.jndi.internal.WSContext.lookup(WSContext.java:296)
	at com.ibm.ws.jndi.WSContextBase.lookup(WSContextBase.java:58)
	at org.apache.aries.jndi.DelegateContext.lookup(DelegateContext.java:161)
	at javax.naming.InitialContext.lookup(InitialContext.java:417)
	at com.ibm.ws.jpa.container.osgi.internal.OSGiJPAPUnitInfo.lookupDataSource(OSGiJPAPUnitInfo.java:318)
	at com.ibm.ws.jpa.management.JPAPUnitInfo.getJPADataSource(JPAPUnitInfo.java:442)
	at com.ibm.ws.jpa.management.JPAPUnitInfo.getJtaDataSource(JPAPUnitInfo.java:495)
	at com.ibm.ws.jpa.management.JPAPUnitInfo.initialize(JPAPUnitInfo.java:895)
	at com.ibm.ws.jpa.management.JPAPxmlInfo.extractPersistenceUnits(JPAPxmlInfo.java:234)
	at com.ibm.ws.jpa.management.JPAScopeInfo.processPersistenceUnit(JPAScopeInfo.java:109)
	at com.ibm.ws.jpa.management.JPAApplInfo.addPersistenceUnits(JPAApplInfo.java:139)
	at com.ibm.ws.jpa.container.osgi.internal.JPAComponentImpl.processLibraryJarPersistenceXml(JPAComponentImpl.java:363)
	at com.ibm.ws.jpa.container.osgi.internal.JPAComponentImpl.processWebModulePersistenceXml(JPAComponentImpl.java:421)
	at com.ibm.ws.jpa.container.osgi.internal.JPAComponentImpl.applicationStarting(JPAComponentImpl.java:249)
	at com.ibm.ws.container.service.state.internal.ApplicationStateManager.fireStarting(ApplicationStateManager.java:29)
	at com.ibm.ws.container.service.state.internal.StateChangeServiceImpl.fireApplicationStarting(StateChangeServiceImpl.java:51)
	at com.ibm.ws.app.manager.module.internal.DeployedAppInfoBase.preDeployApp(DeployedAppInfoBase.java:791)
	at com.ibm.ws.app.manager.module.internal.DeployedAppInfoBase.deployApp(DeployedAppInfoBase.java:818)
	at com.ibm.ws.app.manager.war.internal.WARApplicationHandlerImpl.install(WARApplicationHandlerImpl.java:80)
	at com.ibm.ws.app.manager.internal.statemachine.StartAction.execute(StartAction.java:139)
	at com.ibm.ws.app.manager.internal.statemachine.ApplicationStateMachineImpl.enterState(ApplicationStateMachineImpl.java:1168)
	at com.ibm.ws.app.manager.internal.statemachine.ApplicationStateMachineImpl.run(ApplicationStateMachineImpl.java:781)
	at java.util.concurrent.ThreadPoolExecutor.runWorker(ThreadPoolExecutor.java:1142)
	at java.util.concurrent.ThreadPoolExecutor$Worker.run(ThreadPoolExecutor.java:617)
	at java.lang.Thread.run(Thread.java:745)
Caused by: java.lang.ClassNotFoundException: org.postgresql.xa.PGXADataSource
	at com.ibm.ws.classloading.internal.AppClassLoader.findClassCommonLibraryClassLoaders(AppClassLoader.java:433)
	at com.ibm.ws.classloading.internal.AppClassLoader.findClass(AppClassLoader.java:267)
	at java.lang.ClassLoader.loadClass(ClassLoader.java:424)
	at com.ibm.ws.classloading.internal.AppClassLoader.findOrDelegateLoadClass(AppClassLoader.java:411)
	at com.ibm.ws.classloading.internal.AppClassLoader.loadClass(AppClassLoader.java:383)
	at java.lang.ClassLoader.loadClass(ClassLoader.java:357)
	at com.ibm.ws.jdbc.internal.JDBCDriverService$1.run(JDBCDriverService.java:231)
	at com.ibm.ws.jdbc.internal.JDBCDriverService$1.run(JDBCDriverService.java:224)
	at java.security.AccessController.doPrivileged(Native Method)
	at com.ibm.ws.jdbc.internal.JDBCDriverService.create(JDBCDriverService.java:223)
	... 38 more

Dump of callerThis
Object type = com.ibm.ws.jdbc.DataSourceService
  tc = class com.ibm.websphere.ras.TraceComponent@601345d5
    strings[0] = "TraceComponent[com.ibm.ws.jdbc.DataSourceService,class com.ibm.ws.jdbc.DataSourceService,[RRA],com.ibm.ws.rsadapter.resources.IBMDataStoreAdapterNLS,null]"
  dsraTc = class com.ibm.websphere.ras.TraceComponent@77a38120
    strings[0] = "TraceComponent[com.ibm.ws.jdbc.DataSourceService,class com.ibm.ws.jdbc.DataSourceService,[RRA],com.ibm.ws.jdbc.internal.resources.DSRAMessages,null]"
  JNDI_NAME = "jndiName"
  CONNECTION_MANAGER = "connectionManager"
  DATASOURCE = "dataSource"
  FACTORY_PID = "com.ibm.ws.jdbc.dataSource"
  JDBC_DRIVER = "driver"
  SUPPORT_EXTENSIONS = "supportExtensions"
  TARGET_CONNECTION_MANAGER = "connectionManager.target"
  TARGET_CONTAINER_AUTH_DATA = "containerAuthData.target"
  TARGET_JDBC_DRIVER = "driver.target"
  TARGET_RECOVERY_AUTH_DATA = "recoveryAuthData.target"
  UNIQUE_JNDI_NAME = "jndiName.unique"
  DECLARING_APPLICATION = "declaringApplication"
  WPROPS_TO_SKIP = class java.util.HashSet@253e2742
    serialVersionUID = -5024744406713321676
    map = class java.util.HashMap@3a30300
      serialVersionUID = 362498820763181265
      DEFAULT_INITIAL_CAPACITY = 16
      MAXIMUM_CAPACITY = 1073741824
      DEFAULT_LOAD_FACTOR = 0.75
      TREEIFY_THRESHOLD = 8
      UNTREEIFY_THRESHOLD = 6
      MIN_TREEIFY_CAPACITY = 64
      table = class java.util.HashMap$Node[16]
      entrySet = null
      size = 9
      modCount = 9
      threshold = 12
      loadFactor = 0.75
      keySet = null
      values = null
    PRESENT = class java.lang.Object@2263e762
    MAX_ARRAY_SIZE = 2147483639
  componentContext = class org.apache.felix.scr.impl.manager.ComponentContextImpl@78b7eb6c
    m_componentManager = class org.apache.felix.scr.impl.manager.SingleComponentManager@1b2d5bff
      m_useCount = class java.util.concurrent.atomic.AtomicInteger@1291d526
      m_componentContext = class org.apache.felix.scr.impl.manager.ComponentContextImpl@78b7eb6c
      m_componentHolder = class org.apache.felix.scr.impl.config.ConfigurableComponentHolder@29304f81
      m_factoryProperties = null
      m_properties = class java.util.Hashtable@2b4c3e46
      m_serviceProperties = null
      m_configurationProperties = class com.ibm.ws.config.admin.ConfigurationDictionary@258d2923
      m_changeCount = 1
      m_targetedPID = class org.apache.felix.scr.impl.TargetedPID@1cfba7f7
      m_circularReferences = class java.lang.ThreadLocal@df69ab
      REASONS = class java.lang.String[7]
      m_factoryInstance = false
      m_componentId = 298
      m_componentMetadata = class org.apache.felix.scr.impl.metadata.ComponentMetadata@2635450d
      m_componentMethods = class org.apache.felix.scr.impl.helper.ComponentMethods@5ddce251
      m_dependencyManagers = class java.util.ArrayList@359f005e
      m_dependencyManagersInitialized = true
      m_dependenciesCollected = true
      m_trackingCount = class java.util.concurrent.atomic.AtomicInteger@565c2cf4
      m_activator = class org.apache.felix.scr.impl.BundleComponentActivator@5acd061f
      m_stateLock = class java.util.concurrent.locks.ReentrantLock@60b9a97d
      m_enabledLatchRef = class java.util.concurrent.atomic.AtomicReference@2de9d8c4
      m_enabled = true
      m_internalEnabled = true
      m_disposed = false
      m_floor = 4
      m_ceiling = 4
      m_missingLock = class java.util.concurrent.locks.ReentrantLock@1ae56a01
      m_missingCondition = class java.util.concurrent.locks.AbstractQueuedSynchronizer$ConditionObject@282a6abc
      m_missing = class java.util.TreeSet@5f5dc85
      m_activated = true
      m_activationLock = class java.util.concurrent.locks.ReentrantReadWriteLock@66b90b07
      taskCounter = class java.util.concurrent.atomic.AtomicLong@573dd0b3
      registrationManager = class org.apache.felix.scr.impl.manager.AbstractComponentManager$3@2c392f62
    edgeInfos = class org.apache.felix.scr.impl.manager.EdgeInfo[7]
      edgeInfos[0] = class org.apache.felix.scr.impl.manager.EdgeInfo@346ef8a0
      edgeInfos[1] = class org.apache.felix.scr.impl.manager.EdgeInfo@4f93ff3b
      edgeInfos[2] = class org.apache.felix.scr.impl.manager.EdgeInfo@5b035585
      edgeInfos[3] = class org.apache.felix.scr.impl.manager.EdgeInfo@419f2cce
      edgeInfos[4] = class org.apache.felix.scr.impl.manager.EdgeInfo@2f767a5
      edgeInfos[5] = class org.apache.felix.scr.impl.manager.EdgeInfo@52cd2ae7
      edgeInfos[6] = class org.apache.felix.scr.impl.manager.EdgeInfo@1323f246
    m_componentInstance = class org.apache.felix.scr.impl.manager.ComponentContextImpl$ComponentInstanceImpl@334b4a10
      m_componentContext = class org.apache.felix.scr.impl.manager.ComponentContextImpl@78b7eb6c
    m_usingBundle = null
    m_implementationObject = class com.ibm.ws.jdbc.DataSourceService@75a9fcf0
    m_implementationAccessible = true
    accessibleLatch = class java.util.concurrent.CountDownLatch@72204c18
      sync = class java.util.concurrent.CountDownLatch$Sync@8c7d619
  connectorSvc = class com.ibm.ejs.j2c.ConnectorServiceImpl@1b019e0b
    tc = class com.ibm.websphere.ras.TraceComponent@784d2057
      strings[0] = "TraceComponent[com.ibm.ejs.j2c.ConnectorServiceImpl,class com.ibm.ejs.j2c.ConnectorServiceImpl,[WAS.j2c],com.ibm.ws.jca.cm.internal.resources.J2CAMessages,null]"
    authDataServiceRef = class com.ibm.wsspi.kernel.service.utils.AtomicServiceReference@5e77a059
      referenceName = "authDataService"
      tuple = class java.util.concurrent.atomic.AtomicReference@5c38ad8c
      serialVersionUID = -5840472578638799324
      $$$tc$$$ = class com.ibm.websphere.ras.TraceComponent@4801023d
    deferrableSchedXSvcRef = class com.ibm.wsspi.kernel.service.utils.AtomicServiceReference@bb39bb2
      referenceName = "deferrableScheduledExecutor"
      tuple = class java.util.concurrent.atomic.AtomicReference@4165bedf
      serialVersionUID = -5840472578638799324
      $$$tc$$$ = class com.ibm.websphere.ras.TraceComponent@4801023d
    execSvcRef = class com.ibm.wsspi.kernel.service.utils.AtomicServiceReference@3a0115fb
      referenceName = "executor"
      tuple = class java.util.concurrent.atomic.AtomicReference@454c8d26
      serialVersionUID = -5840472578638799324
      $$$tc$$$ = class com.ibm.websphere.ras.TraceComponent@4801023d
    nonDeferrableSchedXSvcRef = class com.ibm.wsspi.kernel.service.utils.AtomicServiceReference@70f5b2f3
      referenceName = "nonDeferrableScheduledExecutor"
      tuple = class java.util.concurrent.atomic.AtomicReference@4c858c91
      serialVersionUID = -5840472578638799324
      $$$tc$$$ = class com.ibm.websphere.ras.TraceComponent@4801023d
    rrsXAResFactorySvcRef = class com.ibm.wsspi.kernel.service.utils.AtomicServiceReference@13e3b1dc
      referenceName = "rRSXAResourceFactory"
      tuple = class java.util.concurrent.atomic.AtomicReference@6f7be413
      serialVersionUID = -5840472578638799324
      $$$tc$$$ = class com.ibm.websphere.ras.TraceComponent@4801023d
    transactionManager = class com.ibm.ws.transaction.services.TransactionManagerService@41ac619
      tc = class com.ibm.websphere.ras.TraceComponent@700c2041
      isClient = false
      xaFlowCallbacksInitialised = true
      serialVersionUID = -8805687940666442241
    variableRegistrySvcRef = class com.ibm.wsspi.kernel.service.utils.AtomicServiceReference@3606a5ac
      referenceName = "variableRegistry"
      tuple = class java.util.concurrent.atomic.AtomicReference@37a4a86
      serialVersionUID = -5840472578638799324
      $$$tc$$$ = class com.ibm.websphere.ras.TraceComponent@4801023d
    tc = class com.ibm.websphere.ras.TraceComponent@12b8ade5
      strings[0] = "TraceComponent[com.ibm.ws.jca.cm.ConnectorService,class com.ibm.ws.jca.cm.ConnectorService,[WAS.j2c],com.ibm.ws.jca.cm.internal.resources.J2CAMessages,null]"
    NLS = class com.ibm.ejs.ras.TraceNLS@65dada5f
      resolver = class com.ibm.ws.logging.internal.TraceNLSResolver@207a4d07
      finder = null
      ivBundleName = "com.ibm.ws.jca.cm.internal.resources.J2CAMessages"
      caller = class java.lang.Class@6b39fbb5
  dsConfigRef = class java.util.concurrent.atomic.AtomicReference@8c5a13c
    serialVersionUID = -1848883965231344442
    unsafe = class sun.misc.Unsafe@4fa74d23
    valueOffset = 12
    value = null
  destroyWasDeferred = false
  embDerbyRefCount = class java.util.concurrent.ConcurrentLinkedQueue@5c959351
    serialVersionUID = 196745693267521676
    head = class java.util.concurrent.ConcurrentLinkedQueue$Node@755a2bb
      item = null
      next = null
      UNSAFE = class sun.misc.Unsafe@4fa74d23
      itemOffset = 12
      nextOffset = 16
    tail = class java.util.concurrent.ConcurrentLinkedQueue$Node@755a2bb
    UNSAFE = class sun.misc.Unsafe@4fa74d23
      theUnsafe = class sun.misc.Unsafe@4fa74d23
      INVALID_FIELD_OFFSET = -1
      ARRAY_BOOLEAN_BASE_OFFSET = 16
      ARRAY_BYTE_BASE_OFFSET = 16
      ARRAY_SHORT_BASE_OFFSET = 16
      ARRAY_CHAR_BASE_OFFSET = 16
      ARRAY_INT_BASE_OFFSET = 16
      ARRAY_LONG_BASE_OFFSET = 16
      ARRAY_FLOAT_BASE_OFFSET = 16
      ARRAY_DOUBLE_BASE_OFFSET = 16
      ARRAY_OBJECT_BASE_OFFSET = 16
      ARRAY_BOOLEAN_INDEX_SCALE = 1
      ARRAY_BYTE_INDEX_SCALE = 1
      ARRAY_SHORT_INDEX_SCALE = 2
      ARRAY_CHAR_INDEX_SCALE = 2
      ARRAY_INT_INDEX_SCALE = 4
      ARRAY_LONG_INDEX_SCALE = 8
      ARRAY_FLOAT_INDEX_SCALE = 4
      ARRAY_DOUBLE_INDEX_SCALE = 8
      ARRAY_OBJECT_INDEX_SCALE = 4
      ADDRESS_SIZE = 8
    headOffset = 12
    tailOffset = 16
    MAX_ARRAY_SIZE = 2147483639
  id = "dataSource[jdbc/postgresql-cloud]"
  isDerbyEmbedded = false
  jdbcDriverSvc = class com.ibm.ws.jdbc.internal.JDBCDriverService@1bbeff24
    tc = class com.ibm.websphere.ras.TraceComponent@75fd8f1a
      strings[0] = "TraceComponent[com.ibm.ws.jdbc.internal.JDBCDriverService,class com.ibm.ws.jdbc.internal.JDBCDriverService,[RRA],com.ibm.ws.rsadapter.resources.IBMDataStoreAdapterNLS,null]"
    FACTORY_PID = "com.ibm.ws.jdbc.jdbcDriver"
    ID = "id"
    LIBRARY_REF = "libraryRef"
    JDBC_DRIVER = "jdbcDriver"
    TARGET_LIBRARY = "sharedLib.target"
    PROPS_FOR_XA_ONLY = class java.util.Arrays$ArrayList@79bd2f48
      serialVersionUID = -2764017481108945198
      a = class java.lang.String[1]
      modCount = 0
      MAX_ARRAY_SIZE = 2147483639
    classloader = class com.ibm.ws.classloading.internal.AppClassLoader@423de494
      tc = class com.ibm.websphere.ras.TraceComponent@47d6106f
      PARENT_FIRST_SEARCH_ORDER = class java.util.Collections$UnmodifiableRandomAccessList@5adb1748
      CLASS_LOADING_TRACE_PREFIX = "com.ibm.ws.class.load."
      DEFAULT_PACKAGE = "default.package"
      perPackageClassLoadingTraceComponents = class java.util.concurrent.ConcurrentHashMap@74bec74e
      config = class com.ibm.ws.classloading.internal.ClassLoaderConfigurationImpl@531812a4
      privateLibraries = null
      delegateLoaders = class com.ibm.ws.classloading.internal.util.CompositeIterable@562d3c33
      nativeLibraryFiles = class java.util.ArrayList@544e00e9
      transformers = class java.util.ArrayList@56c83999
      apiAccess = class com.ibm.ws.classloading.internal.GatewayClassLoader@50c6fdff
      generator = class com.ibm.ws.classloading.internal.ClassGeneratorManager@45d68cd6
      serialVersionUID = -8755588715217099101
      tc = class com.ibm.websphere.ras.TraceComponent@1b5ca5c3
      EMPTY_URL_ARRAY = class java.net.URL[0]
      smartClassPath = class com.ibm.ws.classloading.internal.ContainerClassLoader$SmartClassPathImpl@5e48e21e
      nativeLibraryContainers = class java.util.ArrayList@495b0cbf
      redefiner = class com.ibm.ws.classloading.internal.util.ClassRedefiner@389a997e
      mapCreationQueue = class java.util.concurrent.Executors$FinalizableDelegatedExecutorService@6d8d68b2
      serialVersionUID = 1420723314841411509
      serialVersionUID = -7411549862368381758
      $$$tc$$$ = class com.ibm.websphere.ras.TraceComponent@b294e00
      serialVersionUID = -4868702105808481416
      $$$tc$$$ = class com.ibm.websphere.ras.TraceComponent@c14e4db
      serialVersionUID = 2596921220292114344
      $$$tc$$$ = class com.ibm.websphere.ras.TraceComponent@47d65329
      initialized = true
      pdcache = class java.util.HashMap@f90fe17
      debug = null
      parent = class com.ibm.ws.classloading.internal.GatewayClassLoader@50c6fdff
      parallelLockMap = null
      package2certs = class java.util.Hashtable@1a318cbd
      nocerts = class java.security.cert.Certificate[0]
      classes = class java.util.Vector@6076a1a5
      defaultDomain = class java.security.ProtectionDomain@1fac77b2
      domains = class java.util.HashSet@17c44216
      packages = class java.util.HashMap@1066037
      scl = class sun.misc.Launcher$AppClassLoader@14dad5dc
      sclSet = true
      loadedLibraryNames = class java.util.Vector@5428923b
      systemNativeLibraries = class java.util.Vector@28c56eeb
      nativeLibraries = class java.util.Vector@1da45d17
      nativeLibraryContext = class java.util.Stack@2f91814c
      usr_paths = class java.lang.String[5]
      sys_paths = class java.lang.String[1]
      assertionLock = class com.ibm.ws.classloading.internal.AppClassLoader@423de494
      defaultAssertionStatus = false
      packageAssertionStatus = null
      classAssertionStatus = null
    connectorSvc = class com.ibm.ejs.j2c.ConnectorServiceImpl@1b019e0b
    embDerbyRefCount = class java.util.concurrent.ConcurrentLinkedQueue@6439508b
      serialVersionUID = 196745693267521676
      head = class java.util.concurrent.ConcurrentLinkedQueue$Node@2f6544a2
      tail = class java.util.concurrent.ConcurrentLinkedQueue$Node@2f6544a2
      UNSAFE = class sun.misc.Unsafe@4fa74d23
      headOffset = 12
      tailOffset = 16
      MAX_ARRAY_SIZE = 2147483639
    introspectedClasses = class java.util.HashSet@16d7567a
      serialVersionUID = -5024744406713321676
      map = class java.util.HashMap@20422044
      PRESENT = class java.lang.Object@2263e762
      MAX_ARRAY_SIZE = 2147483639
    isDerbyEmbedded = class java.util.concurrent.atomic.AtomicBoolean@600fc87
      serialVersionUID = 4654671469794556979
      unsafe = class sun.misc.Unsafe@4fa74d23
      valueOffset = 12
      value = 0
    lock = class java.util.concurrent.locks.ReentrantReadWriteLock@2b34a197
      serialVersionUID = -6992448646407690164
      readerLock = class java.util.concurrent.locks.ReentrantReadWriteLock$ReadLock@2f162007
      writerLock = class java.util.concurrent.locks.ReentrantReadWriteLock$WriteLock@49cf7c46
      sync = class java.util.concurrent.locks.ReentrantReadWriteLock$NonfairSync@7c8c201
      UNSAFE = class sun.misc.Unsafe@4fa74d23
      TID_OFFSET = 40
    name = "dataSource[jdbc/postgresql-cloud]/jdbcDriver[default-0]"
    properties = class org.apache.felix.scr.impl.helper.ReadOnlyDictionary@5a71172
      m_delegate = class java.util.Hashtable@7be0b229
    sharedLib = class com.ibm.ws.library.internal.SharedLibraryImpl@296ff33a
      tc = class com.ibm.websphere.ras.TraceComponent@7e19aac
      EMPTY_LIBRARY_LISTENERS = interface com.ibm.wsspi.library.LibraryChangeListener[0]
      deleted = false
      libraryListenersTracker = class org.osgi.util.tracker.ServiceTracker@4b8d283a
      libraryReg = class org.eclipse.osgi.internal.serviceregistry.ServiceRegistrationImpl@14c0ab0f
      ctx = class org.eclipse.osgi.internal.framework.BundleContextImpl@61466fbd
      classLoadingService = class com.ibm.ws.classloading.internal.ClassLoadingServiceImpl@3b3cfa4b
      configAdmin = class com.ibm.ws.config.admin.internal.ConfigurationAdminImpl@453366ff
      resolvedBasePath = "/home/eyal/Programs/wlp/usr/servers/defaultServer/"
      generationLock = class com.ibm.ws.library.internal.SharedLibraryImpl$1@5529e091
      currentGeneration = class com.ibm.ws.library.internal.SharedLibraryImpl$LibraryGeneration@77c7def6
      nextGeneration = class com.ibm.ws.library.internal.SharedLibraryImpl$LibraryGeneration@77c7def6
      artifactContainerFactory = class com.ibm.ws.library.internal.SharedLibraryFactory$1@2b759ce7
      packageExporter = class com.ibm.ws.library.internal.LibraryPackageExporter@752f03e8
      processedFileSets = true
      counter = 0
      serialVersionUID = -1732643978477757119
    changed = false
    obs = class java.util.Vector@288ac654
      elementData = class java.lang.Object[10]
      elementCount = 1
      capacityIncrement = 0
      serialVersionUID = -2767605614048989439
      MAX_ARRAY_SIZE = 2147483639
      modCount = 1
      MAX_ARRAY_SIZE = 2147483639
  jdbcRuntime = class com.ibm.ws.jdbc.osgi.v41.JDBCRuntimeVersion41@cd8db9e
  properties = class org.apache.felix.scr.impl.helper.ReadOnlyDictionary@29315778
    m_delegate = class java.util.Hashtable@2b4c3e46
      table = class java.util.Hashtable$Entry[47]
      count = 29
      threshold = 35
      loadFactor = 0.75
      modCount = 31
      serialVersionUID = 1421746759512286392
      MAX_ARRAY_SIZE = 2147483639
      keySet = null
      entrySet = class java.util.Collections$SynchronizedSet@2f7a9f81
      values = null
      KEYS = 0
      VALUES = 1
      ENTRIES = 2
  tc = class com.ibm.websphere.ras.TraceComponent@2c370b60
    strings[0] = "TraceComponent[com.ibm.ws.jca.cm.AbstractConnectionFactoryService,class com.ibm.ws.jca.cm.AbstractConnectionFactoryService,[WAS.j2c],com.ibm.ws.jca.cm.internal.resources.J2CAMessages,null]"
  ID = "id"
  JNDI_NAME = "jndiName"
  DEFAULT_NESTED_PATTERN = class java.util.regex.Pattern@35e5c5d6
    UNIX_LINES = 1
    CASE_INSENSITIVE = 2
    COMMENTS = 4
    MULTILINE = 8
    LITERAL = 16
    DOTALL = 32
    UNICODE_CASE = 64
    CANON_EQ = 128
    UNICODE_CHARACTER_CLASS = 256
    serialVersionUID = 5073258162644648461
    pattern = ".*(\[default-\d*\])$"
    flags = 0
    compiled = true
    normalizedPattern = ".*(\[default-\d*\])$"
    root = class java.util.regex.Pattern$Start@12f53fe3
      minLength = 10
      next = class java.util.regex.Pattern$Curly@27e6ecb2
    matchRoot = class java.util.regex.Pattern$Curly@27e6ecb2
      atom = class java.util.regex.Pattern$Dot@29cc0d50
      type = 0
      cmin = 0
      cmax = 2147483647
      next = class java.util.regex.Pattern$GroupHead@10cdf892
    buffer = null
    namedGroups = null
    groupNodes = null
    temp = null
    capturingGroupCount = 2
    localCount = 1
    cursor = 20
    patternLength = 0
    hasSupplementary = false
    MAX_REPS = 2147483647
    GREEDY = 0
    LAZY = 1
    POSSESSIVE = 2
    INDEPENDENT = 3
    lookbehindEnd = class java.util.regex.Pattern$4@52cfa943
      next = null
    accept = class java.util.regex.Pattern$Node@3100bf6a
      next = null
    lastAccept = class java.util.regex.Pattern$LastNode@a31948e
      next = class java.util.regex.Pattern$Node@3100bf6a
    $assertionsDisabled = true
  DEFAULT_PATTERN = class java.util.regex.Pattern@7f2bfcdf
    UNIX_LINES = 1
    CASE_INSENSITIVE = 2
    COMMENTS = 4
    MULTILINE = 8
    LITERAL = 16
    DOTALL = 32
    UNICODE_CASE = 64
    CANON_EQ = 128
    UNICODE_CHARACTER_CLASS = 256
    serialVersionUID = 5073258162644648461
    pattern = "(default-\d*)$"
    flags = 0
    compiled = true
    normalizedPattern = "(default-\d*)$"
    root = class java.util.regex.Pattern$Start@1aa26a06
      minLength = 8
      next = class java.util.regex.Pattern$GroupHead@35085da0
    matchRoot = class java.util.regex.Pattern$GroupHead@35085da0
      localIndex = 0
      next = class java.util.regex.Pattern$Slice@3d9714e0
    buffer = null
    namedGroups = null
    groupNodes = null
    temp = null
    capturingGroupCount = 2
    localCount = 1
    cursor = 14
    patternLength = 0
    hasSupplementary = false
    MAX_REPS = 2147483647
    GREEDY = 0
    LAZY = 1
    POSSESSIVE = 2
    INDEPENDENT = 3
    lookbehindEnd = class java.util.regex.Pattern$4@52cfa943
    accept = class java.util.regex.Pattern$Node@3100bf6a
    lastAccept = class java.util.regex.Pattern$LastNode@a31948e
    $assertionsDisabled = true
  appsToRecycle = class java.util.Collections$SetFromMap@5c02eed5
    m = class java.util.concurrent.ConcurrentHashMap@7d43ed6
      serialVersionUID = 7249069246763182397
      MAXIMUM_CAPACITY = 1073741824
      DEFAULT_CAPACITY = 16
      MAX_ARRAY_SIZE = 2147483639
      DEFAULT_CONCURRENCY_LEVEL = 16
      LOAD_FACTOR = 0.75
      TREEIFY_THRESHOLD = 8
      UNTREEIFY_THRESHOLD = 6
      MIN_TREEIFY_CAPACITY = 64
      MIN_TRANSFER_STRIDE = 16
      RESIZE_STAMP_BITS = 16
      MAX_RESIZERS = 65535
      RESIZE_STAMP_SHIFT = 16
      MOVED = -1
      TREEBIN = -2
      RESERVED = -3
      HASH_BITS = 2147483647
      NCPU = 4
      serialPersistentFields = class java.io.ObjectStreamField[3]
      table = null
      nextTable = null
      baseCount = 0
      sizeCtl = 0
      transferIndex = 0
      cellsBusy = 0
      counterCells = null
      keySet = class java.util.concurrent.ConcurrentHashMap$KeySetView@e2f8670
      values = null
      entrySet = null
      U = class sun.misc.Unsafe@4fa74d23
      SIZECTL = 20
      TRANSFERINDEX = 32
      BASECOUNT = 24
      CELLSBUSY = 36
      CELLVALUE = 144
      ABASE = 16
      ASHIFT = 2
      keySet = null
      values = null
    s = class java.util.concurrent.ConcurrentHashMap$KeySetView@e2f8670
      serialVersionUID = 7249069246763182397
      value = null
      serialVersionUID = 7249069246763182397
      map = class java.util.concurrent.ConcurrentHashMap@7d43ed6
      oomeMsg = "Required array size too large"
    serialVersionUID = 2454657854757543876
    MAX_ARRAY_SIZE = 2147483639
  conMgrSvc = class com.ibm.ejs.j2c.ConnectionManagerServiceImpl@7757eda7
    tc = class com.ibm.websphere.ras.TraceComponent@7cd638dd
      strings[0] = "TraceComponent[com.ibm.ejs.j2c.ConnectionManagerServiceImpl,class com.ibm.ejs.j2c.ConnectionManagerServiceImpl,[WAS.j2c],com.ibm.ws.jca.cm.internal.resources.J2CAMessages,null]"
    cfKeyToCM = class java.util.concurrent.ConcurrentHashMap@e4461f
      serialVersionUID = 7249069246763182397
      MAXIMUM_CAPACITY = 1073741824
      DEFAULT_CAPACITY = 16
      MAX_ARRAY_SIZE = 2147483639
      DEFAULT_CONCURRENCY_LEVEL = 16
      LOAD_FACTOR = 0.75
      TREEIFY_THRESHOLD = 8
      UNTREEIFY_THRESHOLD = 6
      MIN_TREEIFY_CAPACITY = 64
      MIN_TRANSFER_STRIDE = 16
      RESIZE_STAMP_BITS = 16
      MAX_RESIZERS = 65535
      RESIZE_STAMP_SHIFT = 16
      MOVED = -1
      TREEBIN = -2
      RESERVED = -3
      HASH_BITS = 2147483647
      NCPU = 4
      serialPersistentFields = class java.io.ObjectStreamField[3]
      table = null
      nextTable = null
      baseCount = 0
      sizeCtl = 0
      transferIndex = 0
      cellsBusy = 0
      counterCells = null
      keySet = null
      values = null
      entrySet = null
      U = class sun.misc.Unsafe@4fa74d23
      SIZECTL = 20
      TRANSFERINDEX = 32
      BASECOUNT = 24
      CELLSBUSY = 36
      CELLVALUE = 144
      ABASE = 16
      ASHIFT = 2
      keySet = null
      values = null
    lock = class java.util.concurrent.locks.ReentrantReadWriteLock@528be5fe
      serialVersionUID = -6992448646407690164
      readerLock = class java.util.concurrent.locks.ReentrantReadWriteLock$ReadLock@4f6b5a35
      writerLock = class java.util.concurrent.locks.ReentrantReadWriteLock$WriteLock@5626ca99
      sync = class java.util.concurrent.locks.ReentrantReadWriteLock$NonfairSync@5363d4ab
      UNSAFE = class sun.misc.Unsafe@4fa74d23
      TID_OFFSET = 40
    name = "dataSource[jdbc/postgresql-cloud]/connectionManager"
    pm = null
    pmMBean = null
    properties = null
    bndCtx = null
    CONNECTION_MANAGER = "connectionManager"
    FACTORY_PID = "com.ibm.ws.jca.connectionManager"
    ID = "id"
    MAX_CONNECTIONS_PER_THREAD = "maxConnectionsPerThread"
    MAX_IDLE_TIME = "maxIdleTime"
    MAX_POOL_SIZE = "maxPoolSize"
    MIN_POOL_SIZE = "minPoolSize"
    NUM_CONNECTIONS_PER_THREAD_LOCAL = "numConnectionsPerThreadLocal"
    CONNECTION_MANAGER_PROPS = class java.util.Collections$UnmodifiableRandomAccessList@7eeb5214
      serialVersionUID = -2542308836966382001
      serialVersionUID = -283967356065247728
      list = class java.util.Arrays$ArrayList@3d726c5b
      serialVersionUID = 1820017752578914078
      c = class java.util.Arrays$ArrayList@3d726c5b
    changed = false
    obs = class java.util.Vector@51b49d10
      elementData = class java.lang.Object[10]
      elementCount = 1
      capacityIncrement = 0
      serialVersionUID = -2767605614048989439
      MAX_ARRAY_SIZE = 2147483639
      modCount = 1
      MAX_ARRAY_SIZE = 2147483639
  containerAuthDataRef = null
  isInitialized = class java.util.concurrent.atomic.AtomicBoolean@6c075dee
    serialVersionUID = 4654671469794556979
    unsafe = class sun.misc.Unsafe@4fa74d23
    valueOffset = 12
    value = 0
  isServerDefined = true
  lock = class java.util.concurrent.locks.ReentrantReadWriteLock@4cea89b5
    serialVersionUID = -6992448646407690164
    readerLock = class java.util.concurrent.locks.ReentrantReadWriteLock$ReadLock@3ba1f702
      serialVersionUID = -5992448646407690164
      sync = class java.util.concurrent.locks.ReentrantReadWriteLock$NonfairSync@1de4f3f0
    writerLock = class java.util.concurrent.locks.ReentrantReadWriteLock$WriteLock@20815875
      serialVersionUID = -4992448646407690164
      sync = class java.util.concurrent.locks.ReentrantReadWriteLock$NonfairSync@1de4f3f0
    sync = class java.util.concurrent.locks.ReentrantReadWriteLock$NonfairSync@1de4f3f0
      serialVersionUID = -8159625535654395037
      serialVersionUID = 6317671515068378041
      SHARED_SHIFT = 16
      SHARED_UNIT = 65536
      MAX_COUNT = 65535
      EXCLUSIVE_MASK = 65535
      readHolds = class java.util.concurrent.locks.ReentrantReadWriteLock$Sync$ThreadLocalHoldCounter@25e33fdc
      cachedHoldCounter = null
      firstReader = null
      firstReaderHoldCount = 1
      serialVersionUID = 7373984972572414691
      head = null
      tail = null
      state = 1
      spinForTimeoutThreshold = 1000
      unsafe = class sun.misc.Unsafe@4fa74d23
      stateOffset = 16
      headOffset = 20
      tailOffset = 24
      waitStatusOffset = 12
      nextOffset = 20
      serialVersionUID = 3737899427754241961
      exclusiveOwnerThread = class java.lang.Thread@5a154a9a
    UNSAFE = class sun.misc.Unsafe@4fa74d23
    TID_OFFSET = 40
  recoveryAuthDataRef = null

